-- The C compiler identification is GNU 9.3.0
-- The CXX compiler identification is GNU 9.3.0
-- Detecting C compiler ABI info
-- Detecting C compiler ABI info - done
-- Check for working C compiler: /usr/bin/cc - skipped
-- Detecting C compile features
-- Detecting C compile features - done
-- Detecting CXX compiler ABI info
-- Detecting CXX compiler ABI info - done
-- Check for working CXX compiler: /usr/bin/g++ - skipped
-- Detecting CXX compile features
-- Detecting CXX compile features - done
-- Found ament_cmake: 0.9.9 (/opt/ros/foxy/share/ament_cmake/cmake)
-- Found PythonInterp: /usr/bin/python3 (found suitable version "3.8.10", minimum required is "3") 
-- Using PYTHON_EXECUTABLE: /usr/bin/python3
-- Found rosidl_default_generators: 1.0.1 (/opt/ros/foxy/share/rosidl_default_generators/cmake)
-- Using all available rosidl_typesupport_c: rosidl_typesupport_fastrtps_c;rosidl_typesupport_introspection_c
-- Found rosidl_adapter: 1.2.1 (/opt/ros/foxy/share/rosidl_adapter/cmake)
-- Found OpenSSL: /usr/lib/x86_64-linux-gnu/libcrypto.so (found version "1.1.1f")  
-- Found FastRTPS: /opt/ros/foxy/include  
-- Using all available rosidl_typesupport_cpp: rosidl_typesupport_fastrtps_cpp;rosidl_typesupport_introspection_cpp
-- Found PythonInterp: /usr/bin/python3 (found version "3.8.10") 
-- Found ament_cmake_ros: 0.9.2 (/opt/ros/foxy/share/ament_cmake_ros/cmake)
-- Using all available rosidl_typesupport_c: rosidl_typesupport_fastrtps_c;rosidl_typesupport_introspection_c
-- Using all available rosidl_typesupport_cpp: rosidl_typesupport_fastrtps_cpp;rosidl_typesupport_introspection_cpp
-- Found PythonInterp: /usr/bin/python3 (found suitable version "3.8.10", minimum required is "3.5") 
-- Found python_cmake_module: 0.8.1 (/opt/ros/foxy/share/python_cmake_module/cmake)
-- Found PythonLibs: /usr/lib/x86_64-linux-gnu/libpython3.8.so (found suitable version "3.8.10", minimum required is "3.5") 
-- Using PYTHON_EXECUTABLE: /usr/bin/python3
-- Using PYTHON_INCLUDE_DIRS: /usr/include/python3.8
-- Using PYTHON_LIBRARIES: /usr/lib/x86_64-linux-gnu/libpython3.8.so
-- Found PythonExtra: .so  
-- Found ament_lint_auto: 0.9.6 (/opt/ros/foxy/share/ament_lint_auto/cmake)
-- Added test 'copyright' to check source files copyright and LICENSE
-- Added test 'lint_cmake' to check CMake code style
-- Added test 'xmllint' to check XML markup files
-- Configuring done
-- Generating done
-- Build files have been written to: /workspace/cxy/Robot_Operating_System/ros2_ws/build/interfaces
[  3%] [34m[1mGenerating C code for ROS interfaces[0m
[  6%] [34m[1mGenerating C++ code for ROS interfaces[0m
[  6%] Built target interfaces__cpp
[  9%] [32mBuilding C object CMakeFiles/interfaces__rosidl_generator_c.dir/rosidl_generator_c/interfaces/msg/detail/num__functions.c.o[0m
[ 12%] [34m[1mGenerating C++ type support dispatch for ROS interfaces[0m
[ 16%] [34m[1mGenerating C++ type support for eProsima Fast-RTPS[0m
[ 19%] [34m[1mGenerating C++ introspection for ROS interfaces[0m
[ 22%] [32m[1mLinking C shared library libinterfaces__rosidl_generator_c.so[0m
[ 22%] Built target interfaces__rosidl_generator_c
[ 25%] [34m[1mGenerating C introspection for ROS interfaces[0m
[ 29%] [34m[1mGenerating C type support dispatch for ROS interfaces[0m
[ 32%] [32mBuilding CXX object CMakeFiles/interfaces__rosidl_typesupport_cpp.dir/rosidl_typesupport_cpp/interfaces/msg/num__type_support.cpp.o[0m
[ 35%] [32mBuilding CXX object CMakeFiles/interfaces__rosidl_typesupport_introspection_cpp.dir/rosidl_typesupport_introspection_cpp/interfaces/msg/detail/num__type_support.cpp.o[0m
[ 38%] [32mBuilding CXX object CMakeFiles/interfaces__rosidl_typesupport_fastrtps_cpp.dir/rosidl_typesupport_fastrtps_cpp/interfaces/msg/detail/dds_fastrtps/num__type_support.cpp.o[0m
[ 41%] [32mBuilding CXX object CMakeFiles/interfaces__rosidl_typesupport_c.dir/rosidl_typesupport_c/interfaces/msg/num__type_support.cpp.o[0m
[ 45%] [32mBuilding C object CMakeFiles/interfaces__rosidl_typesupport_introspection_c.dir/rosidl_typesupport_introspection_c/interfaces/msg/detail/num__type_support.c.o[0m
[ 48%] [32m[1mLinking CXX shared library libinterfaces__rosidl_typesupport_c.so[0m
[ 51%] [32m[1mLinking C shared library libinterfaces__rosidl_typesupport_introspection_c.so[0m
[ 51%] Built target interfaces__rosidl_typesupport_introspection_c
[ 51%] Built target interfaces__rosidl_typesupport_c
[ 54%] [32m[1mLinking CXX shared library libinterfaces__rosidl_typesupport_introspection_cpp.so[0m
[ 54%] Built target interfaces__rosidl_typesupport_introspection_cpp
[ 58%] [32m[1mLinking CXX shared library libinterfaces__rosidl_typesupport_cpp.so[0m
[ 58%] Built target interfaces__rosidl_typesupport_cpp
[ 61%] [32m[1mLinking CXX shared library libinterfaces__rosidl_typesupport_fastrtps_cpp.so[0m
[ 61%] Built target interfaces__rosidl_typesupport_fastrtps_cpp
[ 64%] [34m[1mGenerating C type support for eProsima Fast-RTPS[0m
[ 67%] [32mBuilding CXX object CMakeFiles/interfaces__rosidl_typesupport_fastrtps_c.dir/rosidl_typesupport_fastrtps_c/interfaces/msg/detail/num__type_support_c.cpp.o[0m
[ 70%] [32m[1mLinking CXX shared library libinterfaces__rosidl_typesupport_fastrtps_c.so[0m
[ 70%] Built target interfaces__rosidl_typesupport_fastrtps_c
[ 70%] Built target interfaces
[ 74%] [34m[1mGenerating Python code for ROS interfaces[0m
[ 74%] Built target interfaces__py
[ 77%] [32mBuilding C object CMakeFiles/interfaces__python.dir/rosidl_generator_py/interfaces/msg/_num_s.c.o[0m
[ 80%] [32m[1mLinking C shared library rosidl_generator_py/interfaces/libinterfaces__python.so[0m
[ 80%] Built target interfaces__python
[ 83%] [32mBuilding C object CMakeFiles/interfaces__rosidl_typesupport_fastrtps_c__pyext.dir/rosidl_generator_py/interfaces/_interfaces_s.ep.rosidl_typesupport_fastrtps_c.c.o[0m
[ 87%] [32mBuilding C object CMakeFiles/interfaces__rosidl_typesupport_introspection_c__pyext.dir/rosidl_generator_py/interfaces/_interfaces_s.ep.rosidl_typesupport_introspection_c.c.o[0m
[ 90%] [32mBuilding C object CMakeFiles/interfaces__rosidl_typesupport_c__pyext.dir/rosidl_generator_py/interfaces/_interfaces_s.ep.rosidl_typesupport_c.c.o[0m
[ 96%] [32m[1mLinking C shared library rosidl_generator_py/interfaces/interfaces_s__rosidl_typesupport_c.cpython-38-x86_64-linux-gnu.so[0m
[ 96%] [32m[1mLinking C shared library rosidl_generator_py/interfaces/interfaces_s__rosidl_typesupport_introspection_c.cpython-38-x86_64-linux-gnu.so[0m
[100%] [32m[1mLinking CXX shared library rosidl_generator_py/interfaces/interfaces_s__rosidl_typesupport_fastrtps_c.cpython-38-x86_64-linux-gnu.so[0m
[100%] Built target interfaces__rosidl_typesupport_c__pyext
[100%] Built target interfaces__rosidl_typesupport_introspection_c__pyext
[100%] Built target interfaces__rosidl_typesupport_fastrtps_c__pyext
-- Install configuration: ""
-- Installing: /workspace/cxy/Robot_Operating_System/ros2_ws/install/interfaces/share/ament_index/resource_index/rosidl_interfaces/interfaces
-- Installing: /workspace/cxy/Robot_Operating_System/ros2_ws/install/interfaces/include/interfaces
-- Installing: /workspace/cxy/Robot_Operating_System/ros2_ws/install/interfaces/include/interfaces/msg
-- Installing: /workspace/cxy/Robot_Operating_System/ros2_ws/install/interfaces/include/interfaces/msg/rosidl_generator_c__visibility_control.h
-- Installing: /workspace/cxy/Robot_Operating_System/ros2_ws/install/interfaces/include/interfaces/msg/detail
-- Installing: /workspace/cxy/Robot_Operating_System/ros2_ws/install/interfaces/include/interfaces/msg/detail/num__type_support.h
-- Installing: /workspace/cxy/Robot_Operating_System/ros2_ws/install/interfaces/include/interfaces/msg/detail/num__functions.h
-- Installing: /workspace/cxy/Robot_Operating_System/ros2_ws/install/interfaces/include/interfaces/msg/detail/num__struct.h
-- Installing: /workspace/cxy/Robot_Operating_System/ros2_ws/install/interfaces/include/interfaces/msg/detail/num__functions.c
-- Installing: /workspace/cxy/Robot_Operating_System/ros2_ws/install/interfaces/include/interfaces/msg/num.h
-- Installing: /workspace/cxy/Robot_Operating_System/ros2_ws/install/interfaces/share/interfaces/environment/library_path.sh
-- Installing: /workspace/cxy/Robot_Operating_System/ros2_ws/install/interfaces/share/interfaces/environment/library_path.dsv
-- Installing: /workspace/cxy/Robot_Operating_System/ros2_ws/install/interfaces/lib/libinterfaces__rosidl_generator_c.so
-- Set runtime path of "/workspace/cxy/Robot_Operating_System/ros2_ws/install/interfaces/lib/libinterfaces__rosidl_generator_c.so" to ""
-- Up-to-date: /workspace/cxy/Robot_Operating_System/ros2_ws/install/interfaces/include/interfaces
-- Up-to-date: /workspace/cxy/Robot_Operating_System/ros2_ws/install/interfaces/include/interfaces/msg
-- Installing: /workspace/cxy/Robot_Operating_System/ros2_ws/install/interfaces/include/interfaces/msg/rosidl_typesupport_fastrtps_c__visibility_control.h
-- Up-to-date: /workspace/cxy/Robot_Operating_System/ros2_ws/install/interfaces/include/interfaces/msg/detail
-- Installing: /workspace/cxy/Robot_Operating_System/ros2_ws/install/interfaces/include/interfaces/msg/detail/num__rosidl_typesupport_fastrtps_c.h
-- Installing: /workspace/cxy/Robot_Operating_System/ros2_ws/install/interfaces/lib/libinterfaces__rosidl_typesupport_fastrtps_c.so
-- Set runtime path of "/workspace/cxy/Robot_Operating_System/ros2_ws/install/interfaces/lib/libinterfaces__rosidl_typesupport_fastrtps_c.so" to ""
-- Up-to-date: /workspace/cxy/Robot_Operating_System/ros2_ws/install/interfaces/include/interfaces
-- Up-to-date: /workspace/cxy/Robot_Operating_System/ros2_ws/install/interfaces/include/interfaces/msg
-- Installing: /workspace/cxy/Robot_Operating_System/ros2_ws/install/interfaces/include/interfaces/msg/rosidl_typesupport_fastrtps_cpp__visibility_control.h
-- Up-to-date: /workspace/cxy/Robot_Operating_System/ros2_ws/install/interfaces/include/interfaces/msg/detail
-- Installing: /workspace/cxy/Robot_Operating_System/ros2_ws/install/interfaces/include/interfaces/msg/detail/dds_fastrtps
-- Installing: /workspace/cxy/Robot_Operating_System/ros2_ws/install/interfaces/include/interfaces/msg/detail/num__rosidl_typesupport_fastrtps_cpp.hpp
-- Installing: /workspace/cxy/Robot_Operating_System/ros2_ws/install/interfaces/lib/libinterfaces__rosidl_typesupport_fastrtps_cpp.so
-- Set runtime path of "/workspace/cxy/Robot_Operating_System/ros2_ws/install/interfaces/lib/libinterfaces__rosidl_typesupport_fastrtps_cpp.so" to ""
-- Up-to-date: /workspace/cxy/Robot_Operating_System/ros2_ws/install/interfaces/include/interfaces
-- Up-to-date: /workspace/cxy/Robot_Operating_System/ros2_ws/install/interfaces/include/interfaces/msg
-- Up-to-date: /workspace/cxy/Robot_Operating_System/ros2_ws/install/interfaces/include/interfaces/msg/detail
-- Installing: /workspace/cxy/Robot_Operating_System/ros2_ws/install/interfaces/include/interfaces/msg/detail/num__type_support.c
-- Installing: /workspace/cxy/Robot_Operating_System/ros2_ws/install/interfaces/include/interfaces/msg/detail/num__rosidl_typesupport_introspection_c.h
-- Installing: /workspace/cxy/Robot_Operating_System/ros2_ws/install/interfaces/include/interfaces/msg/rosidl_typesupport_introspection_c__visibility_control.h
-- Installing: /workspace/cxy/Robot_Operating_System/ros2_ws/install/interfaces/lib/libinterfaces__rosidl_typesupport_introspection_c.so
-- Set runtime path of "/workspace/cxy/Robot_Operating_System/ros2_ws/install/interfaces/lib/libinterfaces__rosidl_typesupport_introspection_c.so" to ""
-- Installing: /workspace/cxy/Robot_Operating_System/ros2_ws/install/interfaces/lib/libinterfaces__rosidl_typesupport_c.so
-- Set runtime path of "/workspace/cxy/Robot_Operating_System/ros2_ws/install/interfaces/lib/libinterfaces__rosidl_typesupport_c.so" to ""
-- Up-to-date: /workspace/cxy/Robot_Operating_System/ros2_ws/install/interfaces/include/interfaces
-- Up-to-date: /workspace/cxy/Robot_Operating_System/ros2_ws/install/interfaces/include/interfaces/msg
-- Up-to-date: /workspace/cxy/Robot_Operating_System/ros2_ws/install/interfaces/include/interfaces/msg/detail
-- Installing: /workspace/cxy/Robot_Operating_System/ros2_ws/install/interfaces/include/interfaces/msg/detail/num__traits.hpp
-- Installing: /workspace/cxy/Robot_Operating_System/ros2_ws/install/interfaces/include/interfaces/msg/detail/num__builder.hpp
-- Installing: /workspace/cxy/Robot_Operating_System/ros2_ws/install/interfaces/include/interfaces/msg/detail/num__struct.hpp
-- Installing: /workspace/cxy/Robot_Operating_System/ros2_ws/install/interfaces/include/interfaces/msg/num.hpp
-- Up-to-date: /workspace/cxy/Robot_Operating_System/ros2_ws/install/interfaces/include/interfaces
-- Up-to-date: /workspace/cxy/Robot_Operating_System/ros2_ws/install/interfaces/include/interfaces/msg
-- Up-to-date: /workspace/cxy/Robot_Operating_System/ros2_ws/install/interfaces/include/interfaces/msg/detail
-- Installing: /workspace/cxy/Robot_Operating_System/ros2_ws/install/interfaces/include/interfaces/msg/detail/num__rosidl_typesupport_introspection_cpp.hpp
-- Installing: /workspace/cxy/Robot_Operating_System/ros2_ws/install/interfaces/include/interfaces/msg/detail/num__type_support.cpp
-- Installing: /workspace/cxy/Robot_Operating_System/ros2_ws/install/interfaces/lib/libinterfaces__rosidl_typesupport_introspection_cpp.so
-- Set runtime path of "/workspace/cxy/Robot_Operating_System/ros2_ws/install/interfaces/lib/libinterfaces__rosidl_typesupport_introspection_cpp.so" to ""
-- Installing: /workspace/cxy/Robot_Operating_System/ros2_ws/install/interfaces/lib/libinterfaces__rosidl_typesupport_cpp.so
-- Set runtime path of "/workspace/cxy/Robot_Operating_System/ros2_ws/install/interfaces/lib/libinterfaces__rosidl_typesupport_cpp.so" to ""
-- Installing: /workspace/cxy/Robot_Operating_System/ros2_ws/install/interfaces/share/interfaces/environment/pythonpath.sh
-- Installing: /workspace/cxy/Robot_Operating_System/ros2_ws/install/interfaces/share/interfaces/environment/pythonpath.dsv
-- Installing: /workspace/cxy/Robot_Operating_System/ros2_ws/install/interfaces/lib/python3.8/site-packages/interfaces/__init__.py
Compiling '/workspace/cxy/Robot_Operating_System/ros2_ws/install/interfaces/lib/python3.8/site-packages/interfaces/__init__.py'...
-- Installing: /workspace/cxy/Robot_Operating_System/ros2_ws/install/interfaces/lib/python3.8/site-packages/interfaces/msg
-- Installing: /workspace/cxy/Robot_Operating_System/ros2_ws/install/interfaces/lib/python3.8/site-packages/interfaces/msg/_num.py
-- Installing: /workspace/cxy/Robot_Operating_System/ros2_ws/install/interfaces/lib/python3.8/site-packages/interfaces/msg/_num_s.c
-- Installing: /workspace/cxy/Robot_Operating_System/ros2_ws/install/interfaces/lib/python3.8/site-packages/interfaces/msg/__init__.py
-- Installing: /workspace/cxy/Robot_Operating_System/ros2_ws/install/interfaces/lib/python3.8/site-packages/interfaces/interfaces_s__rosidl_typesupport_fastrtps_c.cpython-38-x86_64-linux-gnu.so
-- Set runtime path of "/workspace/cxy/Robot_Operating_System/ros2_ws/install/interfaces/lib/python3.8/site-packages/interfaces/interfaces_s__rosidl_typesupport_fastrtps_c.cpython-38-x86_64-linux-gnu.so" to ""
-- Installing: /workspace/cxy/Robot_Operating_System/ros2_ws/install/interfaces/lib/python3.8/site-packages/interfaces/interfaces_s__rosidl_typesupport_introspection_c.cpython-38-x86_64-linux-gnu.so
-- Set runtime path of "/workspace/cxy/Robot_Operating_System/ros2_ws/install/interfaces/lib/python3.8/site-packages/interfaces/interfaces_s__rosidl_typesupport_introspection_c.cpython-38-x86_64-linux-gnu.so" to ""
-- Installing: /workspace/cxy/Robot_Operating_System/ros2_ws/install/interfaces/lib/python3.8/site-packages/interfaces/interfaces_s__rosidl_typesupport_c.cpython-38-x86_64-linux-gnu.so
-- Set runtime path of "/workspace/cxy/Robot_Operating_System/ros2_ws/install/interfaces/lib/python3.8/site-packages/interfaces/interfaces_s__rosidl_typesupport_c.cpython-38-x86_64-linux-gnu.so" to ""
-- Installing: /workspace/cxy/Robot_Operating_System/ros2_ws/install/interfaces/lib/libinterfaces__python.so
-- Set runtime path of "/workspace/cxy/Robot_Operating_System/ros2_ws/install/interfaces/lib/libinterfaces__python.so" to ""
-- Installing: /workspace/cxy/Robot_Operating_System/ros2_ws/install/interfaces/share/interfaces/msg/Num.idl
-- Installing: /workspace/cxy/Robot_Operating_System/ros2_ws/install/interfaces/share/interfaces/msg/Num.msg
-- Installing: /workspace/cxy/Robot_Operating_System/ros2_ws/install/interfaces/share/ament_index/resource_index/package_run_dependencies/interfaces
-- Installing: /workspace/cxy/Robot_Operating_System/ros2_ws/install/interfaces/share/ament_index/resource_index/parent_prefix_path/interfaces
-- Installing: /workspace/cxy/Robot_Operating_System/ros2_ws/install/interfaces/share/interfaces/environment/ament_prefix_path.sh
-- Installing: /workspace/cxy/Robot_Operating_System/ros2_ws/install/interfaces/share/interfaces/environment/ament_prefix_path.dsv
-- Installing: /workspace/cxy/Robot_Operating_System/ros2_ws/install/interfaces/share/interfaces/environment/path.sh
-- Installing: /workspace/cxy/Robot_Operating_System/ros2_ws/install/interfaces/share/interfaces/environment/path.dsv
-- Installing: /workspace/cxy/Robot_Operating_System/ros2_ws/install/interfaces/share/interfaces/local_setup.bash
-- Installing: /workspace/cxy/Robot_Operating_System/ros2_ws/install/interfaces/share/interfaces/local_setup.sh
-- Installing: /workspace/cxy/Robot_Operating_System/ros2_ws/install/interfaces/share/interfaces/local_setup.zsh
-- Installing: /workspace/cxy/Robot_Operating_System/ros2_ws/install/interfaces/share/interfaces/local_setup.dsv
-- Installing: /workspace/cxy/Robot_Operating_System/ros2_ws/install/interfaces/share/interfaces/package.dsv
-- Installing: /workspace/cxy/Robot_Operating_System/ros2_ws/install/interfaces/share/ament_index/resource_index/packages/interfaces
-- Installing: /workspace/cxy/Robot_Operating_System/ros2_ws/install/interfaces/share/interfaces/cmake/interfaces__rosidl_generator_cExport.cmake
-- Installing: /workspace/cxy/Robot_Operating_System/ros2_ws/install/interfaces/share/interfaces/cmake/interfaces__rosidl_generator_cExport-noconfig.cmake
-- Installing: /workspace/cxy/Robot_Operating_System/ros2_ws/install/interfaces/share/interfaces/cmake/interfaces__rosidl_typesupport_introspection_cExport.cmake
-- Installing: /workspace/cxy/Robot_Operating_System/ros2_ws/install/interfaces/share/interfaces/cmake/interfaces__rosidl_typesupport_introspection_cExport-noconfig.cmake
-- Installing: /workspace/cxy/Robot_Operating_System/ros2_ws/install/interfaces/share/interfaces/cmake/interfaces__rosidl_typesupport_cExport.cmake
-- Installing: /workspace/cxy/Robot_Operating_System/ros2_ws/install/interfaces/share/interfaces/cmake/interfaces__rosidl_typesupport_cExport-noconfig.cmake
-- Installing: /workspace/cxy/Robot_Operating_System/ros2_ws/install/interfaces/share/interfaces/cmake/interfaces__rosidl_generator_cppExport.cmake
-- Installing: /workspace/cxy/Robot_Operating_System/ros2_ws/install/interfaces/share/interfaces/cmake/interfaces__rosidl_typesupport_introspection_cppExport.cmake
-- Installing: /workspace/cxy/Robot_Operating_System/ros2_ws/install/interfaces/share/interfaces/cmake/interfaces__rosidl_typesupport_introspection_cppExport-noconfig.cmake
-- Installing: /workspace/cxy/Robot_Operating_System/ros2_ws/install/interfaces/share/interfaces/cmake/interfaces__rosidl_typesupport_cppExport.cmake
-- Installing: /workspace/cxy/Robot_Operating_System/ros2_ws/install/interfaces/share/interfaces/cmake/interfaces__rosidl_typesupport_cppExport-noconfig.cmake
-- Installing: /workspace/cxy/Robot_Operating_System/ros2_ws/install/interfaces/share/interfaces/cmake/rosidl_cmake-extras.cmake
-- Installing: /workspace/cxy/Robot_Operating_System/ros2_ws/install/interfaces/share/interfaces/cmake/ament_cmake_export_dependencies-extras.cmake
-- Installing: /workspace/cxy/Robot_Operating_System/ros2_ws/install/interfaces/share/interfaces/cmake/ament_cmake_export_libraries-extras.cmake
-- Installing: /workspace/cxy/Robot_Operating_System/ros2_ws/install/interfaces/share/interfaces/cmake/ament_cmake_export_targets-extras.cmake
-- Installing: /workspace/cxy/Robot_Operating_System/ros2_ws/install/interfaces/share/interfaces/cmake/ament_cmake_export_include_directories-extras.cmake
-- Installing: /workspace/cxy/Robot_Operating_System/ros2_ws/install/interfaces/share/interfaces/cmake/rosidl_cmake_export_typesupport_libraries-extras.cmake
-- Installing: /workspace/cxy/Robot_Operating_System/ros2_ws/install/interfaces/share/interfaces/cmake/rosidl_cmake_export_typesupport_targets-extras.cmake
-- Installing: /workspace/cxy/Robot_Operating_System/ros2_ws/install/interfaces/share/interfaces/cmake/interfacesConfig.cmake
-- Installing: /workspace/cxy/Robot_Operating_System/ros2_ws/install/interfaces/share/interfaces/cmake/interfacesConfig-version.cmake
-- Installing: /workspace/cxy/Robot_Operating_System/ros2_ws/install/interfaces/share/interfaces/package.xml
