[0.007s] Invoking command in '/workspace/cxy/Robot_Operating_System/ros2_ws/build/interfaces': /usr/bin/cmake /workspace/cxy/Robot_Operating_System/ros2_ws/src/interfaces -DCMAKE_INSTALL_PREFIX=/workspace/cxy/Robot_Operating_System/ros2_ws/install/interfaces
[0.060s] -- The C compiler identification is GNU 9.3.0
[0.100s] -- The CXX compiler identification is GNU 9.3.0
[0.104s] -- Detecting C compiler ABI info
[0.152s] -- Detecting C compiler ABI info - done
[0.156s] -- Check for working C compiler: /usr/bin/cc - skipped
[0.156s] -- Detecting C compile features
[0.157s] -- Detecting C compile features - done
[0.158s] -- Detecting CXX compiler ABI info
[0.196s] -- Detecting CXX compiler ABI info - done
[0.201s] -- Check for working CXX compiler: /usr/bin/g++ - skipped
[0.201s] -- Detecting CXX compile features
[0.201s] -- Detecting CXX compile features - done
[0.203s] -- Found ament_cmake: 0.9.9 (/opt/ros/foxy/share/ament_cmake/cmake)
[0.219s] -- Found PythonInterp: /usr/bin/python3 (found suitable version "3.8.10", minimum required is "3") 
[0.219s] -- Using PYTHON_EXECUTABLE: /usr/bin/python3
[0.331s] -- Found rosidl_default_generators: 1.0.1 (/opt/ros/foxy/share/rosidl_default_generators/cmake)
[0.332s] -- Using all available rosidl_typesupport_c: rosidl_typesupport_fastrtps_c;rosidl_typesupport_introspection_c
[0.336s] -- Found rosidl_adapter: 1.2.1 (/opt/ros/foxy/share/rosidl_adapter/cmake)
[0.402s] -- Found OpenSSL: /usr/lib/x86_64-linux-gnu/libcrypto.so (found version "1.1.1f")  
[0.426s] -- Found FastRTPS: /opt/ros/foxy/include  
[0.481s] -- Using all available rosidl_typesupport_cpp: rosidl_typesupport_fastrtps_cpp;rosidl_typesupport_introspection_cpp
[0.506s] -- Found PythonInterp: /usr/bin/python3 (found version "3.8.10") 
[0.567s] -- Found ament_cmake_ros: 0.9.2 (/opt/ros/foxy/share/ament_cmake_ros/cmake)
[0.645s] -- Using all available rosidl_typesupport_c: rosidl_typesupport_fastrtps_c;rosidl_typesupport_introspection_c
[0.648s] -- Using all available rosidl_typesupport_cpp: rosidl_typesupport_fastrtps_cpp;rosidl_typesupport_introspection_cpp
[0.661s] -- Found PythonInterp: /usr/bin/python3 (found suitable version "3.8.10", minimum required is "3.5") 
[0.662s] -- Found python_cmake_module: 0.8.1 (/opt/ros/foxy/share/python_cmake_module/cmake)
[0.679s] -- Found PythonLibs: /usr/lib/x86_64-linux-gnu/libpython3.8.so (found suitable version "3.8.10", minimum required is "3.5") 
[0.679s] -- Using PYTHON_EXECUTABLE: /usr/bin/python3
[0.679s] -- Using PYTHON_INCLUDE_DIRS: /usr/include/python3.8
[0.679s] -- Using PYTHON_LIBRARIES: /usr/lib/x86_64-linux-gnu/libpython3.8.so
[0.691s] -- Found PythonExtra: .so  
[0.713s] -- Found ament_lint_auto: 0.9.6 (/opt/ros/foxy/share/ament_lint_auto/cmake)
[0.726s] -- Added test 'copyright' to check source files copyright and LICENSE
[0.727s] -- Added test 'lint_cmake' to check CMake code style
[0.727s] -- Added test 'xmllint' to check XML markup files
[0.728s] -- Configuring done
[0.742s] -- Generating done
[0.743s] -- Build files have been written to: /workspace/cxy/Robot_Operating_System/ros2_ws/build/interfaces
[0.746s] Invoked command in '/workspace/cxy/Robot_Operating_System/ros2_ws/build/interfaces' returned '0': /usr/bin/cmake /workspace/cxy/Robot_Operating_System/ros2_ws/src/interfaces -DCMAKE_INSTALL_PREFIX=/workspace/cxy/Robot_Operating_System/ros2_ws/install/interfaces
[0.748s] Invoking command in '/workspace/cxy/Robot_Operating_System/ros2_ws/build/interfaces': /usr/bin/cmake --build /workspace/cxy/Robot_Operating_System/ros2_ws/build/interfaces -- -j20 -l20
[0.760s] [  3%] [34m[1mGenerating C code for ROS interfaces[0m
[0.762s] [  6%] [34m[1mGenerating C++ code for ROS interfaces[0m
[0.863s] [  6%] Built target interfaces__cpp
[0.866s] [  9%] [32mBuilding C object CMakeFiles/interfaces__rosidl_generator_c.dir/rosidl_generator_c/interfaces/msg/detail/num__functions.c.o[0m
[0.866s] [ 12%] [34m[1mGenerating C++ type support dispatch for ROS interfaces[0m
[0.866s] [ 16%] [34m[1mGenerating C++ type support for eProsima Fast-RTPS[0m
[0.866s] [ 19%] [34m[1mGenerating C++ introspection for ROS interfaces[0m
[0.885s] [ 22%] [32m[1mLinking C shared library libinterfaces__rosidl_generator_c.so[0m
[0.900s] [ 22%] Built target interfaces__rosidl_generator_c
[0.903s] [ 25%] [34m[1mGenerating C introspection for ROS interfaces[0m
[0.903s] [ 29%] [34m[1mGenerating C type support dispatch for ROS interfaces[0m
[0.969s] [ 32%] [32mBuilding CXX object CMakeFiles/interfaces__rosidl_typesupport_cpp.dir/rosidl_typesupport_cpp/interfaces/msg/num__type_support.cpp.o[0m
[0.975s] [ 35%] [32mBuilding CXX object CMakeFiles/interfaces__rosidl_typesupport_introspection_cpp.dir/rosidl_typesupport_introspection_cpp/interfaces/msg/detail/num__type_support.cpp.o[0m
[0.982s] [ 38%] [32mBuilding CXX object CMakeFiles/interfaces__rosidl_typesupport_fastrtps_cpp.dir/rosidl_typesupport_fastrtps_cpp/interfaces/msg/detail/dds_fastrtps/num__type_support.cpp.o[0m
[1.007s] [ 41%] [32mBuilding CXX object CMakeFiles/interfaces__rosidl_typesupport_c.dir/rosidl_typesupport_c/interfaces/msg/num__type_support.cpp.o[0m
[1.013s] [ 45%] [32mBuilding C object CMakeFiles/interfaces__rosidl_typesupport_introspection_c.dir/rosidl_typesupport_introspection_c/interfaces/msg/detail/num__type_support.c.o[0m
[1.027s] [ 48%] [32m[1mLinking CXX shared library libinterfaces__rosidl_typesupport_c.so[0m
[1.028s] [ 51%] [32m[1mLinking C shared library libinterfaces__rosidl_typesupport_introspection_c.so[0m
[1.039s] [ 51%] Built target interfaces__rosidl_typesupport_introspection_c
[1.044s] [ 51%] Built target interfaces__rosidl_typesupport_c
[1.113s] [ 54%] [32m[1mLinking CXX shared library libinterfaces__rosidl_typesupport_introspection_cpp.so[0m
[1.129s] [ 54%] Built target interfaces__rosidl_typesupport_introspection_cpp
[1.130s] [ 58%] [32m[1mLinking CXX shared library libinterfaces__rosidl_typesupport_cpp.so[0m
[1.147s] [ 58%] Built target interfaces__rosidl_typesupport_cpp
[1.190s] [ 61%] [32m[1mLinking CXX shared library libinterfaces__rosidl_typesupport_fastrtps_cpp.so[0m
[1.229s] [ 61%] Built target interfaces__rosidl_typesupport_fastrtps_cpp
[1.232s] [ 64%] [34m[1mGenerating C type support for eProsima Fast-RTPS[0m
[1.338s] [ 67%] [32mBuilding CXX object CMakeFiles/interfaces__rosidl_typesupport_fastrtps_c.dir/rosidl_typesupport_fastrtps_c/interfaces/msg/detail/num__type_support_c.cpp.o[0m
[1.501s] [ 70%] [32m[1mLinking CXX shared library libinterfaces__rosidl_typesupport_fastrtps_c.so[0m
[1.542s] [ 70%] Built target interfaces__rosidl_typesupport_fastrtps_c
[1.548s] [ 70%] Built target interfaces
[1.554s] [ 74%] [34m[1mGenerating Python code for ROS interfaces[0m
[1.714s] [ 74%] Built target interfaces__py
[1.719s] [ 77%] [32mBuilding C object CMakeFiles/interfaces__python.dir/rosidl_generator_py/interfaces/msg/_num_s.c.o[0m
[1.762s] [ 80%] [32m[1mLinking C shared library rosidl_generator_py/interfaces/libinterfaces__python.so[0m
[1.778s] [ 80%] Built target interfaces__python
[1.785s] [ 83%] [32mBuilding C object CMakeFiles/interfaces__rosidl_typesupport_fastrtps_c__pyext.dir/rosidl_generator_py/interfaces/_interfaces_s.ep.rosidl_typesupport_fastrtps_c.c.o[0m
[1.785s] [ 87%] [32mBuilding C object CMakeFiles/interfaces__rosidl_typesupport_introspection_c__pyext.dir/rosidl_generator_py/interfaces/_interfaces_s.ep.rosidl_typesupport_introspection_c.c.o[0m
[1.785s] [ 90%] [32mBuilding C object CMakeFiles/interfaces__rosidl_typesupport_c__pyext.dir/rosidl_generator_py/interfaces/_interfaces_s.ep.rosidl_typesupport_c.c.o[0m
[1.825s] [ 96%] [32m[1mLinking C shared library rosidl_generator_py/interfaces/interfaces_s__rosidl_typesupport_c.cpython-38-x86_64-linux-gnu.so[0m
[1.825s] [ 96%] [32m[1mLinking C shared library rosidl_generator_py/interfaces/interfaces_s__rosidl_typesupport_introspection_c.cpython-38-x86_64-linux-gnu.so[0m
[1.825s] [100%] [32m[1mLinking CXX shared library rosidl_generator_py/interfaces/interfaces_s__rosidl_typesupport_fastrtps_c.cpython-38-x86_64-linux-gnu.so[0m
[1.838s] [100%] Built target interfaces__rosidl_typesupport_c__pyext
[1.838s] [100%] Built target interfaces__rosidl_typesupport_introspection_c__pyext
[1.853s] [100%] Built target interfaces__rosidl_typesupport_fastrtps_c__pyext
[1.858s] Invoked command in '/workspace/cxy/Robot_Operating_System/ros2_ws/build/interfaces' returned '0': /usr/bin/cmake --build /workspace/cxy/Robot_Operating_System/ros2_ws/build/interfaces -- -j20 -l20
[1.884s] Invoking command in '/workspace/cxy/Robot_Operating_System/ros2_ws/build/interfaces': /usr/bin/cmake --install /workspace/cxy/Robot_Operating_System/ros2_ws/build/interfaces
[1.887s] -- Install configuration: ""
[1.887s] -- Installing: /workspace/cxy/Robot_Operating_System/ros2_ws/install/interfaces/share/ament_index/resource_index/rosidl_interfaces/interfaces
[1.887s] -- Installing: /workspace/cxy/Robot_Operating_System/ros2_ws/install/interfaces/include/interfaces
[1.887s] -- Installing: /workspace/cxy/Robot_Operating_System/ros2_ws/install/interfaces/include/interfaces/msg
[1.887s] -- Installing: /workspace/cxy/Robot_Operating_System/ros2_ws/install/interfaces/include/interfaces/msg/rosidl_generator_c__visibility_control.h
[1.887s] -- Installing: /workspace/cxy/Robot_Operating_System/ros2_ws/install/interfaces/include/interfaces/msg/detail
[1.887s] -- Installing: /workspace/cxy/Robot_Operating_System/ros2_ws/install/interfaces/include/interfaces/msg/detail/num__type_support.h
[1.887s] -- Installing: /workspace/cxy/Robot_Operating_System/ros2_ws/install/interfaces/include/interfaces/msg/detail/num__functions.h
[1.887s] -- Installing: /workspace/cxy/Robot_Operating_System/ros2_ws/install/interfaces/include/interfaces/msg/detail/num__struct.h
[1.887s] -- Installing: /workspace/cxy/Robot_Operating_System/ros2_ws/install/interfaces/include/interfaces/msg/detail/num__functions.c
[1.887s] -- Installing: /workspace/cxy/Robot_Operating_System/ros2_ws/install/interfaces/include/interfaces/msg/num.h
[1.887s] -- Installing: /workspace/cxy/Robot_Operating_System/ros2_ws/install/interfaces/share/interfaces/environment/library_path.sh
[1.887s] -- Installing: /workspace/cxy/Robot_Operating_System/ros2_ws/install/interfaces/share/interfaces/environment/library_path.dsv
[1.887s] -- Installing: /workspace/cxy/Robot_Operating_System/ros2_ws/install/interfaces/lib/libinterfaces__rosidl_generator_c.so
[1.887s] -- Set runtime path of "/workspace/cxy/Robot_Operating_System/ros2_ws/install/interfaces/lib/libinterfaces__rosidl_generator_c.so" to ""
[1.887s] -- Up-to-date: /workspace/cxy/Robot_Operating_System/ros2_ws/install/interfaces/include/interfaces
[1.887s] -- Up-to-date: /workspace/cxy/Robot_Operating_System/ros2_ws/install/interfaces/include/interfaces/msg
[1.887s] -- Installing: /workspace/cxy/Robot_Operating_System/ros2_ws/install/interfaces/include/interfaces/msg/rosidl_typesupport_fastrtps_c__visibility_control.h
[1.887s] -- Up-to-date: /workspace/cxy/Robot_Operating_System/ros2_ws/install/interfaces/include/interfaces/msg/detail
[1.887s] -- Installing: /workspace/cxy/Robot_Operating_System/ros2_ws/install/interfaces/include/interfaces/msg/detail/num__rosidl_typesupport_fastrtps_c.h
[1.887s] -- Installing: /workspace/cxy/Robot_Operating_System/ros2_ws/install/interfaces/lib/libinterfaces__rosidl_typesupport_fastrtps_c.so
[1.887s] -- Set runtime path of "/workspace/cxy/Robot_Operating_System/ros2_ws/install/interfaces/lib/libinterfaces__rosidl_typesupport_fastrtps_c.so" to ""
[1.887s] -- Up-to-date: /workspace/cxy/Robot_Operating_System/ros2_ws/install/interfaces/include/interfaces
[1.887s] -- Up-to-date: /workspace/cxy/Robot_Operating_System/ros2_ws/install/interfaces/include/interfaces/msg
[1.887s] -- Installing: /workspace/cxy/Robot_Operating_System/ros2_ws/install/interfaces/include/interfaces/msg/rosidl_typesupport_fastrtps_cpp__visibility_control.h
[1.888s] -- Up-to-date: /workspace/cxy/Robot_Operating_System/ros2_ws/install/interfaces/include/interfaces/msg/detail
[1.888s] -- Installing: /workspace/cxy/Robot_Operating_System/ros2_ws/install/interfaces/include/interfaces/msg/detail/dds_fastrtps
[1.888s] -- Installing: /workspace/cxy/Robot_Operating_System/ros2_ws/install/interfaces/include/interfaces/msg/detail/num__rosidl_typesupport_fastrtps_cpp.hpp
[1.888s] -- Installing: /workspace/cxy/Robot_Operating_System/ros2_ws/install/interfaces/lib/libinterfaces__rosidl_typesupport_fastrtps_cpp.so
[1.888s] -- Set runtime path of "/workspace/cxy/Robot_Operating_System/ros2_ws/install/interfaces/lib/libinterfaces__rosidl_typesupport_fastrtps_cpp.so" to ""
[1.888s] -- Up-to-date: /workspace/cxy/Robot_Operating_System/ros2_ws/install/interfaces/include/interfaces
[1.888s] -- Up-to-date: /workspace/cxy/Robot_Operating_System/ros2_ws/install/interfaces/include/interfaces/msg
[1.888s] -- Up-to-date: /workspace/cxy/Robot_Operating_System/ros2_ws/install/interfaces/include/interfaces/msg/detail
[1.888s] -- Installing: /workspace/cxy/Robot_Operating_System/ros2_ws/install/interfaces/include/interfaces/msg/detail/num__type_support.c
[1.888s] -- Installing: /workspace/cxy/Robot_Operating_System/ros2_ws/install/interfaces/include/interfaces/msg/detail/num__rosidl_typesupport_introspection_c.h
[1.888s] -- Installing: /workspace/cxy/Robot_Operating_System/ros2_ws/install/interfaces/include/interfaces/msg/rosidl_typesupport_introspection_c__visibility_control.h
[1.888s] -- Installing: /workspace/cxy/Robot_Operating_System/ros2_ws/install/interfaces/lib/libinterfaces__rosidl_typesupport_introspection_c.so
[1.888s] -- Set runtime path of "/workspace/cxy/Robot_Operating_System/ros2_ws/install/interfaces/lib/libinterfaces__rosidl_typesupport_introspection_c.so" to ""
[1.888s] -- Installing: /workspace/cxy/Robot_Operating_System/ros2_ws/install/interfaces/lib/libinterfaces__rosidl_typesupport_c.so
[1.888s] -- Set runtime path of "/workspace/cxy/Robot_Operating_System/ros2_ws/install/interfaces/lib/libinterfaces__rosidl_typesupport_c.so" to ""
[1.888s] -- Up-to-date: /workspace/cxy/Robot_Operating_System/ros2_ws/install/interfaces/include/interfaces
[1.888s] -- Up-to-date: /workspace/cxy/Robot_Operating_System/ros2_ws/install/interfaces/include/interfaces/msg
[1.888s] -- Up-to-date: /workspace/cxy/Robot_Operating_System/ros2_ws/install/interfaces/include/interfaces/msg/detail
[1.888s] -- Installing: /workspace/cxy/Robot_Operating_System/ros2_ws/install/interfaces/include/interfaces/msg/detail/num__traits.hpp
[1.888s] -- Installing: /workspace/cxy/Robot_Operating_System/ros2_ws/install/interfaces/include/interfaces/msg/detail/num__builder.hpp
[1.888s] -- Installing: /workspace/cxy/Robot_Operating_System/ros2_ws/install/interfaces/include/interfaces/msg/detail/num__struct.hpp
[1.888s] -- Installing: /workspace/cxy/Robot_Operating_System/ros2_ws/install/interfaces/include/interfaces/msg/num.hpp
[1.888s] -- Up-to-date: /workspace/cxy/Robot_Operating_System/ros2_ws/install/interfaces/include/interfaces
[1.888s] -- Up-to-date: /workspace/cxy/Robot_Operating_System/ros2_ws/install/interfaces/include/interfaces/msg
[1.888s] -- Up-to-date: /workspace/cxy/Robot_Operating_System/ros2_ws/install/interfaces/include/interfaces/msg/detail
[1.888s] -- Installing: /workspace/cxy/Robot_Operating_System/ros2_ws/install/interfaces/include/interfaces/msg/detail/num__rosidl_typesupport_introspection_cpp.hpp
[1.888s] -- Installing: /workspace/cxy/Robot_Operating_System/ros2_ws/install/interfaces/include/interfaces/msg/detail/num__type_support.cpp
[1.888s] -- Installing: /workspace/cxy/Robot_Operating_System/ros2_ws/install/interfaces/lib/libinterfaces__rosidl_typesupport_introspection_cpp.so
[1.888s] -- Set runtime path of "/workspace/cxy/Robot_Operating_System/ros2_ws/install/interfaces/lib/libinterfaces__rosidl_typesupport_introspection_cpp.so" to ""
[1.888s] -- Installing: /workspace/cxy/Robot_Operating_System/ros2_ws/install/interfaces/lib/libinterfaces__rosidl_typesupport_cpp.so
[1.888s] -- Set runtime path of "/workspace/cxy/Robot_Operating_System/ros2_ws/install/interfaces/lib/libinterfaces__rosidl_typesupport_cpp.so" to ""
[1.889s] -- Installing: /workspace/cxy/Robot_Operating_System/ros2_ws/install/interfaces/share/interfaces/environment/pythonpath.sh
[1.889s] -- Installing: /workspace/cxy/Robot_Operating_System/ros2_ws/install/interfaces/share/interfaces/environment/pythonpath.dsv
[1.889s] -- Installing: /workspace/cxy/Robot_Operating_System/ros2_ws/install/interfaces/lib/python3.8/site-packages/interfaces/__init__.py
[1.906s] Compiling '/workspace/cxy/Robot_Operating_System/ros2_ws/install/interfaces/lib/python3.8/site-packages/interfaces/__init__.py'...
[1.908s] -- Installing: /workspace/cxy/Robot_Operating_System/ros2_ws/install/interfaces/lib/python3.8/site-packages/interfaces/msg
[1.908s] -- Installing: /workspace/cxy/Robot_Operating_System/ros2_ws/install/interfaces/lib/python3.8/site-packages/interfaces/msg/_num.py
[1.909s] -- Installing: /workspace/cxy/Robot_Operating_System/ros2_ws/install/interfaces/lib/python3.8/site-packages/interfaces/msg/_num_s.c
[1.909s] -- Installing: /workspace/cxy/Robot_Operating_System/ros2_ws/install/interfaces/lib/python3.8/site-packages/interfaces/msg/__init__.py
[1.909s] -- Installing: /workspace/cxy/Robot_Operating_System/ros2_ws/install/interfaces/lib/python3.8/site-packages/interfaces/interfaces_s__rosidl_typesupport_fastrtps_c.cpython-38-x86_64-linux-gnu.so
[1.909s] -- Set runtime path of "/workspace/cxy/Robot_Operating_System/ros2_ws/install/interfaces/lib/python3.8/site-packages/interfaces/interfaces_s__rosidl_typesupport_fastrtps_c.cpython-38-x86_64-linux-gnu.so" to ""
[1.909s] -- Installing: /workspace/cxy/Robot_Operating_System/ros2_ws/install/interfaces/lib/python3.8/site-packages/interfaces/interfaces_s__rosidl_typesupport_introspection_c.cpython-38-x86_64-linux-gnu.so
[1.909s] -- Set runtime path of "/workspace/cxy/Robot_Operating_System/ros2_ws/install/interfaces/lib/python3.8/site-packages/interfaces/interfaces_s__rosidl_typesupport_introspection_c.cpython-38-x86_64-linux-gnu.so" to ""
[1.909s] -- Installing: /workspace/cxy/Robot_Operating_System/ros2_ws/install/interfaces/lib/python3.8/site-packages/interfaces/interfaces_s__rosidl_typesupport_c.cpython-38-x86_64-linux-gnu.so
[1.909s] -- Set runtime path of "/workspace/cxy/Robot_Operating_System/ros2_ws/install/interfaces/lib/python3.8/site-packages/interfaces/interfaces_s__rosidl_typesupport_c.cpython-38-x86_64-linux-gnu.so" to ""
[1.909s] -- Installing: /workspace/cxy/Robot_Operating_System/ros2_ws/install/interfaces/lib/libinterfaces__python.so
[1.909s] -- Set runtime path of "/workspace/cxy/Robot_Operating_System/ros2_ws/install/interfaces/lib/libinterfaces__python.so" to ""
[1.909s] -- Installing: /workspace/cxy/Robot_Operating_System/ros2_ws/install/interfaces/share/interfaces/msg/Num.idl
[1.909s] -- Installing: /workspace/cxy/Robot_Operating_System/ros2_ws/install/interfaces/share/interfaces/msg/Num.msg
[1.909s] -- Installing: /workspace/cxy/Robot_Operating_System/ros2_ws/install/interfaces/share/ament_index/resource_index/package_run_dependencies/interfaces
[1.909s] -- Installing: /workspace/cxy/Robot_Operating_System/ros2_ws/install/interfaces/share/ament_index/resource_index/parent_prefix_path/interfaces
[1.909s] -- Installing: /workspace/cxy/Robot_Operating_System/ros2_ws/install/interfaces/share/interfaces/environment/ament_prefix_path.sh
[1.909s] -- Installing: /workspace/cxy/Robot_Operating_System/ros2_ws/install/interfaces/share/interfaces/environment/ament_prefix_path.dsv
[1.909s] -- Installing: /workspace/cxy/Robot_Operating_System/ros2_ws/install/interfaces/share/interfaces/environment/path.sh
[1.909s] -- Installing: /workspace/cxy/Robot_Operating_System/ros2_ws/install/interfaces/share/interfaces/environment/path.dsv
[1.909s] -- Installing: /workspace/cxy/Robot_Operating_System/ros2_ws/install/interfaces/share/interfaces/local_setup.bash
[1.909s] -- Installing: /workspace/cxy/Robot_Operating_System/ros2_ws/install/interfaces/share/interfaces/local_setup.sh
[1.909s] -- Installing: /workspace/cxy/Robot_Operating_System/ros2_ws/install/interfaces/share/interfaces/local_setup.zsh
[1.910s] -- Installing: /workspace/cxy/Robot_Operating_System/ros2_ws/install/interfaces/share/interfaces/local_setup.dsv
[1.910s] -- Installing: /workspace/cxy/Robot_Operating_System/ros2_ws/install/interfaces/share/interfaces/package.dsv
[1.910s] -- Installing: /workspace/cxy/Robot_Operating_System/ros2_ws/install/interfaces/share/ament_index/resource_index/packages/interfaces
[1.910s] -- Installing: /workspace/cxy/Robot_Operating_System/ros2_ws/install/interfaces/share/interfaces/cmake/interfaces__rosidl_generator_cExport.cmake
[1.910s] -- Installing: /workspace/cxy/Robot_Operating_System/ros2_ws/install/interfaces/share/interfaces/cmake/interfaces__rosidl_generator_cExport-noconfig.cmake
[1.910s] -- Installing: /workspace/cxy/Robot_Operating_System/ros2_ws/install/interfaces/share/interfaces/cmake/interfaces__rosidl_typesupport_introspection_cExport.cmake
[1.910s] -- Installing: /workspace/cxy/Robot_Operating_System/ros2_ws/install/interfaces/share/interfaces/cmake/interfaces__rosidl_typesupport_introspection_cExport-noconfig.cmake
[1.910s] -- Installing: /workspace/cxy/Robot_Operating_System/ros2_ws/install/interfaces/share/interfaces/cmake/interfaces__rosidl_typesupport_cExport.cmake
[1.910s] -- Installing: /workspace/cxy/Robot_Operating_System/ros2_ws/install/interfaces/share/interfaces/cmake/interfaces__rosidl_typesupport_cExport-noconfig.cmake
[1.910s] -- Installing: /workspace/cxy/Robot_Operating_System/ros2_ws/install/interfaces/share/interfaces/cmake/interfaces__rosidl_generator_cppExport.cmake
[1.910s] -- Installing: /workspace/cxy/Robot_Operating_System/ros2_ws/install/interfaces/share/interfaces/cmake/interfaces__rosidl_typesupport_introspection_cppExport.cmake
[1.910s] -- Installing: /workspace/cxy/Robot_Operating_System/ros2_ws/install/interfaces/share/interfaces/cmake/interfaces__rosidl_typesupport_introspection_cppExport-noconfig.cmake
[1.910s] -- Installing: /workspace/cxy/Robot_Operating_System/ros2_ws/install/interfaces/share/interfaces/cmake/interfaces__rosidl_typesupport_cppExport.cmake
[1.910s] -- Installing: /workspace/cxy/Robot_Operating_System/ros2_ws/install/interfaces/share/interfaces/cmake/interfaces__rosidl_typesupport_cppExport-noconfig.cmake
[1.910s] -- Installing: /workspace/cxy/Robot_Operating_System/ros2_ws/install/interfaces/share/interfaces/cmake/rosidl_cmake-extras.cmake
[1.910s] -- Installing: /workspace/cxy/Robot_Operating_System/ros2_ws/install/interfaces/share/interfaces/cmake/ament_cmake_export_dependencies-extras.cmake
[1.910s] -- Installing: /workspace/cxy/Robot_Operating_System/ros2_ws/install/interfaces/share/interfaces/cmake/ament_cmake_export_libraries-extras.cmake
[1.910s] -- Installing: /workspace/cxy/Robot_Operating_System/ros2_ws/install/interfaces/share/interfaces/cmake/ament_cmake_export_targets-extras.cmake
[1.910s] -- Installing: /workspace/cxy/Robot_Operating_System/ros2_ws/install/interfaces/share/interfaces/cmake/ament_cmake_export_include_directories-extras.cmake
[1.910s] -- Installing: /workspace/cxy/Robot_Operating_System/ros2_ws/install/interfaces/share/interfaces/cmake/rosidl_cmake_export_typesupport_libraries-extras.cmake
[1.910s] -- Installing: /workspace/cxy/Robot_Operating_System/ros2_ws/install/interfaces/share/interfaces/cmake/rosidl_cmake_export_typesupport_targets-extras.cmake
[1.910s] -- Installing: /workspace/cxy/Robot_Operating_System/ros2_ws/install/interfaces/share/interfaces/cmake/interfacesConfig.cmake
[1.910s] -- Installing: /workspace/cxy/Robot_Operating_System/ros2_ws/install/interfaces/share/interfaces/cmake/interfacesConfig-version.cmake
[1.911s] -- Installing: /workspace/cxy/Robot_Operating_System/ros2_ws/install/interfaces/share/interfaces/package.xml
[1.912s] Invoked command in '/workspace/cxy/Robot_Operating_System/ros2_ws/build/interfaces' returned '0': /usr/bin/cmake --install /workspace/cxy/Robot_Operating_System/ros2_ws/build/interfaces
