[0.164s] DEBUG:colcon:Command line arguments: ['/usr/bin/colcon', 'build', '--packages-select', 'interfaces', '–merge-install']
[0.165s] DEBUG:colcon:Parsed command line arguments: Namespace(ament_cmake_args=None, base_paths=['.'], build_base='build', catkin_cmake_args=None, catkin_skip_building_tests=False, cmake_args=None, cmake_clean_cache=False, cmake_clean_first=False, cmake_force_configure=False, cmake_target=None, cmake_target_skip_unavailable=False, continue_on_error=False, event_handlers=None, executor='parallel', ignore_user_meta=False, install_base='install', log_base=None, log_level=None, main=<bound method BuildVerb.main of <colcon_core.verb.build.BuildVerb object at 0x7f17f74c4fa0>>, merge_install=False, metas=['./colcon.meta'], mixin=None, mixin_files=None, mixin_verb=('build',), packages_above=None, packages_above_and_dependencies=None, packages_above_depth=None, packages_end=None, packages_ignore=None, packages_ignore_regex=None, packages_select=['interfaces', '–merge-install'], packages_select_build_failed=False, packages_select_by_dep=None, packages_select_regex=None, packages_select_test_failures=False, packages_skip=None, packages_skip_build_finished=False, packages_skip_by_dep=None, packages_skip_regex=None, packages_skip_test_passed=False, packages_skip_up_to=None, packages_start=None, packages_up_to=None, packages_up_to_regex=None, parallel_workers=20, paths=None, symlink_install=False, test_result_base=None, verb_extension=<colcon_core.verb.build.BuildVerb object at 0x7f17f74c4fa0>, verb_name='build', verb_parser=<colcon_mixin.mixin.mixin_argument.MixinArgumentDecorator object at 0x7f17f74cf5b0>)
[0.167s] Level 1:colcon.colcon_core.package_discovery:discover_packages(colcon_meta) check parameters
[0.167s] Level 1:colcon.colcon_core.package_discovery:discover_packages(recursive) check parameters
[0.167s] Level 1:colcon.colcon_core.package_discovery:discover_packages(ignore) check parameters
[0.167s] Level 1:colcon.colcon_core.package_discovery:discover_packages(path) check parameters
[0.167s] Level 1:colcon.colcon_core.package_discovery:discover_packages(colcon_meta) discover
[0.167s] Level 1:colcon.colcon_core.package_discovery:discover_packages(recursive) discover
[0.167s] INFO:colcon.colcon_core.package_discovery:Crawling recursively for packages in '/workspace/cxy/Robot_Operating_System/ros2_ws'
[0.167s] Level 1:colcon.colcon_core.package_identification:_identify(.) by extensions ['ignore', 'ignore_ament_install']
[0.167s] Level 1:colcon.colcon_core.package_identification:_identify(.) by extension 'ignore'
[0.167s] Level 1:colcon.colcon_core.package_identification:_identify(.) by extension 'ignore_ament_install'
[0.167s] Level 1:colcon.colcon_core.package_identification:_identify(.) by extensions ['colcon_pkg']
[0.167s] Level 1:colcon.colcon_core.package_identification:_identify(.) by extension 'colcon_pkg'
[0.167s] Level 1:colcon.colcon_core.package_identification:_identify(.) by extensions ['colcon_meta']
[0.167s] Level 1:colcon.colcon_core.package_identification:_identify(.) by extension 'colcon_meta'
[0.167s] Level 1:colcon.colcon_core.package_identification:_identify(.) by extensions ['ros']
[0.167s] Level 1:colcon.colcon_core.package_identification:_identify(.) by extension 'ros'
[0.174s] Level 1:colcon.colcon_core.package_identification:_identify(.) by extensions ['cmake', 'python']
[0.174s] Level 1:colcon.colcon_core.package_identification:_identify(.) by extension 'cmake'
[0.174s] Level 1:colcon.colcon_core.package_identification:_identify(.) by extension 'python'
[0.174s] Level 1:colcon.colcon_core.package_identification:_identify(.) by extensions ['python_setup_py']
[0.174s] Level 1:colcon.colcon_core.package_identification:_identify(.) by extension 'python_setup_py'
[0.174s] Level 1:colcon.colcon_core.package_identification:_identify(build) by extensions ['ignore', 'ignore_ament_install']
[0.174s] Level 1:colcon.colcon_core.package_identification:_identify(build) by extension 'ignore'
[0.174s] Level 1:colcon.colcon_core.package_identification:_identify(build) ignored
[0.174s] Level 1:colcon.colcon_core.package_identification:_identify(install) by extensions ['ignore', 'ignore_ament_install']
[0.174s] Level 1:colcon.colcon_core.package_identification:_identify(install) by extension 'ignore'
[0.174s] Level 1:colcon.colcon_core.package_identification:_identify(install) ignored
[0.174s] Level 1:colcon.colcon_core.package_identification:_identify(log) by extensions ['ignore', 'ignore_ament_install']
[0.174s] Level 1:colcon.colcon_core.package_identification:_identify(log) by extension 'ignore'
[0.174s] Level 1:colcon.colcon_core.package_identification:_identify(log) ignored
[0.174s] Level 1:colcon.colcon_core.package_identification:_identify(src) by extensions ['ignore', 'ignore_ament_install']
[0.174s] Level 1:colcon.colcon_core.package_identification:_identify(src) by extension 'ignore'
[0.174s] Level 1:colcon.colcon_core.package_identification:_identify(src) by extension 'ignore_ament_install'
[0.174s] Level 1:colcon.colcon_core.package_identification:_identify(src) by extensions ['colcon_pkg']
[0.174s] Level 1:colcon.colcon_core.package_identification:_identify(src) by extension 'colcon_pkg'
[0.174s] Level 1:colcon.colcon_core.package_identification:_identify(src) by extensions ['colcon_meta']
[0.174s] Level 1:colcon.colcon_core.package_identification:_identify(src) by extension 'colcon_meta'
[0.174s] Level 1:colcon.colcon_core.package_identification:_identify(src) by extensions ['ros']
[0.174s] Level 1:colcon.colcon_core.package_identification:_identify(src) by extension 'ros'
[0.174s] Level 1:colcon.colcon_core.package_identification:_identify(src) by extensions ['cmake', 'python']
[0.174s] Level 1:colcon.colcon_core.package_identification:_identify(src) by extension 'cmake'
[0.174s] Level 1:colcon.colcon_core.package_identification:_identify(src) by extension 'python'
[0.174s] Level 1:colcon.colcon_core.package_identification:_identify(src) by extensions ['python_setup_py']
[0.174s] Level 1:colcon.colcon_core.package_identification:_identify(src) by extension 'python_setup_py'
[0.174s] Level 1:colcon.colcon_core.package_identification:_identify(src/cpp_pubsub) by extensions ['ignore', 'ignore_ament_install']
[0.174s] Level 1:colcon.colcon_core.package_identification:_identify(src/cpp_pubsub) by extension 'ignore'
[0.174s] Level 1:colcon.colcon_core.package_identification:_identify(src/cpp_pubsub) by extension 'ignore_ament_install'
[0.174s] Level 1:colcon.colcon_core.package_identification:_identify(src/cpp_pubsub) by extensions ['colcon_pkg']
[0.175s] Level 1:colcon.colcon_core.package_identification:_identify(src/cpp_pubsub) by extension 'colcon_pkg'
[0.175s] Level 1:colcon.colcon_core.package_identification:_identify(src/cpp_pubsub) by extensions ['colcon_meta']
[0.175s] Level 1:colcon.colcon_core.package_identification:_identify(src/cpp_pubsub) by extension 'colcon_meta'
[0.175s] Level 1:colcon.colcon_core.package_identification:_identify(src/cpp_pubsub) by extensions ['ros']
[0.175s] Level 1:colcon.colcon_core.package_identification:_identify(src/cpp_pubsub) by extension 'ros'
[0.176s] DEBUG:colcon.colcon_core.package_identification:Package 'src/cpp_pubsub' with type 'ros.ament_cmake' and name 'cpp_pubsub'
[0.176s] Level 1:colcon.colcon_core.package_identification:_identify(src/cpp_qomolo) by extensions ['ignore', 'ignore_ament_install']
[0.176s] Level 1:colcon.colcon_core.package_identification:_identify(src/cpp_qomolo) by extension 'ignore'
[0.176s] Level 1:colcon.colcon_core.package_identification:_identify(src/cpp_qomolo) by extension 'ignore_ament_install'
[0.176s] Level 1:colcon.colcon_core.package_identification:_identify(src/cpp_qomolo) by extensions ['colcon_pkg']
[0.176s] Level 1:colcon.colcon_core.package_identification:_identify(src/cpp_qomolo) by extension 'colcon_pkg'
[0.176s] Level 1:colcon.colcon_core.package_identification:_identify(src/cpp_qomolo) by extensions ['colcon_meta']
[0.176s] Level 1:colcon.colcon_core.package_identification:_identify(src/cpp_qomolo) by extension 'colcon_meta'
[0.176s] Level 1:colcon.colcon_core.package_identification:_identify(src/cpp_qomolo) by extensions ['ros']
[0.176s] Level 1:colcon.colcon_core.package_identification:_identify(src/cpp_qomolo) by extension 'ros'
[0.176s] DEBUG:colcon.colcon_core.package_identification:Package 'src/cpp_qomolo' with type 'ros.ament_cmake' and name 'cpp_qomolo'
[0.177s] Level 1:colcon.colcon_core.package_identification:_identify(src/cpp_srvcli) by extensions ['ignore', 'ignore_ament_install']
[0.177s] Level 1:colcon.colcon_core.package_identification:_identify(src/cpp_srvcli) by extension 'ignore'
[0.177s] Level 1:colcon.colcon_core.package_identification:_identify(src/cpp_srvcli) by extension 'ignore_ament_install'
[0.177s] Level 1:colcon.colcon_core.package_identification:_identify(src/cpp_srvcli) by extensions ['colcon_pkg']
[0.177s] Level 1:colcon.colcon_core.package_identification:_identify(src/cpp_srvcli) by extension 'colcon_pkg'
[0.177s] Level 1:colcon.colcon_core.package_identification:_identify(src/cpp_srvcli) by extensions ['colcon_meta']
[0.177s] Level 1:colcon.colcon_core.package_identification:_identify(src/cpp_srvcli) by extension 'colcon_meta'
[0.177s] Level 1:colcon.colcon_core.package_identification:_identify(src/cpp_srvcli) by extensions ['ros']
[0.177s] Level 1:colcon.colcon_core.package_identification:_identify(src/cpp_srvcli) by extension 'ros'
[0.177s] DEBUG:colcon.colcon_core.package_identification:Package 'src/cpp_srvcli' with type 'ros.ament_cmake' and name 'cpp_srvcli'
[0.177s] Level 1:colcon.colcon_core.package_identification:_identify(src/interfaces) by extensions ['ignore', 'ignore_ament_install']
[0.177s] Level 1:colcon.colcon_core.package_identification:_identify(src/interfaces) by extension 'ignore'
[0.177s] Level 1:colcon.colcon_core.package_identification:_identify(src/interfaces) by extension 'ignore_ament_install'
[0.177s] Level 1:colcon.colcon_core.package_identification:_identify(src/interfaces) by extensions ['colcon_pkg']
[0.177s] Level 1:colcon.colcon_core.package_identification:_identify(src/interfaces) by extension 'colcon_pkg'
[0.177s] Level 1:colcon.colcon_core.package_identification:_identify(src/interfaces) by extensions ['colcon_meta']
[0.177s] Level 1:colcon.colcon_core.package_identification:_identify(src/interfaces) by extension 'colcon_meta'
[0.177s] Level 1:colcon.colcon_core.package_identification:_identify(src/interfaces) by extensions ['ros']
[0.177s] Level 1:colcon.colcon_core.package_identification:_identify(src/interfaces) by extension 'ros'
[0.177s] DEBUG:colcon.colcon_core.package_identification:Package 'src/interfaces' with type 'ros.ament_cmake' and name 'interfaces'
[0.178s] Level 1:colcon.colcon_core.package_discovery:discover_packages(recursive) using defaults
[0.178s] Level 1:colcon.colcon_core.package_discovery:discover_packages(ignore) discover
[0.178s] Level 1:colcon.colcon_core.package_discovery:discover_packages(ignore) using defaults
[0.178s] Level 1:colcon.colcon_core.package_discovery:discover_packages(path) discover
[0.178s] Level 1:colcon.colcon_core.package_discovery:discover_packages(path) using defaults
[0.178s] WARNING:colcon.colcon_core.package_selection:ignoring unknown package '–merge-install' in --packages-select
[0.187s] INFO:colcon.colcon_core.package_selection:Skipping not selected package 'cpp_srvcli' in 'src/cpp_srvcli'
[0.187s] INFO:colcon.colcon_core.package_selection:Skipping not selected package 'cpp_pubsub' in 'src/cpp_pubsub'
[0.187s] INFO:colcon.colcon_core.package_selection:Skipping not selected package 'cpp_qomolo' in 'src/cpp_qomolo'
[0.188s] Level 5:colcon.colcon_core.verb:set package 'interfaces' build argument 'cmake_args' from command line to 'None'
[0.188s] Level 5:colcon.colcon_core.verb:set package 'interfaces' build argument 'cmake_target' from command line to 'None'
[0.188s] Level 5:colcon.colcon_core.verb:set package 'interfaces' build argument 'cmake_target_skip_unavailable' from command line to 'False'
[0.188s] Level 5:colcon.colcon_core.verb:set package 'interfaces' build argument 'cmake_clean_cache' from command line to 'False'
[0.188s] Level 5:colcon.colcon_core.verb:set package 'interfaces' build argument 'cmake_clean_first' from command line to 'False'
[0.188s] Level 5:colcon.colcon_core.verb:set package 'interfaces' build argument 'cmake_force_configure' from command line to 'False'
[0.188s] Level 5:colcon.colcon_core.verb:set package 'interfaces' build argument 'ament_cmake_args' from command line to 'None'
[0.188s] Level 5:colcon.colcon_core.verb:set package 'interfaces' build argument 'catkin_cmake_args' from command line to 'None'
[0.188s] Level 5:colcon.colcon_core.verb:set package 'interfaces' build argument 'catkin_skip_building_tests' from command line to 'False'
[0.188s] DEBUG:colcon.colcon_core.verb:Building package 'interfaces' with the following arguments: {'ament_cmake_args': None, 'build_base': '/workspace/cxy/Robot_Operating_System/ros2_ws/build/interfaces', 'catkin_cmake_args': None, 'catkin_skip_building_tests': False, 'cmake_args': None, 'cmake_clean_cache': False, 'cmake_clean_first': False, 'cmake_force_configure': False, 'cmake_target': None, 'cmake_target_skip_unavailable': False, 'install_base': '/workspace/cxy/Robot_Operating_System/ros2_ws/install/interfaces', 'merge_install': False, 'path': '/workspace/cxy/Robot_Operating_System/ros2_ws/src/interfaces', 'symlink_install': False, 'test_result_base': None}
[0.188s] INFO:colcon.colcon_core.executor:Executing jobs using 'parallel' executor
[0.189s] DEBUG:colcon.colcon_parallel_executor.executor.parallel:run_until_complete
[0.189s] INFO:colcon.colcon_ros.task.ament_cmake.build:Building ROS package in '/workspace/cxy/Robot_Operating_System/ros2_ws/src/interfaces' with build type 'ament_cmake'
[0.190s] INFO:colcon.colcon_cmake.task.cmake.build:Building CMake package in '/workspace/cxy/Robot_Operating_System/ros2_ws/src/interfaces'
[0.192s] INFO:colcon.colcon_core.plugin_system:Skipping extension 'colcon_core.shell.bat': Not used on non-Windows systems
[0.192s] INFO:colcon.colcon_core.shell:Skip shell extension 'powershell' for command environment: Not usable outside of PowerShell
[0.192s] DEBUG:colcon.colcon_core.shell:Skip shell extension 'dsv' for command environment
[0.193s] WARNING:colcon.colcon_ros.prefix_path.ament:The path '/workspace/cxy/Robot_Operating_System/ros2_ws/install/interfaces' in the environment variable AMENT_PREFIX_PATH doesn't exist
[0.193s] WARNING:colcon.colcon_ros.prefix_path.catkin:The path '/workspace/cxy/Robot_Operating_System/ros2_ws/install/interfaces' in the environment variable CMAKE_PREFIX_PATH doesn't exist
[0.193s] DEBUG:colcon.colcon_core.shell:Ignoring prefix path '/opt/ros/foxy'
[0.198s] DEBUG:colcon.colcon_core.event_handler.log_command:Invoking command in '/workspace/cxy/Robot_Operating_System/ros2_ws/build/interfaces': /usr/bin/cmake /workspace/cxy/Robot_Operating_System/ros2_ws/src/interfaces -DCMAKE_INSTALL_PREFIX=/workspace/cxy/Robot_Operating_System/ros2_ws/install/interfaces
[0.936s] DEBUG:colcon.colcon_core.event_handler.log_command:Invoked command in '/workspace/cxy/Robot_Operating_System/ros2_ws/build/interfaces' returned '0': /usr/bin/cmake /workspace/cxy/Robot_Operating_System/ros2_ws/src/interfaces -DCMAKE_INSTALL_PREFIX=/workspace/cxy/Robot_Operating_System/ros2_ws/install/interfaces
[0.938s] DEBUG:colcon.colcon_core.event_handler.log_command:Invoking command in '/workspace/cxy/Robot_Operating_System/ros2_ws/build/interfaces': /usr/bin/cmake --build /workspace/cxy/Robot_Operating_System/ros2_ws/build/interfaces -- -j20 -l20
[2.048s] DEBUG:colcon.colcon_core.event_handler.log_command:Invoked command in '/workspace/cxy/Robot_Operating_System/ros2_ws/build/interfaces' returned '0': /usr/bin/cmake --build /workspace/cxy/Robot_Operating_System/ros2_ws/build/interfaces -- -j20 -l20
[2.075s] DEBUG:colcon.colcon_core.event_handler.log_command:Invoking command in '/workspace/cxy/Robot_Operating_System/ros2_ws/build/interfaces': /usr/bin/cmake --install /workspace/cxy/Robot_Operating_System/ros2_ws/build/interfaces
[2.102s] Level 1:colcon.colcon_core.environment:create_environment_scripts_only(interfaces)
[2.103s] DEBUG:colcon.colcon_core.event_handler.log_command:Invoked command in '/workspace/cxy/Robot_Operating_System/ros2_ws/build/interfaces' returned '0': /usr/bin/cmake --install /workspace/cxy/Robot_Operating_System/ros2_ws/build/interfaces
[2.105s] Level 1:colcon.colcon_core.environment:checking '/workspace/cxy/Robot_Operating_System/ros2_ws/install/interfaces' for CMake module files
[2.106s] Level 1:colcon.colcon_core.environment:checking '/workspace/cxy/Robot_Operating_System/ros2_ws/install/interfaces' for CMake config files
[2.106s] Level 1:colcon.colcon_core.shell:create_environment_hook('interfaces', 'cmake_prefix_path')
[2.107s] INFO:colcon.colcon_core.shell:Creating environment hook '/workspace/cxy/Robot_Operating_System/ros2_ws/install/interfaces/share/interfaces/hook/cmake_prefix_path.ps1'
[2.107s] INFO:colcon.colcon_core.shell:Creating environment descriptor '/workspace/cxy/Robot_Operating_System/ros2_ws/install/interfaces/share/interfaces/hook/cmake_prefix_path.dsv'
[2.108s] INFO:colcon.colcon_core.shell:Creating environment hook '/workspace/cxy/Robot_Operating_System/ros2_ws/install/interfaces/share/interfaces/hook/cmake_prefix_path.sh'
[2.108s] Level 1:colcon.colcon_core.environment:checking '/workspace/cxy/Robot_Operating_System/ros2_ws/install/interfaces/lib'
[2.108s] Level 1:colcon.colcon_core.shell:create_environment_hook('interfaces', 'ld_library_path_lib')
[2.109s] INFO:colcon.colcon_core.shell:Creating environment hook '/workspace/cxy/Robot_Operating_System/ros2_ws/install/interfaces/share/interfaces/hook/ld_library_path_lib.ps1'
[2.109s] INFO:colcon.colcon_core.shell:Creating environment descriptor '/workspace/cxy/Robot_Operating_System/ros2_ws/install/interfaces/share/interfaces/hook/ld_library_path_lib.dsv'
[2.109s] INFO:colcon.colcon_core.shell:Creating environment hook '/workspace/cxy/Robot_Operating_System/ros2_ws/install/interfaces/share/interfaces/hook/ld_library_path_lib.sh'
[2.110s] Level 1:colcon.colcon_core.environment:checking '/workspace/cxy/Robot_Operating_System/ros2_ws/install/interfaces/bin'
[2.110s] Level 1:colcon.colcon_core.environment:checking '/workspace/cxy/Robot_Operating_System/ros2_ws/install/interfaces/lib/pkgconfig/interfaces.pc'
[2.110s] Level 1:colcon.colcon_core.environment:checking '/workspace/cxy/Robot_Operating_System/ros2_ws/install/interfaces/lib/python3.8/site-packages'
[2.110s] Level 1:colcon.colcon_core.shell:create_environment_hook('interfaces', 'pythonpath')
[2.110s] INFO:colcon.colcon_core.shell:Creating environment hook '/workspace/cxy/Robot_Operating_System/ros2_ws/install/interfaces/share/interfaces/hook/pythonpath.ps1'
[2.111s] INFO:colcon.colcon_core.shell:Creating environment descriptor '/workspace/cxy/Robot_Operating_System/ros2_ws/install/interfaces/share/interfaces/hook/pythonpath.dsv'
[2.111s] INFO:colcon.colcon_core.shell:Creating environment hook '/workspace/cxy/Robot_Operating_System/ros2_ws/install/interfaces/share/interfaces/hook/pythonpath.sh'
[2.112s] INFO:colcon.colcon_core.shell:Creating package script '/workspace/cxy/Robot_Operating_System/ros2_ws/install/interfaces/share/interfaces/package.ps1'
[2.112s] INFO:colcon.colcon_core.shell:Creating package descriptor '/workspace/cxy/Robot_Operating_System/ros2_ws/install/interfaces/share/interfaces/package.dsv'
[2.113s] INFO:colcon.colcon_core.shell:Creating package script '/workspace/cxy/Robot_Operating_System/ros2_ws/install/interfaces/share/interfaces/package.sh'
[2.113s] INFO:colcon.colcon_core.shell:Creating package script '/workspace/cxy/Robot_Operating_System/ros2_ws/install/interfaces/share/interfaces/package.bash'
[2.114s] INFO:colcon.colcon_core.shell:Creating package script '/workspace/cxy/Robot_Operating_System/ros2_ws/install/interfaces/share/interfaces/package.zsh'
[2.115s] Level 1:colcon.colcon_core.environment:create_file_with_runtime_dependencies(/workspace/cxy/Robot_Operating_System/ros2_ws/install/interfaces/share/colcon-core/packages/interfaces)
[2.139s] Level 1:colcon.colcon_core.environment:create_environment_scripts_only(interfaces)
[2.140s] Level 1:colcon.colcon_core.environment:checking '/workspace/cxy/Robot_Operating_System/ros2_ws/install/interfaces' for CMake module files
[2.140s] Level 1:colcon.colcon_core.environment:checking '/workspace/cxy/Robot_Operating_System/ros2_ws/install/interfaces' for CMake config files
[2.141s] Level 1:colcon.colcon_core.shell:create_environment_hook('interfaces', 'cmake_prefix_path')
[2.141s] INFO:colcon.colcon_core.shell:Creating environment hook '/workspace/cxy/Robot_Operating_System/ros2_ws/install/interfaces/share/interfaces/hook/cmake_prefix_path.ps1'
[2.142s] INFO:colcon.colcon_core.shell:Creating environment descriptor '/workspace/cxy/Robot_Operating_System/ros2_ws/install/interfaces/share/interfaces/hook/cmake_prefix_path.dsv'
[2.142s] INFO:colcon.colcon_core.shell:Creating environment hook '/workspace/cxy/Robot_Operating_System/ros2_ws/install/interfaces/share/interfaces/hook/cmake_prefix_path.sh'
[2.142s] Level 1:colcon.colcon_core.environment:checking '/workspace/cxy/Robot_Operating_System/ros2_ws/install/interfaces/lib'
[2.143s] Level 1:colcon.colcon_core.shell:create_environment_hook('interfaces', 'ld_library_path_lib')
[2.143s] INFO:colcon.colcon_core.shell:Creating environment hook '/workspace/cxy/Robot_Operating_System/ros2_ws/install/interfaces/share/interfaces/hook/ld_library_path_lib.ps1'
[2.143s] INFO:colcon.colcon_core.shell:Creating environment descriptor '/workspace/cxy/Robot_Operating_System/ros2_ws/install/interfaces/share/interfaces/hook/ld_library_path_lib.dsv'
[2.144s] INFO:colcon.colcon_core.shell:Creating environment hook '/workspace/cxy/Robot_Operating_System/ros2_ws/install/interfaces/share/interfaces/hook/ld_library_path_lib.sh'
[2.144s] Level 1:colcon.colcon_core.environment:checking '/workspace/cxy/Robot_Operating_System/ros2_ws/install/interfaces/bin'
[2.144s] Level 1:colcon.colcon_core.environment:checking '/workspace/cxy/Robot_Operating_System/ros2_ws/install/interfaces/lib/pkgconfig/interfaces.pc'
[2.144s] Level 1:colcon.colcon_core.environment:checking '/workspace/cxy/Robot_Operating_System/ros2_ws/install/interfaces/lib/python3.8/site-packages'
[2.144s] Level 1:colcon.colcon_core.shell:create_environment_hook('interfaces', 'pythonpath')
[2.144s] INFO:colcon.colcon_core.shell:Creating environment hook '/workspace/cxy/Robot_Operating_System/ros2_ws/install/interfaces/share/interfaces/hook/pythonpath.ps1'
[2.145s] INFO:colcon.colcon_core.shell:Creating environment descriptor '/workspace/cxy/Robot_Operating_System/ros2_ws/install/interfaces/share/interfaces/hook/pythonpath.dsv'
[2.145s] INFO:colcon.colcon_core.shell:Creating environment hook '/workspace/cxy/Robot_Operating_System/ros2_ws/install/interfaces/share/interfaces/hook/pythonpath.sh'
[2.146s] INFO:colcon.colcon_core.shell:Creating package script '/workspace/cxy/Robot_Operating_System/ros2_ws/install/interfaces/share/interfaces/package.ps1'
[2.146s] INFO:colcon.colcon_core.shell:Creating package descriptor '/workspace/cxy/Robot_Operating_System/ros2_ws/install/interfaces/share/interfaces/package.dsv'
[2.147s] INFO:colcon.colcon_core.shell:Creating package script '/workspace/cxy/Robot_Operating_System/ros2_ws/install/interfaces/share/interfaces/package.sh'
[2.147s] INFO:colcon.colcon_core.shell:Creating package script '/workspace/cxy/Robot_Operating_System/ros2_ws/install/interfaces/share/interfaces/package.bash'
[2.148s] INFO:colcon.colcon_core.shell:Creating package script '/workspace/cxy/Robot_Operating_System/ros2_ws/install/interfaces/share/interfaces/package.zsh'
[2.148s] Level 1:colcon.colcon_core.environment:create_file_with_runtime_dependencies(/workspace/cxy/Robot_Operating_System/ros2_ws/install/interfaces/share/colcon-core/packages/interfaces)
[2.148s] DEBUG:colcon.colcon_parallel_executor.executor.parallel:closing loop
[2.148s] DEBUG:colcon.colcon_parallel_executor.executor.parallel:loop closed
[2.148s] DEBUG:colcon.colcon_parallel_executor.executor.parallel:run_until_complete finished with '0'
[2.148s] DEBUG:colcon.colcon_core.event_reactor:joining thread
[2.152s] INFO:colcon.colcon_core.plugin_system:Skipping extension 'colcon_notification.desktop_notification.notify_send': Could not find 'notify-send'
[2.152s] INFO:colcon.colcon_core.plugin_system:Skipping extension 'colcon_notification.desktop_notification.terminal_notifier': Not used on non-Darwin systems
[2.152s] INFO:colcon.colcon_core.plugin_system:Skipping extension 'colcon_notification.desktop_notification.win32': Not used on non-Windows systems
[2.152s] INFO:colcon.colcon_notification.desktop_notification:Sending desktop notification using 'notify2'
[2.161s] DEBUG:colcon.colcon_notification.desktop_notification.notify2:Failed to initialize notify2: org.freedesktop.DBus.Error.ServiceUnknown: The name org.freedesktop.Notifications was not provided by any .service files
[2.161s] DEBUG:colcon.colcon_core.event_reactor:joined thread
[2.162s] INFO:colcon.colcon_core.shell:Creating prefix script '/workspace/cxy/Robot_Operating_System/ros2_ws/install/local_setup.ps1'
[2.163s] INFO:colcon.colcon_core.shell:Creating prefix util module '/workspace/cxy/Robot_Operating_System/ros2_ws/install/_local_setup_util_ps1.py'
[2.164s] INFO:colcon.colcon_core.shell:Creating prefix chain script '/workspace/cxy/Robot_Operating_System/ros2_ws/install/setup.ps1'
[2.165s] INFO:colcon.colcon_core.shell:Creating prefix script '/workspace/cxy/Robot_Operating_System/ros2_ws/install/local_setup.sh'
[2.165s] INFO:colcon.colcon_core.shell:Creating prefix util module '/workspace/cxy/Robot_Operating_System/ros2_ws/install/_local_setup_util_sh.py'
[2.165s] INFO:colcon.colcon_core.shell:Creating prefix chain script '/workspace/cxy/Robot_Operating_System/ros2_ws/install/setup.sh'
[2.166s] INFO:colcon.colcon_core.shell:Creating prefix script '/workspace/cxy/Robot_Operating_System/ros2_ws/install/local_setup.bash'
[2.167s] INFO:colcon.colcon_core.shell:Creating prefix chain script '/workspace/cxy/Robot_Operating_System/ros2_ws/install/setup.bash'
[2.168s] INFO:colcon.colcon_core.shell:Creating prefix script '/workspace/cxy/Robot_Operating_System/ros2_ws/install/local_setup.zsh'
[2.168s] INFO:colcon.colcon_core.shell:Creating prefix chain script '/workspace/cxy/Robot_Operating_System/ros2_ws/install/setup.zsh'
