[0.005s] Invoking command in '/workspace/cxy/Robot_Operating_System/ros2_ws/build/cpp_pubsub': CMAKE_PREFIX_PATH=/workspace/cxy/Robot_Operating_System/ros2_ws/install/interfaces:/workspace/cxy/Robot_Operating_System/ros2_ws/install/cpp_pubsub:/opt/ros/foxy:/opt/third_party/casadi/lib/cmake/casadi:/opt/third_party/ceres/lib/cmake/Ceres:/opt/third_party/osqp-cpp/lib/cmake/:/opt/third_party/abseil-cpp/lib/cmake/:/opt/third_party/osqp/lib/cmake/ /usr/bin/cmake --build /workspace/cxy/Robot_Operating_System/ros2_ws/build/cpp_pubsub -- -j20 -l20
[0.018s] [35m[1mConsolidate compiler generated dependencies of target listener[0m
[0.021s] [ 28%] Built target get_info
[0.022s] [ 57%] Built target talker
[0.024s] [ 71%] [32mBuilding CXX object CMakeFiles/listener.dir/src/sub.cpp.o[0m
[0.081s] In file included from [01m[K/workspace/cxy/Robot_Operating_System/ros2_ws/src/cpp_pubsub/include/cpp_pubsub/get_info.h:4[m[K,
[0.081s]                  from [01m[K/workspace/cxy/Robot_Operating_System/ros2_ws/src/cpp_pubsub/src/sub.cpp:6[m[K:
[0.081s] [01m[K/workspace/cxy/Robot_Operating_System/ros2_ws/src/cpp_pubsub/include/cpp_pubsub/bx_dual_sdk.h:1114:[m[K [01;35m[Kwarning: [m[Kignoring #pragma region Common [[01;35m[K-Wunknown-pragmas[m[K]
[0.081s]  1114 | #pragma region Common operation
[0.081s]       | 
[0.081s] [01m[K/workspace/cxy/Robot_Operating_System/ros2_ws/src/cpp_pubsub/include/cpp_pubsub/bx_dual_sdk.h:1169:2:[m[K [01;35m[Kwarning: [m[K"/*" within comment [[01;35m[K-Wcomment[m[K]
[0.081s]  1169 |  /*! ***************************************************************/
[0.081s]       |   
[0.081s] [01m[K/workspace/cxy/Robot_Operating_System/ros2_ws/src/cpp_pubsub/include/cpp_pubsub/bx_dual_sdk.h:1410:2:[m[K [01;35m[Kwarning: [m[K"/*" within comment [[01;35m[K-Wcomment[m[K]
[0.082s]  1410 |  /*! ***************************************************************/
[0.082s]       |   
[0.082s] [01m[K/workspace/cxy/Robot_Operating_System/ros2_ws/src/cpp_pubsub/include/cpp_pubsub/bx_dual_sdk.h:1453:2:[m[K [01;35m[Kwarning: [m[K"/*" within comment [[01;35m[K-Wcomment[m[K]
[0.082s]  1453 |  /*! ***************************************************************/
[0.082s]       |   
[0.082s] [01m[K/workspace/cxy/Robot_Operating_System/ros2_ws/src/cpp_pubsub/include/cpp_pubsub/bx_dual_sdk.h:1525:2:[m[K [01;35m[Kwarning: [m[K"/*" within comment [[01;35m[K-Wcomment[m[K]
[0.082s]  1525 |  /**UDP CMD END**/
[0.082s]       |   
[0.082s] [01m[K/workspace/cxy/Robot_Operating_System/ros2_ws/src/cpp_pubsub/include/cpp_pubsub/bx_dual_sdk.h:1533:2:[m[K [01;35m[Kwarning: [m[K"/*" within comment [[01;35m[K-Wcomment[m[K]
[0.082s]  1533 |  /** TCP命令 控制器维护命令 **/
[0.082s]       |   
[0.082s] [01m[K/workspace/cxy/Robot_Operating_System/ros2_ws/src/cpp_pubsub/include/cpp_pubsub/bx_dual_sdk.h:2094:2:[m[K [01;35m[Kwarning: [m[K"/*" within comment [[01;35m[K-Wcomment[m[K]
[0.082s]  2094 |  /** TCP命令 END **/
[0.082s]       |   
[0.082s] [01m[K/workspace/cxy/Robot_Operating_System/ros2_ws/src/cpp_pubsub/include/cpp_pubsub/bx_dual_sdk.h:2124:2:[m[K [01;35m[Kwarning: [m[K"/*" within comment [[01;35m[K-Wcomment[m[K]
[0.082s]  2124 |  /*! ***************************************************************/
[0.082s]       |   
[0.082s] [01m[K/workspace/cxy/Robot_Operating_System/ros2_ws/src/cpp_pubsub/include/cpp_pubsub/bx_dual_sdk.h:3640:[m[K [01;35m[Kwarning: [m[Kignoring #pragma endregion Common [[01;35m[K-Wunknown-pragmas[m[K]
[0.082s]  3640 | #pragma endregion Common operation
[0.082s]       | 
[0.082s] In file included from [01m[K/workspace/cxy/Robot_Operating_System/ros2_ws/src/cpp_pubsub/include/cpp_pubsub/get_info.h:5[m[K,
[0.082s]                  from [01m[K/workspace/cxy/Robot_Operating_System/ros2_ws/src/cpp_pubsub/src/sub.cpp:6[m[K:
[0.082s] [01m[K/workspace/cxy/Robot_Operating_System/ros2_ws/src/cpp_pubsub/include/cpp_pubsub/bx_sdk_dual.h:13:1:[m[K [01;35m[Kwarning: [m[K"/*" within comment [[01;35m[K-Wcomment[m[K]
[0.082s]    13 | /*! ********************************************************************/
[0.082s]       |  
[0.666s] [01m[K/workspace/cxy/Robot_Operating_System/ros2_ws/src/cpp_pubsub/src/sub.cpp:[m[K In member function ‘[01m[Kvoid MinimalSubscriber::topic_callback(interfaces::msg::Num_<std::allocator<void> >::SharedPtr) const[m[K’:
[0.666s] [01m[K/workspace/cxy/Robot_Operating_System/ros2_ws/src/cpp_pubsub/src/sub.cpp:25:19:[m[K [01;31m[Kerror: [m[Kno match for ‘[01m[Koperator<<[m[K’ (operand types are ‘[01m[Kstd::ostream[m[K’ {aka ‘[01m[Kstd::basic_ostream<char>[m[K’} and ‘[01m[Kvoid[m[K’)
[0.666s]    25 |         [32m[Kstd::cout[m[K [01;31m[K<<[m[K [34m[Kgettime()[m[K << std::endl;
[0.666s]       |         [32m[K~~~~~~~~~[m[K [01;31m[K^~[m[K [34m[K~~~~~~~~~[m[K
[0.666s]       |              [32m[K|[m[K              [34m[K|[m[K
[0.666s]       |              [32m[K|[m[K              [34m[Kvoid[m[K
[0.666s]       |              [32m[Kstd::ostream {aka std::basic_ostream<char>}[m[K
[0.666s] In file included from [01m[K/usr/include/c++/9/iostream:39[m[K,
[0.666s]                  from [01m[K/workspace/cxy/Robot_Operating_System/ros2_ws/src/cpp_pubsub/src/sub.cpp:2[m[K:
[0.666s] [01m[K/usr/include/c++/9/ostream:108:7:[m[K [01;36m[Knote: [m[Kcandidate: ‘[01m[Kstd::basic_ostream<_CharT, _Traits>::__ostream_type& std::basic_ostream<_CharT, _Traits>::operator<<(std::basic_ostream<_CharT, _Traits>::__ostream_type& (*)(std::basic_ostream<_CharT, _Traits>::__ostream_type&)) [with _CharT = char; _Traits = std::char_traits<char>; std::basic_ostream<_CharT, _Traits>::__ostream_type = std::basic_ostream<char>][m[K’
[0.666s]   108 |       [01;36m[Koperator[m[K<<(__ostream_type& (*__pf)(__ostream_type&))
[0.666s]       |       [01;36m[K^~~~~~~~[m[K
[0.666s] [01m[K/usr/include/c++/9/ostream:108:36:[m[K [01;36m[Knote: [m[K  no known conversion for argument 1 from ‘[01m[Kvoid[m[K’ to ‘[01m[Kstd::basic_ostream<char>::__ostream_type& (*)(std::basic_ostream<char>::__ostream_type&)[m[K’ {aka ‘[01m[Kstd::basic_ostream<char>& (*)(std::basic_ostream<char>&)[m[K’}
[0.667s]   108 |       operator<<([01;36m[K__ostream_type& (*__pf)(__ostream_type&)[m[K)
[0.667s]       |                  [01;36m[K~~~~~~~~~~~~~~~~~~^~~~~~~~~~~~~~~~~~~~~~[m[K
[0.667s] [01m[K/usr/include/c++/9/ostream:117:7:[m[K [01;36m[Knote: [m[Kcandidate: ‘[01m[Kstd::basic_ostream<_CharT, _Traits>::__ostream_type& std::basic_ostream<_CharT, _Traits>::operator<<(std::basic_ostream<_CharT, _Traits>::__ios_type& (*)(std::basic_ostream<_CharT, _Traits>::__ios_type&)) [with _CharT = char; _Traits = std::char_traits<char>; std::basic_ostream<_CharT, _Traits>::__ostream_type = std::basic_ostream<char>; std::basic_ostream<_CharT, _Traits>::__ios_type = std::basic_ios<char>][m[K’
[0.667s]   117 |       [01;36m[Koperator[m[K<<(__ios_type& (*__pf)(__ios_type&))
[0.667s]       |       [01;36m[K^~~~~~~~[m[K
[0.667s] [01m[K/usr/include/c++/9/ostream:117:32:[m[K [01;36m[Knote: [m[K  no known conversion for argument 1 from ‘[01m[Kvoid[m[K’ to ‘[01m[Kstd::basic_ostream<char>::__ios_type& (*)(std::basic_ostream<char>::__ios_type&)[m[K’ {aka ‘[01m[Kstd::basic_ios<char>& (*)(std::basic_ios<char>&)[m[K’}
[0.667s]   117 |       operator<<([01;36m[K__ios_type& (*__pf)(__ios_type&)[m[K)
[0.667s]       |                  [01;36m[K~~~~~~~~~~~~~~^~~~~~~~~~~~~~~~~~[m[K
[0.667s] [01m[K/usr/include/c++/9/ostream:127:7:[m[K [01;36m[Knote: [m[Kcandidate: ‘[01m[Kstd::basic_ostream<_CharT, _Traits>::__ostream_type& std::basic_ostream<_CharT, _Traits>::operator<<(std::ios_base& (*)(std::ios_base&)) [with _CharT = char; _Traits = std::char_traits<char>; std::basic_ostream<_CharT, _Traits>::__ostream_type = std::basic_ostream<char>][m[K’
[0.667s]   127 |       [01;36m[Koperator[m[K<<(ios_base& (*__pf) (ios_base&))
[0.667s]       |       [01;36m[K^~~~~~~~[m[K
[0.667s] [01m[K/usr/include/c++/9/ostream:127:30:[m[K [01;36m[Knote: [m[K  no known conversion for argument 1 from ‘[01m[Kvoid[m[K’ to ‘[01m[Kstd::ios_base& (*)(std::ios_base&)[m[K’
[0.667s]   127 |       operator<<([01;36m[Kios_base& (*__pf) (ios_base&)[m[K)
[0.667s]       |                  [01;36m[K~~~~~~~~~~~~^~~~~~~~~~~~~~~~~[m[K
[0.667s] [01m[K/usr/include/c++/9/ostream:166:7:[m[K [01;36m[Knote: [m[Kcandidate: ‘[01m[Kstd::basic_ostream<_CharT, _Traits>::__ostream_type& std::basic_ostream<_CharT, _Traits>::operator<<(long int) [with _CharT = char; _Traits = std::char_traits<char>; std::basic_ostream<_CharT, _Traits>::__ostream_type = std::basic_ostream<char>][m[K’
[0.667s]   166 |       [01;36m[Koperator[m[K<<(long __n)
[0.667s]       |       [01;36m[K^~~~~~~~[m[K
[0.667s] [01m[K/usr/include/c++/9/ostream:166:23:[m[K [01;36m[Knote: [m[K  no known conversion for argument 1 from ‘[01m[Kvoid[m[K’ to ‘[01m[Klong int[m[K’
[0.667s]   166 |       operator<<([01;36m[Klong __n[m[K)
[0.667s]       |                  [01;36m[K~~~~~^~~[m[K
[0.667s] [01m[K/usr/include/c++/9/ostream:170:7:[m[K [01;36m[Knote: [m[Kcandidate: ‘[01m[Kstd::basic_ostream<_CharT, _Traits>::__ostream_type& std::basic_ostream<_CharT, _Traits>::operator<<(long unsigned int) [with _CharT = char; _Traits = std::char_traits<char>; std::basic_ostream<_CharT, _Traits>::__ostream_type = std::basic_ostream<char>][m[K’
[0.667s]   170 |       [01;36m[Koperator[m[K<<(unsigned long __n)
[0.667s]       |       [01;36m[K^~~~~~~~[m[K
[0.667s] [01m[K/usr/include/c++/9/ostream:170:32:[m[K [01;36m[Knote: [m[K  no known conversion for argument 1 from ‘[01m[Kvoid[m[K’ to ‘[01m[Klong unsigned int[m[K’
[0.667s]   170 |       operator<<([01;36m[Kunsigned long __n[m[K)
[0.667s]       |                  [01;36m[K~~~~~~~~~~~~~~^~~[m[K
[0.667s] [01m[K/usr/include/c++/9/ostream:174:7:[m[K [01;36m[Knote: [m[Kcandidate: ‘[01m[Kstd::basic_ostream<_CharT, _Traits>::__ostream_type& std::basic_ostream<_CharT, _Traits>::operator<<(bool) [with _CharT = char; _Traits = std::char_traits<char>; std::basic_ostream<_CharT, _Traits>::__ostream_type = std::basic_ostream<char>][m[K’
[0.667s]   174 |       [01;36m[Koperator[m[K<<(bool __n)
[0.667s]       |       [01;36m[K^~~~~~~~[m[K
[0.667s] [01m[K/usr/include/c++/9/ostream:174:23:[m[K [01;36m[Knote: [m[K  no known conversion for argument 1 from ‘[01m[Kvoid[m[K’ to ‘[01m[Kbool[m[K’
[0.667s]   174 |       operator<<([01;36m[Kbool __n[m[K)
[0.667s]       |                  [01;36m[K~~~~~^~~[m[K
[0.667s] In file included from [01m[K/usr/include/c++/9/ostream:702[m[K,
[0.667s]                  from [01m[K/usr/include/c++/9/iostream:39[m[K,
[0.667s]                  from [01m[K/workspace/cxy/Robot_Operating_System/ros2_ws/src/cpp_pubsub/src/sub.cpp:2[m[K:
[0.667s] [01m[K/usr/include/c++/9/bits/ostream.tcc:91:5:[m[K [01;36m[Knote: [m[Kcandidate: ‘[01m[Kstd::basic_ostream<_CharT, _Traits>& std::basic_ostream<_CharT, _Traits>::operator<<(short int) [with _CharT = char; _Traits = std::char_traits<char>][m[K’
[0.667s]    91 |     [01;36m[Kbasic_ostream<_CharT, _Traits>[m[K::
[0.667s]       |     [01;36m[K^~~~~~~~~~~~~~~~~~~~~~~~~~~~~~[m[K
[0.667s] [01m[K/usr/include/c++/9/bits/ostream.tcc:92:22:[m[K [01;36m[Knote: [m[K  no known conversion for argument 1 from ‘[01m[Kvoid[m[K’ to ‘[01m[Kshort int[m[K’
[0.668s]    92 |     operator<<([01;36m[Kshort __n[m[K)
[0.668s]       |                [01;36m[K~~~~~~^~~[m[K
[0.668s] In file included from [01m[K/usr/include/c++/9/iostream:39[m[K,
[0.668s]                  from [01m[K/workspace/cxy/Robot_Operating_System/ros2_ws/src/cpp_pubsub/src/sub.cpp:2[m[K:
[0.668s] [01m[K/usr/include/c++/9/ostream:181:7:[m[K [01;36m[Knote: [m[Kcandidate: ‘[01m[Kstd::basic_ostream<_CharT, _Traits>::__ostream_type& std::basic_ostream<_CharT, _Traits>::operator<<(short unsigned int) [with _CharT = char; _Traits = std::char_traits<char>; std::basic_ostream<_CharT, _Traits>::__ostream_type = std::basic_ostream<char>][m[K’
[0.668s]   181 |       [01;36m[Koperator[m[K<<(unsigned short __n)
[0.668s]       |       [01;36m[K^~~~~~~~[m[K
[0.668s] [01m[K/usr/include/c++/9/ostream:181:33:[m[K [01;36m[Knote: [m[K  no known conversion for argument 1 from ‘[01m[Kvoid[m[K’ to ‘[01m[Kshort unsigned int[m[K’
[0.668s]   181 |       operator<<([01;36m[Kunsigned short __n[m[K)
[0.668s]       |                  [01;36m[K~~~~~~~~~~~~~~~^~~[m[K
[0.668s] In file included from [01m[K/usr/include/c++/9/ostream:702[m[K,
[0.668s]                  from [01m[K/usr/include/c++/9/iostream:39[m[K,
[0.668s]                  from [01m[K/workspace/cxy/Robot_Operating_System/ros2_ws/src/cpp_pubsub/src/sub.cpp:2[m[K:
[0.668s] [01m[K/usr/include/c++/9/bits/ostream.tcc:105:5:[m[K [01;36m[Knote: [m[Kcandidate: ‘[01m[Kstd::basic_ostream<_CharT, _Traits>& std::basic_ostream<_CharT, _Traits>::operator<<(int) [with _CharT = char; _Traits = std::char_traits<char>][m[K’
[0.668s]   105 |     [01;36m[Kbasic_ostream<_CharT, _Traits>[m[K::
[0.668s]       |     [01;36m[K^~~~~~~~~~~~~~~~~~~~~~~~~~~~~~[m[K
[0.668s] [01m[K/usr/include/c++/9/bits/ostream.tcc:106:20:[m[K [01;36m[Knote: [m[K  no known conversion for argument 1 from ‘[01m[Kvoid[m[K’ to ‘[01m[Kint[m[K’
[0.668s]   106 |     operator<<([01;36m[Kint __n[m[K)
[0.668s]       |                [01;36m[K~~~~^~~[m[K
[0.668s] In file included from [01m[K/usr/include/c++/9/iostream:39[m[K,
[0.668s]                  from [01m[K/workspace/cxy/Robot_Operating_System/ros2_ws/src/cpp_pubsub/src/sub.cpp:2[m[K:
[0.668s] [01m[K/usr/include/c++/9/ostream:192:7:[m[K [01;36m[Knote: [m[Kcandidate: ‘[01m[Kstd::basic_ostream<_CharT, _Traits>::__ostream_type& std::basic_ostream<_CharT, _Traits>::operator<<(unsigned int) [with _CharT = char; _Traits = std::char_traits<char>; std::basic_ostream<_CharT, _Traits>::__ostream_type = std::basic_ostream<char>][m[K’
[0.668s]   192 |       [01;36m[Koperator[m[K<<(unsigned int __n)
[0.668s]       |       [01;36m[K^~~~~~~~[m[K
[0.668s] [01m[K/usr/include/c++/9/ostream:192:31:[m[K [01;36m[Knote: [m[K  no known conversion for argument 1 from ‘[01m[Kvoid[m[K’ to ‘[01m[Kunsigned int[m[K’
[0.668s]   192 |       operator<<([01;36m[Kunsigned int __n[m[K)
[0.668s]       |                  [01;36m[K~~~~~~~~~~~~~^~~[m[K
[0.668s] [01m[K/usr/include/c++/9/ostream:201:7:[m[K [01;36m[Knote: [m[Kcandidate: ‘[01m[Kstd::basic_ostream<_CharT, _Traits>::__ostream_type& std::basic_ostream<_CharT, _Traits>::operator<<(long long int) [with _CharT = char; _Traits = std::char_traits<char>; std::basic_ostream<_CharT, _Traits>::__ostream_type = std::basic_ostream<char>][m[K’
[0.668s]   201 |       [01;36m[Koperator[m[K<<(long long __n)
[0.668s]       |       [01;36m[K^~~~~~~~[m[K
[0.668s] [01m[K/usr/include/c++/9/ostream:201:28:[m[K [01;36m[Knote: [m[K  no known conversion for argument 1 from ‘[01m[Kvoid[m[K’ to ‘[01m[Klong long int[m[K’
[0.668s]   201 |       operator<<([01;36m[Klong long __n[m[K)
[0.668s]       |                  [01;36m[K~~~~~~~~~~^~~[m[K
[0.668s] [01m[K/usr/include/c++/9/ostream:205:7:[m[K [01;36m[Knote: [m[Kcandidate: ‘[01m[Kstd::basic_ostream<_CharT, _Traits>::__ostream_type& std::basic_ostream<_CharT, _Traits>::operator<<(long long unsigned int) [with _CharT = char; _Traits = std::char_traits<char>; std::basic_ostream<_CharT, _Traits>::__ostream_type = std::basic_ostream<char>][m[K’
[0.668s]   205 |       [01;36m[Koperator[m[K<<(unsigned long long __n)
[0.668s]       |       [01;36m[K^~~~~~~~[m[K
[0.668s] [01m[K/usr/include/c++/9/ostream:205:37:[m[K [01;36m[Knote: [m[K  no known conversion for argument 1 from ‘[01m[Kvoid[m[K’ to ‘[01m[Klong long unsigned int[m[K’
[0.668s]   205 |       operator<<([01;36m[Kunsigned long long __n[m[K)
[0.668s]       |                  [01;36m[K~~~~~~~~~~~~~~~~~~~^~~[m[K
[0.668s] [01m[K/usr/include/c++/9/ostream:220:7:[m[K [01;36m[Knote: [m[Kcandidate: ‘[01m[Kstd::basic_ostream<_CharT, _Traits>::__ostream_type& std::basic_ostream<_CharT, _Traits>::operator<<(double) [with _CharT = char; _Traits = std::char_traits<char>; std::basic_ostream<_CharT, _Traits>::__ostream_type = std::basic_ostream<char>][m[K’
[0.668s]   220 |       [01;36m[Koperator[m[K<<(double __f)
[0.669s]       |       [01;36m[K^~~~~~~~[m[K
[0.669s] [01m[K/usr/include/c++/9/ostream:220:25:[m[K [01;36m[Knote: [m[K  no known conversion for argument 1 from ‘[01m[Kvoid[m[K’ to ‘[01m[Kdouble[m[K’
[0.669s]   220 |       operator<<([01;36m[Kdouble __f[m[K)
[0.669s]       |                  [01;36m[K~~~~~~~^~~[m[K
[0.669s] [01m[K/usr/include/c++/9/ostream:224:7:[m[K [01;36m[Knote: [m[Kcandidate: ‘[01m[Kstd::basic_ostream<_CharT, _Traits>::__ostream_type& std::basic_ostream<_CharT, _Traits>::operator<<(float) [with _CharT = char; _Traits = std::char_traits<char>; std::basic_ostream<_CharT, _Traits>::__ostream_type = std::basic_ostream<char>][m[K’
[0.669s]   224 |       [01;36m[Koperator[m[K<<(float __f)
[0.669s]       |       [01;36m[K^~~~~~~~[m[K
[0.669s] [01m[K/usr/include/c++/9/ostream:224:24:[m[K [01;36m[Knote: [m[K  no known conversion for argument 1 from ‘[01m[Kvoid[m[K’ to ‘[01m[Kfloat[m[K’
[0.669s]   224 |       operator<<([01;36m[Kfloat __f[m[K)
[0.669s]       |                  [01;36m[K~~~~~~^~~[m[K
[0.669s] [01m[K/usr/include/c++/9/ostream:232:7:[m[K [01;36m[Knote: [m[Kcandidate: ‘[01m[Kstd::basic_ostream<_CharT, _Traits>::__ostream_type& std::basic_ostream<_CharT, _Traits>::operator<<(long double) [with _CharT = char; _Traits = std::char_traits<char>; std::basic_ostream<_CharT, _Traits>::__ostream_type = std::basic_ostream<char>][m[K’
[0.669s]   232 |       [01;36m[Koperator[m[K<<(long double __f)
[0.669s]       |       [01;36m[K^~~~~~~~[m[K
[0.669s] [01m[K/usr/include/c++/9/ostream:232:30:[m[K [01;36m[Knote: [m[K  no known conversion for argument 1 from ‘[01m[Kvoid[m[K’ to ‘[01m[Klong double[m[K’
[0.669s]   232 |       operator<<([01;36m[Klong double __f[m[K)
[0.669s]       |                  [01;36m[K~~~~~~~~~~~~^~~[m[K
[0.669s] [01m[K/usr/include/c++/9/ostream:245:7:[m[K [01;36m[Knote: [m[Kcandidate: ‘[01m[Kstd::basic_ostream<_CharT, _Traits>::__ostream_type& std::basic_ostream<_CharT, _Traits>::operator<<(const void*) [with _CharT = char; _Traits = std::char_traits<char>; std::basic_ostream<_CharT, _Traits>::__ostream_type = std::basic_ostream<char>][m[K’
[0.669s]   245 |       [01;36m[Koperator[m[K<<(const void* __p)
[0.669s]       |       [01;36m[K^~~~~~~~[m[K
[0.669s] [01m[K/usr/include/c++/9/ostream:245:30:[m[K [01;36m[Knote: [m[K  no known conversion for argument 1 from ‘[01m[Kvoid[m[K’ to ‘[01m[Kconst void*[m[K’
[0.669s]   245 |       operator<<([01;36m[Kconst void* __p[m[K)
[0.669s]       |                  [01;36m[K~~~~~~~~~~~~^~~[m[K
[0.669s] In file included from [01m[K/usr/include/c++/9/ostream:702[m[K,
[0.669s]                  from [01m[K/usr/include/c++/9/iostream:39[m[K,
[0.669s]                  from [01m[K/workspace/cxy/Robot_Operating_System/ros2_ws/src/cpp_pubsub/src/sub.cpp:2[m[K:
[0.669s] [01m[K/usr/include/c++/9/bits/ostream.tcc:119:5:[m[K [01;36m[Knote: [m[Kcandidate: ‘[01m[Kstd::basic_ostream<_CharT, _Traits>& std::basic_ostream<_CharT, _Traits>::operator<<(std::basic_ostream<_CharT, _Traits>::__streambuf_type*) [with _CharT = char; _Traits = std::char_traits<char>; std::basic_ostream<_CharT, _Traits>::__streambuf_type = std::basic_streambuf<char>][m[K’
[0.669s]   119 |     [01;36m[Kbasic_ostream<_CharT, _Traits>[m[K::
[0.669s]       |     [01;36m[K^~~~~~~~~~~~~~~~~~~~~~~~~~~~~~[m[K
[0.669s] [01m[K/usr/include/c++/9/bits/ostream.tcc:120:34:[m[K [01;36m[Knote: [m[K  no known conversion for argument 1 from ‘[01m[Kvoid[m[K’ to ‘[01m[Kstd::basic_ostream<char>::__streambuf_type*[m[K’ {aka ‘[01m[Kstd::basic_streambuf<char>*[m[K’}
[0.669s]   120 |     operator<<([01;36m[K__streambuf_type* __sbin[m[K)
[0.669s]       |                [01;36m[K~~~~~~~~~~~~~~~~~~^~~~~~[m[K
[0.669s] In file included from [01m[K/usr/include/c++/9/string:55[m[K,
[0.669s]                  from [01m[K/usr/include/c++/9/stdexcept:39[m[K,
[0.669s]                  from [01m[K/usr/include/c++/9/array:39[m[K,
[0.669s]                  from [01m[K/usr/include/c++/9/tuple:39[m[K,
[0.669s]                  from [01m[K/usr/include/c++/9/bits/unique_ptr.h:37[m[K,
[0.669s]                  from [01m[K/usr/include/c++/9/memory:80[m[K,
[0.669s]                  from [01m[K/workspace/cxy/Robot_Operating_System/ros2_ws/src/cpp_pubsub/src/sub.cpp:1[m[K:
[0.669s] [01m[K/usr/include/c++/9/bits/basic_string.h:6416:5:[m[K [01;36m[Knote: [m[Kcandidate: ‘[01m[Ktemplate<class _CharT, class _Traits, class _Alloc> std::basic_ostream<_CharT, _Traits>& std::operator<<(std::basic_ostream<_CharT, _Traits>&, const std::__cxx11::basic_string<_CharT, _Traits, _Alloc>&)[m[K’
[0.669s]  6416 |     [01;36m[Koperator[m[K<<(basic_ostream<_CharT, _Traits>& __os,
[0.669s]       |     [01;36m[K^~~~~~~~[m[K
[0.669s] [01m[K/usr/include/c++/9/bits/basic_string.h:6416:5:[m[K [01;36m[Knote: [m[K  template argument deduction/substitution failed:
[0.670s] [01m[K/workspace/cxy/Robot_Operating_System/ros2_ws/src/cpp_pubsub/src/sub.cpp:25:30:[m[K [01;36m[Knote: [m[K  mismatched types ‘[01m[Kconst std::__cxx11::basic_string<_CharT, _Traits, _Alloc>[m[K’ and ‘[01m[Kvoid[m[K’
[0.670s]    25 |         std::cout << gettime([01;36m[K)[m[K << std::endl;
[0.670s]       |                              [01;36m[K^[m[K
[0.670s] In file included from [01m[K/usr/include/c++/9/memory:81[m[K,
[0.670s]                  from [01m[K/workspace/cxy/Robot_Operating_System/ros2_ws/src/cpp_pubsub/src/sub.cpp:1[m[K:
[0.670s] [01m[K/usr/include/c++/9/bits/shared_ptr.h:66:5:[m[K [01;36m[Knote: [m[Kcandidate: ‘[01m[Ktemplate<class _Ch, class _Tr, class _Tp, __gnu_cxx::_Lock_policy _Lp> std::basic_ostream<_CharT, _Traits>& std::operator<<(std::basic_ostream<_CharT, _Traits>&, const std::__shared_ptr<_Tp, _Lp>&)[m[K’
[0.670s]    66 |     [01;36m[Koperator[m[K<<(std::basic_ostream<_Ch, _Tr>& __os,
[0.670s]       |     [01;36m[K^~~~~~~~[m[K
[0.670s] [01m[K/usr/include/c++/9/bits/shared_ptr.h:66:5:[m[K [01;36m[Knote: [m[K  template argument deduction/substitution failed:
[0.670s] [01m[K/workspace/cxy/Robot_Operating_System/ros2_ws/src/cpp_pubsub/src/sub.cpp:25:30:[m[K [01;36m[Knote: [m[K  mismatched types ‘[01m[Kconst std::__shared_ptr<_Tp, _Lp>[m[K’ and ‘[01m[Kvoid[m[K’
[0.670s]    25 |         std::cout << gettime([01;36m[K)[m[K << std::endl;
[0.670s]       |                              [01;36m[K^[m[K
[0.670s] In file included from [01m[K/usr/include/c++/9/bits/ios_base.h:46[m[K,
[0.670s]                  from [01m[K/usr/include/c++/9/ios:42[m[K,
[0.670s]                  from [01m[K/usr/include/c++/9/ostream:38[m[K,
[0.670s]                  from [01m[K/usr/include/c++/9/iostream:39[m[K,
[0.670s]                  from [01m[K/workspace/cxy/Robot_Operating_System/ros2_ws/src/cpp_pubsub/src/sub.cpp:2[m[K:
[0.670s] [01m[K/usr/include/c++/9/system_error:217:5:[m[K [01;36m[Knote: [m[Kcandidate: ‘[01m[Ktemplate<class _CharT, class _Traits> std::basic_ostream<_CharT, _Traits>& std::operator<<(std::basic_ostream<_CharT, _Traits>&, const std::error_code&)[m[K’
[0.670s]   217 |     [01;36m[Koperator[m[K<<(basic_ostream<_CharT, _Traits>& __os, const error_code& __e)
[0.670s]       |     [01;36m[K^~~~~~~~[m[K
[0.670s] [01m[K/usr/include/c++/9/system_error:217:5:[m[K [01;36m[Knote: [m[K  template argument deduction/substitution failed:
[0.670s] [01m[K/workspace/cxy/Robot_Operating_System/ros2_ws/src/cpp_pubsub/src/sub.cpp:25:29:[m[K [01;36m[Knote: [m[K  cannot convert ‘[01m[Kgettime()[m[K’ (type ‘[01m[Kvoid[m[K’) to type ‘[01m[Kconst std::error_code&[m[K’
[0.670s]    25 |         std::cout << [01;36m[Kgettime()[m[K << std::endl;
[0.670s]       |                      [01;36m[K~~~~~~~^~[m[K
[0.670s] In file included from [01m[K/usr/include/c++/9/iostream:39[m[K,
[0.670s]                  from [01m[K/workspace/cxy/Robot_Operating_System/ros2_ws/src/cpp_pubsub/src/sub.cpp:2[m[K:
[0.670s] [01m[K/usr/include/c++/9/ostream:506:5:[m[K [01;36m[Knote: [m[Kcandidate: ‘[01m[Ktemplate<class _CharT, class _Traits> std::basic_ostream<_CharT, _Traits>& std::operator<<(std::basic_ostream<_CharT, _Traits>&, _CharT)[m[K’
[0.670s]   506 |     [01;36m[Koperator[m[K<<(basic_ostream<_CharT, _Traits>& __out, _CharT __c)
[0.670s]       |     [01;36m[K^~~~~~~~[m[K
[0.670s] [01m[K/usr/include/c++/9/ostream:506:5:[m[K [01;36m[Knote: [m[K  template argument deduction/substitution failed:
[0.670s] [01m[K/workspace/cxy/Robot_Operating_System/ros2_ws/src/cpp_pubsub/src/sub.cpp:25:30:[m[K [01;36m[Knote: [m[K  deduced conflicting types for parameter ‘[01m[K_CharT[m[K’ (‘[01m[Kchar[m[K’ and ‘[01m[Kvoid[m[K’)
[0.671s]    25 |         std::cout << gettime([01;36m[K)[m[K << std::endl;
[0.671s]       |                              [01;36m[K^[m[K
[0.671s] In file included from [01m[K/usr/include/c++/9/iostream:39[m[K,
[0.671s]                  from [01m[K/workspace/cxy/Robot_Operating_System/ros2_ws/src/cpp_pubsub/src/sub.cpp:2[m[K:
[0.671s] [01m[K/usr/include/c++/9/ostream:511:5:[m[K [01;36m[Knote: [m[Kcandidate: ‘[01m[Ktemplate<class _CharT, class _Traits> std::basic_ostream<_CharT, _Traits>& std::operator<<(std::basic_ostream<_CharT, _Traits>&, char)[m[K’
[0.671s]   511 |     [01;36m[Koperator[m[K<<(basic_ostream<_CharT, _Traits>& __out, char __c)
[0.671s]       |     [01;36m[K^~~~~~~~[m[K
[0.671s] [01m[K/usr/include/c++/9/ostream:511:5:[m[K [01;36m[Knote: [m[K  template argument deduction/substitution failed:
[0.671s] [01m[K/workspace/cxy/Robot_Operating_System/ros2_ws/src/cpp_pubsub/src/sub.cpp:25:29:[m[K [01;36m[Knote: [m[K  cannot convert ‘[01m[Kgettime()[m[K’ (type ‘[01m[Kvoid[m[K’) to type ‘[01m[Kchar[m[K’
[0.671s]    25 |         std::cout << [01;36m[Kgettime()[m[K << std::endl;
[0.671s]       |                      [01;36m[K~~~~~~~^~[m[K
[0.671s] In file included from [01m[K/usr/include/c++/9/iostream:39[m[K,
[0.671s]                  from [01m[K/workspace/cxy/Robot_Operating_System/ros2_ws/src/cpp_pubsub/src/sub.cpp:2[m[K:
[0.671s] [01m[K/usr/include/c++/9/ostream:517:5:[m[K [01;36m[Knote: [m[Kcandidate: ‘[01m[Ktemplate<class _Traits> std::basic_ostream<char, _Traits>& std::operator<<(std::basic_ostream<char, _Traits>&, char)[m[K’
[0.671s]   517 |     [01;36m[Koperator[m[K<<(basic_ostream<char, _Traits>& __out, char __c)
[0.671s]       |     [01;36m[K^~~~~~~~[m[K
[0.671s] [01m[K/usr/include/c++/9/ostream:517:5:[m[K [01;36m[Knote: [m[K  template argument deduction/substitution failed:
[0.671s] [01m[K/workspace/cxy/Robot_Operating_System/ros2_ws/src/cpp_pubsub/src/sub.cpp:25:29:[m[K [01;36m[Knote: [m[K  cannot convert ‘[01m[Kgettime()[m[K’ (type ‘[01m[Kvoid[m[K’) to type ‘[01m[Kchar[m[K’
[0.671s]    25 |         std::cout << [01;36m[Kgettime()[m[K << std::endl;
[0.671s]       |                      [01;36m[K~~~~~~~^~[m[K
[0.671s] In file included from [01m[K/usr/include/c++/9/iostream:39[m[K,
[0.671s]                  from [01m[K/workspace/cxy/Robot_Operating_System/ros2_ws/src/cpp_pubsub/src/sub.cpp:2[m[K:
[0.671s] [01m[K/usr/include/c++/9/ostream:523:5:[m[K [01;36m[Knote: [m[Kcandidate: ‘[01m[Ktemplate<class _Traits> std::basic_ostream<char, _Traits>& std::operator<<(std::basic_ostream<char, _Traits>&, signed char)[m[K’
[0.671s]   523 |     [01;36m[Koperator[m[K<<(basic_ostream<char, _Traits>& __out, signed char __c)
[0.672s]       |     [01;36m[K^~~~~~~~[m[K
[0.672s] [01m[K/usr/include/c++/9/ostream:523:5:[m[K [01;36m[Knote: [m[K  template argument deduction/substitution failed:
[0.672s] [01m[K/workspace/cxy/Robot_Operating_System/ros2_ws/src/cpp_pubsub/src/sub.cpp:25:29:[m[K [01;36m[Knote: [m[K  cannot convert ‘[01m[Kgettime()[m[K’ (type ‘[01m[Kvoid[m[K’) to type ‘[01m[Ksigned char[m[K’
[0.672s]    25 |         std::cout << [01;36m[Kgettime()[m[K << std::endl;
[0.672s]       |                      [01;36m[K~~~~~~~^~[m[K
[0.672s] In file included from [01m[K/usr/include/c++/9/iostream:39[m[K,
[0.672s]                  from [01m[K/workspace/cxy/Robot_Operating_System/ros2_ws/src/cpp_pubsub/src/sub.cpp:2[m[K:
[0.672s] [01m[K/usr/include/c++/9/ostream:528:5:[m[K [01;36m[Knote: [m[Kcandidate: ‘[01m[Ktemplate<class _Traits> std::basic_ostream<char, _Traits>& std::operator<<(std::basic_ostream<char, _Traits>&, unsigned char)[m[K’
[0.672s]   528 |     [01;36m[Koperator[m[K<<(basic_ostream<char, _Traits>& __out, unsigned char __c)
[0.672s]       |     [01;36m[K^~~~~~~~[m[K
[0.672s] [01m[K/usr/include/c++/9/ostream:528:5:[m[K [01;36m[Knote: [m[K  template argument deduction/substitution failed:
[0.672s] [01m[K/workspace/cxy/Robot_Operating_System/ros2_ws/src/cpp_pubsub/src/sub.cpp:25:29:[m[K [01;36m[Knote: [m[K  cannot convert ‘[01m[Kgettime()[m[K’ (type ‘[01m[Kvoid[m[K’) to type ‘[01m[Kunsigned char[m[K’
[0.672s]    25 |         std::cout << [01;36m[Kgettime()[m[K << std::endl;
[0.672s]       |                      [01;36m[K~~~~~~~^~[m[K
[0.672s] In file included from [01m[K/usr/include/c++/9/iostream:39[m[K,
[0.672s]                  from [01m[K/workspace/cxy/Robot_Operating_System/ros2_ws/src/cpp_pubsub/src/sub.cpp:2[m[K:
[0.672s] [01m[K/usr/include/c++/9/ostream:548:5:[m[K [01;36m[Knote: [m[Kcandidate: ‘[01m[Ktemplate<class _CharT, class _Traits> std::basic_ostream<_CharT, _Traits>& std::operator<<(std::basic_ostream<_CharT, _Traits>&, const _CharT*)[m[K’
[0.672s]   548 |     [01;36m[Koperator[m[K<<(basic_ostream<_CharT, _Traits>& __out, const _CharT* __s)
[0.672s]       |     [01;36m[K^~~~~~~~[m[K
[0.672s] [01m[K/usr/include/c++/9/ostream:548:5:[m[K [01;36m[Knote: [m[K  template argument deduction/substitution failed:
[0.672s] [01m[K/workspace/cxy/Robot_Operating_System/ros2_ws/src/cpp_pubsub/src/sub.cpp:25:30:[m[K [01;36m[Knote: [m[K  mismatched types ‘[01m[Kconst _CharT*[m[K’ and ‘[01m[Kvoid[m[K’
[0.672s]    25 |         std::cout << gettime([01;36m[K)[m[K << std::endl;
[0.672s]       |                              [01;36m[K^[m[K
[0.672s] In file included from [01m[K/usr/include/c++/9/ostream:702[m[K,
[0.672s]                  from [01m[K/usr/include/c++/9/iostream:39[m[K,
[0.673s]                  from [01m[K/workspace/cxy/Robot_Operating_System/ros2_ws/src/cpp_pubsub/src/sub.cpp:2[m[K:
[0.673s] [01m[K/usr/include/c++/9/bits/ostream.tcc:321:5:[m[K [01;36m[Knote: [m[Kcandidate: ‘[01m[Ktemplate<class _CharT, class _Traits> std::basic_ostream<_CharT, _Traits>& std::operator<<(std::basic_ostream<_CharT, _Traits>&, const char*)[m[K’
[0.673s]   321 |     [01;36m[Koperator[m[K<<(basic_ostream<_CharT, _Traits>& __out, const char* __s)
[0.673s]       |     [01;36m[K^~~~~~~~[m[K
[0.673s] [01m[K/usr/include/c++/9/bits/ostream.tcc:321:5:[m[K [01;36m[Knote: [m[K  template argument deduction/substitution failed:
[0.673s] [01m[K/workspace/cxy/Robot_Operating_System/ros2_ws/src/cpp_pubsub/src/sub.cpp:25:29:[m[K [01;36m[Knote: [m[K  cannot convert ‘[01m[Kgettime()[m[K’ (type ‘[01m[Kvoid[m[K’) to type ‘[01m[Kconst char*[m[K’
[0.673s]    25 |         std::cout << [01;36m[Kgettime()[m[K << std::endl;
[0.673s]       |                      [01;36m[K~~~~~~~^~[m[K
[0.673s] In file included from [01m[K/usr/include/c++/9/iostream:39[m[K,
[0.673s]                  from [01m[K/workspace/cxy/Robot_Operating_System/ros2_ws/src/cpp_pubsub/src/sub.cpp:2[m[K:
[0.673s] [01m[K/usr/include/c++/9/ostream:565:5:[m[K [01;36m[Knote: [m[Kcandidate: ‘[01m[Ktemplate<class _Traits> std::basic_ostream<char, _Traits>& std::operator<<(std::basic_ostream<char, _Traits>&, const char*)[m[K’
[0.673s]   565 |     [01;36m[Koperator[m[K<<(basic_ostream<char, _Traits>& __out, const char* __s)
[0.673s]       |     [01;36m[K^~~~~~~~[m[K
[0.673s] [01m[K/usr/include/c++/9/ostream:565:5:[m[K [01;36m[Knote: [m[K  template argument deduction/substitution failed:
[0.673s] [01m[K/workspace/cxy/Robot_Operating_System/ros2_ws/src/cpp_pubsub/src/sub.cpp:25:29:[m[K [01;36m[Knote: [m[K  cannot convert ‘[01m[Kgettime()[m[K’ (type ‘[01m[Kvoid[m[K’) to type ‘[01m[Kconst char*[m[K’
[0.673s]    25 |         std::cout << [01;36m[Kgettime()[m[K << std::endl;
[0.673s]       |                      [01;36m[K~~~~~~~^~[m[K
[0.673s] In file included from [01m[K/usr/include/c++/9/iostream:39[m[K,
[0.673s]                  from [01m[K/workspace/cxy/Robot_Operating_System/ros2_ws/src/cpp_pubsub/src/sub.cpp:2[m[K:
[0.673s] [01m[K/usr/include/c++/9/ostream:578:5:[m[K [01;36m[Knote: [m[Kcandidate: ‘[01m[Ktemplate<class _Traits> std::basic_ostream<char, _Traits>& std::operator<<(std::basic_ostream<char, _Traits>&, const signed char*)[m[K’
[0.673s]   578 |     [01;36m[Koperator[m[K<<(basic_ostream<char, _Traits>& __out, const signed char* __s)
[0.673s]       |     [01;36m[K^~~~~~~~[m[K
[0.673s] [01m[K/usr/include/c++/9/ostream:578:5:[m[K [01;36m[Knote: [m[K  template argument deduction/substitution failed:
[0.674s] [01m[K/workspace/cxy/Robot_Operating_System/ros2_ws/src/cpp_pubsub/src/sub.cpp:25:29:[m[K [01;36m[Knote: [m[K  cannot convert ‘[01m[Kgettime()[m[K’ (type ‘[01m[Kvoid[m[K’) to type ‘[01m[Kconst signed char*[m[K’
[0.674s]    25 |         std::cout << [01;36m[Kgettime()[m[K << std::endl;
[0.674s]       |                      [01;36m[K~~~~~~~^~[m[K
[0.674s] In file included from [01m[K/usr/include/c++/9/iostream:39[m[K,
[0.674s]                  from [01m[K/workspace/cxy/Robot_Operating_System/ros2_ws/src/cpp_pubsub/src/sub.cpp:2[m[K:
[0.674s] [01m[K/usr/include/c++/9/ostream:583:5:[m[K [01;36m[Knote: [m[Kcandidate: ‘[01m[Ktemplate<class _Traits> std::basic_ostream<char, _Traits>& std::operator<<(std::basic_ostream<char, _Traits>&, const unsigned char*)[m[K’
[0.674s]   583 |     [01;36m[Koperator[m[K<<(basic_ostream<char, _Traits>& __out, const unsigned char* __s)
[0.674s]       |     [01;36m[K^~~~~~~~[m[K
[0.674s] [01m[K/usr/include/c++/9/ostream:583:5:[m[K [01;36m[Knote: [m[K  template argument deduction/substitution failed:
[0.674s] [01m[K/workspace/cxy/Robot_Operating_System/ros2_ws/src/cpp_pubsub/src/sub.cpp:25:29:[m[K [01;36m[Knote: [m[K  cannot convert ‘[01m[Kgettime()[m[K’ (type ‘[01m[Kvoid[m[K’) to type ‘[01m[Kconst unsigned char*[m[K’
[0.674s]    25 |         std::cout << [01;36m[Kgettime()[m[K << std::endl;
[0.674s]       |                      [01;36m[K~~~~~~~^~[m[K
[0.674s] In file included from [01m[K/usr/include/c++/9/iostream:39[m[K,
[0.674s]                  from [01m[K/workspace/cxy/Robot_Operating_System/ros2_ws/src/cpp_pubsub/src/sub.cpp:2[m[K:
[0.674s] [01m[K/usr/include/c++/9/ostream:691:5:[m[K [01;36m[Knote: [m[Kcandidate: ‘[01m[Ktemplate<class _Ostream, class _Tp> typename std::enable_if<std::__and_<std::__not_<std::is_lvalue_reference<_Tp> >, std::__is_convertible_to_basic_ostream<_Ostream>, std::__is_insertable<typename std::__is_convertible_to_basic_ostream<_Tp>::__ostream_type, const _Tp&, void> >::value, typename std::__is_convertible_to_basic_ostream<_Tp>::__ostream_type>::type std::operator<<(_Ostream&&, const _Tp&)[m[K’
[0.674s]   691 |     [01;36m[Koperator[m[K<<(_Ostream&& __os, const _Tp& __x)
[0.674s]       |     [01;36m[K^~~~~~~~[m[K
[0.674s] [01m[K/usr/include/c++/9/ostream:691:5:[m[K [01;36m[Knote: [m[K  template argument deduction/substitution failed:
[0.674s] /usr/include/c++/9/ostream: In substitution of ‘[01m[Ktemplate<class _Ostream, class _Tp> typename std::enable_if<std::__and_<std::__not_<std::is_lvalue_reference<_Tp> >, std::__is_convertible_to_basic_ostream<_Ostream>, std::__is_insertable<typename std::__is_convertible_to_basic_ostream<_Tp>::__ostream_type, const _Tp&, void> >::value, typename std::__is_convertible_to_basic_ostream<_Tp>::__ostream_type>::type std::operator<<(_Ostream&&, const _Tp&) [with _Ostream = std::basic_ostream<char>&; _Tp = void][m[K’:
[0.674s] [01m[K/workspace/cxy/Robot_Operating_System/ros2_ws/src/cpp_pubsub/src/sub.cpp:25:30:[m[K   required from here
[0.674s] [01m[K/usr/include/c++/9/ostream:691:5:[m[K [01;31m[Kerror: [m[Kforming reference to void
[0.674s] In file included from [01m[K/usr/include/c++/9/future:39[m[K,
[0.675s]                  from [01m[K/opt/ros/foxy/include/rclcpp/executors.hpp:18[m[K,
[0.675s]                  from [01m[K/opt/ros/foxy/include/rclcpp/rclcpp.hpp:146[m[K,
[0.675s]                  from [01m[K/workspace/cxy/Robot_Operating_System/ros2_ws/src/cpp_pubsub/src/sub.cpp:3[m[K:
[0.675s] [01m[K/usr/include/c++/9/thread:322:5:[m[K [01;36m[Knote: [m[Kcandidate: ‘[01m[Ktemplate<class _CharT, class _Traits> std::basic_ostream<_CharT, _Traits>& std::operator<<(std::basic_ostream<_CharT, _Traits>&, std::thread::id)[m[K’
[0.675s]   322 |     [01;36m[Koperator[m[K<<(basic_ostream<_CharT, _Traits>& __out, thread::id __id)
[0.675s]       |     [01;36m[K^~~~~~~~[m[K
[0.675s] [01m[K/usr/include/c++/9/thread:322:5:[m[K [01;36m[Knote: [m[K  template argument deduction/substitution failed:
[0.675s] [01m[K/workspace/cxy/Robot_Operating_System/ros2_ws/src/cpp_pubsub/src/sub.cpp:25:29:[m[K [01;36m[Knote: [m[K  cannot convert ‘[01m[Kgettime()[m[K’ (type ‘[01m[Kvoid[m[K’) to type ‘[01m[Kstd::thread::id[m[K’
[0.675s]    25 |         std::cout << [01;36m[Kgettime()[m[K << std::endl;
[0.675s]       |                      [01;36m[K~~~~~~~^~[m[K
[1.399s] make[2]: *** [CMakeFiles/listener.dir/build.make:76: CMakeFiles/listener.dir/src/sub.cpp.o] Error 1
[1.399s] make[1]: *** [CMakeFiles/Makefile2:167: CMakeFiles/listener.dir/all] Error 2
[1.399s] make: *** [Makefile:146: all] Error 2
[1.401s] Invoked command in '/workspace/cxy/Robot_Operating_System/ros2_ws/build/cpp_pubsub' returned '2': CMAKE_PREFIX_PATH=/workspace/cxy/Robot_Operating_System/ros2_ws/install/interfaces:/workspace/cxy/Robot_Operating_System/ros2_ws/install/cpp_pubsub:/opt/ros/foxy:/opt/third_party/casadi/lib/cmake/casadi:/opt/third_party/ceres/lib/cmake/Ceres:/opt/third_party/osqp-cpp/lib/cmake/:/opt/third_party/abseil-cpp/lib/cmake/:/opt/third_party/osqp/lib/cmake/ /usr/bin/cmake --build /workspace/cxy/Robot_Operating_System/ros2_ws/build/cpp_pubsub -- -j20 -l20
