[0.007s] Invoking command in '/workspace/cxy/Robot_Operating_System/ros2_ws/build/cpp_pubsub': CMAKE_PREFIX_PATH=/workspace/cxy/Robot_Operating_System/ros2_ws/install/interfaces:/workspace/cxy/Robot_Operating_System/ros2_ws/install/cpp_pubsub:/opt/ros/foxy:/opt/third_party/casadi/lib/cmake/casadi:/opt/third_party/ceres/lib/cmake/Ceres:/opt/third_party/osqp-cpp/lib/cmake/:/opt/third_party/abseil-cpp/lib/cmake/:/opt/third_party/osqp/lib/cmake/ /usr/bin/cmake --build /workspace/cxy/Robot_Operating_System/ros2_ws/build/cpp_pubsub -- -j20 -l20
[0.020s] [35m[1mConsolidate compiler generated dependencies of target listener[0m
[0.024s] [ 50%] Built target talker
[0.026s] [ 75%] [32mBuilding CXX object CMakeFiles/listener.dir/src/sub.cpp.o[0m
[0.085s] In file included from [01m[K/workspace/cxy/Robot_Operating_System/ros2_ws/src/cpp_pubsub/src/sub.cpp:7[m[K:
[0.085s] [01m[K/workspace/cxy/Robot_Operating_System/ros2_ws/src/cpp_pubsub/include/cpp_pubsub/bx_dual_sdk.h:1114:[m[K [01;35m[Kwarning: [m[Kignoring #pragma region Common [[01;35m[K-Wunknown-pragmas[m[K]
[0.085s]  1114 | #pragma region Common operation
[0.085s]       | 
[0.086s] [01m[K/workspace/cxy/Robot_Operating_System/ros2_ws/src/cpp_pubsub/include/cpp_pubsub/bx_dual_sdk.h:1169:2:[m[K [01;35m[Kwarning: [m[K"/*" within comment [[01;35m[K-Wcomment[m[K]
[0.086s]  1169 |  /*! ***************************************************************/
[0.086s]       |   
[0.086s] [01m[K/workspace/cxy/Robot_Operating_System/ros2_ws/src/cpp_pubsub/include/cpp_pubsub/bx_dual_sdk.h:1410:2:[m[K [01;35m[Kwarning: [m[K"/*" within comment [[01;35m[K-Wcomment[m[K]
[0.086s]  1410 |  /*! ***************************************************************/
[0.086s]       |   
[0.086s] [01m[K/workspace/cxy/Robot_Operating_System/ros2_ws/src/cpp_pubsub/include/cpp_pubsub/bx_dual_sdk.h:1453:2:[m[K [01;35m[Kwarning: [m[K"/*" within comment [[01;35m[K-Wcomment[m[K]
[0.086s]  1453 |  /*! ***************************************************************/
[0.086s]       |   
[0.086s] [01m[K/workspace/cxy/Robot_Operating_System/ros2_ws/src/cpp_pubsub/include/cpp_pubsub/bx_dual_sdk.h:1525:2:[m[K [01;35m[Kwarning: [m[K"/*" within comment [[01;35m[K-Wcomment[m[K]
[0.087s]  1525 |  /**UDP CMD END**/
[0.087s]       |   
[0.087s] [01m[K/workspace/cxy/Robot_Operating_System/ros2_ws/src/cpp_pubsub/include/cpp_pubsub/bx_dual_sdk.h:1536:2:[m[K [01;35m[Kwarning: [m[K"/*" within comment [[01;35m[K-Wcomment[m[K]
[0.087s]  1536 |  /*! *************************************************************** *!/
[0.087s]       |   
[0.087s] [01m[K/workspace/cxy/Robot_Operating_System/ros2_ws/src/cpp_pubsub/include/cpp_pubsub/bx_dual_sdk.h:1537:2:[m[K [01;35m[Kwarning: [m[K"/*" within comment [[01;35m[K-Wcomment[m[K]
[0.087s]  1537 |  /* 函数名：       cmd_sysReset（）
[0.087s]       |   
[0.087s] [01m[K/workspace/cxy/Robot_Operating_System/ros2_ws/src/cpp_pubsub/include/cpp_pubsub/bx_dual_sdk.h:3640:[m[K [01;35m[Kwarning: [m[Kignoring #pragma endregion Common [[01;35m[K-Wunknown-pragmas[m[K]
[0.087s]  3640 | #pragma endregion Common operation
[0.087s]       | 
[0.087s] In file included from [01m[K/workspace/cxy/Robot_Operating_System/ros2_ws/src/cpp_pubsub/include/cpp_pubsub/bx_sdk_dual.h:17[m[K,
[0.087s]                  from [01m[K/workspace/cxy/Robot_Operating_System/ros2_ws/src/cpp_pubsub/src/sub.cpp:8[m[K:
[0.087s] [01m[K/workspace/cxy/Robot_Operating_System/ros2_ws/src/cpp_pubsub/include/cpp_pubsub/bx_dual_sdk.h:1169:2:[m[K [01;35m[Kwarning: [m[K"/*" within comment [[01;35m[K-Wcomment[m[K]
[0.087s]  1169 |  /*! ***************************************************************/
[0.087s]       |   
[0.088s] [01m[K/workspace/cxy/Robot_Operating_System/ros2_ws/src/cpp_pubsub/include/cpp_pubsub/bx_dual_sdk.h:1410:2:[m[K [01;35m[Kwarning: [m[K"/*" within comment [[01;35m[K-Wcomment[m[K]
[0.088s]  1410 |  /*! ***************************************************************/
[0.088s]       |   
[0.088s] [01m[K/workspace/cxy/Robot_Operating_System/ros2_ws/src/cpp_pubsub/include/cpp_pubsub/bx_dual_sdk.h:1453:2:[m[K [01;35m[Kwarning: [m[K"/*" within comment [[01;35m[K-Wcomment[m[K]
[0.088s]  1453 |  /*! ***************************************************************/
[0.088s]       |   
[0.088s] [01m[K/workspace/cxy/Robot_Operating_System/ros2_ws/src/cpp_pubsub/include/cpp_pubsub/bx_dual_sdk.h:1525:2:[m[K [01;35m[Kwarning: [m[K"/*" within comment [[01;35m[K-Wcomment[m[K]
[0.088s]  1525 |  /**UDP CMD END**/
[0.088s]       |   
[0.088s] [01m[K/workspace/cxy/Robot_Operating_System/ros2_ws/src/cpp_pubsub/include/cpp_pubsub/bx_dual_sdk.h:1536:2:[m[K [01;35m[Kwarning: [m[K"/*" within comment [[01;35m[K-Wcomment[m[K]
[0.088s]  1536 |  /*! *************************************************************** *!/
[0.088s]       |   
[0.088s] [01m[K/workspace/cxy/Robot_Operating_System/ros2_ws/src/cpp_pubsub/include/cpp_pubsub/bx_dual_sdk.h:1537:2:[m[K [01;35m[Kwarning: [m[K"/*" within comment [[01;35m[K-Wcomment[m[K]
[0.088s]  1537 |  /* 函数名：       cmd_sysReset（）
[0.088s]       |   
[0.665s] [01m[K/workspace/cxy/Robot_Operating_System/ros2_ws/src/cpp_pubsub/src/sub.cpp:[m[K In function ‘[01m[Kpath_select return_path()[m[K’:
[0.665s] [01m[K/workspace/cxy/Robot_Operating_System/ros2_ws/src/cpp_pubsub/src/sub.cpp:78:23:[m[K [01;31m[Kerror: [m[Kvariable ‘[01m[Kstd::ifstream inFile[m[K’ has initializer but incomplete type
[0.665s]    78 |  std::ifstream inFile([01;31m[KPicturesNumbersPath[m[K, std::ios::in);
[0.665s]       |                       [01;31m[K^~~~~~~~~~~~~~~~~~~[m[K
[0.666s] [01m[K/workspace/cxy/Robot_Operating_System/ros2_ws/src/cpp_pubsub/src/sub.cpp:[m[K In function ‘[01m[Kvoid turn_picture_display(int)[m[K’:
[0.666s] [01m[K/workspace/cxy/Robot_Operating_System/ros2_ws/src/cpp_pubsub/src/sub.cpp:96:10:[m[K [01;35m[Kwarning: [m[Kunused variable ‘[01m[KnPort[m[K’ [[01;35m[K-Wunused-variable[m[K]
[0.666s]    96 |  Ouint32 [01;35m[KnPort[m[K = 5005;
[0.666s]       |          [01;35m[K^~~~~[m[K
[0.666s] [01m[K/workspace/cxy/Robot_Operating_System/ros2_ws/src/cpp_pubsub/src/sub.cpp:102:6:[m[K [01;35m[Kwarning: [m[Kunused variable ‘[01m[KuAreaX[m[K’ [[01;35m[K-Wunused-variable[m[K]
[0.666s]   102 |  int [01;35m[KuAreaX[m[K = 16;//32
[0.666s]       |      [01;35m[K^~~~~~[m[K
[0.667s] [01m[K/workspace/cxy/Robot_Operating_System/ros2_ws/src/cpp_pubsub/src/sub.cpp:[m[K In function ‘[01m[Kint apply()[m[K’:
[0.667s] [01m[K/workspace/cxy/Robot_Operating_System/ros2_ws/src/cpp_pubsub/src/sub.cpp:198:3:[m[K [01;31m[Kerror: [m[K‘[01m[Ksleep[m[K’ was not declared in this scope
[0.667s]   198 |   [01;31m[Ksleep[m[K(1);
[0.667s]       |   [01;31m[K^~~~~[m[K
[0.667s] [01m[K/workspace/cxy/Robot_Operating_System/ros2_ws/src/cpp_pubsub/src/sub.cpp:149:10:[m[K [01;35m[Kwarning: [m[Kunused variable ‘[01m[KnPort[m[K’ [[01;35m[K-Wunused-variable[m[K]
[0.668s]   149 |  Ouint32 [01;35m[KnPort[m[K = 5005;
[0.668s]       |          [01;35m[K^~~~~[m[K
[1.379s] make[2]: *** [CMakeFiles/listener.dir/build.make:76: CMakeFiles/listener.dir/src/sub.cpp.o] Error 1
[1.379s] make[1]: *** [CMakeFiles/Makefile2:165: CMakeFiles/listener.dir/all] Error 2
[1.379s] make: *** [Makefile:146: all] Error 2
[1.381s] Invoked command in '/workspace/cxy/Robot_Operating_System/ros2_ws/build/cpp_pubsub' returned '2': CMAKE_PREFIX_PATH=/workspace/cxy/Robot_Operating_System/ros2_ws/install/interfaces:/workspace/cxy/Robot_Operating_System/ros2_ws/install/cpp_pubsub:/opt/ros/foxy:/opt/third_party/casadi/lib/cmake/casadi:/opt/third_party/ceres/lib/cmake/Ceres:/opt/third_party/osqp-cpp/lib/cmake/:/opt/third_party/abseil-cpp/lib/cmake/:/opt/third_party/osqp/lib/cmake/ /usr/bin/cmake --build /workspace/cxy/Robot_Operating_System/ros2_ws/build/cpp_pubsub -- -j20 -l20
