[0.046s] Invoking command in '/scripts/ros2_ws/build/interfaces': /usr/bin/cmake /scripts/ros2_ws/src/interfaces -DCMAKE_INSTALL_PREFIX=/scripts/ros2_ws/install/interfaces
[0.218s] -- The C compiler identification is GNU 9.4.0
[0.381s] -- The CXX compiler identification is GNU 9.4.0
[0.400s] -- Detecting C compiler ABI info
[0.552s] -- Detecting C compiler ABI info - done
[0.580s] -- Check for working C compiler: /usr/bin/cc - skipped
[0.580s] -- Detecting C compile features
[0.582s] -- Detecting C compile features - done
[0.591s] -- Detecting CXX compiler ABI info
[0.770s] -- Detecting CXX compiler ABI info - done
[0.797s] -- Check for working CXX compiler: /usr/bin/c++ - skipped
[0.798s] -- Detecting CXX compile features
[0.799s] -- Detecting CXX compile features - done
[0.808s] -- Found ament_cmake: 0.9.9 (/opt/ros/foxy/share/ament_cmake/cmake)
[0.876s] -- Found PythonInterp: /usr/bin/python3 (found suitable version "3.8.10", minimum required is "3") 
[0.876s] -- Using PYTHON_EXECUTABLE: /usr/bin/python3
[1.432s] -- Found rosidl_default_generators: 1.0.1 (/opt/ros/foxy/share/rosidl_default_generators/cmake)
[1.440s] -- Using all available rosidl_typesupport_c: rosidl_typesupport_fastrtps_c;rosidl_typesupport_introspection_c
[1.457s] -- Found rosidl_adapter: 1.2.1 (/opt/ros/foxy/share/rosidl_adapter/cmake)
[1.754s] -- Found OpenSSL: /usr/lib/aarch64-linux-gnu/libcrypto.so (found version "1.1.1f")  
[1.847s] -- Found FastRTPS: /opt/ros/foxy/include  
[2.094s] -- Using all available rosidl_typesupport_cpp: rosidl_typesupport_fastrtps_cpp;rosidl_typesupport_introspection_cpp
[2.229s] -- Found PythonInterp: /usr/bin/python3 (found version "3.8.10") 
[2.579s] -- Found ament_cmake_ros: 0.9.2 (/opt/ros/foxy/share/ament_cmake_ros/cmake)
[2.897s] -- Using all available rosidl_typesupport_c: rosidl_typesupport_fastrtps_c;rosidl_typesupport_introspection_c
[2.913s] -- Using all available rosidl_typesupport_cpp: rosidl_typesupport_fastrtps_cpp;rosidl_typesupport_introspection_cpp
[2.975s] -- Found PythonInterp: /usr/bin/python3 (found suitable version "3.8.10", minimum required is "3.5") 
[2.982s] -- Found python_cmake_module: 0.8.1 (/opt/ros/foxy/share/python_cmake_module/cmake)
[3.054s] -- Found PythonLibs: /usr/lib/aarch64-linux-gnu/libpython3.8.so (found suitable version "3.8.10", minimum required is "3.5") 
[3.055s] -- Using PYTHON_EXECUTABLE: /usr/bin/python3
[3.055s] -- Using PYTHON_INCLUDE_DIRS: /usr/include/python3.8
[3.055s] -- Using PYTHON_LIBRARIES: /usr/lib/aarch64-linux-gnu/libpython3.8.so
[3.117s] -- Found PythonExtra: .so  
[3.226s] -- Found ament_lint_auto: 0.9.6 (/opt/ros/foxy/share/ament_lint_auto/cmake)
[3.288s] -- Added test 'copyright' to check source files copyright and LICENSE
[3.293s] -- Added test 'lint_cmake' to check CMake code style
[3.295s] -- Added test 'xmllint' to check XML markup files
[3.302s] -- Configuring done
[3.387s] -- Generating done
[3.393s] -- Build files have been written to: /scripts/ros2_ws/build/interfaces
[3.411s] Invoked command in '/scripts/ros2_ws/build/interfaces' returned '0': /usr/bin/cmake /scripts/ros2_ws/src/interfaces -DCMAKE_INSTALL_PREFIX=/scripts/ros2_ws/install/interfaces
[3.419s] Invoking command in '/scripts/ros2_ws/build/interfaces': /usr/bin/cmake --build /scripts/ros2_ws/build/interfaces -- -j8 -l8
[3.475s] [  3%] [34m[1mGenerating C code for ROS interfaces[0m
[3.488s] [  6%] [34m[1mGenerating C++ code for ROS interfaces[0m
[4.041s] [  6%] Built target interfaces__cpp
[4.059s] [  9%] [34m[1mGenerating C++ type support for eProsima Fast-RTPS[0m
[4.060s] [ 12%] [34m[1mGenerating C++ type support dispatch for ROS interfaces[0m
[4.062s] [ 16%] [34m[1mGenerating C++ introspection for ROS interfaces[0m
[4.080s] [ 19%] [32mBuilding C object CMakeFiles/interfaces__rosidl_generator_c.dir/rosidl_generator_c/interfaces/msg/detail/num__functions.c.o[0m
[4.186s] [ 22%] [32m[1mLinking C shared library libinterfaces__rosidl_generator_c.so[0m
[4.246s] [ 22%] Built target interfaces__rosidl_generator_c
[4.264s] [ 25%] [34m[1mGenerating C type support dispatch for ROS interfaces[0m
[4.265s] [ 29%] [34m[1mGenerating C introspection for ROS interfaces[0m
[4.589s] [ 32%] [32mBuilding CXX object CMakeFiles/interfaces__rosidl_typesupport_cpp.dir/rosidl_typesupport_cpp/interfaces/msg/num__type_support.cpp.o[0m
[4.625s] [ 35%] [32mBuilding CXX object CMakeFiles/interfaces__rosidl_typesupport_introspection_cpp.dir/rosidl_typesupport_introspection_cpp/interfaces/msg/detail/num__type_support.cpp.o[0m
[4.674s] [ 38%] [32mBuilding CXX object CMakeFiles/interfaces__rosidl_typesupport_fastrtps_cpp.dir/rosidl_typesupport_fastrtps_cpp/interfaces/msg/detail/dds_fastrtps/num__type_support.cpp.o[0m
[4.785s] [ 41%] [32mBuilding CXX object CMakeFiles/interfaces__rosidl_typesupport_c.dir/rosidl_typesupport_c/interfaces/msg/num__type_support.cpp.o[0m
[4.844s] [ 45%] [32mBuilding C object CMakeFiles/interfaces__rosidl_typesupport_introspection_c.dir/rosidl_typesupport_introspection_c/interfaces/msg/detail/num__type_support.c.o[0m
[4.865s] [ 48%] [32m[1mLinking CXX shared library libinterfaces__rosidl_typesupport_c.so[0m
[4.926s] [ 51%] [32m[1mLinking C shared library libinterfaces__rosidl_typesupport_introspection_c.so[0m
[4.942s] [ 51%] Built target interfaces__rosidl_typesupport_c
[4.977s] [ 51%] Built target interfaces__rosidl_typesupport_introspection_c
[5.413s] [ 54%] [32m[1mLinking CXX shared library libinterfaces__rosidl_typesupport_cpp.so[0m
[5.426s] [ 58%] [32m[1mLinking CXX shared library libinterfaces__rosidl_typesupport_introspection_cpp.so[0m
[5.478s] [ 58%] Built target interfaces__rosidl_typesupport_cpp
[5.500s] [ 58%] Built target interfaces__rosidl_typesupport_introspection_cpp
[5.901s] [ 61%] [32m[1mLinking CXX shared library libinterfaces__rosidl_typesupport_fastrtps_cpp.so[0m
[6.091s] [ 61%] Built target interfaces__rosidl_typesupport_fastrtps_cpp
[6.104s] [ 64%] [34m[1mGenerating C type support for eProsima Fast-RTPS[0m
[6.678s] [ 67%] [32mBuilding CXX object CMakeFiles/interfaces__rosidl_typesupport_fastrtps_c.dir/rosidl_typesupport_fastrtps_c/interfaces/msg/detail/num__type_support_c.cpp.o[0m
[7.695s] [ 70%] [32m[1mLinking CXX shared library libinterfaces__rosidl_typesupport_fastrtps_c.so[0m
[7.879s] [ 70%] Built target interfaces__rosidl_typesupport_fastrtps_c
[7.905s] [ 70%] Built target interfaces
[7.932s] [ 74%] [34m[1mGenerating Python code for ROS interfaces[0m
[8.986s] [ 74%] Built target interfaces__py
[9.012s] [ 77%] [32mBuilding C object CMakeFiles/interfaces__python.dir/rosidl_generator_py/interfaces/msg/_num_s.c.o[0m
[9.286s] [ 80%] [32m[1mLinking C shared library rosidl_generator_py/interfaces/libinterfaces__python.so[0m
[9.362s] [ 80%] Built target interfaces__python
[9.390s] [ 83%] [32mBuilding C object CMakeFiles/interfaces__rosidl_typesupport_introspection_c__pyext.dir/rosidl_generator_py/interfaces/_interfaces_s.ep.rosidl_typesupport_introspection_c.c.o[0m
[9.390s] [ 90%] [32mBuilding C object CMakeFiles/interfaces__rosidl_typesupport_fastrtps_c__pyext.dir/rosidl_generator_py/interfaces/_interfaces_s.ep.rosidl_typesupport_fastrtps_c.c.o[0m
[9.391s] [ 90%] [32mBuilding C object CMakeFiles/interfaces__rosidl_typesupport_c__pyext.dir/rosidl_generator_py/interfaces/_interfaces_s.ep.rosidl_typesupport_c.c.o[0m
[9.587s] [ 93%] [32m[1mLinking C shared library rosidl_generator_py/interfaces/interfaces_s__rosidl_typesupport_c.cpython-38-aarch64-linux-gnu.so[0m
[9.590s] [100%] [32m[1mLinking CXX shared library rosidl_generator_py/interfaces/interfaces_s__rosidl_typesupport_fastrtps_c.cpython-38-aarch64-linux-gnu.so[0m
[9.591s] [100%] [32m[1mLinking C shared library rosidl_generator_py/interfaces/interfaces_s__rosidl_typesupport_introspection_c.cpython-38-aarch64-linux-gnu.so[0m
[9.644s] [100%] Built target interfaces__rosidl_typesupport_c__pyext
[9.650s] [100%] Built target interfaces__rosidl_typesupport_introspection_c__pyext
[9.708s] [100%] Built target interfaces__rosidl_typesupport_fastrtps_c__pyext
[9.724s] Invoked command in '/scripts/ros2_ws/build/interfaces' returned '0': /usr/bin/cmake --build /scripts/ros2_ws/build/interfaces -- -j8 -l8
[9.926s] Invoking command in '/scripts/ros2_ws/build/interfaces': /usr/bin/cmake --install /scripts/ros2_ws/build/interfaces
[9.939s] -- Install configuration: ""
[9.939s] -- Installing: /scripts/ros2_ws/install/interfaces/share/ament_index/resource_index/rosidl_interfaces/interfaces
[9.940s] -- Installing: /scripts/ros2_ws/install/interfaces/include/interfaces
[9.940s] -- Installing: /scripts/ros2_ws/install/interfaces/include/interfaces/msg
[9.941s] -- Installing: /scripts/ros2_ws/install/interfaces/include/interfaces/msg/detail
[9.941s] -- Installing: /scripts/ros2_ws/install/interfaces/include/interfaces/msg/detail/num__functions.h
[9.942s] -- Installing: /scripts/ros2_ws/install/interfaces/include/interfaces/msg/detail/num__functions.c
[9.942s] -- Installing: /scripts/ros2_ws/install/interfaces/include/interfaces/msg/detail/num__type_support.h
[9.943s] -- Installing: /scripts/ros2_ws/install/interfaces/include/interfaces/msg/detail/num__struct.h
[9.943s] -- Installing: /scripts/ros2_ws/install/interfaces/include/interfaces/msg/num.h
[9.944s] -- Installing: /scripts/ros2_ws/install/interfaces/include/interfaces/msg/rosidl_generator_c__visibility_control.h
[9.944s] -- Installing: /scripts/ros2_ws/install/interfaces/share/interfaces/environment/library_path.sh
[9.944s] -- Installing: /scripts/ros2_ws/install/interfaces/share/interfaces/environment/library_path.dsv
[9.945s] -- Installing: /scripts/ros2_ws/install/interfaces/lib/libinterfaces__rosidl_generator_c.so
[9.945s] -- Set runtime path of "/scripts/ros2_ws/install/interfaces/lib/libinterfaces__rosidl_generator_c.so" to ""
[9.946s] -- Up-to-date: /scripts/ros2_ws/install/interfaces/include/interfaces
[9.946s] -- Up-to-date: /scripts/ros2_ws/install/interfaces/include/interfaces/msg
[9.946s] -- Up-to-date: /scripts/ros2_ws/install/interfaces/include/interfaces/msg/detail
[9.946s] -- Installing: /scripts/ros2_ws/install/interfaces/include/interfaces/msg/detail/num__rosidl_typesupport_fastrtps_c.h
[9.947s] -- Installing: /scripts/ros2_ws/install/interfaces/include/interfaces/msg/rosidl_typesupport_fastrtps_c__visibility_control.h
[9.947s] -- Installing: /scripts/ros2_ws/install/interfaces/lib/libinterfaces__rosidl_typesupport_fastrtps_c.so
[9.947s] -- Set runtime path of "/scripts/ros2_ws/install/interfaces/lib/libinterfaces__rosidl_typesupport_fastrtps_c.so" to ""
[9.948s] -- Up-to-date: /scripts/ros2_ws/install/interfaces/include/interfaces
[9.948s] -- Up-to-date: /scripts/ros2_ws/install/interfaces/include/interfaces/msg
[9.948s] -- Up-to-date: /scripts/ros2_ws/install/interfaces/include/interfaces/msg/detail
[9.948s] -- Installing: /scripts/ros2_ws/install/interfaces/include/interfaces/msg/detail/dds_fastrtps
[9.948s] -- Installing: /scripts/ros2_ws/install/interfaces/include/interfaces/msg/detail/num__rosidl_typesupport_fastrtps_cpp.hpp
[9.949s] -- Installing: /scripts/ros2_ws/install/interfaces/include/interfaces/msg/rosidl_typesupport_fastrtps_cpp__visibility_control.h
[9.949s] -- Installing: /scripts/ros2_ws/install/interfaces/lib/libinterfaces__rosidl_typesupport_fastrtps_cpp.so
[9.949s] -- Set runtime path of "/scripts/ros2_ws/install/interfaces/lib/libinterfaces__rosidl_typesupport_fastrtps_cpp.so" to ""
[9.950s] -- Up-to-date: /scripts/ros2_ws/install/interfaces/include/interfaces
[9.950s] -- Up-to-date: /scripts/ros2_ws/install/interfaces/include/interfaces/msg
[9.950s] -- Up-to-date: /scripts/ros2_ws/install/interfaces/include/interfaces/msg/detail
[9.950s] -- Installing: /scripts/ros2_ws/install/interfaces/include/interfaces/msg/detail/num__type_support.c
[9.951s] -- Installing: /scripts/ros2_ws/install/interfaces/include/interfaces/msg/detail/num__rosidl_typesupport_introspection_c.h
[9.951s] -- Installing: /scripts/ros2_ws/install/interfaces/include/interfaces/msg/rosidl_typesupport_introspection_c__visibility_control.h
[9.951s] -- Installing: /scripts/ros2_ws/install/interfaces/lib/libinterfaces__rosidl_typesupport_introspection_c.so
[9.952s] -- Set runtime path of "/scripts/ros2_ws/install/interfaces/lib/libinterfaces__rosidl_typesupport_introspection_c.so" to ""
[9.952s] -- Installing: /scripts/ros2_ws/install/interfaces/lib/libinterfaces__rosidl_typesupport_c.so
[9.953s] -- Set runtime path of "/scripts/ros2_ws/install/interfaces/lib/libinterfaces__rosidl_typesupport_c.so" to ""
[9.953s] -- Up-to-date: /scripts/ros2_ws/install/interfaces/include/interfaces
[9.954s] -- Up-to-date: /scripts/ros2_ws/install/interfaces/include/interfaces/msg
[9.954s] -- Up-to-date: /scripts/ros2_ws/install/interfaces/include/interfaces/msg/detail
[9.954s] -- Installing: /scripts/ros2_ws/install/interfaces/include/interfaces/msg/detail/num__traits.hpp
[9.954s] -- Installing: /scripts/ros2_ws/install/interfaces/include/interfaces/msg/detail/num__builder.hpp
[9.955s] -- Installing: /scripts/ros2_ws/install/interfaces/include/interfaces/msg/detail/num__struct.hpp
[9.955s] -- Installing: /scripts/ros2_ws/install/interfaces/include/interfaces/msg/num.hpp
[9.955s] -- Up-to-date: /scripts/ros2_ws/install/interfaces/include/interfaces
[9.956s] -- Up-to-date: /scripts/ros2_ws/install/interfaces/include/interfaces/msg
[9.956s] -- Up-to-date: /scripts/ros2_ws/install/interfaces/include/interfaces/msg/detail
[9.956s] -- Installing: /scripts/ros2_ws/install/interfaces/include/interfaces/msg/detail/num__type_support.cpp
[9.956s] -- Installing: /scripts/ros2_ws/install/interfaces/include/interfaces/msg/detail/num__rosidl_typesupport_introspection_cpp.hpp
[9.957s] -- Installing: /scripts/ros2_ws/install/interfaces/lib/libinterfaces__rosidl_typesupport_introspection_cpp.so
[9.957s] -- Set runtime path of "/scripts/ros2_ws/install/interfaces/lib/libinterfaces__rosidl_typesupport_introspection_cpp.so" to ""
[9.957s] -- Installing: /scripts/ros2_ws/install/interfaces/lib/libinterfaces__rosidl_typesupport_cpp.so
[9.957s] -- Set runtime path of "/scripts/ros2_ws/install/interfaces/lib/libinterfaces__rosidl_typesupport_cpp.so" to ""
[9.957s] -- Installing: /scripts/ros2_ws/install/interfaces/share/interfaces/environment/pythonpath.sh
[9.957s] -- Installing: /scripts/ros2_ws/install/interfaces/share/interfaces/environment/pythonpath.dsv
[9.958s] -- Installing: /scripts/ros2_ws/install/interfaces/lib/python3.8/site-packages/interfaces/__init__.py
[10.042s] Compiling '/scripts/ros2_ws/install/interfaces/lib/python3.8/site-packages/interfaces/__init__.py'...
[10.054s] -- Installing: /scripts/ros2_ws/install/interfaces/lib/python3.8/site-packages/interfaces/msg
[10.055s] -- Installing: /scripts/ros2_ws/install/interfaces/lib/python3.8/site-packages/interfaces/msg/_num_s.c
[10.055s] -- Installing: /scripts/ros2_ws/install/interfaces/lib/python3.8/site-packages/interfaces/msg/__init__.py
[10.056s] -- Installing: /scripts/ros2_ws/install/interfaces/lib/python3.8/site-packages/interfaces/msg/_num.py
[10.056s] -- Installing: /scripts/ros2_ws/install/interfaces/lib/python3.8/site-packages/interfaces/interfaces_s__rosidl_typesupport_fastrtps_c.cpython-38-aarch64-linux-gnu.so
[10.058s] -- Set runtime path of "/scripts/ros2_ws/install/interfaces/lib/python3.8/site-packages/interfaces/interfaces_s__rosidl_typesupport_fastrtps_c.cpython-38-aarch64-linux-gnu.so" to ""
[10.059s] -- Installing: /scripts/ros2_ws/install/interfaces/lib/python3.8/site-packages/interfaces/interfaces_s__rosidl_typesupport_introspection_c.cpython-38-aarch64-linux-gnu.so
[10.060s] -- Set runtime path of "/scripts/ros2_ws/install/interfaces/lib/python3.8/site-packages/interfaces/interfaces_s__rosidl_typesupport_introspection_c.cpython-38-aarch64-linux-gnu.so" to ""
[10.060s] -- Installing: /scripts/ros2_ws/install/interfaces/lib/python3.8/site-packages/interfaces/interfaces_s__rosidl_typesupport_c.cpython-38-aarch64-linux-gnu.so
[10.061s] -- Set runtime path of "/scripts/ros2_ws/install/interfaces/lib/python3.8/site-packages/interfaces/interfaces_s__rosidl_typesupport_c.cpython-38-aarch64-linux-gnu.so" to ""
[10.062s] -- Installing: /scripts/ros2_ws/install/interfaces/lib/libinterfaces__python.so
[10.062s] -- Set runtime path of "/scripts/ros2_ws/install/interfaces/lib/libinterfaces__python.so" to ""
[10.063s] -- Installing: /scripts/ros2_ws/install/interfaces/share/interfaces/msg/Num.idl
[10.064s] -- Installing: /scripts/ros2_ws/install/interfaces/share/interfaces/msg/Num.msg
[10.065s] -- Installing: /scripts/ros2_ws/install/interfaces/share/ament_index/resource_index/package_run_dependencies/interfaces
[10.065s] -- Installing: /scripts/ros2_ws/install/interfaces/share/ament_index/resource_index/parent_prefix_path/interfaces
[10.066s] -- Installing: /scripts/ros2_ws/install/interfaces/share/interfaces/environment/ament_prefix_path.sh
[10.066s] -- Installing: /scripts/ros2_ws/install/interfaces/share/interfaces/environment/ament_prefix_path.dsv
[10.066s] -- Installing: /scripts/ros2_ws/install/interfaces/share/interfaces/environment/path.sh
[10.066s] -- Installing: /scripts/ros2_ws/install/interfaces/share/interfaces/environment/path.dsv
[10.067s] -- Installing: /scripts/ros2_ws/install/interfaces/share/interfaces/local_setup.bash
[10.067s] -- Installing: /scripts/ros2_ws/install/interfaces/share/interfaces/local_setup.sh
[10.068s] -- Installing: /scripts/ros2_ws/install/interfaces/share/interfaces/local_setup.zsh
[10.068s] -- Installing: /scripts/ros2_ws/install/interfaces/share/interfaces/local_setup.dsv
[10.069s] -- Installing: /scripts/ros2_ws/install/interfaces/share/interfaces/package.dsv
[10.069s] -- Installing: /scripts/ros2_ws/install/interfaces/share/ament_index/resource_index/packages/interfaces
[10.069s] -- Installing: /scripts/ros2_ws/install/interfaces/share/interfaces/cmake/interfaces__rosidl_generator_cExport.cmake
[10.069s] -- Installing: /scripts/ros2_ws/install/interfaces/share/interfaces/cmake/interfaces__rosidl_generator_cExport-noconfig.cmake
[10.070s] -- Installing: /scripts/ros2_ws/install/interfaces/share/interfaces/cmake/interfaces__rosidl_typesupport_introspection_cExport.cmake
[10.070s] -- Installing: /scripts/ros2_ws/install/interfaces/share/interfaces/cmake/interfaces__rosidl_typesupport_introspection_cExport-noconfig.cmake
[10.070s] -- Installing: /scripts/ros2_ws/install/interfaces/share/interfaces/cmake/interfaces__rosidl_typesupport_cExport.cmake
[10.070s] -- Installing: /scripts/ros2_ws/install/interfaces/share/interfaces/cmake/interfaces__rosidl_typesupport_cExport-noconfig.cmake
[10.071s] -- Installing: /scripts/ros2_ws/install/interfaces/share/interfaces/cmake/interfaces__rosidl_generator_cppExport.cmake
[10.071s] -- Installing: /scripts/ros2_ws/install/interfaces/share/interfaces/cmake/interfaces__rosidl_typesupport_introspection_cppExport.cmake
[10.071s] -- Installing: /scripts/ros2_ws/install/interfaces/share/interfaces/cmake/interfaces__rosidl_typesupport_introspection_cppExport-noconfig.cmake
[10.072s] -- Installing: /scripts/ros2_ws/install/interfaces/share/interfaces/cmake/interfaces__rosidl_typesupport_cppExport.cmake
[10.072s] -- Installing: /scripts/ros2_ws/install/interfaces/share/interfaces/cmake/interfaces__rosidl_typesupport_cppExport-noconfig.cmake
[10.072s] -- Installing: /scripts/ros2_ws/install/interfaces/share/interfaces/cmake/rosidl_cmake-extras.cmake
[10.072s] -- Installing: /scripts/ros2_ws/install/interfaces/share/interfaces/cmake/ament_cmake_export_dependencies-extras.cmake
[10.073s] -- Installing: /scripts/ros2_ws/install/interfaces/share/interfaces/cmake/ament_cmake_export_libraries-extras.cmake
[10.073s] -- Installing: /scripts/ros2_ws/install/interfaces/share/interfaces/cmake/ament_cmake_export_targets-extras.cmake
[10.073s] -- Installing: /scripts/ros2_ws/install/interfaces/share/interfaces/cmake/ament_cmake_export_include_directories-extras.cmake
[10.073s] -- Installing: /scripts/ros2_ws/install/interfaces/share/interfaces/cmake/rosidl_cmake_export_typesupport_libraries-extras.cmake
[10.073s] -- Installing: /scripts/ros2_ws/install/interfaces/share/interfaces/cmake/rosidl_cmake_export_typesupport_targets-extras.cmake
[10.074s] -- Installing: /scripts/ros2_ws/install/interfaces/share/interfaces/cmake/interfacesConfig.cmake
[10.074s] -- Installing: /scripts/ros2_ws/install/interfaces/share/interfaces/cmake/interfacesConfig-version.cmake
[10.074s] -- Installing: /scripts/ros2_ws/install/interfaces/share/interfaces/package.xml
[10.078s] Invoked command in '/scripts/ros2_ws/build/interfaces' returned '0': /usr/bin/cmake --install /scripts/ros2_ws/build/interfaces
