[0.006s] Invoking command in '/workspace/cxy/Robot_Operating_System/ros2_ws/build/cpp_pubsub': CMAKE_PREFIX_PATH=/workspace/cxy/Robot_Operating_System/ros2_ws/install/interfaces:/workspace/cxy/Robot_Operating_System/ros2_ws/install/cpp_pubsub:/opt/ros/foxy:/opt/third_party/casadi/lib/cmake/casadi:/opt/third_party/ceres/lib/cmake/Ceres:/opt/third_party/osqp-cpp/lib/cmake/:/opt/third_party/abseil-cpp/lib/cmake/:/opt/third_party/osqp/lib/cmake/ /usr/bin/cmake --build /workspace/cxy/Robot_Operating_System/ros2_ws/build/cpp_pubsub -- -j20 -l20
[0.018s] [35m[1mConsolidate compiler generated dependencies of target listener[0m
[0.023s] [ 50%] Built target talker
[0.025s] [ 75%] [32mBuilding CXX object CMakeFiles/listener.dir/src/sub.cpp.o[0m
[0.087s] In file included from [01m[K/workspace/cxy/Robot_Operating_System/ros2_ws/src/cpp_pubsub/src/sub.cpp:11[m[K:
[0.087s] [01m[K/workspace/cxy/Robot_Operating_System/ros2_ws/src/cpp_pubsub/include/cpp_pubsub/bx_dual_sdk.h:1114:[m[K [01;35m[Kwarning: [m[Kignoring #pragma region Common [[01;35m[K-Wunknown-pragmas[m[K]
[0.087s]  1114 | #pragma region Common operation
[0.087s]       | 
[0.087s] [01m[K/workspace/cxy/Robot_Operating_System/ros2_ws/src/cpp_pubsub/include/cpp_pubsub/bx_dual_sdk.h:1169:2:[m[K [01;35m[Kwarning: [m[K"/*" within comment [[01;35m[K-Wcomment[m[K]
[0.087s]  1169 |  /*! ***************************************************************/
[0.087s]       |   
[0.088s] [01m[K/workspace/cxy/Robot_Operating_System/ros2_ws/src/cpp_pubsub/include/cpp_pubsub/bx_dual_sdk.h:1410:2:[m[K [01;35m[Kwarning: [m[K"/*" within comment [[01;35m[K-Wcomment[m[K]
[0.088s]  1410 |  /*! ***************************************************************/
[0.088s]       |   
[0.088s] [01m[K/workspace/cxy/Robot_Operating_System/ros2_ws/src/cpp_pubsub/include/cpp_pubsub/bx_dual_sdk.h:1453:2:[m[K [01;35m[Kwarning: [m[K"/*" within comment [[01;35m[K-Wcomment[m[K]
[0.088s]  1453 |  /*! ***************************************************************/
[0.088s]       |   
[0.088s] [01m[K/workspace/cxy/Robot_Operating_System/ros2_ws/src/cpp_pubsub/include/cpp_pubsub/bx_dual_sdk.h:1525:2:[m[K [01;35m[Kwarning: [m[K"/*" within comment [[01;35m[K-Wcomment[m[K]
[0.088s]  1525 |  /**UDP CMD END**/
[0.088s]       |   
[0.088s] [01m[K/workspace/cxy/Robot_Operating_System/ros2_ws/src/cpp_pubsub/include/cpp_pubsub/bx_dual_sdk.h:1536:2:[m[K [01;35m[Kwarning: [m[K"/*" within comment [[01;35m[K-Wcomment[m[K]
[0.088s]  1536 |  /*! *************************************************************** *!/
[0.088s]       |   
[0.088s] [01m[K/workspace/cxy/Robot_Operating_System/ros2_ws/src/cpp_pubsub/include/cpp_pubsub/bx_dual_sdk.h:1537:2:[m[K [01;35m[Kwarning: [m[K"/*" within comment [[01;35m[K-Wcomment[m[K]
[0.088s]  1537 |  /* 函数名：       cmd_sysReset（）
[0.088s]       |   
[0.089s] [01m[K/workspace/cxy/Robot_Operating_System/ros2_ws/src/cpp_pubsub/include/cpp_pubsub/bx_dual_sdk.h:3640:[m[K [01;35m[Kwarning: [m[Kignoring #pragma endregion Common [[01;35m[K-Wunknown-pragmas[m[K]
[0.089s]  3640 | #pragma endregion Common operation
[0.089s]       | 
[0.089s] In file included from [01m[K/workspace/cxy/Robot_Operating_System/ros2_ws/src/cpp_pubsub/include/cpp_pubsub/bx_sdk_dual.h:17[m[K,
[0.089s]                  from [01m[K/workspace/cxy/Robot_Operating_System/ros2_ws/src/cpp_pubsub/src/sub.cpp:12[m[K:
[0.089s] [01m[K/workspace/cxy/Robot_Operating_System/ros2_ws/src/cpp_pubsub/include/cpp_pubsub/bx_dual_sdk.h:1169:2:[m[K [01;35m[Kwarning: [m[K"/*" within comment [[01;35m[K-Wcomment[m[K]
[0.089s]  1169 |  /*! ***************************************************************/
[0.089s]       |   
[0.089s] [01m[K/workspace/cxy/Robot_Operating_System/ros2_ws/src/cpp_pubsub/include/cpp_pubsub/bx_dual_sdk.h:1410:2:[m[K [01;35m[Kwarning: [m[K"/*" within comment [[01;35m[K-Wcomment[m[K]
[0.089s]  1410 |  /*! ***************************************************************/
[0.089s]       |   
[0.089s] [01m[K/workspace/cxy/Robot_Operating_System/ros2_ws/src/cpp_pubsub/include/cpp_pubsub/bx_dual_sdk.h:1453:2:[m[K [01;35m[Kwarning: [m[K"/*" within comment [[01;35m[K-Wcomment[m[K]
[0.089s]  1453 |  /*! ***************************************************************/
[0.089s]       |   
[0.089s] [01m[K/workspace/cxy/Robot_Operating_System/ros2_ws/src/cpp_pubsub/include/cpp_pubsub/bx_dual_sdk.h:1525:2:[m[K [01;35m[Kwarning: [m[K"/*" within comment [[01;35m[K-Wcomment[m[K]
[0.089s]  1525 |  /**UDP CMD END**/
[0.089s]       |   
[0.090s] [01m[K/workspace/cxy/Robot_Operating_System/ros2_ws/src/cpp_pubsub/include/cpp_pubsub/bx_dual_sdk.h:1536:2:[m[K [01;35m[Kwarning: [m[K"/*" within comment [[01;35m[K-Wcomment[m[K]
[0.090s]  1536 |  /*! *************************************************************** *!/
[0.090s]       |   
[0.090s] [01m[K/workspace/cxy/Robot_Operating_System/ros2_ws/src/cpp_pubsub/include/cpp_pubsub/bx_dual_sdk.h:1537:2:[m[K [01;35m[Kwarning: [m[K"/*" within comment [[01;35m[K-Wcomment[m[K]
[0.090s]  1537 |  /* 函数名：       cmd_sysReset（）
[0.090s]       |   
[0.700s] [01m[K/workspace/cxy/Robot_Operating_System/ros2_ws/src/cpp_pubsub/src/sub.cpp:[m[K In function ‘[01m[Kvoid turn_picture_display(int)[m[K’:
[0.700s] [01m[K/workspace/cxy/Robot_Operating_System/ros2_ws/src/cpp_pubsub/src/sub.cpp:101:10:[m[K [01;35m[Kwarning: [m[Kunused variable ‘[01m[KnPort[m[K’ [[01;35m[K-Wunused-variable[m[K]
[0.701s]   101 |  Ouint32 [01;35m[KnPort[m[K = 5005;
[0.701s]       |          [01;35m[K^~~~~[m[K
[0.701s] [01m[K/workspace/cxy/Robot_Operating_System/ros2_ws/src/cpp_pubsub/src/sub.cpp:107:6:[m[K [01;35m[Kwarning: [m[Kunused variable ‘[01m[KuAreaX[m[K’ [[01;35m[K-Wunused-variable[m[K]
[0.701s]   107 |  int [01;35m[KuAreaX[m[K = 16;//32
[0.701s]       |      [01;35m[K^~~~~~[m[K
[0.701s] [01m[K/workspace/cxy/Robot_Operating_System/ros2_ws/src/cpp_pubsub/src/sub.cpp:[m[K In function ‘[01m[Kint apply()[m[K’:
[0.701s] [01m[K/workspace/cxy/Robot_Operating_System/ros2_ws/src/cpp_pubsub/src/sub.cpp:154:10:[m[K [01;35m[Kwarning: [m[Kunused variable ‘[01m[KnPort[m[K’ [[01;35m[K-Wunused-variable[m[K]
[0.701s]   154 |  Ouint32 [01;35m[KnPort[m[K = 5005;
[0.701s]       |          [01;35m[K^~~~~[m[K
[2.504s] [100%] [32m[1mLinking CXX executable listener[0m
[2.612s] /usr/bin/ld: CMakeFiles/listener.dir/src/sub.cpp.o: in function `turn_picture_display(int)':
[2.612s] sub.cpp:(.text+0x8d2): undefined reference to `bxDual_dynamicArea_AddAreaPic_6G'
[2.612s] /usr/bin/ld: sub.cpp:(.text+0x948): undefined reference to `bxDual_dynamicArea_AddAreaPic_6G'
[2.612s] /usr/bin/ld: sub.cpp:(.text+0x9cd): undefined reference to `bxDual_dynamicArea_AddAreaPic_6G'
[2.613s] /usr/bin/ld: sub.cpp:(.text+0xa43): undefined reference to `bxDual_dynamicArea_AddAreaPic_6G'
[2.613s] /usr/bin/ld: CMakeFiles/listener.dir/src/sub.cpp.o: in function `apply()':
[2.613s] sub.cpp:(.text+0xca4): undefined reference to `bxDual_dynamicArea_AddAreaPic_6G'
[2.613s] /usr/bin/ld: CMakeFiles/listener.dir/src/sub.cpp.o:sub.cpp:(.text+0xd39): more undefined references to `bxDual_dynamicArea_AddAreaPic_6G' follow
[2.621s] collect2: error: ld returned 1 exit status
[2.621s] make[2]: *** [CMakeFiles/listener.dir/build.make:149: listener] Error 1
[2.621s] make[1]: *** [CMakeFiles/Makefile2:165: CMakeFiles/listener.dir/all] Error 2
[2.622s] make: *** [Makefile:146: all] Error 2
[2.623s] Invoked command in '/workspace/cxy/Robot_Operating_System/ros2_ws/build/cpp_pubsub' returned '2': CMAKE_PREFIX_PATH=/workspace/cxy/Robot_Operating_System/ros2_ws/install/interfaces:/workspace/cxy/Robot_Operating_System/ros2_ws/install/cpp_pubsub:/opt/ros/foxy:/opt/third_party/casadi/lib/cmake/casadi:/opt/third_party/ceres/lib/cmake/Ceres:/opt/third_party/osqp-cpp/lib/cmake/:/opt/third_party/abseil-cpp/lib/cmake/:/opt/third_party/osqp/lib/cmake/ /usr/bin/cmake --build /workspace/cxy/Robot_Operating_System/ros2_ws/build/cpp_pubsub -- -j20 -l20
