[0.037s] Invoking command in '/debug/Desktop/cxy/ros2_ws/build/interfaces': /usr/bin/cmake /debug/Desktop/cxy/ros2_ws/src/interfaces -DCMAKE_INSTALL_PREFIX=/debug/Desktop/cxy/ros2_ws/install/interfaces
[0.101s] -- The C compiler identification is GNU 9.3.0
[0.229s] -- The CXX compiler identification is GNU 9.3.0
[0.246s] -- Detecting C compiler ABI info
[0.352s] -- Detecting C compiler ABI info - done
[0.381s] -- Check for working C compiler: /usr/bin/cc - skipped
[0.385s] -- Detecting C compile features
[0.385s] -- Detecting C compile features - done
[0.386s] -- Detecting CXX compiler ABI info
[0.527s] -- Detecting CXX compiler ABI info - done
[0.543s] -- Check for working CXX compiler: /usr/bin/g++ - skipped
[0.543s] -- Detecting CXX compile features
[0.544s] -- Detecting CXX compile features - done
[0.548s] -- Found ament_cmake: 0.9.9 (/opt/ros/foxy/share/ament_cmake/cmake)
[0.590s] -- Found PythonInterp: /usr/bin/python3 (found suitable version "3.8.10", minimum required is "3") 
[0.590s] -- Using PYTHON_EXECUTABLE: /usr/bin/python3
[1.018s] -- Found rosidl_default_generators: 1.0.1 (/opt/ros/foxy/share/rosidl_default_generators/cmake)
[1.024s] -- Using all available rosidl_typesupport_c: rosidl_typesupport_fastrtps_c;rosidl_typesupport_introspection_c
[1.037s] -- Found rosidl_adapter: 1.2.1 (/opt/ros/foxy/share/rosidl_adapter/cmake)
[1.274s] -- Found OpenSSL: /usr/lib/x86_64-linux-gnu/libcrypto.so (found version "1.1.1f")  
[1.354s] -- Found FastRTPS: /opt/ros/foxy/include  
[1.585s] -- Using all available rosidl_typesupport_cpp: rosidl_typesupport_fastrtps_cpp;rosidl_typesupport_introspection_cpp
[1.688s] -- Found PythonInterp: /usr/bin/python3 (found version "3.8.10") 
[1.939s] -- Found ament_cmake_ros: 0.9.2 (/opt/ros/foxy/share/ament_cmake_ros/cmake)
[2.233s] -- Using all available rosidl_typesupport_c: rosidl_typesupport_fastrtps_c;rosidl_typesupport_introspection_c
[2.247s] -- Using all available rosidl_typesupport_cpp: rosidl_typesupport_fastrtps_cpp;rosidl_typesupport_introspection_cpp
[2.292s] -- Found PythonInterp: /usr/bin/python3 (found suitable version "3.8.10", minimum required is "3.5") 
[2.296s] -- Found python_cmake_module: 0.8.1 (/opt/ros/foxy/share/python_cmake_module/cmake)
[2.351s] -- Found PythonLibs: /usr/lib/x86_64-linux-gnu/libpython3.8.so (found suitable version "3.8.10", minimum required is "3.5") 
[2.351s] -- Using PYTHON_EXECUTABLE: /usr/bin/python3
[2.351s] -- Using PYTHON_INCLUDE_DIRS: /usr/include/python3.8
[2.351s] -- Using PYTHON_LIBRARIES: /usr/lib/x86_64-linux-gnu/libpython3.8.so
[2.393s] -- Found PythonExtra: .so  
[2.469s] -- Found ament_lint_auto: 0.9.6 (/opt/ros/foxy/share/ament_lint_auto/cmake)
[2.515s] -- Added test 'copyright' to check source files copyright and LICENSE
[2.517s] -- Added test 'lint_cmake' to check CMake code style
[2.519s] -- Added test 'xmllint' to check XML markup files
[2.523s] -- Configuring done
[2.578s] -- Generating done
[2.582s] -- Build files have been written to: /debug/Desktop/cxy/ros2_ws/build/interfaces
[2.591s] Invoked command in '/debug/Desktop/cxy/ros2_ws/build/interfaces' returned '0': /usr/bin/cmake /debug/Desktop/cxy/ros2_ws/src/interfaces -DCMAKE_INSTALL_PREFIX=/debug/Desktop/cxy/ros2_ws/install/interfaces
[2.596s] Invoking command in '/debug/Desktop/cxy/ros2_ws/build/interfaces': /usr/bin/cmake --build /debug/Desktop/cxy/ros2_ws/build/interfaces -- -j4 -l4
[2.654s] [  2%] [34m[1mGenerating C code for ROS interfaces[0m
[2.670s] [  5%] [34m[1mGenerating C++ code for ROS interfaces[0m
[4.040s] [  7%] [32mBuilding C object CMakeFiles/interfaces__rosidl_generator_c.dir/rosidl_generator_c/interfaces/srv/detail/test__functions.c.o[0m
[4.056s] [ 10%] [32mBuilding C object CMakeFiles/interfaces__rosidl_generator_c.dir/rosidl_generator_c/interfaces/msg/detail/position__functions.c.o[0m
[4.370s] [ 12%] [32m[1mLinking C shared library libinterfaces__rosidl_generator_c.so[0m
[4.382s] [ 12%] Built target interfaces__cpp
[4.461s] [ 15%] [34m[1mGenerating C++ introspection for ROS interfaces[0m
[4.466s] [ 17%] [34m[1mGenerating C++ type support for eProsima Fast-RTPS[0m
[4.482s] [ 20%] [34m[1mGenerating C++ type support dispatch for ROS interfaces[0m
[4.513s] [ 20%] Built target interfaces__rosidl_generator_c
[4.590s] [ 23%] [34m[1mGenerating C introspection for ROS interfaces[0m
[5.657s] [ 25%] [32mBuilding CXX object CMakeFiles/interfaces__rosidl_typesupport_cpp.dir/rosidl_typesupport_cpp/interfaces/srv/test__type_support.cpp.o[0m
[6.316s] [ 28%] [32mBuilding CXX object CMakeFiles/interfaces__rosidl_typesupport_fastrtps_cpp.dir/rosidl_typesupport_fastrtps_cpp/interfaces/srv/detail/dds_fastrtps/test__type_support.cpp.o[0m
[6.465s] [ 30%] [32mBuilding CXX object CMakeFiles/interfaces__rosidl_typesupport_introspection_cpp.dir/rosidl_typesupport_introspection_cpp/interfaces/srv/detail/test__type_support.cpp.o[0m
[6.801s] [ 33%] [32mBuilding C object CMakeFiles/interfaces__rosidl_typesupport_introspection_c.dir/rosidl_typesupport_introspection_c/interfaces/srv/detail/test__type_support.c.o[0m
[7.122s] [ 35%] [32mBuilding C object CMakeFiles/interfaces__rosidl_typesupport_introspection_c.dir/rosidl_typesupport_introspection_c/interfaces/msg/detail/position__type_support.c.o[0m
[7.196s] [ 38%] [32mBuilding CXX object CMakeFiles/interfaces__rosidl_typesupport_cpp.dir/rosidl_typesupport_cpp/interfaces/msg/position__type_support.cpp.o[0m
[7.292s] [ 41%] [32m[1mLinking C shared library libinterfaces__rosidl_typesupport_introspection_c.so[0m
[7.410s] [ 41%] Built target interfaces__rosidl_typesupport_introspection_c
[7.447s] [ 43%] [32mBuilding CXX object CMakeFiles/interfaces__rosidl_typesupport_introspection_cpp.dir/rosidl_typesupport_introspection_cpp/interfaces/msg/detail/position__type_support.cpp.o[0m
[7.919s] [ 46%] [34m[1mGenerating C type support dispatch for ROS interfaces[0m
[8.229s] [ 48%] [32m[1mLinking CXX shared library libinterfaces__rosidl_typesupport_cpp.so[0m
[8.410s] [ 51%] [32mBuilding CXX object CMakeFiles/interfaces__rosidl_typesupport_fastrtps_cpp.dir/rosidl_typesupport_fastrtps_cpp/interfaces/msg/detail/dds_fastrtps/position__type_support.cpp.o[0m
[8.437s] [ 51%] Built target interfaces__rosidl_typesupport_cpp
[8.706s] [ 53%] [32m[1mLinking CXX shared library libinterfaces__rosidl_typesupport_introspection_cpp.so[0m
[8.921s] [ 53%] Built target interfaces__rosidl_typesupport_introspection_cpp
[8.945s] [ 56%] [32mBuilding CXX object CMakeFiles/interfaces__rosidl_typesupport_c.dir/rosidl_typesupport_c/interfaces/srv/test__type_support.cpp.o[0m
[8.954s] [ 58%] [32mBuilding CXX object CMakeFiles/interfaces__rosidl_typesupport_c.dir/rosidl_typesupport_c/interfaces/msg/position__type_support.cpp.o[0m
[9.045s] [ 61%] [32m[1mLinking CXX shared library libinterfaces__rosidl_typesupport_c.so[0m
[9.105s] [ 61%] Built target interfaces__rosidl_typesupport_c
[9.649s] [ 64%] [32m[1mLinking CXX shared library libinterfaces__rosidl_typesupport_fastrtps_cpp.so[0m
[9.937s] [ 64%] Built target interfaces__rosidl_typesupport_fastrtps_cpp
[10.000s] [ 66%] [34m[1mGenerating C type support for eProsima Fast-RTPS[0m
[10.789s] [ 69%] [32mBuilding CXX object CMakeFiles/interfaces__rosidl_typesupport_fastrtps_c.dir/rosidl_typesupport_fastrtps_c/interfaces/srv/detail/test__type_support_c.cpp.o[0m
[10.791s] [ 71%] [32mBuilding CXX object CMakeFiles/interfaces__rosidl_typesupport_fastrtps_c.dir/rosidl_typesupport_fastrtps_c/interfaces/msg/detail/position__type_support_c.cpp.o[0m
[11.912s] [ 74%] [32m[1mLinking CXX shared library libinterfaces__rosidl_typesupport_fastrtps_c.so[0m
[12.138s] [ 74%] Built target interfaces__rosidl_typesupport_fastrtps_c
[12.158s] [ 74%] Built target interfaces
[12.179s] [ 76%] [34m[1mGenerating Python code for ROS interfaces[0m
[13.475s] [ 76%] Built target interfaces__py
[13.495s] [ 79%] [32mBuilding C object CMakeFiles/interfaces__python.dir/rosidl_generator_py/interfaces/srv/_test_s.c.o[0m
[13.497s] [ 82%] [32mBuilding C object CMakeFiles/interfaces__python.dir/rosidl_generator_py/interfaces/msg/_position_s.c.o[0m
[13.692s] [ 84%] [32m[1mLinking C shared library rosidl_generator_py/interfaces/libinterfaces__python.so[0m
[13.734s] [ 84%] Built target interfaces__python
[13.752s] [ 87%] [32mBuilding C object CMakeFiles/interfaces__rosidl_typesupport_c__pyext.dir/rosidl_generator_py/interfaces/_interfaces_s.ep.rosidl_typesupport_c.c.o[0m
[13.756s] [ 89%] [32mBuilding C object CMakeFiles/interfaces__rosidl_typesupport_introspection_c__pyext.dir/rosidl_generator_py/interfaces/_interfaces_s.ep.rosidl_typesupport_introspection_c.c.o[0m
[13.759s] [ 92%] [32mBuilding C object CMakeFiles/interfaces__rosidl_typesupport_fastrtps_c__pyext.dir/rosidl_generator_py/interfaces/_interfaces_s.ep.rosidl_typesupport_fastrtps_c.c.o[0m
[13.934s] [ 94%] [32m[1mLinking C shared library rosidl_generator_py/interfaces/interfaces_s__rosidl_typesupport_c.cpython-38-x86_64-linux-gnu.so[0m
[13.943s] [ 97%] [32m[1mLinking C shared library rosidl_generator_py/interfaces/interfaces_s__rosidl_typesupport_introspection_c.cpython-38-x86_64-linux-gnu.so[0m
[13.959s] [100%] [32m[1mLinking CXX shared library rosidl_generator_py/interfaces/interfaces_s__rosidl_typesupport_fastrtps_c.cpython-38-x86_64-linux-gnu.so[0m
[13.978s] [100%] Built target interfaces__rosidl_typesupport_c__pyext
[13.988s] [100%] Built target interfaces__rosidl_typesupport_introspection_c__pyext
[14.041s] [100%] Built target interfaces__rosidl_typesupport_fastrtps_c__pyext
[14.050s] Invoked command in '/debug/Desktop/cxy/ros2_ws/build/interfaces' returned '0': /usr/bin/cmake --build /debug/Desktop/cxy/ros2_ws/build/interfaces -- -j4 -l4
[14.156s] Invoking command in '/debug/Desktop/cxy/ros2_ws/build/interfaces': /usr/bin/cmake --install /debug/Desktop/cxy/ros2_ws/build/interfaces
[14.163s] -- Install configuration: ""
[14.163s] -- Installing: /debug/Desktop/cxy/ros2_ws/install/interfaces/share/ament_index/resource_index/rosidl_interfaces/interfaces
[14.163s] -- Installing: /debug/Desktop/cxy/ros2_ws/install/interfaces/include/interfaces
[14.164s] -- Installing: /debug/Desktop/cxy/ros2_ws/install/interfaces/include/interfaces/msg
[14.164s] -- Installing: /debug/Desktop/cxy/ros2_ws/install/interfaces/include/interfaces/msg/position.h
[14.164s] -- Installing: /debug/Desktop/cxy/ros2_ws/install/interfaces/include/interfaces/msg/rosidl_generator_c__visibility_control.h
[14.164s] -- Installing: /debug/Desktop/cxy/ros2_ws/install/interfaces/include/interfaces/msg/detail
[14.164s] -- Installing: /debug/Desktop/cxy/ros2_ws/install/interfaces/include/interfaces/msg/detail/position__functions.h
[14.164s] -- Installing: /debug/Desktop/cxy/ros2_ws/install/interfaces/include/interfaces/msg/detail/position__functions.c
[14.164s] -- Installing: /debug/Desktop/cxy/ros2_ws/install/interfaces/include/interfaces/msg/detail/position__struct.h
[14.164s] -- Installing: /debug/Desktop/cxy/ros2_ws/install/interfaces/include/interfaces/msg/detail/position__type_support.h
[14.165s] -- Installing: /debug/Desktop/cxy/ros2_ws/install/interfaces/include/interfaces/srv
[14.165s] -- Installing: /debug/Desktop/cxy/ros2_ws/install/interfaces/include/interfaces/srv/test.h
[14.165s] -- Installing: /debug/Desktop/cxy/ros2_ws/install/interfaces/include/interfaces/srv/detail
[14.165s] -- Installing: /debug/Desktop/cxy/ros2_ws/install/interfaces/include/interfaces/srv/detail/test__type_support.h
[14.165s] -- Installing: /debug/Desktop/cxy/ros2_ws/install/interfaces/include/interfaces/srv/detail/test__functions.h
[14.165s] -- Installing: /debug/Desktop/cxy/ros2_ws/install/interfaces/include/interfaces/srv/detail/test__struct.h
[14.165s] -- Installing: /debug/Desktop/cxy/ros2_ws/install/interfaces/include/interfaces/srv/detail/test__functions.c
[14.166s] -- Installing: /debug/Desktop/cxy/ros2_ws/install/interfaces/share/interfaces/environment/library_path.sh
[14.166s] -- Installing: /debug/Desktop/cxy/ros2_ws/install/interfaces/share/interfaces/environment/library_path.dsv
[14.166s] -- Installing: /debug/Desktop/cxy/ros2_ws/install/interfaces/lib/libinterfaces__rosidl_generator_c.so
[14.167s] -- Set runtime path of "/debug/Desktop/cxy/ros2_ws/install/interfaces/lib/libinterfaces__rosidl_generator_c.so" to ""
[14.167s] -- Up-to-date: /debug/Desktop/cxy/ros2_ws/install/interfaces/include/interfaces
[14.167s] -- Up-to-date: /debug/Desktop/cxy/ros2_ws/install/interfaces/include/interfaces/msg
[14.167s] -- Installing: /debug/Desktop/cxy/ros2_ws/install/interfaces/include/interfaces/msg/rosidl_typesupport_fastrtps_c__visibility_control.h
[14.168s] -- Up-to-date: /debug/Desktop/cxy/ros2_ws/install/interfaces/include/interfaces/msg/detail
[14.168s] -- Installing: /debug/Desktop/cxy/ros2_ws/install/interfaces/include/interfaces/msg/detail/position__rosidl_typesupport_fastrtps_c.h
[14.168s] -- Up-to-date: /debug/Desktop/cxy/ros2_ws/install/interfaces/include/interfaces/srv
[14.168s] -- Up-to-date: /debug/Desktop/cxy/ros2_ws/install/interfaces/include/interfaces/srv/detail
[14.168s] -- Installing: /debug/Desktop/cxy/ros2_ws/install/interfaces/include/interfaces/srv/detail/test__rosidl_typesupport_fastrtps_c.h
[14.168s] -- Installing: /debug/Desktop/cxy/ros2_ws/install/interfaces/lib/libinterfaces__rosidl_typesupport_fastrtps_c.so
[14.169s] -- Set runtime path of "/debug/Desktop/cxy/ros2_ws/install/interfaces/lib/libinterfaces__rosidl_typesupport_fastrtps_c.so" to ""
[14.169s] -- Up-to-date: /debug/Desktop/cxy/ros2_ws/install/interfaces/include/interfaces
[14.169s] -- Up-to-date: /debug/Desktop/cxy/ros2_ws/install/interfaces/include/interfaces/msg
[14.169s] -- Installing: /debug/Desktop/cxy/ros2_ws/install/interfaces/include/interfaces/msg/rosidl_typesupport_fastrtps_cpp__visibility_control.h
[14.170s] -- Up-to-date: /debug/Desktop/cxy/ros2_ws/install/interfaces/include/interfaces/msg/detail
[14.170s] -- Installing: /debug/Desktop/cxy/ros2_ws/install/interfaces/include/interfaces/msg/detail/position__rosidl_typesupport_fastrtps_cpp.hpp
[14.170s] -- Installing: /debug/Desktop/cxy/ros2_ws/install/interfaces/include/interfaces/msg/detail/dds_fastrtps
[14.170s] -- Up-to-date: /debug/Desktop/cxy/ros2_ws/install/interfaces/include/interfaces/srv
[14.170s] -- Up-to-date: /debug/Desktop/cxy/ros2_ws/install/interfaces/include/interfaces/srv/detail
[14.170s] -- Installing: /debug/Desktop/cxy/ros2_ws/install/interfaces/include/interfaces/srv/detail/test__rosidl_typesupport_fastrtps_cpp.hpp
[14.171s] -- Installing: /debug/Desktop/cxy/ros2_ws/install/interfaces/include/interfaces/srv/detail/dds_fastrtps
[14.171s] -- Installing: /debug/Desktop/cxy/ros2_ws/install/interfaces/lib/libinterfaces__rosidl_typesupport_fastrtps_cpp.so
[14.171s] -- Set runtime path of "/debug/Desktop/cxy/ros2_ws/install/interfaces/lib/libinterfaces__rosidl_typesupport_fastrtps_cpp.so" to ""
[14.171s] -- Up-to-date: /debug/Desktop/cxy/ros2_ws/install/interfaces/include/interfaces
[14.171s] -- Up-to-date: /debug/Desktop/cxy/ros2_ws/install/interfaces/include/interfaces/msg
[14.172s] -- Installing: /debug/Desktop/cxy/ros2_ws/install/interfaces/include/interfaces/msg/rosidl_typesupport_introspection_c__visibility_control.h
[14.172s] -- Up-to-date: /debug/Desktop/cxy/ros2_ws/install/interfaces/include/interfaces/msg/detail
[14.172s] -- Installing: /debug/Desktop/cxy/ros2_ws/install/interfaces/include/interfaces/msg/detail/position__type_support.c
[14.172s] -- Installing: /debug/Desktop/cxy/ros2_ws/install/interfaces/include/interfaces/msg/detail/position__rosidl_typesupport_introspection_c.h
[14.172s] -- Up-to-date: /debug/Desktop/cxy/ros2_ws/install/interfaces/include/interfaces/srv
[14.172s] -- Up-to-date: /debug/Desktop/cxy/ros2_ws/install/interfaces/include/interfaces/srv/detail
[14.172s] -- Installing: /debug/Desktop/cxy/ros2_ws/install/interfaces/include/interfaces/srv/detail/test__type_support.c
[14.172s] -- Installing: /debug/Desktop/cxy/ros2_ws/install/interfaces/include/interfaces/srv/detail/test__rosidl_typesupport_introspection_c.h
[14.173s] -- Installing: /debug/Desktop/cxy/ros2_ws/install/interfaces/lib/libinterfaces__rosidl_typesupport_introspection_c.so
[14.173s] -- Set runtime path of "/debug/Desktop/cxy/ros2_ws/install/interfaces/lib/libinterfaces__rosidl_typesupport_introspection_c.so" to ""
[14.173s] -- Installing: /debug/Desktop/cxy/ros2_ws/install/interfaces/lib/libinterfaces__rosidl_typesupport_c.so
[14.173s] -- Set runtime path of "/debug/Desktop/cxy/ros2_ws/install/interfaces/lib/libinterfaces__rosidl_typesupport_c.so" to ""
[14.174s] -- Up-to-date: /debug/Desktop/cxy/ros2_ws/install/interfaces/include/interfaces
[14.174s] -- Up-to-date: /debug/Desktop/cxy/ros2_ws/install/interfaces/include/interfaces/msg
[14.174s] -- Installing: /debug/Desktop/cxy/ros2_ws/install/interfaces/include/interfaces/msg/position.hpp
[14.174s] -- Up-to-date: /debug/Desktop/cxy/ros2_ws/install/interfaces/include/interfaces/msg/detail
[14.174s] -- Installing: /debug/Desktop/cxy/ros2_ws/install/interfaces/include/interfaces/msg/detail/position__struct.hpp
[14.174s] -- Installing: /debug/Desktop/cxy/ros2_ws/install/interfaces/include/interfaces/msg/detail/position__traits.hpp
[14.174s] -- Installing: /debug/Desktop/cxy/ros2_ws/install/interfaces/include/interfaces/msg/detail/position__builder.hpp
[14.174s] -- Up-to-date: /debug/Desktop/cxy/ros2_ws/install/interfaces/include/interfaces/srv
[14.175s] -- Installing: /debug/Desktop/cxy/ros2_ws/install/interfaces/include/interfaces/srv/test.hpp
[14.175s] -- Up-to-date: /debug/Desktop/cxy/ros2_ws/install/interfaces/include/interfaces/srv/detail
[14.175s] -- Installing: /debug/Desktop/cxy/ros2_ws/install/interfaces/include/interfaces/srv/detail/test__struct.hpp
[14.175s] -- Installing: /debug/Desktop/cxy/ros2_ws/install/interfaces/include/interfaces/srv/detail/test__traits.hpp
[14.175s] -- Installing: /debug/Desktop/cxy/ros2_ws/install/interfaces/include/interfaces/srv/detail/test__builder.hpp
[14.175s] -- Up-to-date: /debug/Desktop/cxy/ros2_ws/install/interfaces/include/interfaces
[14.175s] -- Up-to-date: /debug/Desktop/cxy/ros2_ws/install/interfaces/include/interfaces/msg
[14.175s] -- Up-to-date: /debug/Desktop/cxy/ros2_ws/install/interfaces/include/interfaces/msg/detail
[14.176s] -- Installing: /debug/Desktop/cxy/ros2_ws/install/interfaces/include/interfaces/msg/detail/position__type_support.cpp
[14.176s] -- Installing: /debug/Desktop/cxy/ros2_ws/install/interfaces/include/interfaces/msg/detail/position__rosidl_typesupport_introspection_cpp.hpp
[14.176s] -- Up-to-date: /debug/Desktop/cxy/ros2_ws/install/interfaces/include/interfaces/srv
[14.176s] -- Up-to-date: /debug/Desktop/cxy/ros2_ws/install/interfaces/include/interfaces/srv/detail
[14.176s] -- Installing: /debug/Desktop/cxy/ros2_ws/install/interfaces/include/interfaces/srv/detail/test__type_support.cpp
[14.176s] -- Installing: /debug/Desktop/cxy/ros2_ws/install/interfaces/include/interfaces/srv/detail/test__rosidl_typesupport_introspection_cpp.hpp
[14.176s] -- Installing: /debug/Desktop/cxy/ros2_ws/install/interfaces/lib/libinterfaces__rosidl_typesupport_introspection_cpp.so
[14.177s] -- Set runtime path of "/debug/Desktop/cxy/ros2_ws/install/interfaces/lib/libinterfaces__rosidl_typesupport_introspection_cpp.so" to ""
[14.177s] -- Installing: /debug/Desktop/cxy/ros2_ws/install/interfaces/lib/libinterfaces__rosidl_typesupport_cpp.so
[14.177s] -- Set runtime path of "/debug/Desktop/cxy/ros2_ws/install/interfaces/lib/libinterfaces__rosidl_typesupport_cpp.so" to ""
[14.177s] -- Installing: /debug/Desktop/cxy/ros2_ws/install/interfaces/share/interfaces/environment/pythonpath.sh
[14.178s] -- Installing: /debug/Desktop/cxy/ros2_ws/install/interfaces/share/interfaces/environment/pythonpath.dsv
[14.178s] -- Installing: /debug/Desktop/cxy/ros2_ws/install/interfaces/lib/python3.8/site-packages/interfaces/__init__.py
[14.221s] Compiling '/debug/Desktop/cxy/ros2_ws/install/interfaces/lib/python3.8/site-packages/interfaces/__init__.py'...
[14.227s] -- Installing: /debug/Desktop/cxy/ros2_ws/install/interfaces/lib/python3.8/site-packages/interfaces/srv
[14.227s] -- Installing: /debug/Desktop/cxy/ros2_ws/install/interfaces/lib/python3.8/site-packages/interfaces/srv/__init__.py
[14.227s] -- Installing: /debug/Desktop/cxy/ros2_ws/install/interfaces/lib/python3.8/site-packages/interfaces/srv/_test_s.c
[14.227s] -- Installing: /debug/Desktop/cxy/ros2_ws/install/interfaces/lib/python3.8/site-packages/interfaces/srv/_test.py
[14.227s] -- Installing: /debug/Desktop/cxy/ros2_ws/install/interfaces/lib/python3.8/site-packages/interfaces/msg
[14.228s] -- Installing: /debug/Desktop/cxy/ros2_ws/install/interfaces/lib/python3.8/site-packages/interfaces/msg/__init__.py
[14.228s] -- Installing: /debug/Desktop/cxy/ros2_ws/install/interfaces/lib/python3.8/site-packages/interfaces/msg/_position.py
[14.228s] -- Installing: /debug/Desktop/cxy/ros2_ws/install/interfaces/lib/python3.8/site-packages/interfaces/msg/_position_s.c
[14.228s] -- Installing: /debug/Desktop/cxy/ros2_ws/install/interfaces/lib/python3.8/site-packages/interfaces/interfaces_s__rosidl_typesupport_fastrtps_c.cpython-38-x86_64-linux-gnu.so
[14.229s] -- Set runtime path of "/debug/Desktop/cxy/ros2_ws/install/interfaces/lib/python3.8/site-packages/interfaces/interfaces_s__rosidl_typesupport_fastrtps_c.cpython-38-x86_64-linux-gnu.so" to ""
[14.229s] -- Installing: /debug/Desktop/cxy/ros2_ws/install/interfaces/lib/python3.8/site-packages/interfaces/interfaces_s__rosidl_typesupport_introspection_c.cpython-38-x86_64-linux-gnu.so
[14.229s] -- Set runtime path of "/debug/Desktop/cxy/ros2_ws/install/interfaces/lib/python3.8/site-packages/interfaces/interfaces_s__rosidl_typesupport_introspection_c.cpython-38-x86_64-linux-gnu.so" to ""
[14.230s] -- Installing: /debug/Desktop/cxy/ros2_ws/install/interfaces/lib/python3.8/site-packages/interfaces/interfaces_s__rosidl_typesupport_c.cpython-38-x86_64-linux-gnu.so
[14.230s] -- Set runtime path of "/debug/Desktop/cxy/ros2_ws/install/interfaces/lib/python3.8/site-packages/interfaces/interfaces_s__rosidl_typesupport_c.cpython-38-x86_64-linux-gnu.so" to ""
[14.230s] -- Installing: /debug/Desktop/cxy/ros2_ws/install/interfaces/lib/libinterfaces__python.so
[14.231s] -- Set runtime path of "/debug/Desktop/cxy/ros2_ws/install/interfaces/lib/libinterfaces__python.so" to ""
[14.231s] -- Installing: /debug/Desktop/cxy/ros2_ws/install/interfaces/share/interfaces/srv/Test.idl
[14.231s] -- Installing: /debug/Desktop/cxy/ros2_ws/install/interfaces/share/interfaces/msg/Position.idl
[14.232s] -- Installing: /debug/Desktop/cxy/ros2_ws/install/interfaces/share/interfaces/srv/Test.srv
[14.232s] -- Installing: /debug/Desktop/cxy/ros2_ws/install/interfaces/share/interfaces/srv/Test_Request.msg
[14.232s] -- Installing: /debug/Desktop/cxy/ros2_ws/install/interfaces/share/interfaces/srv/Test_Response.msg
[14.232s] -- Installing: /debug/Desktop/cxy/ros2_ws/install/interfaces/share/interfaces/msg/Position.msg
[14.232s] -- Installing: /debug/Desktop/cxy/ros2_ws/install/interfaces/share/ament_index/resource_index/package_run_dependencies/interfaces
[14.233s] -- Installing: /debug/Desktop/cxy/ros2_ws/install/interfaces/share/ament_index/resource_index/parent_prefix_path/interfaces
[14.233s] -- Installing: /debug/Desktop/cxy/ros2_ws/install/interfaces/share/interfaces/environment/ament_prefix_path.sh
[14.233s] -- Installing: /debug/Desktop/cxy/ros2_ws/install/interfaces/share/interfaces/environment/ament_prefix_path.dsv
[14.233s] -- Installing: /debug/Desktop/cxy/ros2_ws/install/interfaces/share/interfaces/environment/path.sh
[14.234s] -- Installing: /debug/Desktop/cxy/ros2_ws/install/interfaces/share/interfaces/environment/path.dsv
[14.234s] -- Installing: /debug/Desktop/cxy/ros2_ws/install/interfaces/share/interfaces/local_setup.bash
[14.234s] -- Installing: /debug/Desktop/cxy/ros2_ws/install/interfaces/share/interfaces/local_setup.sh
[14.234s] -- Installing: /debug/Desktop/cxy/ros2_ws/install/interfaces/share/interfaces/local_setup.zsh
[14.234s] -- Installing: /debug/Desktop/cxy/ros2_ws/install/interfaces/share/interfaces/local_setup.dsv
[14.235s] -- Installing: /debug/Desktop/cxy/ros2_ws/install/interfaces/share/interfaces/package.dsv
[14.235s] -- Installing: /debug/Desktop/cxy/ros2_ws/install/interfaces/share/ament_index/resource_index/packages/interfaces
[14.235s] -- Installing: /debug/Desktop/cxy/ros2_ws/install/interfaces/share/interfaces/cmake/interfaces__rosidl_generator_cExport.cmake
[14.235s] -- Installing: /debug/Desktop/cxy/ros2_ws/install/interfaces/share/interfaces/cmake/interfaces__rosidl_generator_cExport-noconfig.cmake
[14.236s] -- Installing: /debug/Desktop/cxy/ros2_ws/install/interfaces/share/interfaces/cmake/interfaces__rosidl_typesupport_introspection_cExport.cmake
[14.236s] -- Installing: /debug/Desktop/cxy/ros2_ws/install/interfaces/share/interfaces/cmake/interfaces__rosidl_typesupport_introspection_cExport-noconfig.cmake
[14.236s] -- Installing: /debug/Desktop/cxy/ros2_ws/install/interfaces/share/interfaces/cmake/interfaces__rosidl_typesupport_cExport.cmake
[14.236s] -- Installing: /debug/Desktop/cxy/ros2_ws/install/interfaces/share/interfaces/cmake/interfaces__rosidl_typesupport_cExport-noconfig.cmake
[14.237s] -- Installing: /debug/Desktop/cxy/ros2_ws/install/interfaces/share/interfaces/cmake/interfaces__rosidl_generator_cppExport.cmake
[14.237s] -- Installing: /debug/Desktop/cxy/ros2_ws/install/interfaces/share/interfaces/cmake/interfaces__rosidl_typesupport_introspection_cppExport.cmake
[14.237s] -- Installing: /debug/Desktop/cxy/ros2_ws/install/interfaces/share/interfaces/cmake/interfaces__rosidl_typesupport_introspection_cppExport-noconfig.cmake
[14.237s] -- Installing: /debug/Desktop/cxy/ros2_ws/install/interfaces/share/interfaces/cmake/interfaces__rosidl_typesupport_cppExport.cmake
[14.238s] -- Installing: /debug/Desktop/cxy/ros2_ws/install/interfaces/share/interfaces/cmake/interfaces__rosidl_typesupport_cppExport-noconfig.cmake
[14.238s] -- Installing: /debug/Desktop/cxy/ros2_ws/install/interfaces/share/interfaces/cmake/rosidl_cmake-extras.cmake
[14.238s] -- Installing: /debug/Desktop/cxy/ros2_ws/install/interfaces/share/interfaces/cmake/ament_cmake_export_dependencies-extras.cmake
[14.238s] -- Installing: /debug/Desktop/cxy/ros2_ws/install/interfaces/share/interfaces/cmake/ament_cmake_export_libraries-extras.cmake
[14.238s] -- Installing: /debug/Desktop/cxy/ros2_ws/install/interfaces/share/interfaces/cmake/ament_cmake_export_targets-extras.cmake
[14.239s] -- Installing: /debug/Desktop/cxy/ros2_ws/install/interfaces/share/interfaces/cmake/ament_cmake_export_include_directories-extras.cmake
[14.239s] -- Installing: /debug/Desktop/cxy/ros2_ws/install/interfaces/share/interfaces/cmake/rosidl_cmake_export_typesupport_libraries-extras.cmake
[14.239s] -- Installing: /debug/Desktop/cxy/ros2_ws/install/interfaces/share/interfaces/cmake/rosidl_cmake_export_typesupport_targets-extras.cmake
[14.239s] -- Installing: /debug/Desktop/cxy/ros2_ws/install/interfaces/share/interfaces/cmake/interfacesConfig.cmake
[14.239s] -- Installing: /debug/Desktop/cxy/ros2_ws/install/interfaces/share/interfaces/cmake/interfacesConfig-version.cmake
[14.240s] -- Installing: /debug/Desktop/cxy/ros2_ws/install/interfaces/share/interfaces/package.xml
[14.245s] Invoked command in '/debug/Desktop/cxy/ros2_ws/build/interfaces' returned '0': /usr/bin/cmake --install /debug/Desktop/cxy/ros2_ws/build/interfaces
