[0.008s] Invoking command in '/workspace/cxy/Robot_Operating_System/ros2_ws/build/interfaces': /usr/bin/cmake --build /workspace/cxy/Robot_Operating_System/ros2_ws/build/interfaces -- -j20 -l20
[0.023s] [  3%] Built target interfaces__cpp
[0.024s] [ 12%] Built target interfaces__rosidl_generator_c
[0.030s] [ 22%] Built target interfaces__rosidl_typesupport_cpp
[0.030s] [ 38%] Built target interfaces__rosidl_typesupport_fastrtps_cpp
[0.031s] [ 41%] Built target interfaces__rosidl_typesupport_introspection_cpp
[0.037s] [ 58%] Built target interfaces__rosidl_typesupport_introspection_c
[0.037s] [ 61%] Built target interfaces__rosidl_typesupport_c
[0.044s] [ 70%] Built target interfaces__rosidl_typesupport_fastrtps_c
[0.051s] [ 70%] Built target interfaces
[0.058s] [ 74%] Built target interfaces__py
[0.065s] [ 80%] Built target interfaces__python
[0.072s] [ 93%] Built target interfaces__rosidl_typesupport_fastrtps_c__pyext
[0.072s] [ 93%] Built target interfaces__rosidl_typesupport_c__pyext
[0.072s] [100%] Built target interfaces__rosidl_typesupport_introspection_c__pyext
[0.076s] Invoked command in '/workspace/cxy/Robot_Operating_System/ros2_ws/build/interfaces' returned '0': /usr/bin/cmake --build /workspace/cxy/Robot_Operating_System/ros2_ws/build/interfaces -- -j20 -l20
[0.103s] Invoking command in '/workspace/cxy/Robot_Operating_System/ros2_ws/build/interfaces': /usr/bin/cmake --install /workspace/cxy/Robot_Operating_System/ros2_ws/build/interfaces
[0.105s] -- Install configuration: ""
[0.105s] -- Up-to-date: /workspace/cxy/Robot_Operating_System/ros2_ws/install/interfaces/share/ament_index/resource_index/rosidl_interfaces/interfaces
[0.105s] -- Up-to-date: /workspace/cxy/Robot_Operating_System/ros2_ws/install/interfaces/include/interfaces
[0.105s] -- Up-to-date: /workspace/cxy/Robot_Operating_System/ros2_ws/install/interfaces/include/interfaces/msg
[0.105s] -- Up-to-date: /workspace/cxy/Robot_Operating_System/ros2_ws/install/interfaces/include/interfaces/msg/rosidl_generator_c__visibility_control.h
[0.105s] -- Up-to-date: /workspace/cxy/Robot_Operating_System/ros2_ws/install/interfaces/include/interfaces/msg/detail
[0.105s] -- Up-to-date: /workspace/cxy/Robot_Operating_System/ros2_ws/install/interfaces/include/interfaces/msg/detail/num__type_support.h
[0.105s] -- Up-to-date: /workspace/cxy/Robot_Operating_System/ros2_ws/install/interfaces/include/interfaces/msg/detail/num__functions.h
[0.105s] -- Up-to-date: /workspace/cxy/Robot_Operating_System/ros2_ws/install/interfaces/include/interfaces/msg/detail/num__struct.h
[0.105s] -- Up-to-date: /workspace/cxy/Robot_Operating_System/ros2_ws/install/interfaces/include/interfaces/msg/detail/num__functions.c
[0.105s] -- Up-to-date: /workspace/cxy/Robot_Operating_System/ros2_ws/install/interfaces/include/interfaces/msg/num.h
[0.105s] -- Up-to-date: /workspace/cxy/Robot_Operating_System/ros2_ws/install/interfaces/share/interfaces/environment/library_path.sh
[0.105s] -- Up-to-date: /workspace/cxy/Robot_Operating_System/ros2_ws/install/interfaces/share/interfaces/environment/library_path.dsv
[0.105s] -- Up-to-date: /workspace/cxy/Robot_Operating_System/ros2_ws/install/interfaces/lib/libinterfaces__rosidl_generator_c.so
[0.105s] -- Up-to-date: /workspace/cxy/Robot_Operating_System/ros2_ws/install/interfaces/include/interfaces
[0.105s] -- Up-to-date: /workspace/cxy/Robot_Operating_System/ros2_ws/install/interfaces/include/interfaces/msg
[0.105s] -- Up-to-date: /workspace/cxy/Robot_Operating_System/ros2_ws/install/interfaces/include/interfaces/msg/rosidl_typesupport_fastrtps_c__visibility_control.h
[0.106s] -- Up-to-date: /workspace/cxy/Robot_Operating_System/ros2_ws/install/interfaces/include/interfaces/msg/detail
[0.106s] -- Up-to-date: /workspace/cxy/Robot_Operating_System/ros2_ws/install/interfaces/include/interfaces/msg/detail/num__rosidl_typesupport_fastrtps_c.h
[0.106s] -- Up-to-date: /workspace/cxy/Robot_Operating_System/ros2_ws/install/interfaces/lib/libinterfaces__rosidl_typesupport_fastrtps_c.so
[0.106s] -- Up-to-date: /workspace/cxy/Robot_Operating_System/ros2_ws/install/interfaces/include/interfaces
[0.106s] -- Up-to-date: /workspace/cxy/Robot_Operating_System/ros2_ws/install/interfaces/include/interfaces/msg
[0.106s] -- Up-to-date: /workspace/cxy/Robot_Operating_System/ros2_ws/install/interfaces/include/interfaces/msg/rosidl_typesupport_fastrtps_cpp__visibility_control.h
[0.106s] -- Up-to-date: /workspace/cxy/Robot_Operating_System/ros2_ws/install/interfaces/include/interfaces/msg/detail
[0.106s] -- Up-to-date: /workspace/cxy/Robot_Operating_System/ros2_ws/install/interfaces/include/interfaces/msg/detail/dds_fastrtps
[0.106s] -- Up-to-date: /workspace/cxy/Robot_Operating_System/ros2_ws/install/interfaces/include/interfaces/msg/detail/num__rosidl_typesupport_fastrtps_cpp.hpp
[0.106s] -- Up-to-date: /workspace/cxy/Robot_Operating_System/ros2_ws/install/interfaces/lib/libinterfaces__rosidl_typesupport_fastrtps_cpp.so
[0.106s] -- Up-to-date: /workspace/cxy/Robot_Operating_System/ros2_ws/install/interfaces/include/interfaces
[0.106s] -- Up-to-date: /workspace/cxy/Robot_Operating_System/ros2_ws/install/interfaces/include/interfaces/msg
[0.106s] -- Up-to-date: /workspace/cxy/Robot_Operating_System/ros2_ws/install/interfaces/include/interfaces/msg/detail
[0.106s] -- Up-to-date: /workspace/cxy/Robot_Operating_System/ros2_ws/install/interfaces/include/interfaces/msg/detail/num__type_support.c
[0.106s] -- Up-to-date: /workspace/cxy/Robot_Operating_System/ros2_ws/install/interfaces/include/interfaces/msg/detail/num__rosidl_typesupport_introspection_c.h
[0.106s] -- Up-to-date: /workspace/cxy/Robot_Operating_System/ros2_ws/install/interfaces/include/interfaces/msg/rosidl_typesupport_introspection_c__visibility_control.h
[0.106s] -- Up-to-date: /workspace/cxy/Robot_Operating_System/ros2_ws/install/interfaces/lib/libinterfaces__rosidl_typesupport_introspection_c.so
[0.106s] -- Up-to-date: /workspace/cxy/Robot_Operating_System/ros2_ws/install/interfaces/lib/libinterfaces__rosidl_typesupport_c.so
[0.106s] -- Up-to-date: /workspace/cxy/Robot_Operating_System/ros2_ws/install/interfaces/include/interfaces
[0.106s] -- Up-to-date: /workspace/cxy/Robot_Operating_System/ros2_ws/install/interfaces/include/interfaces/msg
[0.106s] -- Up-to-date: /workspace/cxy/Robot_Operating_System/ros2_ws/install/interfaces/include/interfaces/msg/detail
[0.106s] -- Up-to-date: /workspace/cxy/Robot_Operating_System/ros2_ws/install/interfaces/include/interfaces/msg/detail/num__traits.hpp
[0.106s] -- Up-to-date: /workspace/cxy/Robot_Operating_System/ros2_ws/install/interfaces/include/interfaces/msg/detail/num__builder.hpp
[0.106s] -- Up-to-date: /workspace/cxy/Robot_Operating_System/ros2_ws/install/interfaces/include/interfaces/msg/detail/num__struct.hpp
[0.106s] -- Up-to-date: /workspace/cxy/Robot_Operating_System/ros2_ws/install/interfaces/include/interfaces/msg/num.hpp
[0.106s] -- Up-to-date: /workspace/cxy/Robot_Operating_System/ros2_ws/install/interfaces/include/interfaces
[0.106s] -- Up-to-date: /workspace/cxy/Robot_Operating_System/ros2_ws/install/interfaces/include/interfaces/msg
[0.106s] -- Up-to-date: /workspace/cxy/Robot_Operating_System/ros2_ws/install/interfaces/include/interfaces/msg/detail
[0.106s] -- Up-to-date: /workspace/cxy/Robot_Operating_System/ros2_ws/install/interfaces/include/interfaces/msg/detail/num__rosidl_typesupport_introspection_cpp.hpp
[0.106s] -- Up-to-date: /workspace/cxy/Robot_Operating_System/ros2_ws/install/interfaces/include/interfaces/msg/detail/num__type_support.cpp
[0.106s] -- Up-to-date: /workspace/cxy/Robot_Operating_System/ros2_ws/install/interfaces/lib/libinterfaces__rosidl_typesupport_introspection_cpp.so
[0.106s] -- Up-to-date: /workspace/cxy/Robot_Operating_System/ros2_ws/install/interfaces/lib/libinterfaces__rosidl_typesupport_cpp.so
[0.106s] -- Up-to-date: /workspace/cxy/Robot_Operating_System/ros2_ws/install/interfaces/share/interfaces/environment/pythonpath.sh
[0.106s] -- Up-to-date: /workspace/cxy/Robot_Operating_System/ros2_ws/install/interfaces/share/interfaces/environment/pythonpath.dsv
[0.107s] -- Up-to-date: /workspace/cxy/Robot_Operating_System/ros2_ws/install/interfaces/lib/python3.8/site-packages/interfaces/__init__.py
[0.125s] -- Up-to-date: /workspace/cxy/Robot_Operating_System/ros2_ws/install/interfaces/lib/python3.8/site-packages/interfaces/msg
[0.126s] -- Up-to-date: /workspace/cxy/Robot_Operating_System/ros2_ws/install/interfaces/lib/python3.8/site-packages/interfaces/msg/_num.py
[0.126s] -- Up-to-date: /workspace/cxy/Robot_Operating_System/ros2_ws/install/interfaces/lib/python3.8/site-packages/interfaces/msg/_num_s.c
[0.126s] -- Up-to-date: /workspace/cxy/Robot_Operating_System/ros2_ws/install/interfaces/lib/python3.8/site-packages/interfaces/msg/__init__.py
[0.126s] -- Up-to-date: /workspace/cxy/Robot_Operating_System/ros2_ws/install/interfaces/lib/python3.8/site-packages/interfaces/interfaces_s__rosidl_typesupport_fastrtps_c.cpython-38-x86_64-linux-gnu.so
[0.126s] -- Up-to-date: /workspace/cxy/Robot_Operating_System/ros2_ws/install/interfaces/lib/python3.8/site-packages/interfaces/interfaces_s__rosidl_typesupport_introspection_c.cpython-38-x86_64-linux-gnu.so
[0.126s] -- Up-to-date: /workspace/cxy/Robot_Operating_System/ros2_ws/install/interfaces/lib/python3.8/site-packages/interfaces/interfaces_s__rosidl_typesupport_c.cpython-38-x86_64-linux-gnu.so
[0.126s] -- Up-to-date: /workspace/cxy/Robot_Operating_System/ros2_ws/install/interfaces/lib/libinterfaces__python.so
[0.126s] -- Up-to-date: /workspace/cxy/Robot_Operating_System/ros2_ws/install/interfaces/share/interfaces/msg/Num.idl
[0.126s] -- Up-to-date: /workspace/cxy/Robot_Operating_System/ros2_ws/install/interfaces/share/interfaces/msg/Num.msg
[0.126s] -- Up-to-date: /workspace/cxy/Robot_Operating_System/ros2_ws/install/interfaces/share/ament_index/resource_index/package_run_dependencies/interfaces
[0.126s] -- Up-to-date: /workspace/cxy/Robot_Operating_System/ros2_ws/install/interfaces/share/ament_index/resource_index/parent_prefix_path/interfaces
[0.126s] -- Up-to-date: /workspace/cxy/Robot_Operating_System/ros2_ws/install/interfaces/share/interfaces/environment/ament_prefix_path.sh
[0.126s] -- Up-to-date: /workspace/cxy/Robot_Operating_System/ros2_ws/install/interfaces/share/interfaces/environment/ament_prefix_path.dsv
[0.126s] -- Up-to-date: /workspace/cxy/Robot_Operating_System/ros2_ws/install/interfaces/share/interfaces/environment/path.sh
[0.126s] -- Up-to-date: /workspace/cxy/Robot_Operating_System/ros2_ws/install/interfaces/share/interfaces/environment/path.dsv
[0.126s] -- Up-to-date: /workspace/cxy/Robot_Operating_System/ros2_ws/install/interfaces/share/interfaces/local_setup.bash
[0.126s] -- Up-to-date: /workspace/cxy/Robot_Operating_System/ros2_ws/install/interfaces/share/interfaces/local_setup.sh
[0.126s] -- Up-to-date: /workspace/cxy/Robot_Operating_System/ros2_ws/install/interfaces/share/interfaces/local_setup.zsh
[0.126s] -- Up-to-date: /workspace/cxy/Robot_Operating_System/ros2_ws/install/interfaces/share/interfaces/local_setup.dsv
[0.126s] -- Installing: /workspace/cxy/Robot_Operating_System/ros2_ws/install/interfaces/share/interfaces/package.dsv
[0.126s] -- Up-to-date: /workspace/cxy/Robot_Operating_System/ros2_ws/install/interfaces/share/ament_index/resource_index/packages/interfaces
[0.126s] -- Up-to-date: /workspace/cxy/Robot_Operating_System/ros2_ws/install/interfaces/share/interfaces/cmake/interfaces__rosidl_generator_cExport.cmake
[0.127s] -- Up-to-date: /workspace/cxy/Robot_Operating_System/ros2_ws/install/interfaces/share/interfaces/cmake/interfaces__rosidl_generator_cExport-noconfig.cmake
[0.127s] -- Up-to-date: /workspace/cxy/Robot_Operating_System/ros2_ws/install/interfaces/share/interfaces/cmake/interfaces__rosidl_typesupport_introspection_cExport.cmake
[0.127s] -- Up-to-date: /workspace/cxy/Robot_Operating_System/ros2_ws/install/interfaces/share/interfaces/cmake/interfaces__rosidl_typesupport_introspection_cExport-noconfig.cmake
[0.127s] -- Up-to-date: /workspace/cxy/Robot_Operating_System/ros2_ws/install/interfaces/share/interfaces/cmake/interfaces__rosidl_typesupport_cExport.cmake
[0.127s] -- Up-to-date: /workspace/cxy/Robot_Operating_System/ros2_ws/install/interfaces/share/interfaces/cmake/interfaces__rosidl_typesupport_cExport-noconfig.cmake
[0.127s] -- Up-to-date: /workspace/cxy/Robot_Operating_System/ros2_ws/install/interfaces/share/interfaces/cmake/interfaces__rosidl_generator_cppExport.cmake
[0.127s] -- Up-to-date: /workspace/cxy/Robot_Operating_System/ros2_ws/install/interfaces/share/interfaces/cmake/interfaces__rosidl_typesupport_introspection_cppExport.cmake
[0.127s] -- Up-to-date: /workspace/cxy/Robot_Operating_System/ros2_ws/install/interfaces/share/interfaces/cmake/interfaces__rosidl_typesupport_introspection_cppExport-noconfig.cmake
[0.127s] -- Up-to-date: /workspace/cxy/Robot_Operating_System/ros2_ws/install/interfaces/share/interfaces/cmake/interfaces__rosidl_typesupport_cppExport.cmake
[0.127s] -- Up-to-date: /workspace/cxy/Robot_Operating_System/ros2_ws/install/interfaces/share/interfaces/cmake/interfaces__rosidl_typesupport_cppExport-noconfig.cmake
[0.127s] -- Up-to-date: /workspace/cxy/Robot_Operating_System/ros2_ws/install/interfaces/share/interfaces/cmake/rosidl_cmake-extras.cmake
[0.127s] -- Up-to-date: /workspace/cxy/Robot_Operating_System/ros2_ws/install/interfaces/share/interfaces/cmake/ament_cmake_export_dependencies-extras.cmake
[0.127s] -- Up-to-date: /workspace/cxy/Robot_Operating_System/ros2_ws/install/interfaces/share/interfaces/cmake/ament_cmake_export_libraries-extras.cmake
[0.127s] -- Up-to-date: /workspace/cxy/Robot_Operating_System/ros2_ws/install/interfaces/share/interfaces/cmake/ament_cmake_export_targets-extras.cmake
[0.127s] -- Up-to-date: /workspace/cxy/Robot_Operating_System/ros2_ws/install/interfaces/share/interfaces/cmake/ament_cmake_export_include_directories-extras.cmake
[0.127s] -- Up-to-date: /workspace/cxy/Robot_Operating_System/ros2_ws/install/interfaces/share/interfaces/cmake/rosidl_cmake_export_typesupport_libraries-extras.cmake
[0.127s] -- Up-to-date: /workspace/cxy/Robot_Operating_System/ros2_ws/install/interfaces/share/interfaces/cmake/rosidl_cmake_export_typesupport_targets-extras.cmake
[0.127s] -- Up-to-date: /workspace/cxy/Robot_Operating_System/ros2_ws/install/interfaces/share/interfaces/cmake/interfacesConfig.cmake
[0.127s] -- Up-to-date: /workspace/cxy/Robot_Operating_System/ros2_ws/install/interfaces/share/interfaces/cmake/interfacesConfig-version.cmake
[0.127s] -- Up-to-date: /workspace/cxy/Robot_Operating_System/ros2_ws/install/interfaces/share/interfaces/package.xml
[0.128s] Invoked command in '/workspace/cxy/Robot_Operating_System/ros2_ws/build/interfaces' returned '0': /usr/bin/cmake --install /workspace/cxy/Robot_Operating_System/ros2_ws/build/interfaces
