[0.008s] Invoking command in '/workspace/cxy/Robot_Operating_System/ros2_ws/build/interfaces': /usr/bin/cmake /workspace/cxy/Robot_Operating_System/ros2_ws/src/interfaces -DCMAKE_INSTALL_PREFIX=/workspace/cxy/Robot_Operating_System/ros2_ws/install/interfaces
[0.036s] -- The C compiler identification is GNU 9.3.0
[0.067s] -- The CXX compiler identification is GNU 9.3.0
[0.071s] -- Detecting C compiler ABI info
[0.102s] -- Detecting C compiler ABI info - done
[0.108s] -- Check for working C compiler: /usr/bin/cc - skipped
[0.108s] -- Detecting C compile features
[0.108s] -- Detecting C compile features - done
[0.110s] -- Detecting CXX compiler ABI info
[0.148s] -- Detecting CXX compiler ABI info - done
[0.153s] -- Check for working CXX compiler: /usr/bin/g++ - skipped
[0.153s] -- Detecting CXX compile features
[0.153s] -- Detecting CXX compile features - done
[0.155s] -- Found ament_cmake: 0.9.9 (/opt/ros/foxy/share/ament_cmake/cmake)
[0.170s] -- Found PythonInterp: /usr/bin/python3 (found suitable version "3.8.10", minimum required is "3") 
[0.170s] -- Using PYTHON_EXECUTABLE: /usr/bin/python3
[0.288s] -- Found rosidl_default_generators: 1.0.1 (/opt/ros/foxy/share/rosidl_default_generators/cmake)
[0.290s] -- Using all available rosidl_typesupport_c: rosidl_typesupport_fastrtps_c;rosidl_typesupport_introspection_c
[0.294s] -- Found rosidl_adapter: 1.2.1 (/opt/ros/foxy/share/rosidl_adapter/cmake)
[0.361s] -- Found OpenSSL: /usr/lib/x86_64-linux-gnu/libcrypto.so (found version "1.1.1f")  
[0.384s] -- Found FastRTPS: /opt/ros/foxy/include  
[0.443s] -- Using all available rosidl_typesupport_cpp: rosidl_typesupport_fastrtps_cpp;rosidl_typesupport_introspection_cpp
[0.468s] -- Found PythonInterp: /usr/bin/python3 (found version "3.8.10") 
[0.528s] -- Found ament_cmake_ros: 0.9.2 (/opt/ros/foxy/share/ament_cmake_ros/cmake)
[0.605s] -- Using all available rosidl_typesupport_c: rosidl_typesupport_fastrtps_c;rosidl_typesupport_introspection_c
[0.608s] -- Using all available rosidl_typesupport_cpp: rosidl_typesupport_fastrtps_cpp;rosidl_typesupport_introspection_cpp
[0.621s] -- Found PythonInterp: /usr/bin/python3 (found suitable version "3.8.10", minimum required is "3.5") 
[0.622s] -- Found python_cmake_module: 0.8.1 (/opt/ros/foxy/share/python_cmake_module/cmake)
[0.638s] -- Found PythonLibs: /usr/lib/x86_64-linux-gnu/libpython3.8.so (found suitable version "3.8.10", minimum required is "3.5") 
[0.638s] -- Using PYTHON_EXECUTABLE: /usr/bin/python3
[0.638s] -- Using PYTHON_INCLUDE_DIRS: /usr/include/python3.8
[0.639s] -- Using PYTHON_LIBRARIES: /usr/lib/x86_64-linux-gnu/libpython3.8.so
[0.653s] -- Found PythonExtra: .so  
[0.674s] -- Found ament_lint_auto: 0.9.6 (/opt/ros/foxy/share/ament_lint_auto/cmake)
[0.687s] -- Added test 'copyright' to check source files copyright and LICENSE
[0.688s] -- Added test 'lint_cmake' to check CMake code style
[0.689s] -- Added test 'xmllint' to check XML markup files
[0.690s] -- Configuring done
[0.704s] -- Generating done
[0.705s] -- Build files have been written to: /workspace/cxy/Robot_Operating_System/ros2_ws/build/interfaces
[0.710s] Invoked command in '/workspace/cxy/Robot_Operating_System/ros2_ws/build/interfaces' returned '0': /usr/bin/cmake /workspace/cxy/Robot_Operating_System/ros2_ws/src/interfaces -DCMAKE_INSTALL_PREFIX=/workspace/cxy/Robot_Operating_System/ros2_ws/install/interfaces
[0.710s] Invoking command in '/workspace/cxy/Robot_Operating_System/ros2_ws/build/interfaces': /usr/bin/cmake --build /workspace/cxy/Robot_Operating_System/ros2_ws/build/interfaces -- -j20 -l20
[0.721s] [  3%] [34m[1mGenerating C code for ROS interfaces[0m
[0.724s] [  6%] [34m[1mGenerating C++ code for ROS interfaces[0m
[0.832s] [  6%] Built target interfaces__cpp
[0.833s] [  9%] [32mBuilding C object CMakeFiles/interfaces__rosidl_generator_c.dir/rosidl_generator_c/interfaces/msg/detail/num__functions.c.o[0m
[0.835s] [ 12%] [34m[1mGenerating C++ type support dispatch for ROS interfaces[0m
[0.835s] [ 16%] [34m[1mGenerating C++ type support for eProsima Fast-RTPS[0m
[0.835s] [ 19%] [34m[1mGenerating C++ introspection for ROS interfaces[0m
[0.853s] [ 22%] [32m[1mLinking C shared library libinterfaces__rosidl_generator_c.so[0m
[0.869s] [ 22%] Built target interfaces__rosidl_generator_c
[0.872s] [ 29%] [34m[1mGenerating C type support dispatch for ROS interfaces[0m
[0.872s] [ 29%] [34m[1mGenerating C introspection for ROS interfaces[0m
[0.943s] [ 32%] [32mBuilding CXX object CMakeFiles/interfaces__rosidl_typesupport_cpp.dir/rosidl_typesupport_cpp/interfaces/msg/num__type_support.cpp.o[0m
[0.946s] [ 35%] [32mBuilding CXX object CMakeFiles/interfaces__rosidl_typesupport_introspection_cpp.dir/rosidl_typesupport_introspection_cpp/interfaces/msg/detail/num__type_support.cpp.o[0m
[0.949s] [ 38%] [32mBuilding CXX object CMakeFiles/interfaces__rosidl_typesupport_fastrtps_cpp.dir/rosidl_typesupport_fastrtps_cpp/interfaces/msg/detail/dds_fastrtps/num__type_support.cpp.o[0m
[0.978s] [ 41%] [32mBuilding CXX object CMakeFiles/interfaces__rosidl_typesupport_c.dir/rosidl_typesupport_c/interfaces/msg/num__type_support.cpp.o[0m
[0.984s] [ 45%] [32mBuilding C object CMakeFiles/interfaces__rosidl_typesupport_introspection_c.dir/rosidl_typesupport_introspection_c/interfaces/msg/detail/num__type_support.c.o[0m
[0.998s] [ 48%] [32m[1mLinking CXX shared library libinterfaces__rosidl_typesupport_c.so[0m
[1.000s] [ 51%] [32m[1mLinking C shared library libinterfaces__rosidl_typesupport_introspection_c.so[0m
[1.011s] [ 51%] Built target interfaces__rosidl_typesupport_introspection_c
[1.015s] [ 51%] Built target interfaces__rosidl_typesupport_c
[1.086s] [ 54%] [32m[1mLinking CXX shared library libinterfaces__rosidl_typesupport_introspection_cpp.so[0m
[1.103s] [ 58%] [32m[1mLinking CXX shared library libinterfaces__rosidl_typesupport_cpp.so[0m
[1.103s] [ 58%] Built target interfaces__rosidl_typesupport_introspection_cpp
[1.119s] [ 58%] Built target interfaces__rosidl_typesupport_cpp
[1.152s] [ 61%] [32m[1mLinking CXX shared library libinterfaces__rosidl_typesupport_fastrtps_cpp.so[0m
[1.191s] [ 61%] Built target interfaces__rosidl_typesupport_fastrtps_cpp
[1.194s] [ 64%] [34m[1mGenerating C type support for eProsima Fast-RTPS[0m
[1.293s] [ 67%] [32mBuilding CXX object CMakeFiles/interfaces__rosidl_typesupport_fastrtps_c.dir/rosidl_typesupport_fastrtps_c/interfaces/msg/detail/num__type_support_c.cpp.o[0m
[1.448s] [ 70%] [32m[1mLinking CXX shared library libinterfaces__rosidl_typesupport_fastrtps_c.so[0m
[1.487s] [ 70%] Built target interfaces__rosidl_typesupport_fastrtps_c
[1.493s] [ 70%] Built target interfaces
[1.499s] [ 74%] [34m[1mGenerating Python code for ROS interfaces[0m
[1.662s] [ 74%] Built target interfaces__py
[1.668s] [ 77%] [32mBuilding C object CMakeFiles/interfaces__python.dir/rosidl_generator_py/interfaces/msg/_num_s.c.o[0m
[1.709s] [ 80%] [32m[1mLinking C shared library rosidl_generator_py/interfaces/libinterfaces__python.so[0m
[1.726s] [ 80%] Built target interfaces__python
[1.732s] [ 83%] [32mBuilding C object CMakeFiles/interfaces__rosidl_typesupport_introspection_c__pyext.dir/rosidl_generator_py/interfaces/_interfaces_s.ep.rosidl_typesupport_introspection_c.c.o[0m
[1.732s] [ 87%] [32mBuilding C object CMakeFiles/interfaces__rosidl_typesupport_fastrtps_c__pyext.dir/rosidl_generator_py/interfaces/_interfaces_s.ep.rosidl_typesupport_fastrtps_c.c.o[0m
[1.733s] [ 90%] [32mBuilding C object CMakeFiles/interfaces__rosidl_typesupport_c__pyext.dir/rosidl_generator_py/interfaces/_interfaces_s.ep.rosidl_typesupport_c.c.o[0m
[1.773s] [100%] [32m[1mLinking C shared library rosidl_generator_py/interfaces/interfaces_s__rosidl_typesupport_c.cpython-38-x86_64-linux-gnu.so[0m
[1.773s] [100%] [32m[1mLinking CXX shared library rosidl_generator_py/interfaces/interfaces_s__rosidl_typesupport_fastrtps_c.cpython-38-x86_64-linux-gnu.so[0m
[1.773s] [100%] [32m[1mLinking C shared library rosidl_generator_py/interfaces/interfaces_s__rosidl_typesupport_introspection_c.cpython-38-x86_64-linux-gnu.so[0m
[1.786s] [100%] Built target interfaces__rosidl_typesupport_introspection_c__pyext
[1.786s] [100%] Built target interfaces__rosidl_typesupport_c__pyext
[1.801s] [100%] Built target interfaces__rosidl_typesupport_fastrtps_c__pyext
[1.805s] Invoked command in '/workspace/cxy/Robot_Operating_System/ros2_ws/build/interfaces' returned '0': /usr/bin/cmake --build /workspace/cxy/Robot_Operating_System/ros2_ws/build/interfaces -- -j20 -l20
[1.838s] Invoking command in '/workspace/cxy/Robot_Operating_System/ros2_ws/build/interfaces': /usr/bin/cmake --install /workspace/cxy/Robot_Operating_System/ros2_ws/build/interfaces
[1.841s] -- Install configuration: ""
[1.841s] -- Installing: /workspace/cxy/Robot_Operating_System/ros2_ws/install/interfaces/share/ament_index/resource_index/rosidl_interfaces/interfaces
[1.841s] -- Up-to-date: /workspace/cxy/Robot_Operating_System/ros2_ws/install/interfaces/include/interfaces
[1.841s] -- Up-to-date: /workspace/cxy/Robot_Operating_System/ros2_ws/install/interfaces/include/interfaces/msg
[1.842s] -- Installing: /workspace/cxy/Robot_Operating_System/ros2_ws/install/interfaces/include/interfaces/msg/rosidl_generator_c__visibility_control.h
[1.842s] -- Up-to-date: /workspace/cxy/Robot_Operating_System/ros2_ws/install/interfaces/include/interfaces/msg/detail
[1.842s] -- Installing: /workspace/cxy/Robot_Operating_System/ros2_ws/install/interfaces/include/interfaces/msg/detail/num__type_support.h
[1.842s] -- Installing: /workspace/cxy/Robot_Operating_System/ros2_ws/install/interfaces/include/interfaces/msg/detail/num__functions.h
[1.842s] -- Installing: /workspace/cxy/Robot_Operating_System/ros2_ws/install/interfaces/include/interfaces/msg/detail/num__struct.h
[1.842s] -- Installing: /workspace/cxy/Robot_Operating_System/ros2_ws/install/interfaces/include/interfaces/msg/detail/num__functions.c
[1.843s] -- Installing: /workspace/cxy/Robot_Operating_System/ros2_ws/install/interfaces/include/interfaces/msg/num.h
[1.843s] -- Up-to-date: /workspace/cxy/Robot_Operating_System/ros2_ws/install/interfaces/share/interfaces/environment/library_path.sh
[1.843s] -- Installing: /workspace/cxy/Robot_Operating_System/ros2_ws/install/interfaces/share/interfaces/environment/library_path.dsv
[1.843s] -- Installing: /workspace/cxy/Robot_Operating_System/ros2_ws/install/interfaces/lib/libinterfaces__rosidl_generator_c.so
[1.843s] -- Set runtime path of "/workspace/cxy/Robot_Operating_System/ros2_ws/install/interfaces/lib/libinterfaces__rosidl_generator_c.so" to ""
[1.843s] -- Up-to-date: /workspace/cxy/Robot_Operating_System/ros2_ws/install/interfaces/include/interfaces
[1.844s] -- Up-to-date: /workspace/cxy/Robot_Operating_System/ros2_ws/install/interfaces/include/interfaces/msg
[1.844s] -- Installing: /workspace/cxy/Robot_Operating_System/ros2_ws/install/interfaces/include/interfaces/msg/rosidl_typesupport_fastrtps_c__visibility_control.h
[1.844s] -- Up-to-date: /workspace/cxy/Robot_Operating_System/ros2_ws/install/interfaces/include/interfaces/msg/detail
[1.844s] -- Installing: /workspace/cxy/Robot_Operating_System/ros2_ws/install/interfaces/include/interfaces/msg/detail/num__rosidl_typesupport_fastrtps_c.h
[1.844s] -- Installing: /workspace/cxy/Robot_Operating_System/ros2_ws/install/interfaces/lib/libinterfaces__rosidl_typesupport_fastrtps_c.so
[1.844s] -- Set runtime path of "/workspace/cxy/Robot_Operating_System/ros2_ws/install/interfaces/lib/libinterfaces__rosidl_typesupport_fastrtps_c.so" to ""
[1.844s] -- Up-to-date: /workspace/cxy/Robot_Operating_System/ros2_ws/install/interfaces/include/interfaces
[1.845s] -- Up-to-date: /workspace/cxy/Robot_Operating_System/ros2_ws/install/interfaces/include/interfaces/msg
[1.845s] -- Installing: /workspace/cxy/Robot_Operating_System/ros2_ws/install/interfaces/include/interfaces/msg/rosidl_typesupport_fastrtps_cpp__visibility_control.h
[1.845s] -- Up-to-date: /workspace/cxy/Robot_Operating_System/ros2_ws/install/interfaces/include/interfaces/msg/detail
[1.845s] -- Up-to-date: /workspace/cxy/Robot_Operating_System/ros2_ws/install/interfaces/include/interfaces/msg/detail/dds_fastrtps
[1.845s] -- Installing: /workspace/cxy/Robot_Operating_System/ros2_ws/install/interfaces/include/interfaces/msg/detail/num__rosidl_typesupport_fastrtps_cpp.hpp
[1.845s] -- Installing: /workspace/cxy/Robot_Operating_System/ros2_ws/install/interfaces/lib/libinterfaces__rosidl_typesupport_fastrtps_cpp.so
[1.845s] -- Set runtime path of "/workspace/cxy/Robot_Operating_System/ros2_ws/install/interfaces/lib/libinterfaces__rosidl_typesupport_fastrtps_cpp.so" to ""
[1.845s] -- Up-to-date: /workspace/cxy/Robot_Operating_System/ros2_ws/install/interfaces/include/interfaces
[1.845s] -- Up-to-date: /workspace/cxy/Robot_Operating_System/ros2_ws/install/interfaces/include/interfaces/msg
[1.846s] -- Up-to-date: /workspace/cxy/Robot_Operating_System/ros2_ws/install/interfaces/include/interfaces/msg/detail
[1.846s] -- Installing: /workspace/cxy/Robot_Operating_System/ros2_ws/install/interfaces/include/interfaces/msg/detail/num__type_support.c
[1.846s] -- Installing: /workspace/cxy/Robot_Operating_System/ros2_ws/install/interfaces/include/interfaces/msg/detail/num__rosidl_typesupport_introspection_c.h
[1.846s] -- Installing: /workspace/cxy/Robot_Operating_System/ros2_ws/install/interfaces/include/interfaces/msg/rosidl_typesupport_introspection_c__visibility_control.h
[1.846s] -- Installing: /workspace/cxy/Robot_Operating_System/ros2_ws/install/interfaces/lib/libinterfaces__rosidl_typesupport_introspection_c.so
[1.846s] -- Set runtime path of "/workspace/cxy/Robot_Operating_System/ros2_ws/install/interfaces/lib/libinterfaces__rosidl_typesupport_introspection_c.so" to ""
[1.846s] -- Installing: /workspace/cxy/Robot_Operating_System/ros2_ws/install/interfaces/lib/libinterfaces__rosidl_typesupport_c.so
[1.846s] -- Set runtime path of "/workspace/cxy/Robot_Operating_System/ros2_ws/install/interfaces/lib/libinterfaces__rosidl_typesupport_c.so" to ""
[1.846s] -- Up-to-date: /workspace/cxy/Robot_Operating_System/ros2_ws/install/interfaces/include/interfaces
[1.846s] -- Up-to-date: /workspace/cxy/Robot_Operating_System/ros2_ws/install/interfaces/include/interfaces/msg
[1.846s] -- Up-to-date: /workspace/cxy/Robot_Operating_System/ros2_ws/install/interfaces/include/interfaces/msg/detail
[1.847s] -- Installing: /workspace/cxy/Robot_Operating_System/ros2_ws/install/interfaces/include/interfaces/msg/detail/num__traits.hpp
[1.847s] -- Installing: /workspace/cxy/Robot_Operating_System/ros2_ws/install/interfaces/include/interfaces/msg/detail/num__builder.hpp
[1.847s] -- Installing: /workspace/cxy/Robot_Operating_System/ros2_ws/install/interfaces/include/interfaces/msg/detail/num__struct.hpp
[1.847s] -- Installing: /workspace/cxy/Robot_Operating_System/ros2_ws/install/interfaces/include/interfaces/msg/num.hpp
[1.847s] -- Up-to-date: /workspace/cxy/Robot_Operating_System/ros2_ws/install/interfaces/include/interfaces
[1.847s] -- Up-to-date: /workspace/cxy/Robot_Operating_System/ros2_ws/install/interfaces/include/interfaces/msg
[1.847s] -- Up-to-date: /workspace/cxy/Robot_Operating_System/ros2_ws/install/interfaces/include/interfaces/msg/detail
[1.847s] -- Installing: /workspace/cxy/Robot_Operating_System/ros2_ws/install/interfaces/include/interfaces/msg/detail/num__rosidl_typesupport_introspection_cpp.hpp
[1.847s] -- Installing: /workspace/cxy/Robot_Operating_System/ros2_ws/install/interfaces/include/interfaces/msg/detail/num__type_support.cpp
[1.847s] -- Installing: /workspace/cxy/Robot_Operating_System/ros2_ws/install/interfaces/lib/libinterfaces__rosidl_typesupport_introspection_cpp.so
[1.847s] -- Set runtime path of "/workspace/cxy/Robot_Operating_System/ros2_ws/install/interfaces/lib/libinterfaces__rosidl_typesupport_introspection_cpp.so" to ""
[1.847s] -- Installing: /workspace/cxy/Robot_Operating_System/ros2_ws/install/interfaces/lib/libinterfaces__rosidl_typesupport_cpp.so
[1.848s] -- Set runtime path of "/workspace/cxy/Robot_Operating_System/ros2_ws/install/interfaces/lib/libinterfaces__rosidl_typesupport_cpp.so" to ""
[1.848s] -- Installing: /workspace/cxy/Robot_Operating_System/ros2_ws/install/interfaces/share/interfaces/environment/pythonpath.sh
[1.848s] -- Installing: /workspace/cxy/Robot_Operating_System/ros2_ws/install/interfaces/share/interfaces/environment/pythonpath.dsv
[1.848s] -- Installing: /workspace/cxy/Robot_Operating_System/ros2_ws/install/interfaces/lib/python3.8/site-packages/interfaces/__init__.py
[1.864s] Compiling '/workspace/cxy/Robot_Operating_System/ros2_ws/install/interfaces/lib/python3.8/site-packages/interfaces/__init__.py'...
[1.866s] -- Up-to-date: /workspace/cxy/Robot_Operating_System/ros2_ws/install/interfaces/lib/python3.8/site-packages/interfaces/msg
[1.866s] -- Installing: /workspace/cxy/Robot_Operating_System/ros2_ws/install/interfaces/lib/python3.8/site-packages/interfaces/msg/_num.py
[1.866s] -- Installing: /workspace/cxy/Robot_Operating_System/ros2_ws/install/interfaces/lib/python3.8/site-packages/interfaces/msg/_num_s.c
[1.867s] -- Installing: /workspace/cxy/Robot_Operating_System/ros2_ws/install/interfaces/lib/python3.8/site-packages/interfaces/msg/__init__.py
[1.867s] -- Installing: /workspace/cxy/Robot_Operating_System/ros2_ws/install/interfaces/lib/python3.8/site-packages/interfaces/interfaces_s__rosidl_typesupport_fastrtps_c.cpython-38-x86_64-linux-gnu.so
[1.867s] -- Set runtime path of "/workspace/cxy/Robot_Operating_System/ros2_ws/install/interfaces/lib/python3.8/site-packages/interfaces/interfaces_s__rosidl_typesupport_fastrtps_c.cpython-38-x86_64-linux-gnu.so" to ""
[1.867s] -- Installing: /workspace/cxy/Robot_Operating_System/ros2_ws/install/interfaces/lib/python3.8/site-packages/interfaces/interfaces_s__rosidl_typesupport_introspection_c.cpython-38-x86_64-linux-gnu.so
[1.867s] -- Set runtime path of "/workspace/cxy/Robot_Operating_System/ros2_ws/install/interfaces/lib/python3.8/site-packages/interfaces/interfaces_s__rosidl_typesupport_introspection_c.cpython-38-x86_64-linux-gnu.so" to ""
[1.867s] -- Installing: /workspace/cxy/Robot_Operating_System/ros2_ws/install/interfaces/lib/python3.8/site-packages/interfaces/interfaces_s__rosidl_typesupport_c.cpython-38-x86_64-linux-gnu.so
[1.867s] -- Set runtime path of "/workspace/cxy/Robot_Operating_System/ros2_ws/install/interfaces/lib/python3.8/site-packages/interfaces/interfaces_s__rosidl_typesupport_c.cpython-38-x86_64-linux-gnu.so" to ""
[1.867s] -- Installing: /workspace/cxy/Robot_Operating_System/ros2_ws/install/interfaces/lib/libinterfaces__python.so
[1.867s] -- Set runtime path of "/workspace/cxy/Robot_Operating_System/ros2_ws/install/interfaces/lib/libinterfaces__python.so" to ""
[1.867s] -- Installing: /workspace/cxy/Robot_Operating_System/ros2_ws/install/interfaces/share/interfaces/msg/Num.idl
[1.867s] -- Up-to-date: /workspace/cxy/Robot_Operating_System/ros2_ws/install/interfaces/share/interfaces/msg/Num.msg
[1.867s] -- Installing: /workspace/cxy/Robot_Operating_System/ros2_ws/install/interfaces/share/ament_index/resource_index/package_run_dependencies/interfaces
[1.867s] -- Installing: /workspace/cxy/Robot_Operating_System/ros2_ws/install/interfaces/share/ament_index/resource_index/parent_prefix_path/interfaces
[1.868s] -- Up-to-date: /workspace/cxy/Robot_Operating_System/ros2_ws/install/interfaces/share/interfaces/environment/ament_prefix_path.sh
[1.868s] -- Installing: /workspace/cxy/Robot_Operating_System/ros2_ws/install/interfaces/share/interfaces/environment/ament_prefix_path.dsv
[1.868s] -- Up-to-date: /workspace/cxy/Robot_Operating_System/ros2_ws/install/interfaces/share/interfaces/environment/path.sh
[1.868s] -- Installing: /workspace/cxy/Robot_Operating_System/ros2_ws/install/interfaces/share/interfaces/environment/path.dsv
[1.868s] -- Installing: /workspace/cxy/Robot_Operating_System/ros2_ws/install/interfaces/share/interfaces/local_setup.bash
[1.868s] -- Installing: /workspace/cxy/Robot_Operating_System/ros2_ws/install/interfaces/share/interfaces/local_setup.sh
[1.868s] -- Installing: /workspace/cxy/Robot_Operating_System/ros2_ws/install/interfaces/share/interfaces/local_setup.zsh
[1.868s] -- Installing: /workspace/cxy/Robot_Operating_System/ros2_ws/install/interfaces/share/interfaces/local_setup.dsv
[1.868s] -- Installing: /workspace/cxy/Robot_Operating_System/ros2_ws/install/interfaces/share/interfaces/package.dsv
[1.868s] -- Installing: /workspace/cxy/Robot_Operating_System/ros2_ws/install/interfaces/share/ament_index/resource_index/packages/interfaces
[1.868s] -- Installing: /workspace/cxy/Robot_Operating_System/ros2_ws/install/interfaces/share/interfaces/cmake/interfaces__rosidl_generator_cExport.cmake
[1.868s] -- Installing: /workspace/cxy/Robot_Operating_System/ros2_ws/install/interfaces/share/interfaces/cmake/interfaces__rosidl_generator_cExport-noconfig.cmake
[1.868s] -- Installing: /workspace/cxy/Robot_Operating_System/ros2_ws/install/interfaces/share/interfaces/cmake/interfaces__rosidl_typesupport_introspection_cExport.cmake
[1.869s] -- Installing: /workspace/cxy/Robot_Operating_System/ros2_ws/install/interfaces/share/interfaces/cmake/interfaces__rosidl_typesupport_introspection_cExport-noconfig.cmake
[1.869s] -- Installing: /workspace/cxy/Robot_Operating_System/ros2_ws/install/interfaces/share/interfaces/cmake/interfaces__rosidl_typesupport_cExport.cmake
[1.869s] -- Installing: /workspace/cxy/Robot_Operating_System/ros2_ws/install/interfaces/share/interfaces/cmake/interfaces__rosidl_typesupport_cExport-noconfig.cmake
[1.869s] -- Installing: /workspace/cxy/Robot_Operating_System/ros2_ws/install/interfaces/share/interfaces/cmake/interfaces__rosidl_generator_cppExport.cmake
[1.869s] -- Installing: /workspace/cxy/Robot_Operating_System/ros2_ws/install/interfaces/share/interfaces/cmake/interfaces__rosidl_typesupport_introspection_cppExport.cmake
[1.869s] -- Installing: /workspace/cxy/Robot_Operating_System/ros2_ws/install/interfaces/share/interfaces/cmake/interfaces__rosidl_typesupport_introspection_cppExport-noconfig.cmake
[1.869s] -- Installing: /workspace/cxy/Robot_Operating_System/ros2_ws/install/interfaces/share/interfaces/cmake/interfaces__rosidl_typesupport_cppExport.cmake
[1.869s] -- Installing: /workspace/cxy/Robot_Operating_System/ros2_ws/install/interfaces/share/interfaces/cmake/interfaces__rosidl_typesupport_cppExport-noconfig.cmake
[1.869s] -- Installing: /workspace/cxy/Robot_Operating_System/ros2_ws/install/interfaces/share/interfaces/cmake/rosidl_cmake-extras.cmake
[1.869s] -- Installing: /workspace/cxy/Robot_Operating_System/ros2_ws/install/interfaces/share/interfaces/cmake/ament_cmake_export_dependencies-extras.cmake
[1.869s] -- Installing: /workspace/cxy/Robot_Operating_System/ros2_ws/install/interfaces/share/interfaces/cmake/ament_cmake_export_libraries-extras.cmake
[1.869s] -- Installing: /workspace/cxy/Robot_Operating_System/ros2_ws/install/interfaces/share/interfaces/cmake/ament_cmake_export_targets-extras.cmake
[1.869s] -- Installing: /workspace/cxy/Robot_Operating_System/ros2_ws/install/interfaces/share/interfaces/cmake/ament_cmake_export_include_directories-extras.cmake
[1.870s] -- Installing: /workspace/cxy/Robot_Operating_System/ros2_ws/install/interfaces/share/interfaces/cmake/rosidl_cmake_export_typesupport_libraries-extras.cmake
[1.870s] -- Installing: /workspace/cxy/Robot_Operating_System/ros2_ws/install/interfaces/share/interfaces/cmake/rosidl_cmake_export_typesupport_targets-extras.cmake
[1.870s] -- Installing: /workspace/cxy/Robot_Operating_System/ros2_ws/install/interfaces/share/interfaces/cmake/interfacesConfig.cmake
[1.870s] -- Installing: /workspace/cxy/Robot_Operating_System/ros2_ws/install/interfaces/share/interfaces/cmake/interfacesConfig-version.cmake
[1.870s] -- Up-to-date: /workspace/cxy/Robot_Operating_System/ros2_ws/install/interfaces/share/interfaces/package.xml
[1.871s] Invoked command in '/workspace/cxy/Robot_Operating_System/ros2_ws/build/interfaces' returned '0': /usr/bin/cmake --install /workspace/cxy/Robot_Operating_System/ros2_ws/build/interfaces
