[0.006s] Invoking command in '/workspace/cxy/Robot_Operating_System/ros2_ws/build/cpp_pubsub': CMAKE_PREFIX_PATH=/workspace/cxy/Robot_Operating_System/ros2_ws/install/interfaces:/workspace/cxy/Robot_Operating_System/ros2_ws/install/cpp_pubsub:/opt/ros/foxy:/opt/third_party/casadi/lib/cmake/casadi:/opt/third_party/ceres/lib/cmake/Ceres:/opt/third_party/osqp-cpp/lib/cmake/:/opt/third_party/abseil-cpp/lib/cmake/:/opt/third_party/osqp/lib/cmake/ /usr/bin/cmake /workspace/cxy/Robot_Operating_System/ros2_ws/src/cpp_pubsub -DCMAKE_INSTALL_PREFIX=/workspace/cxy/Robot_Operating_System/ros2_ws/install/cpp_pubsub
[0.033s] -- The C compiler identification is GNU 9.3.0
[0.064s] -- The CXX compiler identification is GNU 9.3.0
[0.067s] -- Detecting C compiler ABI info
[0.098s] -- Detecting C compiler ABI info - done
[0.102s] -- Check for working C compiler: /usr/bin/cc - skipped
[0.103s] -- Detecting C compile features
[0.103s] -- Detecting C compile features - done
[0.105s] -- Detecting CXX compiler ABI info
[0.140s] -- Detecting CXX compiler ABI info - done
[0.145s] -- Check for working CXX compiler: /usr/bin/g++ - skipped
[0.145s] -- Detecting CXX compile features
[0.145s] -- Detecting CXX compile features - done
[0.147s] -- Found ament_cmake: 0.9.9 (/opt/ros/foxy/share/ament_cmake/cmake)
[0.162s] -- Found PythonInterp: /usr/bin/python3 (found suitable version "3.8.10", minimum required is "3") 
[0.162s] -- Using PYTHON_EXECUTABLE: /usr/bin/python3
[0.279s] -- Found rclcpp: 2.4.0 (/opt/ros/foxy/share/rclcpp/cmake)
[0.308s] -- Using all available rosidl_typesupport_c: rosidl_typesupport_fastrtps_c;rosidl_typesupport_introspection_c
[0.313s] -- Found rosidl_adapter: 1.2.1 (/opt/ros/foxy/share/rosidl_adapter/cmake)
[0.370s] -- Found OpenSSL: /usr/lib/x86_64-linux-gnu/libcrypto.so (found version "1.1.1f")  
[0.400s] -- Found FastRTPS: /opt/ros/foxy/include  
[0.464s] -- Using all available rosidl_typesupport_cpp: rosidl_typesupport_fastrtps_cpp;rosidl_typesupport_introspection_cpp
[0.498s] -- Found rmw_implementation_cmake: 1.0.3 (/opt/ros/foxy/share/rmw_implementation_cmake/cmake)
[0.499s] -- Using RMW implementation 'rmw_cyclonedds_cpp' as default
[0.500s] -- Looking for pthread.h
[0.533s] -- Looking for pthread.h - found
[0.533s] -- Performing Test CMAKE_HAVE_LIBC_PTHREAD
[0.565s] -- Performing Test CMAKE_HAVE_LIBC_PTHREAD - Failed
[0.565s] -- Looking for pthread_create in pthreads
[0.590s] -- Looking for pthread_create in pthreads - not found
[0.591s] -- Looking for pthread_create in pthread
[0.621s] -- Looking for pthread_create in pthread - found
[0.622s] -- Found Threads: TRUE  
[0.708s] -- Found interfaces: 0.0.0 (/workspace/cxy/Robot_Operating_System/ros2_ws/install/interfaces/share/interfaces/cmake)
[0.712s] -- Found ament_lint_auto: 0.9.6 (/opt/ros/foxy/share/ament_lint_auto/cmake)
[0.757s] -- Added test 'copyright' to check source files copyright and LICENSE
[0.757s] -- Added test 'cppcheck' to perform static code analysis on C / C++ code
[0.757s] -- Configured cppcheck include dirs: 
[0.758s] -- Configured cppcheck exclude dirs and/or files: 
[0.758s] -- Added test 'cpplint' to check C / C++ code against the Google style
[0.758s] -- Configured cpplint exclude dirs and/or files: 
[0.758s] -- Added test 'lint_cmake' to check CMake code style
[0.759s] -- Added test 'uncrustify' to check C / C++ code style
[0.759s] -- Configured uncrustify additional arguments: 
[0.759s] -- Added test 'xmllint' to check XML markup files
[0.759s] -- Configuring done
[0.765s] -- Generating done
[0.766s] -- Build files have been written to: /workspace/cxy/Robot_Operating_System/ros2_ws/build/cpp_pubsub
[0.771s] Invoked command in '/workspace/cxy/Robot_Operating_System/ros2_ws/build/cpp_pubsub' returned '0': CMAKE_PREFIX_PATH=/workspace/cxy/Robot_Operating_System/ros2_ws/install/interfaces:/workspace/cxy/Robot_Operating_System/ros2_ws/install/cpp_pubsub:/opt/ros/foxy:/opt/third_party/casadi/lib/cmake/casadi:/opt/third_party/ceres/lib/cmake/Ceres:/opt/third_party/osqp-cpp/lib/cmake/:/opt/third_party/abseil-cpp/lib/cmake/:/opt/third_party/osqp/lib/cmake/ /usr/bin/cmake /workspace/cxy/Robot_Operating_System/ros2_ws/src/cpp_pubsub -DCMAKE_INSTALL_PREFIX=/workspace/cxy/Robot_Operating_System/ros2_ws/install/cpp_pubsub
[0.773s] Invoking command in '/workspace/cxy/Robot_Operating_System/ros2_ws/build/cpp_pubsub': CMAKE_PREFIX_PATH=/workspace/cxy/Robot_Operating_System/ros2_ws/install/interfaces:/workspace/cxy/Robot_Operating_System/ros2_ws/install/cpp_pubsub:/opt/ros/foxy:/opt/third_party/casadi/lib/cmake/casadi:/opt/third_party/ceres/lib/cmake/Ceres:/opt/third_party/osqp-cpp/lib/cmake/:/opt/third_party/abseil-cpp/lib/cmake/:/opt/third_party/osqp/lib/cmake/ /usr/bin/cmake --build /workspace/cxy/Robot_Operating_System/ros2_ws/build/cpp_pubsub -- -j20 -l20
[0.787s] [ 25%] [32mBuilding CXX object CMakeFiles/talker.dir/src/pub.cpp.o[0m
[0.787s] [ 50%] [32mBuilding CXX object CMakeFiles/listener.dir/src/sub.cpp.o[0m
[2.350s] [ 75%] [32m[1mLinking CXX executable talker[0m
[2.428s] [ 75%] Built target talker
[3.284s] [100%] [32m[1mLinking CXX executable listener[0m
[3.398s] [100%] Built target listener
[3.408s] Invoked command in '/workspace/cxy/Robot_Operating_System/ros2_ws/build/cpp_pubsub' returned '0': CMAKE_PREFIX_PATH=/workspace/cxy/Robot_Operating_System/ros2_ws/install/interfaces:/workspace/cxy/Robot_Operating_System/ros2_ws/install/cpp_pubsub:/opt/ros/foxy:/opt/third_party/casadi/lib/cmake/casadi:/opt/third_party/ceres/lib/cmake/Ceres:/opt/third_party/osqp-cpp/lib/cmake/:/opt/third_party/abseil-cpp/lib/cmake/:/opt/third_party/osqp/lib/cmake/ /usr/bin/cmake --build /workspace/cxy/Robot_Operating_System/ros2_ws/build/cpp_pubsub -- -j20 -l20
[3.421s] Invoking command in '/workspace/cxy/Robot_Operating_System/ros2_ws/build/cpp_pubsub': CMAKE_PREFIX_PATH=/workspace/cxy/Robot_Operating_System/ros2_ws/install/interfaces:/workspace/cxy/Robot_Operating_System/ros2_ws/install/cpp_pubsub:/opt/ros/foxy:/opt/third_party/casadi/lib/cmake/casadi:/opt/third_party/ceres/lib/cmake/Ceres:/opt/third_party/osqp-cpp/lib/cmake/:/opt/third_party/abseil-cpp/lib/cmake/:/opt/third_party/osqp/lib/cmake/ /usr/bin/cmake --install /workspace/cxy/Robot_Operating_System/ros2_ws/build/cpp_pubsub
[3.423s] -- Install configuration: ""
[3.423s] -- Installing: /workspace/cxy/Robot_Operating_System/ros2_ws/install/cpp_pubsub/lib/cpp_pubsub/talker
[3.424s] -- Set runtime path of "/workspace/cxy/Robot_Operating_System/ros2_ws/install/cpp_pubsub/lib/cpp_pubsub/talker" to ""
[3.424s] -- Installing: /workspace/cxy/Robot_Operating_System/ros2_ws/install/cpp_pubsub/lib/cpp_pubsub/listener
[3.425s] -- Set runtime path of "/workspace/cxy/Robot_Operating_System/ros2_ws/install/cpp_pubsub/lib/cpp_pubsub/listener" to ""
[3.425s] -- Installing: /workspace/cxy/Robot_Operating_System/ros2_ws/install/cpp_pubsub/share/ament_index/resource_index/package_run_dependencies/cpp_pubsub
[3.425s] -- Installing: /workspace/cxy/Robot_Operating_System/ros2_ws/install/cpp_pubsub/share/ament_index/resource_index/parent_prefix_path/cpp_pubsub
[3.425s] -- Up-to-date: /workspace/cxy/Robot_Operating_System/ros2_ws/install/cpp_pubsub/share/cpp_pubsub/environment/ament_prefix_path.sh
[3.426s] -- Installing: /workspace/cxy/Robot_Operating_System/ros2_ws/install/cpp_pubsub/share/cpp_pubsub/environment/ament_prefix_path.dsv
[3.426s] -- Up-to-date: /workspace/cxy/Robot_Operating_System/ros2_ws/install/cpp_pubsub/share/cpp_pubsub/environment/path.sh
[3.426s] -- Installing: /workspace/cxy/Robot_Operating_System/ros2_ws/install/cpp_pubsub/share/cpp_pubsub/environment/path.dsv
[3.426s] -- Installing: /workspace/cxy/Robot_Operating_System/ros2_ws/install/cpp_pubsub/share/cpp_pubsub/local_setup.bash
[3.426s] -- Installing: /workspace/cxy/Robot_Operating_System/ros2_ws/install/cpp_pubsub/share/cpp_pubsub/local_setup.sh
[3.426s] -- Installing: /workspace/cxy/Robot_Operating_System/ros2_ws/install/cpp_pubsub/share/cpp_pubsub/local_setup.zsh
[3.426s] -- Installing: /workspace/cxy/Robot_Operating_System/ros2_ws/install/cpp_pubsub/share/cpp_pubsub/local_setup.dsv
[3.428s] -- Installing: /workspace/cxy/Robot_Operating_System/ros2_ws/install/cpp_pubsub/share/cpp_pubsub/package.dsv
[3.429s] -- Installing: /workspace/cxy/Robot_Operating_System/ros2_ws/install/cpp_pubsub/share/ament_index/resource_index/packages/cpp_pubsub
[3.429s] -- Installing: /workspace/cxy/Robot_Operating_System/ros2_ws/install/cpp_pubsub/share/cpp_pubsub/cmake/cpp_pubsubConfig.cmake
[3.429s] -- Installing: /workspace/cxy/Robot_Operating_System/ros2_ws/install/cpp_pubsub/share/cpp_pubsub/cmake/cpp_pubsubConfig-version.cmake
[3.429s] -- Up-to-date: /workspace/cxy/Robot_Operating_System/ros2_ws/install/cpp_pubsub/share/cpp_pubsub/package.xml
[3.429s] Invoked command in '/workspace/cxy/Robot_Operating_System/ros2_ws/build/cpp_pubsub' returned '0': CMAKE_PREFIX_PATH=/workspace/cxy/Robot_Operating_System/ros2_ws/install/interfaces:/workspace/cxy/Robot_Operating_System/ros2_ws/install/cpp_pubsub:/opt/ros/foxy:/opt/third_party/casadi/lib/cmake/casadi:/opt/third_party/ceres/lib/cmake/Ceres:/opt/third_party/osqp-cpp/lib/cmake/:/opt/third_party/abseil-cpp/lib/cmake/:/opt/third_party/osqp/lib/cmake/ /usr/bin/cmake --install /workspace/cxy/Robot_Operating_System/ros2_ws/build/cpp_pubsub
