[0.006s] Invoking command in '/workspace/cxy/Robot_Operating_System/ros2_ws/build/cpp_pubsub': CMAKE_PREFIX_PATH=/workspace/cxy/Robot_Operating_System/ros2_ws/install/interfaces:/workspace/cxy/Robot_Operating_System/ros2_ws/install/cpp_pubsub:/opt/ros/foxy:/opt/third_party/casadi/lib/cmake/casadi:/opt/third_party/ceres/lib/cmake/Ceres:/opt/third_party/osqp-cpp/lib/cmake/:/opt/third_party/abseil-cpp/lib/cmake/:/opt/third_party/osqp/lib/cmake/ /usr/bin/cmake --build /workspace/cxy/Robot_Operating_System/ros2_ws/build/cpp_pubsub -- -j20 -l20
[0.020s] [35m[1mConsolidate compiler generated dependencies of target listener[0m
[0.023s] [ 28%] Built target get_info
[0.024s] [ 57%] Built target talker
[0.026s] [ 71%] [32mBuilding CXX object CMakeFiles/listener.dir/src/sub.cpp.o[0m
[0.085s] In file included from [01m[K/workspace/cxy/Robot_Operating_System/ros2_ws/src/cpp_pubsub/include/cpp_pubsub/get_info.h:4[m[K,
[0.086s]                  from [01m[K/workspace/cxy/Robot_Operating_System/ros2_ws/src/cpp_pubsub/src/sub.cpp:6[m[K:
[0.086s] [01m[K/workspace/cxy/Robot_Operating_System/ros2_ws/src/cpp_pubsub/include/cpp_pubsub/bx_dual_sdk.h:1114:[m[K [01;35m[Kwarning: [m[Kignoring #pragma region Common [[01;35m[K-Wunknown-pragmas[m[K]
[0.086s]  1114 | #pragma region Common operation
[0.086s]       | 
[0.086s] [01m[K/workspace/cxy/Robot_Operating_System/ros2_ws/src/cpp_pubsub/include/cpp_pubsub/bx_dual_sdk.h:1169:2:[m[K [01;35m[Kwarning: [m[K"/*" within comment [[01;35m[K-Wcomment[m[K]
[0.086s]  1169 |  /*! ***************************************************************/
[0.086s]       |   
[0.086s] [01m[K/workspace/cxy/Robot_Operating_System/ros2_ws/src/cpp_pubsub/include/cpp_pubsub/bx_dual_sdk.h:1410:2:[m[K [01;35m[Kwarning: [m[K"/*" within comment [[01;35m[K-Wcomment[m[K]
[0.086s]  1410 |  /*! ***************************************************************/
[0.086s]       |   
[0.086s] [01m[K/workspace/cxy/Robot_Operating_System/ros2_ws/src/cpp_pubsub/include/cpp_pubsub/bx_dual_sdk.h:1453:2:[m[K [01;35m[Kwarning: [m[K"/*" within comment [[01;35m[K-Wcomment[m[K]
[0.086s]  1453 |  /*! ***************************************************************/
[0.086s]       |   
[0.086s] [01m[K/workspace/cxy/Robot_Operating_System/ros2_ws/src/cpp_pubsub/include/cpp_pubsub/bx_dual_sdk.h:1525:2:[m[K [01;35m[Kwarning: [m[K"/*" within comment [[01;35m[K-Wcomment[m[K]
[0.086s]  1525 |  /**UDP CMD END**/
[0.086s]       |   
[0.086s] [01m[K/workspace/cxy/Robot_Operating_System/ros2_ws/src/cpp_pubsub/include/cpp_pubsub/bx_dual_sdk.h:1533:2:[m[K [01;35m[Kwarning: [m[K"/*" within comment [[01;35m[K-Wcomment[m[K]
[0.086s]  1533 |  /** TCP命令 控制器维护命令 **/
[0.086s]       |   
[0.087s] [01m[K/workspace/cxy/Robot_Operating_System/ros2_ws/src/cpp_pubsub/include/cpp_pubsub/bx_dual_sdk.h:2094:2:[m[K [01;35m[Kwarning: [m[K"/*" within comment [[01;35m[K-Wcomment[m[K]
[0.087s]  2094 |  /** TCP命令 END **/
[0.087s]       |   
[0.087s] [01m[K/workspace/cxy/Robot_Operating_System/ros2_ws/src/cpp_pubsub/include/cpp_pubsub/bx_dual_sdk.h:2124:2:[m[K [01;35m[Kwarning: [m[K"/*" within comment [[01;35m[K-Wcomment[m[K]
[0.087s]  2124 |  /*! ***************************************************************/
[0.087s]       |   
[0.087s] [01m[K/workspace/cxy/Robot_Operating_System/ros2_ws/src/cpp_pubsub/include/cpp_pubsub/bx_dual_sdk.h:3640:[m[K [01;35m[Kwarning: [m[Kignoring #pragma endregion Common [[01;35m[K-Wunknown-pragmas[m[K]
[0.087s]  3640 | #pragma endregion Common operation
[0.087s]       | 
[0.087s] In file included from [01m[K/workspace/cxy/Robot_Operating_System/ros2_ws/src/cpp_pubsub/include/cpp_pubsub/get_info.h:5[m[K,
[0.087s]                  from [01m[K/workspace/cxy/Robot_Operating_System/ros2_ws/src/cpp_pubsub/src/sub.cpp:6[m[K:
[0.087s] [01m[K/workspace/cxy/Robot_Operating_System/ros2_ws/src/cpp_pubsub/include/cpp_pubsub/bx_sdk_dual.h:13:1:[m[K [01;35m[Kwarning: [m[K"/*" within comment [[01;35m[K-Wcomment[m[K]
[0.087s]    13 | /*! ********************************************************************/
[0.087s]       |  
[0.656s] [01m[K/workspace/cxy/Robot_Operating_System/ros2_ws/src/cpp_pubsub/src/sub.cpp:[m[K In constructor ‘[01m[KMinimalSubscriber::MinimalSubscriber()[m[K’:
[0.656s] [01m[K/workspace/cxy/Robot_Operating_System/ros2_ws/src/cpp_pubsub/src/sub.cpp:19:85:[m[K [01;31m[Kerror: [m[Kno match for ‘[01m[Koperator=[m[K’ (operand types are ‘[01m[Krclcpp::Subscription<interfaces::msg::Num_<std::allocator<void> > >::SharedPtr[m[K’ {aka ‘[01m[Kstd::shared_ptr<rclcpp::Subscription<interfaces::msg::Num_<std::allocator<void> > > >[m[K’} and ‘[01m[Kstd::shared_ptr<rclcpp::Subscription<const std::shared_ptr<interfaces::msg::Num_<std::allocator<void> > > (*)(), std::allocator<void>, rclcpp::message_memory_strategy::MessageMemoryStrategy<const std::shared_ptr<interfaces::msg::Num_<std::allocator<void> > > (*)(), std::allocator<void> > > >[m[K’)
[0.656s]    19 |             "led_topic", 10, std::bind(&MinimalSubscriber::topic_callback, this, _1)[01;31m[K)[m[K;
[0.656s]       |                                                                                     [01;31m[K^[m[K
[0.656s] In file included from [01m[K/usr/include/c++/9/memory:81[m[K,
[0.656s]                  from [01m[K/workspace/cxy/Robot_Operating_System/ros2_ws/src/cpp_pubsub/src/sub.cpp:1[m[K:
[0.656s] [01m[K/usr/include/c++/9/bits/shared_ptr.h:309:19:[m[K [01;36m[Knote: [m[Kcandidate: ‘[01m[Kstd::shared_ptr<_Tp>& std::shared_ptr<_Tp>::operator=(const std::shared_ptr<_Tp>&) [with _Tp = rclcpp::Subscription<interfaces::msg::Num_<std::allocator<void> > >][m[K’
[0.656s]   309 |       shared_ptr& [01;36m[Koperator[m[K=(const shared_ptr&) noexcept = default;
[0.656s]       |                   [01;36m[K^~~~~~~~[m[K
[0.656s] [01m[K/usr/include/c++/9/bits/shared_ptr.h:309:29:[m[K [01;36m[Knote: [m[K  no known conversion for argument 1 from ‘[01m[Kstd::shared_ptr<rclcpp::Subscription<const std::shared_ptr<interfaces::msg::Num_<std::allocator<void> > > (*)(), std::allocator<void>, rclcpp::message_memory_strategy::MessageMemoryStrategy<const std::shared_ptr<interfaces::msg::Num_<std::allocator<void> > > (*)(), std::allocator<void> > > >[m[K’ to ‘[01m[Kconst std::shared_ptr<rclcpp::Subscription<interfaces::msg::Num_<std::allocator<void> > > >&[m[K’
[0.656s]   309 |       shared_ptr& operator=([01;36m[Kconst shared_ptr&[m[K) noexcept = default;
[0.656s]       |                             [01;36m[K^~~~~~~~~~~~~~~~~[m[K
[0.656s] [01m[K/usr/include/c++/9/bits/shared_ptr.h:313:2:[m[K [01;36m[Knote: [m[Kcandidate: ‘[01m[Ktemplate<class _Yp> std::shared_ptr<_Tp>::_Assignable<const std::shared_ptr<_Yp>&> std::shared_ptr<_Tp>::operator=(const std::shared_ptr<_Yp>&) [with _Yp = _Yp; _Tp = rclcpp::Subscription<interfaces::msg::Num_<std::allocator<void> > >][m[K’
[0.656s]   313 |  [01;36m[Koperator[m[K=(const shared_ptr<_Yp>& __r) noexcept
[0.656s]       |  [01;36m[K^~~~~~~~[m[K
[0.656s] [01m[K/usr/include/c++/9/bits/shared_ptr.h:313:2:[m[K [01;36m[Knote: [m[K  template argument deduction/substitution failed:
[0.656s] /usr/include/c++/9/bits/shared_ptr.h: In substitution of ‘[01m[Ktemplate<class _Tp> template<class _Arg> using _Assignable = typename std::enable_if<std::is_assignable<std::__shared_ptr<_Tp>&, _Arg>::value, std::shared_ptr<_Tp>&>::type [with _Arg = const std::shared_ptr<rclcpp::Subscription<const std::shared_ptr<interfaces::msg::Num_<std::allocator<void> > > (*)(), std::allocator<void>, rclcpp::message_memory_strategy::MessageMemoryStrategy<const std::shared_ptr<interfaces::msg::Num_<std::allocator<void> > > (*)(), std::allocator<void> > > >&; _Tp = rclcpp::Subscription<interfaces::msg::Num_<std::allocator<void> > >][m[K’:
[0.656s] [01m[K/usr/include/c++/9/bits/shared_ptr.h:313:2:[m[K   required by substitution of ‘[01m[Ktemplate<class _Yp> std::shared_ptr<rclcpp::Subscription<interfaces::msg::Num_<std::allocator<void> > > >::_Assignable<const std::shared_ptr<_Tp>&> std::shared_ptr<rclcpp::Subscription<interfaces::msg::Num_<std::allocator<void> > > >::operator=<_Yp>(const std::shared_ptr<_Tp>&) [with _Yp = rclcpp::Subscription<const std::shared_ptr<interfaces::msg::Num_<std::allocator<void> > > (*)(), std::allocator<void>, rclcpp::message_memory_strategy::MessageMemoryStrategy<const std::shared_ptr<interfaces::msg::Num_<std::allocator<void> > > (*)(), std::allocator<void> > >][m[K’
[0.656s] [01m[K/workspace/cxy/Robot_Operating_System/ros2_ws/src/cpp_pubsub/src/sub.cpp:19:85:[m[K   required from here
[0.657s] [01m[K/usr/include/c++/9/bits/shared_ptr.h:111:8:[m[K [01;31m[Kerror: [m[Kno type named ‘[01m[Ktype[m[K’ in ‘[01m[Kstruct std::enable_if<false, std::shared_ptr<rclcpp::Subscription<interfaces::msg::Num_<std::allocator<void> > > >&>[m[K’
[0.657s]   111 |  using [01;31m[K_Assignable[m[K = typename enable_if<
[0.657s]       |        [01;31m[K^~~~~~~~~~~[m[K
[0.657s] [01m[K/usr/include/c++/9/bits/shared_ptr.h:324:2:[m[K [01;36m[Knote: [m[Kcandidate: ‘[01m[Ktemplate<class _Yp> std::shared_ptr<_Tp>::_Assignable<std::auto_ptr<_Up> > std::shared_ptr<_Tp>::operator=(std::auto_ptr<_Up>&&) [with _Yp = _Yp; _Tp = rclcpp::Subscription<interfaces::msg::Num_<std::allocator<void> > >][m[K’
[0.657s]   324 |  [01;36m[Koperator[m[K=(auto_ptr<_Yp>&& __r)
[0.657s]       |  [01;36m[K^~~~~~~~[m[K
[0.657s] [01m[K/usr/include/c++/9/bits/shared_ptr.h:324:2:[m[K [01;36m[Knote: [m[K  template argument deduction/substitution failed:
[0.657s] [01m[K/workspace/cxy/Robot_Operating_System/ros2_ws/src/cpp_pubsub/src/sub.cpp:19:85:[m[K [01;36m[Knote: [m[K  ‘[01m[Kstd::shared_ptr<rclcpp::Subscription<const std::shared_ptr<interfaces::msg::Num_<std::allocator<void> > > (*)(), std::allocator<void>, rclcpp::message_memory_strategy::MessageMemoryStrategy<const std::shared_ptr<interfaces::msg::Num_<std::allocator<void> > > (*)(), std::allocator<void> > > >[m[K’ is not derived from ‘[01m[Kstd::auto_ptr<_Up>[m[K’
[0.657s]    19 |             "led_topic", 10, std::bind(&MinimalSubscriber::topic_callback, this, _1)[01;36m[K)[m[K;
[0.657s]       |                                                                                     [01;36m[K^[m[K
[0.657s] In file included from [01m[K/usr/include/c++/9/memory:81[m[K,
[0.657s]                  from [01m[K/workspace/cxy/Robot_Operating_System/ros2_ws/src/cpp_pubsub/src/sub.cpp:1[m[K:
[0.657s] [01m[K/usr/include/c++/9/bits/shared_ptr.h:333:7:[m[K [01;36m[Knote: [m[Kcandidate: ‘[01m[Kstd::shared_ptr<_Tp>& std::shared_ptr<_Tp>::operator=(std::shared_ptr<_Tp>&&) [with _Tp = rclcpp::Subscription<interfaces::msg::Num_<std::allocator<void> > >][m[K’
[0.657s]   333 |       [01;36m[Koperator[m[K=(shared_ptr&& __r) noexcept
[0.657s]       |       [01;36m[K^~~~~~~~[m[K
[0.657s] [01m[K/usr/include/c++/9/bits/shared_ptr.h:333:30:[m[K [01;36m[Knote: [m[K  no known conversion for argument 1 from ‘[01m[Kstd::shared_ptr<rclcpp::Subscription<const std::shared_ptr<interfaces::msg::Num_<std::allocator<void> > > (*)(), std::allocator<void>, rclcpp::message_memory_strategy::MessageMemoryStrategy<const std::shared_ptr<interfaces::msg::Num_<std::allocator<void> > > (*)(), std::allocator<void> > > >[m[K’ to ‘[01m[Kstd::shared_ptr<rclcpp::Subscription<interfaces::msg::Num_<std::allocator<void> > > >&&[m[K’
[0.657s]   333 |       operator=([01;36m[Kshared_ptr&& __r[m[K) noexcept
[0.657s]       |                 [01;36m[K~~~~~~~~~~~~~^~~[m[K
[0.657s] [01m[K/usr/include/c++/9/bits/shared_ptr.h:341:2:[m[K [01;36m[Knote: [m[Kcandidate: ‘[01m[Ktemplate<class _Yp> std::shared_ptr<_Tp>::_Assignable<std::shared_ptr<_Yp> > std::shared_ptr<_Tp>::operator=(std::shared_ptr<_Yp>&&) [with _Yp = _Yp; _Tp = rclcpp::Subscription<interfaces::msg::Num_<std::allocator<void> > >][m[K’
[0.657s]   341 |  [01;36m[Koperator[m[K=(shared_ptr<_Yp>&& __r) noexcept
[0.657s]       |  [01;36m[K^~~~~~~~[m[K
[0.657s] [01m[K/usr/include/c++/9/bits/shared_ptr.h:341:2:[m[K [01;36m[Knote: [m[K  template argument deduction/substitution failed:
[0.657s] /usr/include/c++/9/bits/shared_ptr.h: In substitution of ‘[01m[Ktemplate<class _Tp> template<class _Arg> using _Assignable = typename std::enable_if<std::is_assignable<std::__shared_ptr<_Tp>&, _Arg>::value, std::shared_ptr<_Tp>&>::type [with _Arg = std::shared_ptr<rclcpp::Subscription<const std::shared_ptr<interfaces::msg::Num_<std::allocator<void> > > (*)(), std::allocator<void>, rclcpp::message_memory_strategy::MessageMemoryStrategy<const std::shared_ptr<interfaces::msg::Num_<std::allocator<void> > > (*)(), std::allocator<void> > > >; _Tp = rclcpp::Subscription<interfaces::msg::Num_<std::allocator<void> > >][m[K’:
[0.657s] [01m[K/usr/include/c++/9/bits/shared_ptr.h:341:2:[m[K   required by substitution of ‘[01m[Ktemplate<class _Yp> std::shared_ptr<rclcpp::Subscription<interfaces::msg::Num_<std::allocator<void> > > >::_Assignable<std::shared_ptr<_Tp> > std::shared_ptr<rclcpp::Subscription<interfaces::msg::Num_<std::allocator<void> > > >::operator=<_Yp>(std::shared_ptr<_Tp>&&) [with _Yp = rclcpp::Subscription<const std::shared_ptr<interfaces::msg::Num_<std::allocator<void> > > (*)(), std::allocator<void>, rclcpp::message_memory_strategy::MessageMemoryStrategy<const std::shared_ptr<interfaces::msg::Num_<std::allocator<void> > > (*)(), std::allocator<void> > >][m[K’
[0.657s] [01m[K/workspace/cxy/Robot_Operating_System/ros2_ws/src/cpp_pubsub/src/sub.cpp:19:85:[m[K   required from here
[0.657s] [01m[K/usr/include/c++/9/bits/shared_ptr.h:111:8:[m[K [01;31m[Kerror: [m[Kno type named ‘[01m[Ktype[m[K’ in ‘[01m[Kstruct std::enable_if<false, std::shared_ptr<rclcpp::Subscription<interfaces::msg::Num_<std::allocator<void> > > >&>[m[K’
[0.657s]   111 |  using [01;31m[K_Assignable[m[K = typename enable_if<
[0.657s]       |        [01;31m[K^~~~~~~~~~~[m[K
[0.657s] [01m[K/usr/include/c++/9/bits/shared_ptr.h:349:2:[m[K [01;36m[Knote: [m[Kcandidate: ‘[01m[Ktemplate<class _Yp, class _Del> std::shared_ptr<_Tp>::_Assignable<std::unique_ptr<_Up, _Ep> > std::shared_ptr<_Tp>::operator=(std::unique_ptr<_Up, _Ep>&&) [with _Yp = _Yp; _Del = _Del; _Tp = rclcpp::Subscription<interfaces::msg::Num_<std::allocator<void> > >][m[K’
[0.657s]   349 |  [01;36m[Koperator[m[K=(unique_ptr<_Yp, _Del>&& __r)
[0.657s]       |  [01;36m[K^~~~~~~~[m[K
[0.657s] [01m[K/usr/include/c++/9/bits/shared_ptr.h:349:2:[m[K [01;36m[Knote: [m[K  template argument deduction/substitution failed:
[0.657s] [01m[K/workspace/cxy/Robot_Operating_System/ros2_ws/src/cpp_pubsub/src/sub.cpp:19:85:[m[K [01;36m[Knote: [m[K  ‘[01m[Kstd::shared_ptr<rclcpp::Subscription<const std::shared_ptr<interfaces::msg::Num_<std::allocator<void> > > (*)(), std::allocator<void>, rclcpp::message_memory_strategy::MessageMemoryStrategy<const std::shared_ptr<interfaces::msg::Num_<std::allocator<void> > > (*)(), std::allocator<void> > > >[m[K’ is not derived from ‘[01m[Kstd::unique_ptr<_Tp, _Dp>[m[K’
[0.657s]    19 |             "led_topic", 10, std::bind(&MinimalSubscriber::topic_callback, this, _1)[01;36m[K)[m[K;
[0.658s]       |                                                                                     [01;36m[K^[m[K
[0.658s] In file included from [01m[K/opt/ros/foxy/include/rclcpp/client.hpp:40[m[K,
[0.658s]                  from [01m[K/opt/ros/foxy/include/rclcpp/callback_group.hpp:23[m[K,
[0.658s]                  from [01m[K/opt/ros/foxy/include/rclcpp/any_executable.hpp:20[m[K,
[0.658s]                  from [01m[K/opt/ros/foxy/include/rclcpp/memory_strategy.hpp:24[m[K,
[0.658s]                  from [01m[K/opt/ros/foxy/include/rclcpp/memory_strategies.hpp:18[m[K,
[0.658s]                  from [01m[K/opt/ros/foxy/include/rclcpp/executor_options.hpp:20[m[K,
[0.658s]                  from [01m[K/opt/ros/foxy/include/rclcpp/executor.hpp:33[m[K,
[0.658s]                  from [01m[K/opt/ros/foxy/include/rclcpp/executors/multi_threaded_executor.hpp:26[m[K,
[0.658s]                  from [01m[K/opt/ros/foxy/include/rclcpp/executors.hpp:21[m[K,
[0.658s]                  from [01m[K/opt/ros/foxy/include/rclcpp/rclcpp.hpp:146[m[K,
[0.658s]                  from [01m[K/workspace/cxy/Robot_Operating_System/ros2_ws/src/cpp_pubsub/src/sub.cpp:3[m[K:
[0.658s] [01m[K/workspace/cxy/Robot_Operating_System/ros2_ws/src/cpp_pubsub/src/sub.cpp:[m[K In member function ‘[01m[Kvoid MinimalSubscriber::topic_callback(const SharedPtr (*)()) const[m[K’:
[0.658s] [01m[K/workspace/cxy/Robot_Operating_System/ros2_ws/src/cpp_pubsub/src/sub.cpp:25:47:[m[K [01;31m[Kerror: [m[K‘[01m[Kmsg[m[K’ was not declared in this scope
[0.658s]    25 |         RCLCPP_INFO(this->get_logger(), "%d", [01;31m[Kmsg[m[K->num);
[0.658s]       |                                               [01;31m[K^~~[m[K
[0.658s] [01m[K/workspace/cxy/Robot_Operating_System/ros2_ws/src/cpp_pubsub/src/sub.cpp:25:47:[m[K [01;36m[Knote: [m[Ksuggested alternatives:
[0.658s] In file included from [01m[K/opt/ros/foxy/include/builtin_interfaces/msg/duration.hpp:7[m[K,
[0.658s]                  from [01m[K/opt/ros/foxy/include/rclcpp/duration.hpp:20[m[K,
[0.658s]                  from [01m[K/opt/ros/foxy/include/rclcpp/qos.hpp:20[m[K,
[0.658s]                  from [01m[K/opt/ros/foxy/include/rclcpp/node_interfaces/node_graph_interface.hpp:31[m[K,
[0.658s]                  from [01m[K/opt/ros/foxy/include/rclcpp/client.hpp:34[m[K,
[0.658s]                  from [01m[K/opt/ros/foxy/include/rclcpp/callback_group.hpp:23[m[K,
[0.658s]                  from [01m[K/opt/ros/foxy/include/rclcpp/any_executable.hpp:20[m[K,
[0.658s]                  from [01m[K/opt/ros/foxy/include/rclcpp/memory_strategy.hpp:24[m[K,
[0.658s]                  from [01m[K/opt/ros/foxy/include/rclcpp/memory_strategies.hpp:18[m[K,
[0.658s]                  from [01m[K/opt/ros/foxy/include/rclcpp/executor_options.hpp:20[m[K,
[0.658s]                  from [01m[K/opt/ros/foxy/include/rclcpp/executor.hpp:33[m[K,
[0.658s]                  from [01m[K/opt/ros/foxy/include/rclcpp/executors/multi_threaded_executor.hpp:26[m[K,
[0.658s]                  from [01m[K/opt/ros/foxy/include/rclcpp/executors.hpp:21[m[K,
[0.658s]                  from [01m[K/opt/ros/foxy/include/rclcpp/rclcpp.hpp:146[m[K,
[0.658s]                  from [01m[K/workspace/cxy/Robot_Operating_System/ros2_ws/src/cpp_pubsub/src/sub.cpp:3[m[K:
[0.658s] [01m[K/opt/ros/foxy/include/builtin_interfaces/msg/detail/duration__struct.hpp:26:11:[m[K [01;36m[Knote: [m[K  ‘[01m[Kbuiltin_interfaces::msg[m[K’
[0.658s]    26 | namespace [01;36m[Kmsg[m[K
[0.658s]       |           [01;36m[K^~~[m[K
[0.658s] In file included from [01m[K/opt/ros/foxy/include/statistics_msgs/msg/detail/metrics_message__struct.hpp:22[m[K,
[0.658s]                  from [01m[K/opt/ros/foxy/include/statistics_msgs/msg/metrics_message.hpp:7[m[K,
[0.658s]                  from [01m[K/opt/ros/foxy/include/libstatistics_collector/collector/generate_statistics_message.hpp:21[m[K,
[0.658s]                  from [01m[K/opt/ros/foxy/include/rclcpp/topic_statistics/subscription_topic_statistics.hpp:23[m[K,
[0.658s]                  from [01m[K/opt/ros/foxy/include/rclcpp/subscription.hpp:50[m[K,
[0.659s]                  from [01m[K/opt/ros/foxy/include/rclcpp/any_executable.hpp:25[m[K,
[0.659s]                  from [01m[K/opt/ros/foxy/include/rclcpp/memory_strategy.hpp:24[m[K,
[0.659s]                  from [01m[K/opt/ros/foxy/include/rclcpp/memory_strategies.hpp:18[m[K,
[0.659s]                  from [01m[K/opt/ros/foxy/include/rclcpp/executor_options.hpp:20[m[K,
[0.659s]                  from [01m[K/opt/ros/foxy/include/rclcpp/executor.hpp:33[m[K,
[0.659s]                  from [01m[K/opt/ros/foxy/include/rclcpp/executors/multi_threaded_executor.hpp:26[m[K,
[0.659s]                  from [01m[K/opt/ros/foxy/include/rclcpp/executors.hpp:21[m[K,
[0.659s]                  from [01m[K/opt/ros/foxy/include/rclcpp/rclcpp.hpp:146[m[K,
[0.659s]                  from [01m[K/workspace/cxy/Robot_Operating_System/ros2_ws/src/cpp_pubsub/src/sub.cpp:3[m[K:
[0.659s] [01m[K/opt/ros/foxy/include/statistics_msgs/msg/detail/statistic_data_point__struct.hpp:26:11:[m[K [01;36m[Knote: [m[K  ‘[01m[Kstatistics_msgs::msg[m[K’
[0.659s]    26 | namespace [01;36m[Kmsg[m[K
[0.659s]       |           [01;36m[K^~~[m[K
[0.659s] In file included from [01m[K/opt/ros/foxy/include/rcl_interfaces/msg/list_parameters_result.hpp:7[m[K,
[0.659s]                  from [01m[K/opt/ros/foxy/include/rclcpp/node.hpp:34[m[K,
[0.659s]                  from [01m[K/opt/ros/foxy/include/rclcpp/executors/single_threaded_executor.hpp:28[m[K,
[0.659s]                  from [01m[K/opt/ros/foxy/include/rclcpp/executors.hpp:22[m[K,
[0.659s]                  from [01m[K/opt/ros/foxy/include/rclcpp/rclcpp.hpp:146[m[K,
[0.659s]                  from [01m[K/workspace/cxy/Robot_Operating_System/ros2_ws/src/cpp_pubsub/src/sub.cpp:3[m[K:
[0.659s] [01m[K/opt/ros/foxy/include/rcl_interfaces/msg/detail/list_parameters_result__struct.hpp:26:11:[m[K [01;36m[Knote: [m[K  ‘[01m[Krcl_interfaces::msg[m[K’
[0.659s]    26 | namespace [01;36m[Kmsg[m[K
[0.659s]       |           [01;36m[K^~~[m[K
[0.659s] In file included from [01m[K/workspace/cxy/Robot_Operating_System/ros2_ws/install/interfaces/include/interfaces/msg/num.hpp:7[m[K,
[0.659s]                  from [01m[K/workspace/cxy/Robot_Operating_System/ros2_ws/src/cpp_pubsub/src/sub.cpp:4[m[K:
[0.659s] [01m[K/workspace/cxy/Robot_Operating_System/ros2_ws/install/interfaces/include/interfaces/msg/detail/num__struct.hpp:26:11:[m[K [01;36m[Knote: [m[K  ‘[01m[Kinterfaces::msg[m[K’
[0.659s]    26 | namespace [01;36m[Kmsg[m[K
[0.659s]       |           [01;36m[K^~~[m[K
[0.659s] [01m[K/workspace/cxy/Robot_Operating_System/ros2_ws/src/cpp_pubsub/src/sub.cpp:22:63:[m[K [01;35m[Kwarning: [m[Kunused parameter ‘[01m[Kgettime[m[K’ [[01;35m[K-Wunused-parameter[m[K]
[0.659s]    22 |     void topic_callback([01;35m[Kconst interfaces::msg::Num::SharedPtr gettime()[m[K) const // CHANGE
[0.659s]       |                         [01;35m[K~~~~~~~~~~~~~~~~~~~~~~~~~~~~~~~~~~~~~~^~~~~~~~~[m[K
[0.781s] In file included from [01m[K/opt/ros/foxy/include/rclcpp/node_interfaces/node_topics_interface.hpp:32[m[K,
[0.781s]                  from [01m[K/opt/ros/foxy/include/rclcpp/node.hpp:55[m[K,
[0.781s]                  from [01m[K/opt/ros/foxy/include/rclcpp/executors/single_threaded_executor.hpp:28[m[K,
[0.781s]                  from [01m[K/opt/ros/foxy/include/rclcpp/executors.hpp:22[m[K,
[0.781s]                  from [01m[K/opt/ros/foxy/include/rclcpp/rclcpp.hpp:146[m[K,
[0.781s]                  from [01m[K/workspace/cxy/Robot_Operating_System/ros2_ws/src/cpp_pubsub/src/sub.cpp:3[m[K:
[0.781s] /opt/ros/foxy/include/rclcpp/subscription_factory.hpp: In instantiation of ‘[01m[Krclcpp::SubscriptionFactory rclcpp::create_subscription_factory(CallbackT&&, const rclcpp::SubscriptionOptionsWithAllocator<AllocatorT>&, typename MessageMemoryStrategyT::SharedPtr, std::shared_ptr<rclcpp::topic_statistics::SubscriptionTopicStatistics<CallbackMessageT> >) [with MessageT = interfaces::msg::Num_<std::allocator<void> >; CallbackT = std::_Bind<void (MinimalSubscriber::*(MinimalSubscriber*, std::_Placeholder<1>))(const std::shared_ptr<interfaces::msg::Num_<std::allocator<void> > > (*)()) const>; AllocatorT = std::allocator<void>; CallbackMessageT = const std::shared_ptr<interfaces::msg::Num_<std::allocator<void> > > (*)(); SubscriptionT = rclcpp::Subscription<const std::shared_ptr<interfaces::msg::Num_<std::allocator<void> > > (*)(), std::allocator<void>, rclcpp::message_memory_strategy::MessageMemoryStrategy<const std::shared_ptr<interfaces::msg::Num_<std::allocator<void> > > (*)(), std::allocator<void> > >; MessageMemoryStrategyT = rclcpp::message_memory_strategy::MessageMemoryStrategy<const std::shared_ptr<interfaces::msg::Num_<std::allocator<void> > > (*)(), std::allocator<void> >; typename MessageMemoryStrategyT::SharedPtr = std::shared_ptr<rclcpp::message_memory_strategy::MessageMemoryStrategy<const std::shared_ptr<interfaces::msg::Num_<std::allocator<void> > > (*)(), std::allocator<void> > >][m[K’:
[0.781s] [01m[K/opt/ros/foxy/include/rclcpp/create_subscription.hpp:144:63:[m[K   required from ‘[01m[Kstd::shared_ptr<SubscriptionT> rclcpp::create_subscription(NodeT&&, const string&, const rclcpp::QoS&, CallbackT&&, const rclcpp::SubscriptionOptionsWithAllocator<AllocatorT>&, typename MessageMemoryStrategyT::SharedPtr) [with MessageT = interfaces::msg::Num_<std::allocator<void> >; CallbackT = std::_Bind<void (MinimalSubscriber::*(MinimalSubscriber*, std::_Placeholder<1>))(const std::shared_ptr<interfaces::msg::Num_<std::allocator<void> > > (*)()) const>; AllocatorT = std::allocator<void>; CallbackMessageT = const std::shared_ptr<interfaces::msg::Num_<std::allocator<void> > > (*)(); SubscriptionT = rclcpp::Subscription<const std::shared_ptr<interfaces::msg::Num_<std::allocator<void> > > (*)(), std::allocator<void>, rclcpp::message_memory_strategy::MessageMemoryStrategy<const std::shared_ptr<interfaces::msg::Num_<std::allocator<void> > > (*)(), std::allocator<void> > >; MessageMemoryStrategyT = rclcpp::message_memory_strategy::MessageMemoryStrategy<const std::shared_ptr<interfaces::msg::Num_<std::allocator<void> > > (*)(), std::allocator<void> >; NodeT = rclcpp::Node&; std::string = std::__cxx11::basic_string<char>; typename MessageMemoryStrategyT::SharedPtr = std::shared_ptr<rclcpp::message_memory_strategy::MessageMemoryStrategy<const std::shared_ptr<interfaces::msg::Num_<std::allocator<void> > > (*)(), std::allocator<void> > >][m[K’
[0.782s] [01m[K/opt/ros/foxy/include/rclcpp/node_impl.hpp:98:47:[m[K   required from ‘[01m[Kstd::shared_ptr<SubscriptionT> rclcpp::Node::create_subscription(const string&, const rclcpp::QoS&, CallbackT&&, const rclcpp::SubscriptionOptionsWithAllocator<AllocatorT>&, typename MessageMemoryStrategyT::SharedPtr) [with MessageT = interfaces::msg::Num_<std::allocator<void> >; CallbackT = std::_Bind<void (MinimalSubscriber::*(MinimalSubscriber*, std::_Placeholder<1>))(const std::shared_ptr<interfaces::msg::Num_<std::allocator<void> > > (*)()) const>; AllocatorT = std::allocator<void>; CallbackMessageT = const std::shared_ptr<interfaces::msg::Num_<std::allocator<void> > > (*)(); SubscriptionT = rclcpp::Subscription<const std::shared_ptr<interfaces::msg::Num_<std::allocator<void> > > (*)(), std::allocator<void>, rclcpp::message_memory_strategy::MessageMemoryStrategy<const std::shared_ptr<interfaces::msg::Num_<std::allocator<void> > > (*)(), std::allocator<void> > >; MessageMemoryStrategyT = rclcpp::message_memory_strategy::MessageMemoryStrategy<const std::shared_ptr<interfaces::msg::Num_<std::allocator<void> > > (*)(), std::allocator<void> >; std::string = std::__cxx11::basic_string<char>; typename MessageMemoryStrategyT::SharedPtr = std::shared_ptr<rclcpp::message_memory_strategy::MessageMemoryStrategy<const std::shared_ptr<interfaces::msg::Num_<std::allocator<void> > > (*)(), std::allocator<void> > >][m[K’
[0.782s] [01m[K/workspace/cxy/Robot_Operating_System/ros2_ws/src/cpp_pubsub/src/sub.cpp:19:85:[m[K   required from here
[0.782s] [01m[K/opt/ros/foxy/include/rclcpp/subscription_factory.hpp:97:3:[m[K [01;31m[Kerror: [m[Kno matching function for call to ‘[01m[Krclcpp::AnySubscriptionCallback<const std::shared_ptr<interfaces::msg::Num_<std::allocator<void> > > (*)(), std::allocator<void> >::set(std::_Bind<void (MinimalSubscriber::*(MinimalSubscriber*, std::_Placeholder<1>))(const std::shared_ptr<interfaces::msg::Num_<std::allocator<void> > > (*)()) const>)[m[K’
[0.782s]    97 |   [01;31m[Kany_subscription_callback[m[K.set(std::forward<CallbackT>(callback));
[0.782s]       |   [01;31m[K^~~~~~~~~~~~~~~~~~~~~~~~~[m[K
[0.782s] In file included from [01m[K/opt/ros/foxy/include/rclcpp/subscription_base.hpp:29[m[K,
[0.782s]                  from [01m[K/opt/ros/foxy/include/rclcpp/callback_group.hpp:26[m[K,
[0.782s]                  from [01m[K/opt/ros/foxy/include/rclcpp/any_executable.hpp:20[m[K,
[0.782s]                  from [01m[K/opt/ros/foxy/include/rclcpp/memory_strategy.hpp:24[m[K,
[0.782s]                  from [01m[K/opt/ros/foxy/include/rclcpp/memory_strategies.hpp:18[m[K,
[0.782s]                  from [01m[K/opt/ros/foxy/include/rclcpp/executor_options.hpp:20[m[K,
[0.782s]                  from [01m[K/opt/ros/foxy/include/rclcpp/executor.hpp:33[m[K,
[0.782s]                  from [01m[K/opt/ros/foxy/include/rclcpp/executors/multi_threaded_executor.hpp:26[m[K,
[0.782s]                  from [01m[K/opt/ros/foxy/include/rclcpp/executors.hpp:21[m[K,
[0.782s]                  from [01m[K/opt/ros/foxy/include/rclcpp/rclcpp.hpp:146[m[K,
[0.782s]                  from [01m[K/workspace/cxy/Robot_Operating_System/ros2_ws/src/cpp_pubsub/src/sub.cpp:3[m[K:
[0.782s] [01m[K/opt/ros/foxy/include/rclcpp/any_subscription_callback.hpp:83:8:[m[K [01;36m[Knote: [m[Kcandidate: ‘[01m[Ktemplate<class CallbackT, typename std::enable_if<rclcpp::function_traits::same_arguments<CallbackT, std::function<void(std::shared_ptr<const std::shared_ptr<interfaces::msg::Num_<std::allocator<void> > > (*)()>)> >::value, void>::type* <anonymous> > void rclcpp::AnySubscriptionCallback<MessageT, Alloc>::set(CallbackT) [with CallbackT = CallbackT; typename std::enable_if<rclcpp::function_traits::same_arguments<CallbackT, std::function<void(std::shared_ptr<_Tp>)> >::value>::type* <anonymous> = <enumerator>; MessageT = const std::shared_ptr<interfaces::msg::Num_<std::allocator<void> > > (*)(); Alloc = std::allocator<void>][m[K’
[0.782s]    83 |   void [01;36m[Kset[m[K(CallbackT callback)
[0.782s]       |        [01;36m[K^~~[m[K
[0.782s] [01m[K/opt/ros/foxy/include/rclcpp/any_subscription_callback.hpp:83:8:[m[K [01;36m[Knote: [m[K  template argument deduction/substitution failed:
[0.782s] [01m[K/opt/ros/foxy/include/rclcpp/any_subscription_callback.hpp:81:17:[m[K [01;31m[Kerror: [m[Kno type named ‘[01m[Ktype[m[K’ in ‘[01m[Kstruct std::enable_if<false, void>[m[K’
[0.782s]    81 |     >::type * = [01;31m[Knullptr[m[K
[0.782s]       |                 [01;31m[K^~~~~~~[m[K
[0.782s] [01m[K/opt/ros/foxy/include/rclcpp/any_subscription_callback.hpp:97:8:[m[K [01;36m[Knote: [m[Kcandidate: ‘[01m[Ktemplate<class CallbackT, typename std::enable_if<rclcpp::function_traits::same_arguments<CallbackT, std::function<void(std::shared_ptr<const std::shared_ptr<interfaces::msg::Num_<std::allocator<void> > > (*)()>, const rclcpp::MessageInfo&)> >::value, void>::type* <anonymous> > void rclcpp::AnySubscriptionCallback<MessageT, Alloc>::set(CallbackT) [with CallbackT = CallbackT; typename std::enable_if<rclcpp::function_traits::same_arguments<CallbackT, std::function<void(std::shared_ptr<_Tp>, const rclcpp::MessageInfo&)> >::value>::type* <anonymous> = <enumerator>; MessageT = const std::shared_ptr<interfaces::msg::Num_<std::allocator<void> > > (*)(); Alloc = std::allocator<void>][m[K’
[0.782s]    97 |   void [01;36m[Kset[m[K(CallbackT callback)
[0.782s]       |        [01;36m[K^~~[m[K
[0.782s] [01m[K/opt/ros/foxy/include/rclcpp/any_subscription_callback.hpp:97:8:[m[K [01;36m[Knote: [m[K  template argument deduction/substitution failed:
[0.782s] [01m[K/opt/ros/foxy/include/rclcpp/any_subscription_callback.hpp:95:17:[m[K [01;31m[Kerror: [m[Kno type named ‘[01m[Ktype[m[K’ in ‘[01m[Kstruct std::enable_if<false, void>[m[K’
[0.782s]    95 |     >::type * = [01;31m[Knullptr[m[K
[0.782s]       |                 [01;31m[K^~~~~~~[m[K
[0.782s] [01m[K/opt/ros/foxy/include/rclcpp/any_subscription_callback.hpp:111:8:[m[K [01;36m[Knote: [m[Kcandidate: ‘[01m[Ktemplate<class CallbackT, typename std::enable_if<rclcpp::function_traits::same_arguments<CallbackT, std::function<void(std::shared_ptr<const std::shared_ptr<interfaces::msg::Num_<std::allocator<void> > > (* const)()>)> >::value, void>::type* <anonymous> > void rclcpp::AnySubscriptionCallback<MessageT, Alloc>::set(CallbackT) [with CallbackT = CallbackT; typename std::enable_if<rclcpp::function_traits::same_arguments<CallbackT, std::function<void(std::shared_ptr<const _Tp>)> >::value>::type* <anonymous> = <enumerator>; MessageT = const std::shared_ptr<interfaces::msg::Num_<std::allocator<void> > > (*)(); Alloc = std::allocator<void>][m[K’
[0.782s]   111 |   void [01;36m[Kset[m[K(CallbackT callback)
[0.782s]       |        [01;36m[K^~~[m[K
[0.782s] [01m[K/opt/ros/foxy/include/rclcpp/any_subscription_callback.hpp:111:8:[m[K [01;36m[Knote: [m[K  template argument deduction/substitution failed:
[0.782s] [01m[K/opt/ros/foxy/include/rclcpp/any_subscription_callback.hpp:109:17:[m[K [01;31m[Kerror: [m[Kno type named ‘[01m[Ktype[m[K’ in ‘[01m[Kstruct std::enable_if<false, void>[m[K’
[0.782s]   109 |     >::type * = [01;31m[Knullptr[m[K
[0.782s]       |                 [01;31m[K^~~~~~~[m[K
[0.782s] [01m[K/opt/ros/foxy/include/rclcpp/any_subscription_callback.hpp:125:8:[m[K [01;36m[Knote: [m[Kcandidate: ‘[01m[Ktemplate<class CallbackT, typename std::enable_if<rclcpp::function_traits::same_arguments<CallbackT, std::function<void(std::shared_ptr<const std::shared_ptr<interfaces::msg::Num_<std::allocator<void> > > (* const)()>, const rclcpp::MessageInfo&)> >::value, void>::type* <anonymous> > void rclcpp::AnySubscriptionCallback<MessageT, Alloc>::set(CallbackT) [with CallbackT = CallbackT; typename std::enable_if<rclcpp::function_traits::same_arguments<CallbackT, std::function<void(std::shared_ptr<const _Tp>, const rclcpp::MessageInfo&)> >::value>::type* <anonymous> = <enumerator>; MessageT = const std::shared_ptr<interfaces::msg::Num_<std::allocator<void> > > (*)(); Alloc = std::allocator<void>][m[K’
[0.783s]   125 |   void [01;36m[Kset[m[K(CallbackT callback)
[0.783s]       |        [01;36m[K^~~[m[K
[0.783s] [01m[K/opt/ros/foxy/include/rclcpp/any_subscription_callback.hpp:125:8:[m[K [01;36m[Knote: [m[K  template argument deduction/substitution failed:
[0.783s] [01m[K/opt/ros/foxy/include/rclcpp/any_subscription_callback.hpp:123:17:[m[K [01;31m[Kerror: [m[Kno type named ‘[01m[Ktype[m[K’ in ‘[01m[Kstruct std::enable_if<false, void>[m[K’
[0.783s]   123 |     >::type * = [01;31m[Knullptr[m[K
[0.783s]       |                 [01;31m[K^~~~~~~[m[K
[0.783s] [01m[K/opt/ros/foxy/include/rclcpp/any_subscription_callback.hpp:139:8:[m[K [01;36m[Knote: [m[Kcandidate: ‘[01m[Ktemplate<class CallbackT, typename std::enable_if<rclcpp::function_traits::same_arguments<CallbackT, std::function<void(std::unique_ptr<const std::shared_ptr<interfaces::msg::Num_<std::allocator<void> > > (*)(), std::default_delete<const std::shared_ptr<interfaces::msg::Num_<std::allocator<void> > > (*)()> >)> >::value, void>::type* <anonymous> > void rclcpp::AnySubscriptionCallback<MessageT, Alloc>::set(CallbackT) [with CallbackT = CallbackT; typename std::enable_if<rclcpp::function_traits::same_arguments<CallbackT, std::function<void(std::unique_ptr<MessageT, typename std::conditional<std::is_same<typename std::allocator_traits<typename std::allocator_traits<_Alloc>::rebind_traits<MessageT>::allocator_type>::rebind_alloc<MessageT>, typename std::allocator<void>::rebind<_Tp1>::other>::value, std::default_delete<_Tp>, rclcpp::allocator::AllocatorDeleter<typename std::allocator_traits<_Alloc>::rebind_traits<MessageT>::allocator_type> >::type>)> >::value>::type* <anonymous> = <enumerator>; MessageT = const std::shared_ptr<interfaces::msg::Num_<std::allocator<void> > > (*)(); Alloc = std::allocator<void>][m[K’
[0.783s]   139 |   void [01;36m[Kset[m[K(CallbackT callback)
[0.783s]       |        [01;36m[K^~~[m[K
[0.783s] [01m[K/opt/ros/foxy/include/rclcpp/any_subscription_callback.hpp:139:8:[m[K [01;36m[Knote: [m[K  template argument deduction/substitution failed:
[0.783s] [01m[K/opt/ros/foxy/include/rclcpp/any_subscription_callback.hpp:137:17:[m[K [01;31m[Kerror: [m[Kno type named ‘[01m[Ktype[m[K’ in ‘[01m[Kstruct std::enable_if<false, void>[m[K’
[0.783s]   137 |     >::type * = [01;31m[Knullptr[m[K
[0.783s]       |                 [01;31m[K^~~~~~~[m[K
[0.783s] [01m[K/opt/ros/foxy/include/rclcpp/any_subscription_callback.hpp:153:8:[m[K [01;36m[Knote: [m[Kcandidate: ‘[01m[Ktemplate<class CallbackT, typename std::enable_if<rclcpp::function_traits::same_arguments<CallbackT, std::function<void(std::unique_ptr<const std::shared_ptr<interfaces::msg::Num_<std::allocator<void> > > (*)(), std::default_delete<const std::shared_ptr<interfaces::msg::Num_<std::allocator<void> > > (*)()> >, const rclcpp::MessageInfo&)> >::value, void>::type* <anonymous> > void rclcpp::AnySubscriptionCallback<MessageT, Alloc>::set(CallbackT) [with CallbackT = CallbackT; typename std::enable_if<rclcpp::function_traits::same_arguments<CallbackT, std::function<void(std::unique_ptr<MessageT, typename std::conditional<std::is_same<typename std::allocator_traits<typename std::allocator_traits<_Alloc>::rebind_traits<MessageT>::allocator_type>::rebind_alloc<MessageT>, typename std::allocator<void>::rebind<_Tp1>::other>::value, std::default_delete<_Tp>, rclcpp::allocator::AllocatorDeleter<typename std::allocator_traits<_Alloc>::rebind_traits<MessageT>::allocator_type> >::type>, const rclcpp::MessageInfo&)> >::value>::type* <anonymous> = <enumerator>; MessageT = const std::shared_ptr<interfaces::msg::Num_<std::allocator<void> > > (*)(); Alloc = std::allocator<void>][m[K’
[0.783s]   153 |   void [01;36m[Kset[m[K(CallbackT callback)
[0.783s]       |        [01;36m[K^~~[m[K
[0.783s] [01m[K/opt/ros/foxy/include/rclcpp/any_subscription_callback.hpp:153:8:[m[K [01;36m[Knote: [m[K  template argument deduction/substitution failed:
[0.783s] [01m[K/opt/ros/foxy/include/rclcpp/any_subscription_callback.hpp:151:17:[m[K [01;31m[Kerror: [m[Kno type named ‘[01m[Ktype[m[K’ in ‘[01m[Kstruct std::enable_if<false, void>[m[K’
[0.783s]   151 |     >::type * = [01;31m[Knullptr[m[K
[0.783s]       |                 [01;31m[K^~~~~~~[m[K
[1.117s] In file included from [01m[K/usr/include/c++/9/future:48[m[K,
[1.117s]                  from [01m[K/opt/ros/foxy/include/rclcpp/executors.hpp:18[m[K,
[1.117s]                  from [01m[K/opt/ros/foxy/include/rclcpp/rclcpp.hpp:146[m[K,
[1.117s]                  from [01m[K/workspace/cxy/Robot_Operating_System/ros2_ws/src/cpp_pubsub/src/sub.cpp:3[m[K:
[1.117s] [01m[K/usr/include/c++/9/bits/std_function.h:[m[K At global scope:
[1.117s] [01m[K/usr/include/c++/9/bits/std_function.h:667:7:[m[K [01;31m[Kerror: [m[K‘[01m[Kstd::function<_Res(_ArgTypes ...)>::function(_Functor) [with _Functor = rclcpp::create_subscription_factory(CallbackT&&, const rclcpp::SubscriptionOptionsWithAllocator<AllocatorT>&, typename MessageMemoryStrategyT::SharedPtr, std::shared_ptr<rclcpp::topic_statistics::SubscriptionTopicStatistics<CallbackMessageT> >) [with MessageT = interfaces::msg::Num_<std::allocator<void> >; CallbackT = std::_Bind<void (MinimalSubscriber::*(MinimalSubscriber*, std::_Placeholder<1>))(const std::shared_ptr<interfaces::msg::Num_<std::allocator<void> > > (*)()) const>; AllocatorT = std::allocator<void>; CallbackMessageT = const std::shared_ptr<interfaces::msg::Num_<std::allocator<void> > > (*)(); SubscriptionT = rclcpp::Subscription<const std::shared_ptr<interfaces::msg::Num_<std::allocator<void> > > (*)(), std::allocator<void>, rclcpp::message_memory_strategy::MessageMemoryStrategy<const std::shared_ptr<interfaces::msg::Num_<std::allocator<void> > > (*)(), std::allocator<void> > >; MessageMemoryStrategyT = rclcpp::message_memory_strategy::MessageMemoryStrategy<const std::shared_ptr<interfaces::msg::Num_<std::allocator<void> > > (*)(), std::allocator<void> >; typename MessageMemoryStrategyT::SharedPtr = std::shared_ptr<rclcpp::message_memory_strategy::MessageMemoryStrategy<const std::shared_ptr<interfaces::msg::Num_<std::allocator<void> > > (*)(), std::allocator<void> > >]::<lambda(rclcpp::node_interfaces::NodeBaseInterface*, const string&, const rclcpp::QoS&)>; <template-parameter-2-2> = void; <template-parameter-2-3> = void; _Res = std::shared_ptr<rclcpp::SubscriptionBase>; _ArgTypes = {rclcpp::node_interfaces::NodeBaseInterface*, const std::__cxx11::basic_string<char, std::char_traits<char>, std::allocator<char> >&, const rclcpp::QoS&}][m[K’, declared using local type ‘[01m[Krclcpp::create_subscription_factory(CallbackT&&, const rclcpp::SubscriptionOptionsWithAllocator<AllocatorT>&, typename MessageMemoryStrategyT::SharedPtr, std::shared_ptr<rclcpp::topic_statistics::SubscriptionTopicStatistics<CallbackMessageT> >) [with MessageT = interfaces::msg::Num_<std::allocator<void> >; CallbackT = std::_Bind<void (MinimalSubscriber::*(MinimalSubscriber*, std::_Placeholder<1>))(const std::shared_ptr<interfaces::msg::Num_<std::allocator<void> > > (*)()) const>; AllocatorT = std::allocator<void>; CallbackMessageT = const std::shared_ptr<interfaces::msg::Num_<std::allocator<void> > > (*)(); SubscriptionT = rclcpp::Subscription<const std::shared_ptr<interfaces::msg::Num_<std::allocator<void> > > (*)(), std::allocator<void>, rclcpp::message_memory_strategy::MessageMemoryStrategy<const std::shared_ptr<interfaces::msg::Num_<std::allocator<void> > > (*)(), std::allocator<void> > >; MessageMemoryStrategyT = rclcpp::message_memory_strategy::MessageMemoryStrategy<const std::shared_ptr<interfaces::msg::Num_<std::allocator<void> > > (*)(), std::allocator<void> >; typename MessageMemoryStrategyT::SharedPtr = std::shared_ptr<rclcpp::message_memory_strategy::MessageMemoryStrategy<const std::shared_ptr<interfaces::msg::Num_<std::allocator<void> > > (*)(), std::allocator<void> > >]::<lambda(rclcpp::node_interfaces::NodeBaseInterface*, const string&, const rclcpp::QoS&)>[m[K’, is used but never defined [[01;31m[K-fpermissive[m[K]
[1.118s]   667 |       [01;31m[Kfunction<_Res(_ArgTypes...)>[m[K::
[1.118s]       |       [01;31m[K^~~~~~~~~~~~~~~~~~~~~~~~~~~~[m[K
[1.154s] make[2]: *** [CMakeFiles/listener.dir/build.make:76: CMakeFiles/listener.dir/src/sub.cpp.o] Error 1
[1.154s] make[1]: *** [CMakeFiles/Makefile2:167: CMakeFiles/listener.dir/all] Error 2
[1.154s] make: *** [Makefile:146: all] Error 2
[1.155s] Invoked command in '/workspace/cxy/Robot_Operating_System/ros2_ws/build/cpp_pubsub' returned '2': CMAKE_PREFIX_PATH=/workspace/cxy/Robot_Operating_System/ros2_ws/install/interfaces:/workspace/cxy/Robot_Operating_System/ros2_ws/install/cpp_pubsub:/opt/ros/foxy:/opt/third_party/casadi/lib/cmake/casadi:/opt/third_party/ceres/lib/cmake/Ceres:/opt/third_party/osqp-cpp/lib/cmake/:/opt/third_party/abseil-cpp/lib/cmake/:/opt/third_party/osqp/lib/cmake/ /usr/bin/cmake --build /workspace/cxy/Robot_Operating_System/ros2_ws/build/cpp_pubsub -- -j20 -l20
