[0.007s] Invoking command in '/workspace/cxy/Robot_Operating_System/ros2_ws/build/cpp_pubsub': CMAKE_PREFIX_PATH=/workspace/cxy/Robot_Operating_System/ros2_ws/install/interfaces:/workspace/cxy/Robot_Operating_System/ros2_ws/install/cpp_pubsub:/opt/ros/foxy:/opt/third_party/casadi/lib/cmake/casadi:/opt/third_party/ceres/lib/cmake/Ceres:/opt/third_party/osqp-cpp/lib/cmake/:/opt/third_party/abseil-cpp/lib/cmake/:/opt/third_party/osqp/lib/cmake/ /usr/bin/cmake --build /workspace/cxy/Robot_Operating_System/ros2_ws/build/cpp_pubsub -- -j20 -l20
[0.021s] [35m[1mConsolidate compiler generated dependencies of target listener[0m
[0.024s] [ 28%] Built target get_info
[0.025s] [ 57%] Built target talker
[0.028s] [ 71%] [32mBuilding CXX object CMakeFiles/listener.dir/src/sub.cpp.o[0m
[0.087s] In file included from [01m[K/workspace/cxy/Robot_Operating_System/ros2_ws/src/cpp_pubsub/include/cpp_pubsub/get_info.h:4[m[K,
[0.087s]                  from [01m[K/workspace/cxy/Robot_Operating_System/ros2_ws/src/cpp_pubsub/src/sub.cpp:6[m[K:
[0.087s] [01m[K/workspace/cxy/Robot_Operating_System/ros2_ws/src/cpp_pubsub/include/cpp_pubsub/bx_dual_sdk.h:1114:[m[K [01;35m[Kwarning: [m[Kignoring #pragma region Common [[01;35m[K-Wunknown-pragmas[m[K]
[0.087s]  1114 | #pragma region Common operation
[0.087s]       | 
[0.087s] [01m[K/workspace/cxy/Robot_Operating_System/ros2_ws/src/cpp_pubsub/include/cpp_pubsub/bx_dual_sdk.h:1169:2:[m[K [01;35m[Kwarning: [m[K"/*" within comment [[01;35m[K-Wcomment[m[K]
[0.087s]  1169 |  /*! ***************************************************************/
[0.087s]       |   
[0.087s] [01m[K/workspace/cxy/Robot_Operating_System/ros2_ws/src/cpp_pubsub/include/cpp_pubsub/bx_dual_sdk.h:1410:2:[m[K [01;35m[Kwarning: [m[K"/*" within comment [[01;35m[K-Wcomment[m[K]
[0.087s]  1410 |  /*! ***************************************************************/
[0.087s]       |   
[0.087s] [01m[K/workspace/cxy/Robot_Operating_System/ros2_ws/src/cpp_pubsub/include/cpp_pubsub/bx_dual_sdk.h:1453:2:[m[K [01;35m[Kwarning: [m[K"/*" within comment [[01;35m[K-Wcomment[m[K]
[0.088s]  1453 |  /*! ***************************************************************/
[0.088s]       |   
[0.088s] [01m[K/workspace/cxy/Robot_Operating_System/ros2_ws/src/cpp_pubsub/include/cpp_pubsub/bx_dual_sdk.h:1525:2:[m[K [01;35m[Kwarning: [m[K"/*" within comment [[01;35m[K-Wcomment[m[K]
[0.088s]  1525 |  /**UDP CMD END**/
[0.088s]       |   
[0.088s] [01m[K/workspace/cxy/Robot_Operating_System/ros2_ws/src/cpp_pubsub/include/cpp_pubsub/bx_dual_sdk.h:1533:2:[m[K [01;35m[Kwarning: [m[K"/*" within comment [[01;35m[K-Wcomment[m[K]
[0.088s]  1533 |  /** TCP命令 控制器维护命令 **/
[0.088s]       |   
[0.088s] [01m[K/workspace/cxy/Robot_Operating_System/ros2_ws/src/cpp_pubsub/include/cpp_pubsub/bx_dual_sdk.h:2094:2:[m[K [01;35m[Kwarning: [m[K"/*" within comment [[01;35m[K-Wcomment[m[K]
[0.088s]  2094 |  /** TCP命令 END **/
[0.088s]       |   
[0.088s] [01m[K/workspace/cxy/Robot_Operating_System/ros2_ws/src/cpp_pubsub/include/cpp_pubsub/bx_dual_sdk.h:2124:2:[m[K [01;35m[Kwarning: [m[K"/*" within comment [[01;35m[K-Wcomment[m[K]
[0.088s]  2124 |  /*! ***************************************************************/
[0.088s]       |   
[0.088s] [01m[K/workspace/cxy/Robot_Operating_System/ros2_ws/src/cpp_pubsub/include/cpp_pubsub/bx_dual_sdk.h:3640:[m[K [01;35m[Kwarning: [m[Kignoring #pragma endregion Common [[01;35m[K-Wunknown-pragmas[m[K]
[0.088s]  3640 | #pragma endregion Common operation
[0.088s]       | 
[0.089s] In file included from [01m[K/workspace/cxy/Robot_Operating_System/ros2_ws/src/cpp_pubsub/include/cpp_pubsub/get_info.h:5[m[K,
[0.089s]                  from [01m[K/workspace/cxy/Robot_Operating_System/ros2_ws/src/cpp_pubsub/src/sub.cpp:6[m[K:
[0.089s] [01m[K/workspace/cxy/Robot_Operating_System/ros2_ws/src/cpp_pubsub/include/cpp_pubsub/bx_sdk_dual.h:13:1:[m[K [01;35m[Kwarning: [m[K"/*" within comment [[01;35m[K-Wcomment[m[K]
[0.089s]    13 | /*! ********************************************************************/
[0.089s]       |  
[2.422s] [ 85%] [32m[1mLinking CXX executable listener[0m
[2.530s] [100%] Built target listener
[2.542s] Invoked command in '/workspace/cxy/Robot_Operating_System/ros2_ws/build/cpp_pubsub' returned '0': CMAKE_PREFIX_PATH=/workspace/cxy/Robot_Operating_System/ros2_ws/install/interfaces:/workspace/cxy/Robot_Operating_System/ros2_ws/install/cpp_pubsub:/opt/ros/foxy:/opt/third_party/casadi/lib/cmake/casadi:/opt/third_party/ceres/lib/cmake/Ceres:/opt/third_party/osqp-cpp/lib/cmake/:/opt/third_party/abseil-cpp/lib/cmake/:/opt/third_party/osqp/lib/cmake/ /usr/bin/cmake --build /workspace/cxy/Robot_Operating_System/ros2_ws/build/cpp_pubsub -- -j20 -l20
[2.558s] Invoking command in '/workspace/cxy/Robot_Operating_System/ros2_ws/build/cpp_pubsub': CMAKE_PREFIX_PATH=/workspace/cxy/Robot_Operating_System/ros2_ws/install/interfaces:/workspace/cxy/Robot_Operating_System/ros2_ws/install/cpp_pubsub:/opt/ros/foxy:/opt/third_party/casadi/lib/cmake/casadi:/opt/third_party/ceres/lib/cmake/Ceres:/opt/third_party/osqp-cpp/lib/cmake/:/opt/third_party/abseil-cpp/lib/cmake/:/opt/third_party/osqp/lib/cmake/ /usr/bin/cmake --install /workspace/cxy/Robot_Operating_System/ros2_ws/build/cpp_pubsub
[2.562s] -- Install configuration: ""
[2.562s] -- Up-to-date: /workspace/cxy/Robot_Operating_System/ros2_ws/install/cpp_pubsub/lib/cpp_pubsub/talker
[2.562s] -- Installing: /workspace/cxy/Robot_Operating_System/ros2_ws/install/cpp_pubsub/lib/cpp_pubsub/listener
[2.564s] -- Set runtime path of "/workspace/cxy/Robot_Operating_System/ros2_ws/install/cpp_pubsub/lib/cpp_pubsub/listener" to ""
[2.564s] -- Up-to-date: /workspace/cxy/Robot_Operating_System/ros2_ws/install/cpp_pubsub/share/ament_index/resource_index/package_run_dependencies/cpp_pubsub
[2.564s] -- Up-to-date: /workspace/cxy/Robot_Operating_System/ros2_ws/install/cpp_pubsub/share/ament_index/resource_index/parent_prefix_path/cpp_pubsub
[2.564s] -- Up-to-date: /workspace/cxy/Robot_Operating_System/ros2_ws/install/cpp_pubsub/share/cpp_pubsub/environment/ament_prefix_path.sh
[2.564s] -- Up-to-date: /workspace/cxy/Robot_Operating_System/ros2_ws/install/cpp_pubsub/share/cpp_pubsub/environment/ament_prefix_path.dsv
[2.564s] -- Up-to-date: /workspace/cxy/Robot_Operating_System/ros2_ws/install/cpp_pubsub/share/cpp_pubsub/environment/path.sh
[2.565s] -- Up-to-date: /workspace/cxy/Robot_Operating_System/ros2_ws/install/cpp_pubsub/share/cpp_pubsub/environment/path.dsv
[2.565s] -- Up-to-date: /workspace/cxy/Robot_Operating_System/ros2_ws/install/cpp_pubsub/share/cpp_pubsub/local_setup.bash
[2.565s] -- Up-to-date: /workspace/cxy/Robot_Operating_System/ros2_ws/install/cpp_pubsub/share/cpp_pubsub/local_setup.sh
[2.565s] -- Up-to-date: /workspace/cxy/Robot_Operating_System/ros2_ws/install/cpp_pubsub/share/cpp_pubsub/local_setup.zsh
[2.566s] -- Up-to-date: /workspace/cxy/Robot_Operating_System/ros2_ws/install/cpp_pubsub/share/cpp_pubsub/local_setup.dsv
[2.567s] -- Installing: /workspace/cxy/Robot_Operating_System/ros2_ws/install/cpp_pubsub/share/cpp_pubsub/package.dsv
[2.568s] -- Up-to-date: /workspace/cxy/Robot_Operating_System/ros2_ws/install/cpp_pubsub/share/ament_index/resource_index/packages/cpp_pubsub
[2.568s] -- Up-to-date: /workspace/cxy/Robot_Operating_System/ros2_ws/install/cpp_pubsub/share/cpp_pubsub/cmake/cpp_pubsubConfig.cmake
[2.568s] -- Up-to-date: /workspace/cxy/Robot_Operating_System/ros2_ws/install/cpp_pubsub/share/cpp_pubsub/cmake/cpp_pubsubConfig-version.cmake
[2.568s] -- Up-to-date: /workspace/cxy/Robot_Operating_System/ros2_ws/install/cpp_pubsub/share/cpp_pubsub/package.xml
[2.568s] Invoked command in '/workspace/cxy/Robot_Operating_System/ros2_ws/build/cpp_pubsub' returned '0': CMAKE_PREFIX_PATH=/workspace/cxy/Robot_Operating_System/ros2_ws/install/interfaces:/workspace/cxy/Robot_Operating_System/ros2_ws/install/cpp_pubsub:/opt/ros/foxy:/opt/third_party/casadi/lib/cmake/casadi:/opt/third_party/ceres/lib/cmake/Ceres:/opt/third_party/osqp-cpp/lib/cmake/:/opt/third_party/abseil-cpp/lib/cmake/:/opt/third_party/osqp/lib/cmake/ /usr/bin/cmake --install /workspace/cxy/Robot_Operating_System/ros2_ws/build/cpp_pubsub
