[0.007s] Invoking command in '/workspace/cxy/Robot_Operating_System/ros2_ws/build/cpp_srvcli': /usr/bin/cmake /workspace/cxy/Robot_Operating_System/ros2_ws/src/cpp_srvcli -DCMAKE_INSTALL_PREFIX=/workspace/cxy/Robot_Operating_System/ros2_ws/install/cpp_srvcli
[0.037s] -- The C compiler identification is GNU 9.3.0
[0.077s] -- The CXX compiler identification is GNU 9.3.0
[0.081s] -- Detecting C compiler ABI info
[0.121s] -- Detecting C compiler ABI info - done
[0.126s] -- Check for working C compiler: /usr/bin/cc - skipped
[0.127s] -- Detecting C compile features
[0.127s] -- Detecting C compile features - done
[0.129s] -- Detecting CXX compiler ABI info
[0.166s] -- Detecting CXX compiler ABI info - done
[0.170s] -- Check for working CXX compiler: /usr/bin/g++ - skipped
[0.171s] -- Detecting CXX compile features
[0.171s] -- Detecting CXX compile features - done
[0.173s] -- Found ament_cmake: 0.9.9 (/opt/ros/foxy/share/ament_cmake/cmake)
[0.189s] -- Found PythonInterp: /usr/bin/python3 (found suitable version "3.8.10", minimum required is "3") 
[0.190s] -- Using PYTHON_EXECUTABLE: /usr/bin/python3
[0.317s] -- Found rclcpp: 2.4.0 (/opt/ros/foxy/share/rclcpp/cmake)
[0.358s] -- Using all available rosidl_typesupport_c: rosidl_typesupport_fastrtps_c;rosidl_typesupport_introspection_c
[0.365s] -- Found rosidl_adapter: 1.2.1 (/opt/ros/foxy/share/rosidl_adapter/cmake)
[0.427s] -- Found OpenSSL: /usr/lib/x86_64-linux-gnu/libcrypto.so (found version "1.1.1f")  
[0.463s] -- Found FastRTPS: /opt/ros/foxy/include  
[0.529s] -- Using all available rosidl_typesupport_cpp: rosidl_typesupport_fastrtps_cpp;rosidl_typesupport_introspection_cpp
[0.570s] -- Found rmw_implementation_cmake: 1.0.3 (/opt/ros/foxy/share/rmw_implementation_cmake/cmake)
[0.571s] -- Using RMW implementation 'rmw_cyclonedds_cpp' as default
[0.572s] -- Looking for pthread.h
[0.606s] -- Looking for pthread.h - found
[0.606s] -- Performing Test CMAKE_HAVE_LIBC_PTHREAD
[0.641s] -- Performing Test CMAKE_HAVE_LIBC_PTHREAD - Failed
[0.642s] -- Looking for pthread_create in pthreads
[0.667s] -- Looking for pthread_create in pthreads - not found
[0.667s] -- Looking for pthread_create in pthread
[0.700s] -- Looking for pthread_create in pthread - found
[0.702s] -- Found Threads: TRUE  
[0.795s] -- Found example_interfaces: 0.9.1 (/opt/ros/foxy/share/example_interfaces/cmake)
[0.860s] -- Found ament_lint_auto: 0.9.6 (/opt/ros/foxy/share/ament_lint_auto/cmake)
[0.910s] -- Added test 'copyright' to check source files copyright and LICENSE
[0.910s] -- Added test 'cppcheck' to perform static code analysis on C / C++ code
[0.910s] -- Configured cppcheck include dirs: 
[0.911s] -- Configured cppcheck exclude dirs and/or files: 
[0.911s] -- Added test 'cpplint' to check C / C++ code against the Google style
[0.911s] -- Configured cpplint exclude dirs and/or files: 
[0.911s] -- Added test 'flake8' to check Python code syntax and style conventions
[0.912s] -- Added test 'lint_cmake' to check CMake code style
[0.912s] -- Added test 'pep257' to check Python code against some of the style conventions in PEP 257
[0.913s] -- Added test 'uncrustify' to check C / C++ code style
[0.913s] -- Configured uncrustify additional arguments: 
[0.913s] -- Added test 'xmllint' to check XML markup files
[0.914s] -- Configuring done
[0.922s] -- Generating done
[0.922s] -- Build files have been written to: /workspace/cxy/Robot_Operating_System/ros2_ws/build/cpp_srvcli
[0.928s] Invoked command in '/workspace/cxy/Robot_Operating_System/ros2_ws/build/cpp_srvcli' returned '0': /usr/bin/cmake /workspace/cxy/Robot_Operating_System/ros2_ws/src/cpp_srvcli -DCMAKE_INSTALL_PREFIX=/workspace/cxy/Robot_Operating_System/ros2_ws/install/cpp_srvcli
[0.929s] Invoking command in '/workspace/cxy/Robot_Operating_System/ros2_ws/build/cpp_srvcli': /usr/bin/cmake --build /workspace/cxy/Robot_Operating_System/ros2_ws/build/cpp_srvcli -- -j20 -l20
[0.945s] [ 25%] [32mBuilding CXX object CMakeFiles/client.dir/src/client.cpp.o[0m
[0.945s] [ 50%] [32mBuilding CXX object CMakeFiles/server.dir/src/server.cpp.o[0m
[2.023s] [ 75%] [32m[1mLinking CXX executable server[0m
[2.089s] [ 75%] Built target server
[2.131s] [100%] [32m[1mLinking CXX executable client[0m
[2.200s] [100%] Built target client
[2.204s] Invoked command in '/workspace/cxy/Robot_Operating_System/ros2_ws/build/cpp_srvcli' returned '0': /usr/bin/cmake --build /workspace/cxy/Robot_Operating_System/ros2_ws/build/cpp_srvcli -- -j20 -l20
[2.220s] Invoking command in '/workspace/cxy/Robot_Operating_System/ros2_ws/build/cpp_srvcli': /usr/bin/cmake --install /workspace/cxy/Robot_Operating_System/ros2_ws/build/cpp_srvcli
[2.222s] -- Install configuration: ""
[2.222s] -- Installing: /workspace/cxy/Robot_Operating_System/ros2_ws/install/cpp_srvcli/lib/cpp_srvcli/client
[2.222s] -- Set runtime path of "/workspace/cxy/Robot_Operating_System/ros2_ws/install/cpp_srvcli/lib/cpp_srvcli/client" to ""
[2.222s] -- Installing: /workspace/cxy/Robot_Operating_System/ros2_ws/install/cpp_srvcli/lib/cpp_srvcli/server
[2.222s] -- Set runtime path of "/workspace/cxy/Robot_Operating_System/ros2_ws/install/cpp_srvcli/lib/cpp_srvcli/server" to ""
[2.223s] -- Installing: /workspace/cxy/Robot_Operating_System/ros2_ws/install/cpp_srvcli/share/ament_index/resource_index/package_run_dependencies/cpp_srvcli
[2.223s] -- Installing: /workspace/cxy/Robot_Operating_System/ros2_ws/install/cpp_srvcli/share/ament_index/resource_index/parent_prefix_path/cpp_srvcli
[2.223s] -- Installing: /workspace/cxy/Robot_Operating_System/ros2_ws/install/cpp_srvcli/share/cpp_srvcli/environment/ament_prefix_path.sh
[2.223s] -- Installing: /workspace/cxy/Robot_Operating_System/ros2_ws/install/cpp_srvcli/share/cpp_srvcli/environment/ament_prefix_path.dsv
[2.223s] -- Installing: /workspace/cxy/Robot_Operating_System/ros2_ws/install/cpp_srvcli/share/cpp_srvcli/environment/path.sh
[2.223s] -- Installing: /workspace/cxy/Robot_Operating_System/ros2_ws/install/cpp_srvcli/share/cpp_srvcli/environment/path.dsv
[2.223s] -- Installing: /workspace/cxy/Robot_Operating_System/ros2_ws/install/cpp_srvcli/share/cpp_srvcli/local_setup.bash
[2.223s] -- Installing: /workspace/cxy/Robot_Operating_System/ros2_ws/install/cpp_srvcli/share/cpp_srvcli/local_setup.sh
[2.223s] -- Installing: /workspace/cxy/Robot_Operating_System/ros2_ws/install/cpp_srvcli/share/cpp_srvcli/local_setup.zsh
[2.223s] -- Installing: /workspace/cxy/Robot_Operating_System/ros2_ws/install/cpp_srvcli/share/cpp_srvcli/local_setup.dsv
[2.223s] -- Installing: /workspace/cxy/Robot_Operating_System/ros2_ws/install/cpp_srvcli/share/cpp_srvcli/package.dsv
[2.223s] -- Installing: /workspace/cxy/Robot_Operating_System/ros2_ws/install/cpp_srvcli/share/ament_index/resource_index/packages/cpp_srvcli
[2.223s] -- Installing: /workspace/cxy/Robot_Operating_System/ros2_ws/install/cpp_srvcli/share/cpp_srvcli/cmake/cpp_srvcliConfig.cmake
[2.223s] -- Installing: /workspace/cxy/Robot_Operating_System/ros2_ws/install/cpp_srvcli/share/cpp_srvcli/cmake/cpp_srvcliConfig-version.cmake
[2.223s] -- Installing: /workspace/cxy/Robot_Operating_System/ros2_ws/install/cpp_srvcli/share/cpp_srvcli/package.xml
[2.224s] Invoked command in '/workspace/cxy/Robot_Operating_System/ros2_ws/build/cpp_srvcli' returned '0': /usr/bin/cmake --install /workspace/cxy/Robot_Operating_System/ros2_ws/build/cpp_srvcli
