[35m[1mConsolidate compiler generated dependencies of target listener[0m
[ 25%] [32mBuilding CXX object CMakeFiles/talker.dir/src/pub.cpp.o[0m
[ 50%] [32mBuilding CXX object CMakeFiles/listener.dir/src/sub.cpp.o[0m
In file included from [01m[K/workspace/cxy/Robot_Operating_System/ros2_ws/src/cpp_pubsub/include/cpp_pubsub/get_info.h:4[m[K,
                 from [01m[K/workspace/cxy/Robot_Operating_System/ros2_ws/src/cpp_pubsub/src/sub.cpp:6[m[K:
[01m[K/workspace/cxy/Robot_Operating_System/ros2_ws/src/cpp_pubsub/include/cpp_pubsub/bx_dual_sdk.h:1114:[m[K [01;35m[Kwarning: [m[Kignoring #pragma region Common [[01;35m[K-Wunknown-pragmas[m[K]
 1114 | #pragma region Common operation
      | 
[01m[K/workspace/cxy/Robot_Operating_System/ros2_ws/src/cpp_pubsub/include/cpp_pubsub/bx_dual_sdk.h:1169:2:[m[K [01;35m[Kwarning: [m[K"/*" within comment [[01;35m[K-Wcomment[m[K]
 1169 |  /*! ***************************************************************/
      |   
[01m[K/workspace/cxy/Robot_Operating_System/ros2_ws/src/cpp_pubsub/include/cpp_pubsub/bx_dual_sdk.h:1410:2:[m[K [01;35m[Kwarning: [m[K"/*" within comment [[01;35m[K-Wcomment[m[K]
 1410 |  /*! ***************************************************************/
      |   
[01m[K/workspace/cxy/Robot_Operating_System/ros2_ws/src/cpp_pubsub/include/cpp_pubsub/bx_dual_sdk.h:1453:2:[m[K [01;35m[Kwarning: [m[K"/*" within comment [[01;35m[K-Wcomment[m[K]
 1453 |  /*! ***************************************************************/
      |   
[01m[K/workspace/cxy/Robot_Operating_System/ros2_ws/src/cpp_pubsub/include/cpp_pubsub/bx_dual_sdk.h:1525:2:[m[K [01;35m[Kwarning: [m[K"/*" within comment [[01;35m[K-Wcomment[m[K]
 1525 |  /**UDP CMD END**/
      |   
[01m[K/workspace/cxy/Robot_Operating_System/ros2_ws/src/cpp_pubsub/include/cpp_pubsub/bx_dual_sdk.h:1536:2:[m[K [01;35m[Kwarning: [m[K"/*" within comment [[01;35m[K-Wcomment[m[K]
 1536 |  /*! *************************************************************** *!/
      |   
[01m[K/workspace/cxy/Robot_Operating_System/ros2_ws/src/cpp_pubsub/include/cpp_pubsub/bx_dual_sdk.h:1537:2:[m[K [01;35m[Kwarning: [m[K"/*" within comment [[01;35m[K-Wcomment[m[K]
 1537 |  /* 函数名：       cmd_sysReset（）
      |   
[01m[K/workspace/cxy/Robot_Operating_System/ros2_ws/src/cpp_pubsub/include/cpp_pubsub/bx_dual_sdk.h:3640:[m[K [01;35m[Kwarning: [m[Kignoring #pragma endregion Common [[01;35m[K-Wunknown-pragmas[m[K]
 3640 | #pragma endregion Common operation
      | 
[ 75%] [32m[1mLinking CXX executable talker[0m
[ 75%] Built target talker
[100%] [32m[1mLinking CXX executable listener[0m
/usr/bin/ld: CMakeFiles/listener.dir/src/sub.cpp.o: in function `MinimalSubscriber::topic_callback(std::shared_ptr<interfaces::msg::Num_<std::allocator<void> > >) const':
sub.cpp:(.text._ZNK17MinimalSubscriber14topic_callbackESt10shared_ptrIN10interfaces3msg4Num_ISaIvEEEE[_ZNK17MinimalSubscriber14topic_callbackESt10shared_ptrIN10interfaces3msg4Num_ISaIvEEEE]+0x1bc): undefined reference to `gettime()'
collect2: error: ld returned 1 exit status
make[2]: *** [CMakeFiles/listener.dir/build.make:149: listener] Error 1
make[1]: *** [CMakeFiles/Makefile2:165: CMakeFiles/listener.dir/all] Error 2
make: *** [Makefile:146: all] Error 2
