[0.033s] Invoking command in '/debug/Desktop/cxy/ros2_ws/build/cpp_pubsub': /usr/bin/cmake /debug/Desktop/cxy/ros2_ws/src/cpp_pubsub -DCMAKE_INSTALL_PREFIX=/debug/Desktop/cxy/ros2_ws/install/cpp_pubsub
[0.125s] -- The C compiler identification is GNU 9.3.0
[0.227s] -- The CXX compiler identification is GNU 9.3.0
[0.255s] -- Detecting C compiler ABI info
[0.388s] -- Detecting C compiler ABI info - done
[0.408s] -- Check for working C compiler: /usr/bin/cc - skipped
[0.409s] -- Detecting C compile features
[0.409s] -- Detecting C compile features - done
[0.417s] -- Detecting CXX compiler ABI info
[0.546s] -- Detecting CXX compiler ABI info - done
[0.560s] -- Check for working CXX compiler: /usr/bin/g++ - skipped
[0.561s] -- Detecting CXX compile features
[0.562s] -- Detecting CXX compile features - done
[0.565s] -- Found ament_cmake: 0.9.9 (/opt/ros/foxy/share/ament_cmake/cmake)
[0.599s] -- Found PythonInterp: /usr/bin/python3 (found suitable version "3.8.10", minimum required is "3") 
[0.599s] -- Using PYTHON_EXECUTABLE: /usr/bin/python3
[1.005s] -- Found rclcpp: 2.4.0 (/opt/ros/foxy/share/rclcpp/cmake)
[1.093s] -- Using all available rosidl_typesupport_c: rosidl_typesupport_fastrtps_c;rosidl_typesupport_introspection_c
[1.108s] -- Found rosidl_adapter: 1.2.1 (/opt/ros/foxy/share/rosidl_adapter/cmake)
[1.336s] -- Found OpenSSL: /usr/lib/x86_64-linux-gnu/libcrypto.so (found version "1.1.1f")  
[1.438s] -- Found FastRTPS: /opt/ros/foxy/include  
[1.657s] -- Using all available rosidl_typesupport_cpp: rosidl_typesupport_fastrtps_cpp;rosidl_typesupport_introspection_cpp
[1.775s] -- Found rmw_implementation_cmake: 1.0.3 (/opt/ros/foxy/share/rmw_implementation_cmake/cmake)
[1.778s] -- Using RMW implementation 'rmw_cyclonedds_cpp' as default
[1.780s] -- Looking for pthread.h
[1.888s] -- Looking for pthread.h - found
[1.888s] -- Performing Test CMAKE_HAVE_LIBC_PTHREAD
[1.989s] -- Performing Test CMAKE_HAVE_LIBC_PTHREAD - Failed
[1.989s] -- Looking for pthread_create in pthreads
[2.063s] -- Looking for pthread_create in pthreads - not found
[2.063s] -- Looking for pthread_create in pthread
[2.145s] -- Looking for pthread_create in pthread - found
[2.147s] -- Found Threads: TRUE  
[2.393s] -- Found ament_lint_auto: 0.9.6 (/opt/ros/foxy/share/ament_lint_auto/cmake)
[2.529s] -- Added test 'copyright' to check source files copyright and LICENSE
[2.531s] -- Added test 'cppcheck' to perform static code analysis on C / C++ code
[2.532s] -- Configured cppcheck include dirs: 
[2.532s] -- Configured cppcheck exclude dirs and/or files: 
[2.533s] -- Added test 'cpplint' to check C / C++ code against the Google style
[2.534s] -- Configured cpplint exclude dirs and/or files: 
[2.534s] -- Added test 'lint_cmake' to check CMake code style
[2.536s] -- Added test 'uncrustify' to check C / C++ code style
[2.536s] -- Configured uncrustify additional arguments: 
[2.538s] -- Added test 'xmllint' to check XML markup files
[2.539s] -- Configuring done
[2.562s] -- Generating done
[2.571s] -- Build files have been written to: /debug/Desktop/cxy/ros2_ws/build/cpp_pubsub
[2.592s] Invoked command in '/debug/Desktop/cxy/ros2_ws/build/cpp_pubsub' returned '0': /usr/bin/cmake /debug/Desktop/cxy/ros2_ws/src/cpp_pubsub -DCMAKE_INSTALL_PREFIX=/debug/Desktop/cxy/ros2_ws/install/cpp_pubsub
[2.593s] Invoking command in '/debug/Desktop/cxy/ros2_ws/build/cpp_pubsub': /usr/bin/cmake --build /debug/Desktop/cxy/ros2_ws/build/cpp_pubsub -- -j4 -l4
[2.693s] [ 25%] [32mBuilding CXX object CMakeFiles/talker.dir/src/pub.cpp.o[0m
[2.702s] [ 50%] [32mBuilding CXX object CMakeFiles/listener.dir/src/sub.cpp.o[0m
[13.103s] [ 75%] [32m[1mLinking CXX executable talker[0m
[13.432s] [ 75%] Built target talker
[16.449s] [100%] [32m[1mLinking CXX executable listener[0m
[16.768s] [100%] Built target listener
[16.774s] Invoked command in '/debug/Desktop/cxy/ros2_ws/build/cpp_pubsub' returned '0': /usr/bin/cmake --build /debug/Desktop/cxy/ros2_ws/build/cpp_pubsub -- -j4 -l4
[16.808s] Invoking command in '/debug/Desktop/cxy/ros2_ws/build/cpp_pubsub': /usr/bin/cmake --install /debug/Desktop/cxy/ros2_ws/build/cpp_pubsub
[16.813s] -- Install configuration: ""
[16.813s] -- Installing: /debug/Desktop/cxy/ros2_ws/install/cpp_pubsub/lib/cpp_pubsub/talker
[16.814s] -- Set runtime path of "/debug/Desktop/cxy/ros2_ws/install/cpp_pubsub/lib/cpp_pubsub/talker" to ""
[16.815s] -- Installing: /debug/Desktop/cxy/ros2_ws/install/cpp_pubsub/lib/cpp_pubsub/listener
[16.817s] -- Set runtime path of "/debug/Desktop/cxy/ros2_ws/install/cpp_pubsub/lib/cpp_pubsub/listener" to ""
[16.817s] -- Up-to-date: /debug/Desktop/cxy/ros2_ws/install/cpp_pubsub/lib/cpp_pubsub/talker
[16.817s] -- Installing: /debug/Desktop/cxy/ros2_ws/install/cpp_pubsub/share/ament_index/resource_index/package_run_dependencies/cpp_pubsub
[16.818s] -- Installing: /debug/Desktop/cxy/ros2_ws/install/cpp_pubsub/share/ament_index/resource_index/parent_prefix_path/cpp_pubsub
[16.818s] -- Installing: /debug/Desktop/cxy/ros2_ws/install/cpp_pubsub/share/cpp_pubsub/environment/ament_prefix_path.sh
[16.818s] -- Installing: /debug/Desktop/cxy/ros2_ws/install/cpp_pubsub/share/cpp_pubsub/environment/ament_prefix_path.dsv
[16.818s] -- Installing: /debug/Desktop/cxy/ros2_ws/install/cpp_pubsub/share/cpp_pubsub/environment/path.sh
[16.818s] -- Installing: /debug/Desktop/cxy/ros2_ws/install/cpp_pubsub/share/cpp_pubsub/environment/path.dsv
[16.820s] -- Installing: /debug/Desktop/cxy/ros2_ws/install/cpp_pubsub/share/cpp_pubsub/local_setup.bash
[16.820s] -- Installing: /debug/Desktop/cxy/ros2_ws/install/cpp_pubsub/share/cpp_pubsub/local_setup.sh
[16.820s] -- Installing: /debug/Desktop/cxy/ros2_ws/install/cpp_pubsub/share/cpp_pubsub/local_setup.zsh
[16.820s] -- Installing: /debug/Desktop/cxy/ros2_ws/install/cpp_pubsub/share/cpp_pubsub/local_setup.dsv
[16.821s] -- Installing: /debug/Desktop/cxy/ros2_ws/install/cpp_pubsub/share/cpp_pubsub/package.dsv
[16.821s] -- Installing: /debug/Desktop/cxy/ros2_ws/install/cpp_pubsub/share/ament_index/resource_index/packages/cpp_pubsub
[16.822s] -- Installing: /debug/Desktop/cxy/ros2_ws/install/cpp_pubsub/share/cpp_pubsub/cmake/cpp_pubsubConfig.cmake
[16.824s] -- Installing: /debug/Desktop/cxy/ros2_ws/install/cpp_pubsub/share/cpp_pubsub/cmake/cpp_pubsubConfig-version.cmake
[16.824s] -- Installing: /debug/Desktop/cxy/ros2_ws/install/cpp_pubsub/share/cpp_pubsub/package.xml
[16.825s] Invoked command in '/debug/Desktop/cxy/ros2_ws/build/cpp_pubsub' returned '0': /usr/bin/cmake --install /debug/Desktop/cxy/ros2_ws/build/cpp_pubsub
