-- The C compiler identification is GNU 9.4.0
-- The CXX compiler identification is GNU 9.4.0
-- Detecting C compiler ABI info
-- Detecting C compiler ABI info - done
-- Check for working C compiler: /usr/bin/cc - skipped
-- Detecting C compile features
-- Detecting C compile features - done
-- Detecting CXX compiler ABI info
-- Detecting CXX compiler ABI info - done
-- Check for working CXX compiler: /usr/bin/c++ - skipped
-- Detecting CXX compile features
-- Detecting CXX compile features - done
-- Found ament_cmake: 0.9.9 (/opt/ros/foxy/share/ament_cmake/cmake)
-- Found PythonInterp: /usr/bin/python3 (found suitable version "3.8.10", minimum required is "3") 
-- Using PYTHON_EXECUTABLE: /usr/bin/python3
-- Found rclcpp: 2.4.0 (/opt/ros/foxy/share/rclcpp/cmake)
-- Using all available rosidl_typesupport_c: rosidl_typesupport_fastrtps_c;rosidl_typesupport_introspection_c
-- Found rosidl_adapter: 1.2.1 (/opt/ros/foxy/share/rosidl_adapter/cmake)
-- Found OpenSSL: /usr/lib/aarch64-linux-gnu/libcrypto.so (found version "1.1.1f")  
-- Found FastRTPS: /opt/ros/foxy/include  
-- Using all available rosidl_typesupport_cpp: rosidl_typesupport_fastrtps_cpp;rosidl_typesupport_introspection_cpp
-- Found rmw_implementation_cmake: 1.0.3 (/opt/ros/foxy/share/rmw_implementation_cmake/cmake)
-- Using RMW implementation 'rmw_cyclonedds_cpp' as default
-- Looking for pthread.h
-- Looking for pthread.h - found
-- Performing Test CMAKE_HAVE_LIBC_PTHREAD
-- Performing Test CMAKE_HAVE_LIBC_PTHREAD - Failed
-- Looking for pthread_create in pthreads
-- Looking for pthread_create in pthreads - not found
-- Looking for pthread_create in pthread
-- Looking for pthread_create in pthread - found
-- Found Threads: TRUE  
-- Found interfaces: 0.0.0 (/scripts/ros2_ws/install/interfaces/share/interfaces/cmake)
-- Found ament_lint_auto: 0.9.6 (/opt/ros/foxy/share/ament_lint_auto/cmake)
-- Added test 'copyright' to check source files copyright and LICENSE
-- Added test 'cppcheck' to perform static code analysis on C / C++ code
-- Configured cppcheck include dirs: /scripts/ros2_ws/src/cpp_pubsub/include;$<BUILD_INTERFACE:/scripts/ros2_ws/src/cpp_pubsub/include>
-- Configured cppcheck exclude dirs and/or files: 
-- Added test 'cpplint' to check C / C++ code against the Google style
-- Configured cpplint exclude dirs and/or files: 
-- Added test 'lint_cmake' to check CMake code style
-- Added test 'uncrustify' to check C / C++ code style
-- Configured uncrustify additional arguments: 
-- Added test 'xmllint' to check XML markup files
-- Configuring done
-- Generating done
-- Build files have been written to: /scripts/ros2_ws/build/cpp_pubsub
[ 66%] [32mBuilding CXX object CMakeFiles/sub.dir/src/sub.cpp.o[0m
[ 66%] [32mBuilding CXX object CMakeFiles/sub.dir/src/get_info.cpp.o[0m
[100%] [32m[1mLinking CXX executable sub[0m
[100%] Built target sub
-- Install configuration: ""
-- Installing: /scripts/ros2_ws/install/cpp_pubsub/lib/
-- Installing: /scripts/ros2_ws/install/cpp_pubsub/lib//libbx_sdkDual.so.1.0
-- Installing: /scripts/ros2_ws/install/cpp_pubsub/lib//libiconv.so.2
-- Installing: /scripts/ros2_ws/install/cpp_pubsub/lib//libbx_sdkDual.so.1.0.0
-- Installing: /scripts/ros2_ws/install/cpp_pubsub/lib//libbx_sdkDual.so.1
-- Installing: /scripts/ros2_ws/install/cpp_pubsub/lib//libcharset.so.1
-- Installing: /scripts/ros2_ws/install/cpp_pubsub/lib//libcharset.so.1.0.0
-- Installing: /scripts/ros2_ws/install/cpp_pubsub/lib//libiconv.so.2.6.0
-- Installing: /scripts/ros2_ws/install/cpp_pubsub/lib//libtest.so
-- Installing: /scripts/ros2_ws/install/cpp_pubsub/lib/cpp_pubsub/sub
-- Set runtime path of "/scripts/ros2_ws/install/cpp_pubsub/lib/cpp_pubsub/sub" to ""
-- Up-to-date: /scripts/ros2_ws/install/cpp_pubsub/lib/cpp_pubsub/sub
-- Installing: /scripts/ros2_ws/install/cpp_pubsub/share/ament_index/resource_index/package_run_dependencies/cpp_pubsub
-- Installing: /scripts/ros2_ws/install/cpp_pubsub/share/ament_index/resource_index/parent_prefix_path/cpp_pubsub
-- Installing: /scripts/ros2_ws/install/cpp_pubsub/share/cpp_pubsub/environment/ament_prefix_path.sh
-- Installing: /scripts/ros2_ws/install/cpp_pubsub/share/cpp_pubsub/environment/ament_prefix_path.dsv
-- Installing: /scripts/ros2_ws/install/cpp_pubsub/share/cpp_pubsub/environment/path.sh
-- Installing: /scripts/ros2_ws/install/cpp_pubsub/share/cpp_pubsub/environment/path.dsv
-- Installing: /scripts/ros2_ws/install/cpp_pubsub/share/cpp_pubsub/local_setup.bash
-- Installing: /scripts/ros2_ws/install/cpp_pubsub/share/cpp_pubsub/local_setup.sh
-- Installing: /scripts/ros2_ws/install/cpp_pubsub/share/cpp_pubsub/local_setup.zsh
-- Installing: /scripts/ros2_ws/install/cpp_pubsub/share/cpp_pubsub/local_setup.dsv
-- Installing: /scripts/ros2_ws/install/cpp_pubsub/share/cpp_pubsub/package.dsv
-- Installing: /scripts/ros2_ws/install/cpp_pubsub/share/ament_index/resource_index/packages/cpp_pubsub
-- Installing: /scripts/ros2_ws/install/cpp_pubsub/share/cpp_pubsub/cmake/cpp_pubsubConfig.cmake
-- Installing: /scripts/ros2_ws/install/cpp_pubsub/share/cpp_pubsub/cmake/cpp_pubsubConfig-version.cmake
-- Installing: /scripts/ros2_ws/install/cpp_pubsub/share/cpp_pubsub/package.xml
