[0.028s] Invoking command in '/scripts/ros2_ws/build/cpp_pubsub': AMENT_PREFIX_PATH=/scripts/ros2_ws/install/interfaces:${AMENT_PREFIX_PATH} CMAKE_PREFIX_PATH=/scripts/ros2_ws/install/interfaces:${CMAKE_PREFIX_PATH} LD_LIBRARY_PATH=/scripts/ros2_ws/install/interfaces/lib:${LD_LIBRARY_PATH} PYTHONPATH=/scripts/ros2_ws/install/interfaces/lib/python3.8/site-packages:${PYTHONPATH} /usr/bin/cmake /scripts/ros2_ws/src/cpp_pubsub -DCMAKE_INSTALL_PREFIX=/scripts/ros2_ws/install/cpp_pubsub
[0.172s] -- The C compiler identification is GNU 9.4.0
[0.335s] -- The CXX compiler identification is GNU 9.4.0
[0.353s] -- Detecting C compiler ABI info
[0.511s] -- Detecting C compiler ABI info - done
[0.541s] -- Check for working C compiler: /usr/bin/cc - skipped
[0.542s] -- Detecting C compile features
[0.543s] -- Detecting C compile features - done
[0.551s] -- Detecting CXX compiler ABI info
[0.724s] -- Detecting CXX compiler ABI info - done
[0.750s] -- Check for working CXX compiler: /usr/bin/c++ - skipped
[0.752s] -- Detecting CXX compile features
[0.755s] -- Detecting CXX compile features - done
[0.762s] -- Found ament_cmake: 0.9.9 (/opt/ros/foxy/share/ament_cmake/cmake)
[0.832s] -- Found PythonInterp: /usr/bin/python3 (found suitable version "3.8.10", minimum required is "3") 
[0.833s] -- Using PYTHON_EXECUTABLE: /usr/bin/python3
[1.409s] -- Found rclcpp: 2.4.0 (/opt/ros/foxy/share/rclcpp/cmake)
[1.535s] -- Using all available rosidl_typesupport_c: rosidl_typesupport_fastrtps_c;rosidl_typesupport_introspection_c
[1.552s] -- Found rosidl_adapter: 1.2.1 (/opt/ros/foxy/share/rosidl_adapter/cmake)
[1.774s] -- Found OpenSSL: /usr/lib/aarch64-linux-gnu/libcrypto.so (found version "1.1.1f")  
[1.869s] -- Found FastRTPS: /opt/ros/foxy/include  
[2.114s] -- Using all available rosidl_typesupport_cpp: rosidl_typesupport_fastrtps_cpp;rosidl_typesupport_introspection_cpp
[2.261s] -- Found rmw_implementation_cmake: 1.0.3 (/opt/ros/foxy/share/rmw_implementation_cmake/cmake)
[2.264s] -- Using RMW implementation 'rmw_cyclonedds_cpp' as default
[2.267s] -- Looking for pthread.h
[2.426s] -- Looking for pthread.h - found
[2.427s] -- Performing Test CMAKE_HAVE_LIBC_PTHREAD
[2.591s] -- Performing Test CMAKE_HAVE_LIBC_PTHREAD - Failed
[2.591s] -- Looking for pthread_create in pthreads
[2.722s] -- Looking for pthread_create in pthreads - not found
[2.723s] -- Looking for pthread_create in pthread
[2.873s] -- Looking for pthread_create in pthread - found
[2.877s] -- Found Threads: TRUE  
[3.246s] -- Found interfaces: 0.0.0 (/scripts/ros2_ws/install/interfaces/share/interfaces/cmake)
[3.267s] -- Found ament_lint_auto: 0.9.6 (/opt/ros/foxy/share/ament_lint_auto/cmake)
[3.489s] -- Added test 'copyright' to check source files copyright and LICENSE
[3.492s] -- Added test 'cppcheck' to perform static code analysis on C / C++ code
[3.493s] -- Configured cppcheck include dirs: /scripts/ros2_ws/src/cpp_pubsub/include;$<BUILD_INTERFACE:/scripts/ros2_ws/src/cpp_pubsub/include>
[3.494s] -- Configured cppcheck exclude dirs and/or files: 
[3.497s] -- Added test 'cpplint' to check C / C++ code against the Google style
[3.498s] -- Configured cpplint exclude dirs and/or files: 
[3.499s] -- Added test 'lint_cmake' to check CMake code style
[3.501s] -- Added test 'uncrustify' to check C / C++ code style
[3.502s] -- Configured uncrustify additional arguments: 
[3.503s] -- Added test 'xmllint' to check XML markup files
[3.506s] -- Configuring done
[3.539s] -- Generating done
[3.544s] -- Build files have been written to: /scripts/ros2_ws/build/cpp_pubsub
[3.573s] Invoked command in '/scripts/ros2_ws/build/cpp_pubsub' returned '0': AMENT_PREFIX_PATH=/scripts/ros2_ws/install/interfaces:${AMENT_PREFIX_PATH} CMAKE_PREFIX_PATH=/scripts/ros2_ws/install/interfaces:${CMAKE_PREFIX_PATH} LD_LIBRARY_PATH=/scripts/ros2_ws/install/interfaces/lib:${LD_LIBRARY_PATH} PYTHONPATH=/scripts/ros2_ws/install/interfaces/lib/python3.8/site-packages:${PYTHONPATH} /usr/bin/cmake /scripts/ros2_ws/src/cpp_pubsub -DCMAKE_INSTALL_PREFIX=/scripts/ros2_ws/install/cpp_pubsub
[3.582s] Invoking command in '/scripts/ros2_ws/build/cpp_pubsub': AMENT_PREFIX_PATH=/scripts/ros2_ws/install/interfaces:${AMENT_PREFIX_PATH} CMAKE_PREFIX_PATH=/scripts/ros2_ws/install/interfaces:${CMAKE_PREFIX_PATH} LD_LIBRARY_PATH=/scripts/ros2_ws/install/interfaces/lib:${LD_LIBRARY_PATH} PYTHONPATH=/scripts/ros2_ws/install/interfaces/lib/python3.8/site-packages:${PYTHONPATH} /usr/bin/cmake --build /scripts/ros2_ws/build/cpp_pubsub -- -j8 -l8
[3.655s] [ 66%] [32mBuilding CXX object CMakeFiles/sub.dir/src/sub.cpp.o[0m
[3.656s] [ 66%] [32mBuilding CXX object CMakeFiles/sub.dir/src/get_info.cpp.o[0m
[3.775s] In file included from [01m[K/scripts/ros2_ws/src/cpp_pubsub/include/cpp_pubsub/get_info.h:4[m[K,
[3.775s]                  from [01m[K/scripts/ros2_ws/src/cpp_pubsub/src/get_info.cpp:6[m[K:
[3.776s] [01m[K/scripts/ros2_ws/src/cpp_pubsub/include/cpp_pubsub/bx_dual_sdk.h:1114:[m[K [01;35m[Kwarning: [m[Kignoring #pragma region Common [[01;35m[K-Wunknown-pragmas[m[K]
[3.776s]  1114 | #pragma region Common operation
[3.776s]       | 
[3.776s] [01m[K/scripts/ros2_ws/src/cpp_pubsub/include/cpp_pubsub/bx_dual_sdk.h:1169:2:[m[K [01;35m[Kwarning: [m[K"/*" within comment [[01;35m[K-Wcomment[m[K]
[3.776s]  1169 |  /*! ***************************************************************/
[3.777s]       |   
[3.777s] [01m[K/scripts/ros2_ws/src/cpp_pubsub/include/cpp_pubsub/bx_dual_sdk.h:1410:2:[m[K [01;35m[Kwarning: [m[K"/*" within comment [[01;35m[K-Wcomment[m[K]
[3.777s]  1410 |  /*! ***************************************************************/
[3.777s]       |   
[3.777s] [01m[K/scripts/ros2_ws/src/cpp_pubsub/include/cpp_pubsub/bx_dual_sdk.h:1453:2:[m[K [01;35m[Kwarning: [m[K"/*" within comment [[01;35m[K-Wcomment[m[K]
[3.778s]  1453 |  /*! ***************************************************************/
[3.778s]       |   
[3.778s] [01m[K/scripts/ros2_ws/src/cpp_pubsub/include/cpp_pubsub/bx_dual_sdk.h:1525:2:[m[K [01;35m[Kwarning: [m[K"/*" within comment [[01;35m[K-Wcomment[m[K]
[3.778s]  1525 |  /**UDP CMD END**/
[3.779s]       |   
[3.779s] [01m[K/scripts/ros2_ws/src/cpp_pubsub/include/cpp_pubsub/bx_dual_sdk.h:1536:2:[m[K [01;35m[Kwarning: [m[K"/*" within comment [[01;35m[K-Wcomment[m[K]
[3.779s]  1536 |  /*! *************************************************************** *!/
[3.779s]       |   
[3.779s] [01m[K/scripts/ros2_ws/src/cpp_pubsub/include/cpp_pubsub/bx_dual_sdk.h:1537:2:[m[K [01;35m[Kwarning: [m[K"/*" within comment [[01;35m[K-Wcomment[m[K]
[3.779s]  1537 |  /* 函数名：       cmd_sysReset（）
[3.780s]       |   
[3.780s] [01m[K/scripts/ros2_ws/src/cpp_pubsub/include/cpp_pubsub/bx_dual_sdk.h:3640:[m[K [01;35m[Kwarning: [m[Kignoring #pragma endregion Common [[01;35m[K-Wunknown-pragmas[m[K]
[3.780s]  3640 | #pragma endregion Common operation
[3.780s]       | 
[3.928s] In file included from [01m[K/scripts/ros2_ws/src/cpp_pubsub/include/cpp_pubsub/get_info.h:4[m[K,
[3.929s]                  from [01m[K/scripts/ros2_ws/src/cpp_pubsub/src/sub.cpp:12[m[K:
[3.929s] [01m[K/scripts/ros2_ws/src/cpp_pubsub/include/cpp_pubsub/bx_dual_sdk.h:1114:[m[K [01;35m[Kwarning: [m[Kignoring #pragma region Common [[01;35m[K-Wunknown-pragmas[m[K]
[3.929s]  1114 | #pragma region Common operation
[3.930s]       | 
[3.930s] [01m[K/scripts/ros2_ws/src/cpp_pubsub/include/cpp_pubsub/bx_dual_sdk.h:1169:2:[m[K [01;35m[Kwarning: [m[K"/*" within comment [[01;35m[K-Wcomment[m[K]
[3.930s]  1169 |  /*! ***************************************************************/
[3.930s]       |   
[3.931s] [01m[K/scripts/ros2_ws/src/cpp_pubsub/include/cpp_pubsub/bx_dual_sdk.h:1410:2:[m[K [01;35m[Kwarning: [m[K"/*" within comment [[01;35m[K-Wcomment[m[K]
[3.931s]  1410 |  /*! ***************************************************************/
[3.931s]       |   
[3.931s] [01m[K/scripts/ros2_ws/src/cpp_pubsub/include/cpp_pubsub/bx_dual_sdk.h:1453:2:[m[K [01;35m[Kwarning: [m[K"/*" within comment [[01;35m[K-Wcomment[m[K]
[3.932s]  1453 |  /*! ***************************************************************/
[3.932s]       |   
[3.932s] [01m[K/scripts/ros2_ws/src/cpp_pubsub/include/cpp_pubsub/bx_dual_sdk.h:1525:2:[m[K [01;35m[Kwarning: [m[K"/*" within comment [[01;35m[K-Wcomment[m[K]
[3.932s]  1525 |  /**UDP CMD END**/
[3.932s]       |   
[3.933s] [01m[K/scripts/ros2_ws/src/cpp_pubsub/include/cpp_pubsub/bx_dual_sdk.h:1536:2:[m[K [01;35m[Kwarning: [m[K"/*" within comment [[01;35m[K-Wcomment[m[K]
[3.933s]  1536 |  /*! *************************************************************** *!/
[3.933s]       |   
[3.933s] [01m[K/scripts/ros2_ws/src/cpp_pubsub/include/cpp_pubsub/bx_dual_sdk.h:1537:2:[m[K [01;35m[Kwarning: [m[K"/*" within comment [[01;35m[K-Wcomment[m[K]
[3.933s]  1537 |  /* 函数名：       cmd_sysReset（）
[3.934s]       |   
[3.934s] [01m[K/scripts/ros2_ws/src/cpp_pubsub/include/cpp_pubsub/bx_dual_sdk.h:3640:[m[K [01;35m[Kwarning: [m[Kignoring #pragma endregion Common [[01;35m[K-Wunknown-pragmas[m[K]
[3.934s]  3640 | #pragma endregion Common operation
[3.934s]       | 
[4.411s] [01m[K/scripts/ros2_ws/src/cpp_pubsub/src/get_info.cpp:[m[K In function ‘[01m[Kvoid turn_picture_display(int)[m[K’:
[4.412s] [01m[K/scripts/ros2_ws/src/cpp_pubsub/src/get_info.cpp:47:10:[m[K [01;35m[Kwarning: [m[Kunused variable ‘[01m[KnPort[m[K’ [[01;35m[K-Wunused-variable[m[K]
[4.412s]    47 |  Ouint32 [01;35m[KnPort[m[K = 5005;
[4.412s]       |          [01;35m[K^~~~~[m[K
[4.412s] [01m[K/scripts/ros2_ws/src/cpp_pubsub/src/get_info.cpp:53:6:[m[K [01;35m[Kwarning: [m[Kunused variable ‘[01m[KuAreaX[m[K’ [[01;35m[K-Wunused-variable[m[K]
[4.413s]    53 |  int [01;35m[KuAreaX[m[K = 16;//32
[4.413s]       |      [01;35m[K^~~~~~[m[K
[16.280s] [100%] [32m[1mLinking CXX executable sub[0m
[16.879s] [100%] Built target sub
[16.895s] Invoked command in '/scripts/ros2_ws/build/cpp_pubsub' returned '0': AMENT_PREFIX_PATH=/scripts/ros2_ws/install/interfaces:${AMENT_PREFIX_PATH} CMAKE_PREFIX_PATH=/scripts/ros2_ws/install/interfaces:${CMAKE_PREFIX_PATH} LD_LIBRARY_PATH=/scripts/ros2_ws/install/interfaces/lib:${LD_LIBRARY_PATH} PYTHONPATH=/scripts/ros2_ws/install/interfaces/lib/python3.8/site-packages:${PYTHONPATH} /usr/bin/cmake --build /scripts/ros2_ws/build/cpp_pubsub -- -j8 -l8
[16.965s] Invoking command in '/scripts/ros2_ws/build/cpp_pubsub': AMENT_PREFIX_PATH=/scripts/ros2_ws/install/interfaces:${AMENT_PREFIX_PATH} CMAKE_PREFIX_PATH=/scripts/ros2_ws/install/interfaces:${CMAKE_PREFIX_PATH} LD_LIBRARY_PATH=/scripts/ros2_ws/install/interfaces/lib:${LD_LIBRARY_PATH} PYTHONPATH=/scripts/ros2_ws/install/interfaces/lib/python3.8/site-packages:${PYTHONPATH} /usr/bin/cmake --install /scripts/ros2_ws/build/cpp_pubsub
[16.985s] -- Install configuration: ""
[16.985s] -- Installing: /scripts/ros2_ws/install/cpp_pubsub/lib/
[16.986s] -- Installing: /scripts/ros2_ws/install/cpp_pubsub/lib//libbx_sdkDual.so.1.0
[16.991s] -- Installing: /scripts/ros2_ws/install/cpp_pubsub/lib//libiconv.so.2
[17.000s] -- Installing: /scripts/ros2_ws/install/cpp_pubsub/lib//libbx_sdkDual.so.1.0.0
[17.003s] -- Installing: /scripts/ros2_ws/install/cpp_pubsub/lib//libbx_sdkDual.so.1
[17.007s] -- Installing: /scripts/ros2_ws/install/cpp_pubsub/lib//libcharset.so.1
[17.008s] -- Installing: /scripts/ros2_ws/install/cpp_pubsub/lib//libcharset.so.1.0.0
[17.008s] -- Installing: /scripts/ros2_ws/install/cpp_pubsub/lib//libiconv.so.2.6.0
[17.016s] -- Installing: /scripts/ros2_ws/install/cpp_pubsub/lib//libtest.so
[17.017s] -- Installing: /scripts/ros2_ws/install/cpp_pubsub/lib/cpp_pubsub/sub
[17.024s] -- Set runtime path of "/scripts/ros2_ws/install/cpp_pubsub/lib/cpp_pubsub/sub" to ""
[17.024s] -- Up-to-date: /scripts/ros2_ws/install/cpp_pubsub/lib/cpp_pubsub/sub
[17.025s] -- Installing: /scripts/ros2_ws/install/cpp_pubsub/share/ament_index/resource_index/package_run_dependencies/cpp_pubsub
[17.026s] -- Installing: /scripts/ros2_ws/install/cpp_pubsub/share/ament_index/resource_index/parent_prefix_path/cpp_pubsub
[17.026s] -- Installing: /scripts/ros2_ws/install/cpp_pubsub/share/cpp_pubsub/environment/ament_prefix_path.sh
[17.027s] -- Installing: /scripts/ros2_ws/install/cpp_pubsub/share/cpp_pubsub/environment/ament_prefix_path.dsv
[17.027s] -- Installing: /scripts/ros2_ws/install/cpp_pubsub/share/cpp_pubsub/environment/path.sh
[17.027s] -- Installing: /scripts/ros2_ws/install/cpp_pubsub/share/cpp_pubsub/environment/path.dsv
[17.027s] -- Installing: /scripts/ros2_ws/install/cpp_pubsub/share/cpp_pubsub/local_setup.bash
[17.028s] -- Installing: /scripts/ros2_ws/install/cpp_pubsub/share/cpp_pubsub/local_setup.sh
[17.028s] -- Installing: /scripts/ros2_ws/install/cpp_pubsub/share/cpp_pubsub/local_setup.zsh
[17.028s] -- Installing: /scripts/ros2_ws/install/cpp_pubsub/share/cpp_pubsub/local_setup.dsv
[17.029s] -- Installing: /scripts/ros2_ws/install/cpp_pubsub/share/cpp_pubsub/package.dsv
[17.029s] -- Installing: /scripts/ros2_ws/install/cpp_pubsub/share/ament_index/resource_index/packages/cpp_pubsub
[17.029s] -- Installing: /scripts/ros2_ws/install/cpp_pubsub/share/cpp_pubsub/cmake/cpp_pubsubConfig.cmake
[17.029s] -- Installing: /scripts/ros2_ws/install/cpp_pubsub/share/cpp_pubsub/cmake/cpp_pubsubConfig-version.cmake
[17.030s] -- Installing: /scripts/ros2_ws/install/cpp_pubsub/share/cpp_pubsub/package.xml
[17.039s] Invoked command in '/scripts/ros2_ws/build/cpp_pubsub' returned '0': AMENT_PREFIX_PATH=/scripts/ros2_ws/install/interfaces:${AMENT_PREFIX_PATH} CMAKE_PREFIX_PATH=/scripts/ros2_ws/install/interfaces:${CMAKE_PREFIX_PATH} LD_LIBRARY_PATH=/scripts/ros2_ws/install/interfaces/lib:${LD_LIBRARY_PATH} PYTHONPATH=/scripts/ros2_ws/install/interfaces/lib/python3.8/site-packages:${PYTHONPATH} /usr/bin/cmake --install /scripts/ros2_ws/build/cpp_pubsub
