[0.352s] DEBUG:colcon:Command line arguments: ['/usr/bin/colcon', 'build']
[0.352s] DEBUG:colcon:Parsed command line arguments: Namespace(ament_cmake_args=None, base_paths=['.'], build_base='build', catkin_cmake_args=None, catkin_skip_building_tests=False, cmake_args=None, cmake_clean_cache=False, cmake_clean_first=False, cmake_force_configure=False, cmake_target=None, cmake_target_skip_unavailable=False, continue_on_error=False, event_handlers=None, executor='parallel', ignore_user_meta=False, install_base='install', log_base=None, log_level=None, main=<bound method BuildVerb.main of <colcon_core.verb.build.BuildVerb object at 0x7f2552b20160>>, merge_install=False, metas=['./colcon.meta'], mixin=None, mixin_files=None, mixin_verb=('build',), packages_above=None, packages_above_and_dependencies=None, packages_above_depth=None, packages_end=None, packages_ignore=None, packages_ignore_regex=None, packages_select=None, packages_select_build_failed=False, packages_select_by_dep=None, packages_select_regex=None, packages_select_test_failures=False, packages_skip=None, packages_skip_build_finished=False, packages_skip_by_dep=None, packages_skip_regex=None, packages_skip_test_passed=False, packages_skip_up_to=None, packages_start=None, packages_up_to=None, packages_up_to_regex=None, parallel_workers=4, paths=None, symlink_install=False, test_result_base=None, verb_extension=<colcon_core.verb.build.BuildVerb object at 0x7f2552b20160>, verb_name='build', verb_parser=<colcon_mixin.mixin.mixin_argument.MixinArgumentDecorator object at 0x7f2552b207c0>)
[0.358s] Level 1:colcon.colcon_core.package_discovery:discover_packages(colcon_meta) check parameters
[0.358s] Level 1:colcon.colcon_core.package_discovery:discover_packages(recursive) check parameters
[0.358s] Level 1:colcon.colcon_core.package_discovery:discover_packages(ignore) check parameters
[0.358s] Level 1:colcon.colcon_core.package_discovery:discover_packages(path) check parameters
[0.358s] Level 1:colcon.colcon_core.package_discovery:discover_packages(colcon_meta) discover
[0.358s] Level 1:colcon.colcon_core.package_discovery:discover_packages(recursive) discover
[0.358s] INFO:colcon.colcon_core.package_discovery:Crawling recursively for packages in '/debug/Desktop/cxy/ros2_ws'
[0.358s] Level 1:colcon.colcon_core.package_identification:_identify(.) by extensions ['ignore', 'ignore_ament_install']
[0.359s] Level 1:colcon.colcon_core.package_identification:_identify(.) by extension 'ignore'
[0.359s] Level 1:colcon.colcon_core.package_identification:_identify(.) by extension 'ignore_ament_install'
[0.359s] Level 1:colcon.colcon_core.package_identification:_identify(.) by extensions ['colcon_pkg']
[0.359s] Level 1:colcon.colcon_core.package_identification:_identify(.) by extension 'colcon_pkg'
[0.359s] Level 1:colcon.colcon_core.package_identification:_identify(.) by extensions ['colcon_meta']
[0.359s] Level 1:colcon.colcon_core.package_identification:_identify(.) by extension 'colcon_meta'
[0.359s] Level 1:colcon.colcon_core.package_identification:_identify(.) by extensions ['ros']
[0.359s] Level 1:colcon.colcon_core.package_identification:_identify(.) by extension 'ros'
[0.371s] Level 1:colcon.colcon_core.package_identification:_identify(.) by extensions ['cmake', 'python']
[0.371s] Level 1:colcon.colcon_core.package_identification:_identify(.) by extension 'cmake'
[0.371s] Level 1:colcon.colcon_core.package_identification:_identify(.) by extension 'python'
[0.371s] Level 1:colcon.colcon_core.package_identification:_identify(.) by extensions ['python_setup_py']
[0.371s] Level 1:colcon.colcon_core.package_identification:_identify(.) by extension 'python_setup_py'
[0.371s] Level 1:colcon.colcon_core.package_identification:_identify(build) by extensions ['ignore', 'ignore_ament_install']
[0.371s] Level 1:colcon.colcon_core.package_identification:_identify(build) by extension 'ignore'
[0.371s] Level 1:colcon.colcon_core.package_identification:_identify(build) ignored
[0.371s] Level 1:colcon.colcon_core.package_identification:_identify(install) by extensions ['ignore', 'ignore_ament_install']
[0.372s] Level 1:colcon.colcon_core.package_identification:_identify(install) by extension 'ignore'
[0.372s] Level 1:colcon.colcon_core.package_identification:_identify(install) ignored
[0.372s] Level 1:colcon.colcon_core.package_identification:_identify(log) by extensions ['ignore', 'ignore_ament_install']
[0.372s] Level 1:colcon.colcon_core.package_identification:_identify(log) by extension 'ignore'
[0.372s] Level 1:colcon.colcon_core.package_identification:_identify(log) ignored
[0.372s] Level 1:colcon.colcon_core.package_identification:_identify(src) by extensions ['ignore', 'ignore_ament_install']
[0.372s] Level 1:colcon.colcon_core.package_identification:_identify(src) by extension 'ignore'
[0.372s] Level 1:colcon.colcon_core.package_identification:_identify(src) by extension 'ignore_ament_install'
[0.372s] Level 1:colcon.colcon_core.package_identification:_identify(src) by extensions ['colcon_pkg']
[0.372s] Level 1:colcon.colcon_core.package_identification:_identify(src) by extension 'colcon_pkg'
[0.372s] Level 1:colcon.colcon_core.package_identification:_identify(src) by extensions ['colcon_meta']
[0.372s] Level 1:colcon.colcon_core.package_identification:_identify(src) by extension 'colcon_meta'
[0.372s] Level 1:colcon.colcon_core.package_identification:_identify(src) by extensions ['ros']
[0.372s] Level 1:colcon.colcon_core.package_identification:_identify(src) by extension 'ros'
[0.372s] Level 1:colcon.colcon_core.package_identification:_identify(src) by extensions ['cmake', 'python']
[0.372s] Level 1:colcon.colcon_core.package_identification:_identify(src) by extension 'cmake'
[0.372s] Level 1:colcon.colcon_core.package_identification:_identify(src) by extension 'python'
[0.373s] Level 1:colcon.colcon_core.package_identification:_identify(src) by extensions ['python_setup_py']
[0.373s] Level 1:colcon.colcon_core.package_identification:_identify(src) by extension 'python_setup_py'
[0.373s] Level 1:colcon.colcon_core.package_identification:_identify(src/cpp_pubsub) by extensions ['ignore', 'ignore_ament_install']
[0.373s] Level 1:colcon.colcon_core.package_identification:_identify(src/cpp_pubsub) by extension 'ignore'
[0.373s] Level 1:colcon.colcon_core.package_identification:_identify(src/cpp_pubsub) by extension 'ignore_ament_install'
[0.373s] Level 1:colcon.colcon_core.package_identification:_identify(src/cpp_pubsub) by extensions ['colcon_pkg']
[0.373s] Level 1:colcon.colcon_core.package_identification:_identify(src/cpp_pubsub) by extension 'colcon_pkg'
[0.373s] Level 1:colcon.colcon_core.package_identification:_identify(src/cpp_pubsub) by extensions ['colcon_meta']
[0.373s] Level 1:colcon.colcon_core.package_identification:_identify(src/cpp_pubsub) by extension 'colcon_meta'
[0.373s] Level 1:colcon.colcon_core.package_identification:_identify(src/cpp_pubsub) by extensions ['ros']
[0.373s] Level 1:colcon.colcon_core.package_identification:_identify(src/cpp_pubsub) by extension 'ros'
[0.376s] DEBUG:colcon.colcon_core.package_identification:Package 'src/cpp_pubsub' with type 'ros.ament_cmake' and name 'cpp_pubsub'
[0.376s] Level 1:colcon.colcon_core.package_identification:_identify(src/cpp_qomolo) by extensions ['ignore', 'ignore_ament_install']
[0.376s] Level 1:colcon.colcon_core.package_identification:_identify(src/cpp_qomolo) by extension 'ignore'
[0.376s] Level 1:colcon.colcon_core.package_identification:_identify(src/cpp_qomolo) by extension 'ignore_ament_install'
[0.376s] Level 1:colcon.colcon_core.package_identification:_identify(src/cpp_qomolo) by extensions ['colcon_pkg']
[0.376s] Level 1:colcon.colcon_core.package_identification:_identify(src/cpp_qomolo) by extension 'colcon_pkg'
[0.376s] Level 1:colcon.colcon_core.package_identification:_identify(src/cpp_qomolo) by extensions ['colcon_meta']
[0.376s] Level 1:colcon.colcon_core.package_identification:_identify(src/cpp_qomolo) by extension 'colcon_meta'
[0.376s] Level 1:colcon.colcon_core.package_identification:_identify(src/cpp_qomolo) by extensions ['ros']
[0.376s] Level 1:colcon.colcon_core.package_identification:_identify(src/cpp_qomolo) by extension 'ros'
[0.377s] DEBUG:colcon.colcon_core.package_identification:Package 'src/cpp_qomolo' with type 'ros.ament_cmake' and name 'cpp_qomolo'
[0.377s] Level 1:colcon.colcon_core.package_identification:_identify(src/cpp_srvcli) by extensions ['ignore', 'ignore_ament_install']
[0.377s] Level 1:colcon.colcon_core.package_identification:_identify(src/cpp_srvcli) by extension 'ignore'
[0.377s] Level 1:colcon.colcon_core.package_identification:_identify(src/cpp_srvcli) by extension 'ignore_ament_install'
[0.377s] Level 1:colcon.colcon_core.package_identification:_identify(src/cpp_srvcli) by extensions ['colcon_pkg']
[0.377s] Level 1:colcon.colcon_core.package_identification:_identify(src/cpp_srvcli) by extension 'colcon_pkg'
[0.377s] Level 1:colcon.colcon_core.package_identification:_identify(src/cpp_srvcli) by extensions ['colcon_meta']
[0.377s] Level 1:colcon.colcon_core.package_identification:_identify(src/cpp_srvcli) by extension 'colcon_meta'
[0.377s] Level 1:colcon.colcon_core.package_identification:_identify(src/cpp_srvcli) by extensions ['ros']
[0.378s] Level 1:colcon.colcon_core.package_identification:_identify(src/cpp_srvcli) by extension 'ros'
[0.378s] DEBUG:colcon.colcon_core.package_identification:Package 'src/cpp_srvcli' with type 'ros.ament_cmake' and name 'cpp_srvcli'
[0.378s] Level 1:colcon.colcon_core.package_identification:_identify(src/interfaces) by extensions ['ignore', 'ignore_ament_install']
[0.378s] Level 1:colcon.colcon_core.package_identification:_identify(src/interfaces) by extension 'ignore'
[0.378s] Level 1:colcon.colcon_core.package_identification:_identify(src/interfaces) by extension 'ignore_ament_install'
[0.378s] Level 1:colcon.colcon_core.package_identification:_identify(src/interfaces) by extensions ['colcon_pkg']
[0.378s] Level 1:colcon.colcon_core.package_identification:_identify(src/interfaces) by extension 'colcon_pkg'
[0.378s] Level 1:colcon.colcon_core.package_identification:_identify(src/interfaces) by extensions ['colcon_meta']
[0.379s] Level 1:colcon.colcon_core.package_identification:_identify(src/interfaces) by extension 'colcon_meta'
[0.379s] Level 1:colcon.colcon_core.package_identification:_identify(src/interfaces) by extensions ['ros']
[0.379s] Level 1:colcon.colcon_core.package_identification:_identify(src/interfaces) by extension 'ros'
[0.379s] DEBUG:colcon.colcon_core.package_identification:Package 'src/interfaces' with type 'ros.ament_cmake' and name 'interfaces'
[0.379s] Level 1:colcon.colcon_core.package_discovery:discover_packages(recursive) using defaults
[0.379s] Level 1:colcon.colcon_core.package_discovery:discover_packages(ignore) discover
[0.379s] Level 1:colcon.colcon_core.package_discovery:discover_packages(ignore) using defaults
[0.379s] Level 1:colcon.colcon_core.package_discovery:discover_packages(path) discover
[0.379s] Level 1:colcon.colcon_core.package_discovery:discover_packages(path) using defaults
[0.401s] Level 5:colcon.colcon_core.verb:set package 'cpp_pubsub' build argument 'cmake_args' from command line to 'None'
[0.401s] Level 5:colcon.colcon_core.verb:set package 'cpp_pubsub' build argument 'cmake_target' from command line to 'None'
[0.401s] Level 5:colcon.colcon_core.verb:set package 'cpp_pubsub' build argument 'cmake_target_skip_unavailable' from command line to 'False'
[0.401s] Level 5:colcon.colcon_core.verb:set package 'cpp_pubsub' build argument 'cmake_clean_cache' from command line to 'False'
[0.401s] Level 5:colcon.colcon_core.verb:set package 'cpp_pubsub' build argument 'cmake_clean_first' from command line to 'False'
[0.401s] Level 5:colcon.colcon_core.verb:set package 'cpp_pubsub' build argument 'cmake_force_configure' from command line to 'False'
[0.401s] Level 5:colcon.colcon_core.verb:set package 'cpp_pubsub' build argument 'ament_cmake_args' from command line to 'None'
[0.401s] Level 5:colcon.colcon_core.verb:set package 'cpp_pubsub' build argument 'catkin_cmake_args' from command line to 'None'
[0.401s] Level 5:colcon.colcon_core.verb:set package 'cpp_pubsub' build argument 'catkin_skip_building_tests' from command line to 'False'
[0.401s] DEBUG:colcon.colcon_core.verb:Building package 'cpp_pubsub' with the following arguments: {'ament_cmake_args': None, 'build_base': '/debug/Desktop/cxy/ros2_ws/build/cpp_pubsub', 'catkin_cmake_args': None, 'catkin_skip_building_tests': False, 'cmake_args': None, 'cmake_clean_cache': False, 'cmake_clean_first': False, 'cmake_force_configure': False, 'cmake_target': None, 'cmake_target_skip_unavailable': False, 'install_base': '/debug/Desktop/cxy/ros2_ws/install/cpp_pubsub', 'merge_install': False, 'path': '/debug/Desktop/cxy/ros2_ws/src/cpp_pubsub', 'symlink_install': False, 'test_result_base': None}
[0.404s] Level 5:colcon.colcon_core.verb:set package 'cpp_srvcli' build argument 'cmake_args' from command line to 'None'
[0.404s] Level 5:colcon.colcon_core.verb:set package 'cpp_srvcli' build argument 'cmake_target' from command line to 'None'
[0.404s] Level 5:colcon.colcon_core.verb:set package 'cpp_srvcli' build argument 'cmake_target_skip_unavailable' from command line to 'False'
[0.404s] Level 5:colcon.colcon_core.verb:set package 'cpp_srvcli' build argument 'cmake_clean_cache' from command line to 'False'
[0.404s] Level 5:colcon.colcon_core.verb:set package 'cpp_srvcli' build argument 'cmake_clean_first' from command line to 'False'
[0.404s] Level 5:colcon.colcon_core.verb:set package 'cpp_srvcli' build argument 'cmake_force_configure' from command line to 'False'
[0.404s] Level 5:colcon.colcon_core.verb:set package 'cpp_srvcli' build argument 'ament_cmake_args' from command line to 'None'
[0.404s] Level 5:colcon.colcon_core.verb:set package 'cpp_srvcli' build argument 'catkin_cmake_args' from command line to 'None'
[0.404s] Level 5:colcon.colcon_core.verb:set package 'cpp_srvcli' build argument 'catkin_skip_building_tests' from command line to 'False'
[0.404s] DEBUG:colcon.colcon_core.verb:Building package 'cpp_srvcli' with the following arguments: {'ament_cmake_args': None, 'build_base': '/debug/Desktop/cxy/ros2_ws/build/cpp_srvcli', 'catkin_cmake_args': None, 'catkin_skip_building_tests': False, 'cmake_args': None, 'cmake_clean_cache': False, 'cmake_clean_first': False, 'cmake_force_configure': False, 'cmake_target': None, 'cmake_target_skip_unavailable': False, 'install_base': '/debug/Desktop/cxy/ros2_ws/install/cpp_srvcli', 'merge_install': False, 'path': '/debug/Desktop/cxy/ros2_ws/src/cpp_srvcli', 'symlink_install': False, 'test_result_base': None}
[0.407s] Level 5:colcon.colcon_core.verb:set package 'interfaces' build argument 'cmake_args' from command line to 'None'
[0.407s] Level 5:colcon.colcon_core.verb:set package 'interfaces' build argument 'cmake_target' from command line to 'None'
[0.407s] Level 5:colcon.colcon_core.verb:set package 'interfaces' build argument 'cmake_target_skip_unavailable' from command line to 'False'
[0.407s] Level 5:colcon.colcon_core.verb:set package 'interfaces' build argument 'cmake_clean_cache' from command line to 'False'
[0.407s] Level 5:colcon.colcon_core.verb:set package 'interfaces' build argument 'cmake_clean_first' from command line to 'False'
[0.407s] Level 5:colcon.colcon_core.verb:set package 'interfaces' build argument 'cmake_force_configure' from command line to 'False'
[0.407s] Level 5:colcon.colcon_core.verb:set package 'interfaces' build argument 'ament_cmake_args' from command line to 'None'
[0.407s] Level 5:colcon.colcon_core.verb:set package 'interfaces' build argument 'catkin_cmake_args' from command line to 'None'
[0.407s] Level 5:colcon.colcon_core.verb:set package 'interfaces' build argument 'catkin_skip_building_tests' from command line to 'False'
[0.407s] DEBUG:colcon.colcon_core.verb:Building package 'interfaces' with the following arguments: {'ament_cmake_args': None, 'build_base': '/debug/Desktop/cxy/ros2_ws/build/interfaces', 'catkin_cmake_args': None, 'catkin_skip_building_tests': False, 'cmake_args': None, 'cmake_clean_cache': False, 'cmake_clean_first': False, 'cmake_force_configure': False, 'cmake_target': None, 'cmake_target_skip_unavailable': False, 'install_base': '/debug/Desktop/cxy/ros2_ws/install/interfaces', 'merge_install': False, 'path': '/debug/Desktop/cxy/ros2_ws/src/interfaces', 'symlink_install': False, 'test_result_base': None}
[0.411s] Level 5:colcon.colcon_core.verb:set package 'cpp_qomolo' build argument 'cmake_args' from command line to 'None'
[0.411s] Level 5:colcon.colcon_core.verb:set package 'cpp_qomolo' build argument 'cmake_target' from command line to 'None'
[0.411s] Level 5:colcon.colcon_core.verb:set package 'cpp_qomolo' build argument 'cmake_target_skip_unavailable' from command line to 'False'
[0.411s] Level 5:colcon.colcon_core.verb:set package 'cpp_qomolo' build argument 'cmake_clean_cache' from command line to 'False'
[0.411s] Level 5:colcon.colcon_core.verb:set package 'cpp_qomolo' build argument 'cmake_clean_first' from command line to 'False'
[0.412s] Level 5:colcon.colcon_core.verb:set package 'cpp_qomolo' build argument 'cmake_force_configure' from command line to 'False'
[0.412s] Level 5:colcon.colcon_core.verb:set package 'cpp_qomolo' build argument 'ament_cmake_args' from command line to 'None'
[0.412s] Level 5:colcon.colcon_core.verb:set package 'cpp_qomolo' build argument 'catkin_cmake_args' from command line to 'None'
[0.412s] Level 5:colcon.colcon_core.verb:set package 'cpp_qomolo' build argument 'catkin_skip_building_tests' from command line to 'False'
[0.412s] DEBUG:colcon.colcon_core.verb:Building package 'cpp_qomolo' with the following arguments: {'ament_cmake_args': None, 'build_base': '/debug/Desktop/cxy/ros2_ws/build/cpp_qomolo', 'catkin_cmake_args': None, 'catkin_skip_building_tests': False, 'cmake_args': None, 'cmake_clean_cache': False, 'cmake_clean_first': False, 'cmake_force_configure': False, 'cmake_target': None, 'cmake_target_skip_unavailable': False, 'install_base': '/debug/Desktop/cxy/ros2_ws/install/cpp_qomolo', 'merge_install': False, 'path': '/debug/Desktop/cxy/ros2_ws/src/cpp_qomolo', 'symlink_install': False, 'test_result_base': None}
[0.412s] INFO:colcon.colcon_core.executor:Executing jobs using 'parallel' executor
[0.414s] DEBUG:colcon.colcon_parallel_executor.executor.parallel:run_until_complete
[0.415s] INFO:colcon.colcon_ros.task.ament_cmake.build:Building ROS package in '/debug/Desktop/cxy/ros2_ws/src/interfaces' with build type 'ament_cmake'
[0.415s] INFO:colcon.colcon_cmake.task.cmake.build:Building CMake package in '/debug/Desktop/cxy/ros2_ws/src/interfaces'
[0.419s] INFO:colcon.colcon_core.plugin_system:Skipping extension 'colcon_core.shell.bat': Not used on non-Windows systems
[0.419s] INFO:colcon.colcon_core.shell:Skip shell extension 'powershell' for command environment: Not usable outside of PowerShell
[0.419s] DEBUG:colcon.colcon_core.shell:Skip shell extension 'dsv' for command environment
[0.421s] DEBUG:colcon.colcon_core.shell:Ignoring prefix path '/opt/ros/foxy'
[0.424s] INFO:colcon.colcon_ros.task.ament_cmake.build:Building ROS package in '/debug/Desktop/cxy/ros2_ws/src/cpp_pubsub' with build type 'ament_cmake'
[0.426s] INFO:colcon.colcon_cmake.task.cmake.build:Building CMake package in '/debug/Desktop/cxy/ros2_ws/src/cpp_pubsub'
[0.427s] INFO:colcon.colcon_core.shell:Skip shell extension 'powershell' for command environment: Not usable outside of PowerShell
[0.427s] DEBUG:colcon.colcon_core.shell:Skip shell extension 'dsv' for command environment
[0.430s] DEBUG:colcon.colcon_core.shell:Ignoring prefix path '/opt/ros/foxy'
[0.437s] INFO:colcon.colcon_ros.task.ament_cmake.build:Building ROS package in '/debug/Desktop/cxy/ros2_ws/src/cpp_srvcli' with build type 'ament_cmake'
[0.438s] INFO:colcon.colcon_cmake.task.cmake.build:Building CMake package in '/debug/Desktop/cxy/ros2_ws/src/cpp_srvcli'
[0.439s] INFO:colcon.colcon_core.shell:Skip shell extension 'powershell' for command environment: Not usable outside of PowerShell
[0.439s] DEBUG:colcon.colcon_core.shell:Skip shell extension 'dsv' for command environment
[0.442s] DEBUG:colcon.colcon_core.shell:Ignoring prefix path '/opt/ros/foxy'
[0.452s] DEBUG:colcon.colcon_core.event_handler.log_command:Invoking command in '/debug/Desktop/cxy/ros2_ws/build/interfaces': /usr/bin/cmake /debug/Desktop/cxy/ros2_ws/src/interfaces -DCMAKE_INSTALL_PREFIX=/debug/Desktop/cxy/ros2_ws/install/interfaces
[0.458s] DEBUG:colcon.colcon_core.event_handler.log_command:Invoking command in '/debug/Desktop/cxy/ros2_ws/build/cpp_pubsub': /usr/bin/cmake /debug/Desktop/cxy/ros2_ws/src/cpp_pubsub -DCMAKE_INSTALL_PREFIX=/debug/Desktop/cxy/ros2_ws/install/cpp_pubsub
[0.463s] DEBUG:colcon.colcon_core.event_handler.log_command:Invoking command in '/debug/Desktop/cxy/ros2_ws/build/cpp_srvcli': /usr/bin/cmake /debug/Desktop/cxy/ros2_ws/src/cpp_srvcli -DCMAKE_INSTALL_PREFIX=/debug/Desktop/cxy/ros2_ws/install/cpp_srvcli
[3.010s] DEBUG:colcon.colcon_core.event_handler.log_command:Invoked command in '/debug/Desktop/cxy/ros2_ws/build/interfaces' returned '0': /usr/bin/cmake /debug/Desktop/cxy/ros2_ws/src/interfaces -DCMAKE_INSTALL_PREFIX=/debug/Desktop/cxy/ros2_ws/install/interfaces
[3.011s] DEBUG:colcon.colcon_core.event_handler.log_command:Invoking command in '/debug/Desktop/cxy/ros2_ws/build/interfaces': /usr/bin/cmake --build /debug/Desktop/cxy/ros2_ws/build/interfaces -- -j4 -l4
[3.017s] DEBUG:colcon.colcon_core.event_handler.log_command:Invoked command in '/debug/Desktop/cxy/ros2_ws/build/cpp_pubsub' returned '0': /usr/bin/cmake /debug/Desktop/cxy/ros2_ws/src/cpp_pubsub -DCMAKE_INSTALL_PREFIX=/debug/Desktop/cxy/ros2_ws/install/cpp_pubsub
[3.018s] DEBUG:colcon.colcon_core.event_handler.log_command:Invoking command in '/debug/Desktop/cxy/ros2_ws/build/cpp_pubsub': /usr/bin/cmake --build /debug/Desktop/cxy/ros2_ws/build/cpp_pubsub -- -j4 -l4
[3.066s] DEBUG:colcon.colcon_core.event_handler.log_command:Invoked command in '/debug/Desktop/cxy/ros2_ws/build/cpp_srvcli' returned '0': /usr/bin/cmake /debug/Desktop/cxy/ros2_ws/src/cpp_srvcli -DCMAKE_INSTALL_PREFIX=/debug/Desktop/cxy/ros2_ws/install/cpp_srvcli
[3.067s] DEBUG:colcon.colcon_core.event_handler.log_command:Invoking command in '/debug/Desktop/cxy/ros2_ws/build/cpp_srvcli': /usr/bin/cmake --build /debug/Desktop/cxy/ros2_ws/build/cpp_srvcli -- -j4 -l4
[12.742s] DEBUG:colcon.colcon_core.event_handler.log_command:Invoked command in '/debug/Desktop/cxy/ros2_ws/build/cpp_srvcli' returned '0': /usr/bin/cmake --build /debug/Desktop/cxy/ros2_ws/build/cpp_srvcli -- -j4 -l4
[12.803s] DEBUG:colcon.colcon_core.event_handler.log_command:Invoking command in '/debug/Desktop/cxy/ros2_ws/build/cpp_srvcli': /usr/bin/cmake --install /debug/Desktop/cxy/ros2_ws/build/cpp_srvcli
[12.828s] Level 1:colcon.colcon_core.environment:create_environment_scripts_only(cpp_srvcli)
[12.835s] Level 1:colcon.colcon_core.environment:checking '/debug/Desktop/cxy/ros2_ws/install/cpp_srvcli' for CMake module files
[12.836s] Level 1:colcon.colcon_core.environment:checking '/debug/Desktop/cxy/ros2_ws/install/cpp_srvcli' for CMake config files
[12.836s] Level 1:colcon.colcon_core.shell:create_environment_hook('cpp_srvcli', 'cmake_prefix_path')
[12.838s] INFO:colcon.colcon_core.shell:Creating environment hook '/debug/Desktop/cxy/ros2_ws/install/cpp_srvcli/share/cpp_srvcli/hook/cmake_prefix_path.ps1'
[12.839s] DEBUG:colcon.colcon_core.event_handler.log_command:Invoked command in '/debug/Desktop/cxy/ros2_ws/build/cpp_srvcli' returned '0': /usr/bin/cmake --install /debug/Desktop/cxy/ros2_ws/build/cpp_srvcli
[12.840s] INFO:colcon.colcon_core.shell:Creating environment descriptor '/debug/Desktop/cxy/ros2_ws/install/cpp_srvcli/share/cpp_srvcli/hook/cmake_prefix_path.dsv'
[12.841s] INFO:colcon.colcon_core.shell:Creating environment hook '/debug/Desktop/cxy/ros2_ws/install/cpp_srvcli/share/cpp_srvcli/hook/cmake_prefix_path.sh'
[12.843s] Level 1:colcon.colcon_core.environment:checking '/debug/Desktop/cxy/ros2_ws/install/cpp_srvcli/lib'
[12.844s] Level 1:colcon.colcon_core.environment:checking '/debug/Desktop/cxy/ros2_ws/install/cpp_srvcli/bin'
[12.844s] Level 1:colcon.colcon_core.environment:checking '/debug/Desktop/cxy/ros2_ws/install/cpp_srvcli/lib/pkgconfig/cpp_srvcli.pc'
[12.844s] Level 1:colcon.colcon_core.environment:checking '/debug/Desktop/cxy/ros2_ws/install/cpp_srvcli/lib/python3.8/site-packages'
[12.846s] INFO:colcon.colcon_core.shell:Creating package script '/debug/Desktop/cxy/ros2_ws/install/cpp_srvcli/share/cpp_srvcli/package.ps1'
[12.847s] INFO:colcon.colcon_core.shell:Creating package descriptor '/debug/Desktop/cxy/ros2_ws/install/cpp_srvcli/share/cpp_srvcli/package.dsv'
[12.849s] INFO:colcon.colcon_core.shell:Creating package script '/debug/Desktop/cxy/ros2_ws/install/cpp_srvcli/share/cpp_srvcli/package.sh'
[12.850s] INFO:colcon.colcon_core.shell:Creating package script '/debug/Desktop/cxy/ros2_ws/install/cpp_srvcli/share/cpp_srvcli/package.bash'
[12.852s] INFO:colcon.colcon_core.shell:Creating package script '/debug/Desktop/cxy/ros2_ws/install/cpp_srvcli/share/cpp_srvcli/package.zsh'
[12.853s] Level 1:colcon.colcon_core.environment:create_file_with_runtime_dependencies(/debug/Desktop/cxy/ros2_ws/install/cpp_srvcli/share/colcon-core/packages/cpp_srvcli)
[12.903s] Level 1:colcon.colcon_core.environment:create_environment_scripts_only(cpp_srvcli)
[12.905s] Level 1:colcon.colcon_core.environment:checking '/debug/Desktop/cxy/ros2_ws/install/cpp_srvcli' for CMake module files
[12.906s] Level 1:colcon.colcon_core.environment:checking '/debug/Desktop/cxy/ros2_ws/install/cpp_srvcli' for CMake config files
[12.906s] Level 1:colcon.colcon_core.shell:create_environment_hook('cpp_srvcli', 'cmake_prefix_path')
[12.908s] INFO:colcon.colcon_core.shell:Creating environment hook '/debug/Desktop/cxy/ros2_ws/install/cpp_srvcli/share/cpp_srvcli/hook/cmake_prefix_path.ps1'
[12.909s] INFO:colcon.colcon_core.shell:Creating environment descriptor '/debug/Desktop/cxy/ros2_ws/install/cpp_srvcli/share/cpp_srvcli/hook/cmake_prefix_path.dsv'
[12.909s] INFO:colcon.colcon_core.shell:Creating environment hook '/debug/Desktop/cxy/ros2_ws/install/cpp_srvcli/share/cpp_srvcli/hook/cmake_prefix_path.sh'
[12.910s] Level 1:colcon.colcon_core.environment:checking '/debug/Desktop/cxy/ros2_ws/install/cpp_srvcli/lib'
[12.910s] Level 1:colcon.colcon_core.environment:checking '/debug/Desktop/cxy/ros2_ws/install/cpp_srvcli/bin'
[12.911s] Level 1:colcon.colcon_core.environment:checking '/debug/Desktop/cxy/ros2_ws/install/cpp_srvcli/lib/pkgconfig/cpp_srvcli.pc'
[12.911s] Level 1:colcon.colcon_core.environment:checking '/debug/Desktop/cxy/ros2_ws/install/cpp_srvcli/lib/python3.8/site-packages'
[12.912s] INFO:colcon.colcon_core.shell:Creating package script '/debug/Desktop/cxy/ros2_ws/install/cpp_srvcli/share/cpp_srvcli/package.ps1'
[12.913s] INFO:colcon.colcon_core.shell:Creating package descriptor '/debug/Desktop/cxy/ros2_ws/install/cpp_srvcli/share/cpp_srvcli/package.dsv'
[12.914s] INFO:colcon.colcon_core.shell:Creating package script '/debug/Desktop/cxy/ros2_ws/install/cpp_srvcli/share/cpp_srvcli/package.sh'
[12.915s] INFO:colcon.colcon_core.shell:Creating package script '/debug/Desktop/cxy/ros2_ws/install/cpp_srvcli/share/cpp_srvcli/package.bash'
[12.919s] INFO:colcon.colcon_core.shell:Creating package script '/debug/Desktop/cxy/ros2_ws/install/cpp_srvcli/share/cpp_srvcli/package.zsh'
[12.920s] Level 1:colcon.colcon_core.environment:create_file_with_runtime_dependencies(/debug/Desktop/cxy/ros2_ws/install/cpp_srvcli/share/colcon-core/packages/cpp_srvcli)
[14.466s] DEBUG:colcon.colcon_core.event_handler.log_command:Invoked command in '/debug/Desktop/cxy/ros2_ws/build/interfaces' returned '0': /usr/bin/cmake --build /debug/Desktop/cxy/ros2_ws/build/interfaces -- -j4 -l4
[14.571s] DEBUG:colcon.colcon_core.event_handler.log_command:Invoking command in '/debug/Desktop/cxy/ros2_ws/build/interfaces': /usr/bin/cmake --install /debug/Desktop/cxy/ros2_ws/build/interfaces
[14.657s] Level 1:colcon.colcon_core.environment:create_environment_scripts_only(interfaces)
[14.660s] Level 1:colcon.colcon_core.environment:checking '/debug/Desktop/cxy/ros2_ws/install/interfaces' for CMake module files
[14.661s] DEBUG:colcon.colcon_core.event_handler.log_command:Invoked command in '/debug/Desktop/cxy/ros2_ws/build/interfaces' returned '0': /usr/bin/cmake --install /debug/Desktop/cxy/ros2_ws/build/interfaces
[14.661s] Level 1:colcon.colcon_core.environment:checking '/debug/Desktop/cxy/ros2_ws/install/interfaces' for CMake config files
[14.662s] Level 1:colcon.colcon_core.shell:create_environment_hook('interfaces', 'cmake_prefix_path')
[14.663s] INFO:colcon.colcon_core.shell:Creating environment hook '/debug/Desktop/cxy/ros2_ws/install/interfaces/share/interfaces/hook/cmake_prefix_path.ps1'
[14.664s] INFO:colcon.colcon_core.shell:Creating environment descriptor '/debug/Desktop/cxy/ros2_ws/install/interfaces/share/interfaces/hook/cmake_prefix_path.dsv'
[14.665s] INFO:colcon.colcon_core.shell:Creating environment hook '/debug/Desktop/cxy/ros2_ws/install/interfaces/share/interfaces/hook/cmake_prefix_path.sh'
[14.666s] Level 1:colcon.colcon_core.environment:checking '/debug/Desktop/cxy/ros2_ws/install/interfaces/lib'
[14.666s] Level 1:colcon.colcon_core.shell:create_environment_hook('interfaces', 'ld_library_path_lib')
[14.667s] INFO:colcon.colcon_core.shell:Creating environment hook '/debug/Desktop/cxy/ros2_ws/install/interfaces/share/interfaces/hook/ld_library_path_lib.ps1'
[14.668s] INFO:colcon.colcon_core.shell:Creating environment descriptor '/debug/Desktop/cxy/ros2_ws/install/interfaces/share/interfaces/hook/ld_library_path_lib.dsv'
[14.668s] INFO:colcon.colcon_core.shell:Creating environment hook '/debug/Desktop/cxy/ros2_ws/install/interfaces/share/interfaces/hook/ld_library_path_lib.sh'
[14.669s] Level 1:colcon.colcon_core.environment:checking '/debug/Desktop/cxy/ros2_ws/install/interfaces/bin'
[14.669s] Level 1:colcon.colcon_core.environment:checking '/debug/Desktop/cxy/ros2_ws/install/interfaces/lib/pkgconfig/interfaces.pc'
[14.669s] Level 1:colcon.colcon_core.environment:checking '/debug/Desktop/cxy/ros2_ws/install/interfaces/lib/python3.8/site-packages'
[14.669s] Level 1:colcon.colcon_core.shell:create_environment_hook('interfaces', 'pythonpath')
[14.671s] INFO:colcon.colcon_core.shell:Creating environment hook '/debug/Desktop/cxy/ros2_ws/install/interfaces/share/interfaces/hook/pythonpath.ps1'
[14.671s] INFO:colcon.colcon_core.shell:Creating environment descriptor '/debug/Desktop/cxy/ros2_ws/install/interfaces/share/interfaces/hook/pythonpath.dsv'
[14.672s] INFO:colcon.colcon_core.shell:Creating environment hook '/debug/Desktop/cxy/ros2_ws/install/interfaces/share/interfaces/hook/pythonpath.sh'
[14.674s] INFO:colcon.colcon_core.shell:Creating package script '/debug/Desktop/cxy/ros2_ws/install/interfaces/share/interfaces/package.ps1'
[14.675s] INFO:colcon.colcon_core.shell:Creating package descriptor '/debug/Desktop/cxy/ros2_ws/install/interfaces/share/interfaces/package.dsv'
[14.676s] INFO:colcon.colcon_core.shell:Creating package script '/debug/Desktop/cxy/ros2_ws/install/interfaces/share/interfaces/package.sh'
[14.676s] INFO:colcon.colcon_core.shell:Creating package script '/debug/Desktop/cxy/ros2_ws/install/interfaces/share/interfaces/package.bash'
[14.677s] INFO:colcon.colcon_core.shell:Creating package script '/debug/Desktop/cxy/ros2_ws/install/interfaces/share/interfaces/package.zsh'
[14.677s] Level 1:colcon.colcon_core.environment:create_file_with_runtime_dependencies(/debug/Desktop/cxy/ros2_ws/install/interfaces/share/colcon-core/packages/interfaces)
[14.820s] Level 1:colcon.colcon_core.environment:create_environment_scripts_only(interfaces)
[14.822s] Level 1:colcon.colcon_core.environment:checking '/debug/Desktop/cxy/ros2_ws/install/interfaces' for CMake module files
[14.823s] Level 1:colcon.colcon_core.environment:checking '/debug/Desktop/cxy/ros2_ws/install/interfaces' for CMake config files
[14.824s] Level 1:colcon.colcon_core.shell:create_environment_hook('interfaces', 'cmake_prefix_path')
[14.825s] INFO:colcon.colcon_core.shell:Creating environment hook '/debug/Desktop/cxy/ros2_ws/install/interfaces/share/interfaces/hook/cmake_prefix_path.ps1'
[14.826s] INFO:colcon.colcon_core.shell:Creating environment descriptor '/debug/Desktop/cxy/ros2_ws/install/interfaces/share/interfaces/hook/cmake_prefix_path.dsv'
[14.827s] INFO:colcon.colcon_core.shell:Creating environment hook '/debug/Desktop/cxy/ros2_ws/install/interfaces/share/interfaces/hook/cmake_prefix_path.sh'
[14.828s] Level 1:colcon.colcon_core.environment:checking '/debug/Desktop/cxy/ros2_ws/install/interfaces/lib'
[14.828s] Level 1:colcon.colcon_core.shell:create_environment_hook('interfaces', 'ld_library_path_lib')
[14.829s] INFO:colcon.colcon_core.shell:Creating environment hook '/debug/Desktop/cxy/ros2_ws/install/interfaces/share/interfaces/hook/ld_library_path_lib.ps1'
[14.830s] INFO:colcon.colcon_core.shell:Creating environment descriptor '/debug/Desktop/cxy/ros2_ws/install/interfaces/share/interfaces/hook/ld_library_path_lib.dsv'
[14.831s] INFO:colcon.colcon_core.shell:Creating environment hook '/debug/Desktop/cxy/ros2_ws/install/interfaces/share/interfaces/hook/ld_library_path_lib.sh'
[14.831s] Level 1:colcon.colcon_core.environment:checking '/debug/Desktop/cxy/ros2_ws/install/interfaces/bin'
[14.831s] Level 1:colcon.colcon_core.environment:checking '/debug/Desktop/cxy/ros2_ws/install/interfaces/lib/pkgconfig/interfaces.pc'
[14.832s] Level 1:colcon.colcon_core.environment:checking '/debug/Desktop/cxy/ros2_ws/install/interfaces/lib/python3.8/site-packages'
[14.832s] Level 1:colcon.colcon_core.shell:create_environment_hook('interfaces', 'pythonpath')
[14.833s] INFO:colcon.colcon_core.shell:Creating environment hook '/debug/Desktop/cxy/ros2_ws/install/interfaces/share/interfaces/hook/pythonpath.ps1'
[14.834s] INFO:colcon.colcon_core.shell:Creating environment descriptor '/debug/Desktop/cxy/ros2_ws/install/interfaces/share/interfaces/hook/pythonpath.dsv'
[14.834s] INFO:colcon.colcon_core.shell:Creating environment hook '/debug/Desktop/cxy/ros2_ws/install/interfaces/share/interfaces/hook/pythonpath.sh'
[14.836s] INFO:colcon.colcon_core.shell:Creating package script '/debug/Desktop/cxy/ros2_ws/install/interfaces/share/interfaces/package.ps1'
[14.838s] INFO:colcon.colcon_core.shell:Creating package descriptor '/debug/Desktop/cxy/ros2_ws/install/interfaces/share/interfaces/package.dsv'
[14.839s] INFO:colcon.colcon_core.shell:Creating package script '/debug/Desktop/cxy/ros2_ws/install/interfaces/share/interfaces/package.sh'
[14.840s] INFO:colcon.colcon_core.shell:Creating package script '/debug/Desktop/cxy/ros2_ws/install/interfaces/share/interfaces/package.bash'
[14.841s] INFO:colcon.colcon_core.shell:Creating package script '/debug/Desktop/cxy/ros2_ws/install/interfaces/share/interfaces/package.zsh'
[14.842s] Level 1:colcon.colcon_core.environment:create_file_with_runtime_dependencies(/debug/Desktop/cxy/ros2_ws/install/interfaces/share/colcon-core/packages/interfaces)
[14.842s] INFO:colcon.colcon_ros.task.ament_cmake.build:Building ROS package in '/debug/Desktop/cxy/ros2_ws/src/cpp_qomolo' with build type 'ament_cmake'
[14.843s] INFO:colcon.colcon_cmake.task.cmake.build:Building CMake package in '/debug/Desktop/cxy/ros2_ws/src/cpp_qomolo'
[14.844s] INFO:colcon.colcon_core.shell:Skip shell extension 'powershell' for command environment: Not usable outside of PowerShell
[14.844s] DEBUG:colcon.colcon_core.shell:Skip shell extension 'dsv' for command environment
[14.848s] DEBUG:colcon.colcon_core.shell:Ignoring prefix path '/opt/ros/foxy'
[14.868s] DEBUG:colcon.colcon_core.event_handler.log_command:Invoking command in '/debug/Desktop/cxy/ros2_ws/build/cpp_qomolo': AMENT_PREFIX_PATH=/debug/Desktop/cxy/ros2_ws/install/interfaces:${AMENT_PREFIX_PATH} CMAKE_PREFIX_PATH=/debug/Desktop/cxy/ros2_ws/install/interfaces:${CMAKE_PREFIX_PATH} LD_LIBRARY_PATH=/debug/Desktop/cxy/ros2_ws/install/interfaces/lib:${LD_LIBRARY_PATH} PYTHONPATH=/debug/Desktop/cxy/ros2_ws/install/interfaces/lib/python3.8/site-packages:${PYTHONPATH} /usr/bin/cmake /debug/Desktop/cxy/ros2_ws/src/cpp_qomolo -DCMAKE_INSTALL_PREFIX=/debug/Desktop/cxy/ros2_ws/install/cpp_qomolo
[17.199s] DEBUG:colcon.colcon_core.event_handler.log_command:Invoked command in '/debug/Desktop/cxy/ros2_ws/build/cpp_pubsub' returned '0': /usr/bin/cmake --build /debug/Desktop/cxy/ros2_ws/build/cpp_pubsub -- -j4 -l4
[17.233s] DEBUG:colcon.colcon_core.event_handler.log_command:Invoking command in '/debug/Desktop/cxy/ros2_ws/build/cpp_pubsub': /usr/bin/cmake --install /debug/Desktop/cxy/ros2_ws/build/cpp_pubsub
[17.246s] Level 1:colcon.colcon_core.environment:create_environment_scripts_only(cpp_pubsub)
[17.248s] Level 1:colcon.colcon_core.environment:checking '/debug/Desktop/cxy/ros2_ws/install/cpp_pubsub' for CMake module files
[17.249s] DEBUG:colcon.colcon_core.event_handler.log_command:Invoked command in '/debug/Desktop/cxy/ros2_ws/build/cpp_pubsub' returned '0': /usr/bin/cmake --install /debug/Desktop/cxy/ros2_ws/build/cpp_pubsub
[17.250s] Level 1:colcon.colcon_core.environment:checking '/debug/Desktop/cxy/ros2_ws/install/cpp_pubsub' for CMake config files
[17.250s] Level 1:colcon.colcon_core.shell:create_environment_hook('cpp_pubsub', 'cmake_prefix_path')
[17.251s] INFO:colcon.colcon_core.shell:Creating environment hook '/debug/Desktop/cxy/ros2_ws/install/cpp_pubsub/share/cpp_pubsub/hook/cmake_prefix_path.ps1'
[17.251s] INFO:colcon.colcon_core.shell:Creating environment descriptor '/debug/Desktop/cxy/ros2_ws/install/cpp_pubsub/share/cpp_pubsub/hook/cmake_prefix_path.dsv'
[17.252s] INFO:colcon.colcon_core.shell:Creating environment hook '/debug/Desktop/cxy/ros2_ws/install/cpp_pubsub/share/cpp_pubsub/hook/cmake_prefix_path.sh'
[17.253s] Level 1:colcon.colcon_core.environment:checking '/debug/Desktop/cxy/ros2_ws/install/cpp_pubsub/lib'
[17.253s] Level 1:colcon.colcon_core.environment:checking '/debug/Desktop/cxy/ros2_ws/install/cpp_pubsub/bin'
[17.254s] Level 1:colcon.colcon_core.environment:checking '/debug/Desktop/cxy/ros2_ws/install/cpp_pubsub/lib/pkgconfig/cpp_pubsub.pc'
[17.254s] Level 1:colcon.colcon_core.environment:checking '/debug/Desktop/cxy/ros2_ws/install/cpp_pubsub/lib/python3.8/site-packages'
[17.255s] INFO:colcon.colcon_core.shell:Creating package script '/debug/Desktop/cxy/ros2_ws/install/cpp_pubsub/share/cpp_pubsub/package.ps1'
[17.256s] INFO:colcon.colcon_core.shell:Creating package descriptor '/debug/Desktop/cxy/ros2_ws/install/cpp_pubsub/share/cpp_pubsub/package.dsv'
[17.257s] INFO:colcon.colcon_core.shell:Creating package script '/debug/Desktop/cxy/ros2_ws/install/cpp_pubsub/share/cpp_pubsub/package.sh'
[17.257s] INFO:colcon.colcon_core.shell:Creating package script '/debug/Desktop/cxy/ros2_ws/install/cpp_pubsub/share/cpp_pubsub/package.bash'
[17.258s] INFO:colcon.colcon_core.shell:Creating package script '/debug/Desktop/cxy/ros2_ws/install/cpp_pubsub/share/cpp_pubsub/package.zsh'
[17.258s] Level 1:colcon.colcon_core.environment:create_file_with_runtime_dependencies(/debug/Desktop/cxy/ros2_ws/install/cpp_pubsub/share/colcon-core/packages/cpp_pubsub)
[17.295s] Level 1:colcon.colcon_core.environment:create_environment_scripts_only(cpp_pubsub)
[17.296s] Level 1:colcon.colcon_core.environment:checking '/debug/Desktop/cxy/ros2_ws/install/cpp_pubsub' for CMake module files
[17.299s] Level 1:colcon.colcon_core.environment:checking '/debug/Desktop/cxy/ros2_ws/install/cpp_pubsub' for CMake config files
[17.299s] Level 1:colcon.colcon_core.shell:create_environment_hook('cpp_pubsub', 'cmake_prefix_path')
[17.300s] INFO:colcon.colcon_core.shell:Creating environment hook '/debug/Desktop/cxy/ros2_ws/install/cpp_pubsub/share/cpp_pubsub/hook/cmake_prefix_path.ps1'
[17.301s] INFO:colcon.colcon_core.shell:Creating environment descriptor '/debug/Desktop/cxy/ros2_ws/install/cpp_pubsub/share/cpp_pubsub/hook/cmake_prefix_path.dsv'
[17.302s] INFO:colcon.colcon_core.shell:Creating environment hook '/debug/Desktop/cxy/ros2_ws/install/cpp_pubsub/share/cpp_pubsub/hook/cmake_prefix_path.sh'
[17.303s] Level 1:colcon.colcon_core.environment:checking '/debug/Desktop/cxy/ros2_ws/install/cpp_pubsub/lib'
[17.303s] Level 1:colcon.colcon_core.environment:checking '/debug/Desktop/cxy/ros2_ws/install/cpp_pubsub/bin'
[17.303s] Level 1:colcon.colcon_core.environment:checking '/debug/Desktop/cxy/ros2_ws/install/cpp_pubsub/lib/pkgconfig/cpp_pubsub.pc'
[17.303s] Level 1:colcon.colcon_core.environment:checking '/debug/Desktop/cxy/ros2_ws/install/cpp_pubsub/lib/python3.8/site-packages'
[17.304s] INFO:colcon.colcon_core.shell:Creating package script '/debug/Desktop/cxy/ros2_ws/install/cpp_pubsub/share/cpp_pubsub/package.ps1'
[17.305s] INFO:colcon.colcon_core.shell:Creating package descriptor '/debug/Desktop/cxy/ros2_ws/install/cpp_pubsub/share/cpp_pubsub/package.dsv'
[17.306s] INFO:colcon.colcon_core.shell:Creating package script '/debug/Desktop/cxy/ros2_ws/install/cpp_pubsub/share/cpp_pubsub/package.sh'
[17.307s] INFO:colcon.colcon_core.shell:Creating package script '/debug/Desktop/cxy/ros2_ws/install/cpp_pubsub/share/cpp_pubsub/package.bash'
[17.308s] INFO:colcon.colcon_core.shell:Creating package script '/debug/Desktop/cxy/ros2_ws/install/cpp_pubsub/share/cpp_pubsub/package.zsh'
[17.308s] Level 1:colcon.colcon_core.environment:create_file_with_runtime_dependencies(/debug/Desktop/cxy/ros2_ws/install/cpp_pubsub/share/colcon-core/packages/cpp_pubsub)
[17.332s] DEBUG:colcon.colcon_core.event_handler.log_command:Invoked command in '/debug/Desktop/cxy/ros2_ws/build/cpp_qomolo' returned '0': AMENT_PREFIX_PATH=/debug/Desktop/cxy/ros2_ws/install/interfaces:${AMENT_PREFIX_PATH} CMAKE_PREFIX_PATH=/debug/Desktop/cxy/ros2_ws/install/interfaces:${CMAKE_PREFIX_PATH} LD_LIBRARY_PATH=/debug/Desktop/cxy/ros2_ws/install/interfaces/lib:${LD_LIBRARY_PATH} PYTHONPATH=/debug/Desktop/cxy/ros2_ws/install/interfaces/lib/python3.8/site-packages:${PYTHONPATH} /usr/bin/cmake /debug/Desktop/cxy/ros2_ws/src/cpp_qomolo -DCMAKE_INSTALL_PREFIX=/debug/Desktop/cxy/ros2_ws/install/cpp_qomolo
[17.335s] DEBUG:colcon.colcon_core.event_handler.log_command:Invoking command in '/debug/Desktop/cxy/ros2_ws/build/cpp_qomolo': AMENT_PREFIX_PATH=/debug/Desktop/cxy/ros2_ws/install/interfaces:${AMENT_PREFIX_PATH} CMAKE_PREFIX_PATH=/debug/Desktop/cxy/ros2_ws/install/interfaces:${CMAKE_PREFIX_PATH} LD_LIBRARY_PATH=/debug/Desktop/cxy/ros2_ws/install/interfaces/lib:${LD_LIBRARY_PATH} PYTHONPATH=/debug/Desktop/cxy/ros2_ws/install/interfaces/lib/python3.8/site-packages:${PYTHONPATH} /usr/bin/cmake --build /debug/Desktop/cxy/ros2_ws/build/cpp_qomolo -- -j4 -l4
[20.689s] DEBUG:colcon.colcon_core.event_handler.log_command:Invoked command in '/debug/Desktop/cxy/ros2_ws/build/cpp_qomolo' returned '0': AMENT_PREFIX_PATH=/debug/Desktop/cxy/ros2_ws/install/interfaces:${AMENT_PREFIX_PATH} CMAKE_PREFIX_PATH=/debug/Desktop/cxy/ros2_ws/install/interfaces:${CMAKE_PREFIX_PATH} LD_LIBRARY_PATH=/debug/Desktop/cxy/ros2_ws/install/interfaces/lib:${LD_LIBRARY_PATH} PYTHONPATH=/debug/Desktop/cxy/ros2_ws/install/interfaces/lib/python3.8/site-packages:${PYTHONPATH} /usr/bin/cmake --build /debug/Desktop/cxy/ros2_ws/build/cpp_qomolo -- -j4 -l4
[20.718s] DEBUG:colcon.colcon_core.event_handler.log_command:Invoking command in '/debug/Desktop/cxy/ros2_ws/build/cpp_qomolo': AMENT_PREFIX_PATH=/debug/Desktop/cxy/ros2_ws/install/interfaces:${AMENT_PREFIX_PATH} CMAKE_PREFIX_PATH=/debug/Desktop/cxy/ros2_ws/install/interfaces:${CMAKE_PREFIX_PATH} LD_LIBRARY_PATH=/debug/Desktop/cxy/ros2_ws/install/interfaces/lib:${LD_LIBRARY_PATH} PYTHONPATH=/debug/Desktop/cxy/ros2_ws/install/interfaces/lib/python3.8/site-packages:${PYTHONPATH} /usr/bin/cmake --install /debug/Desktop/cxy/ros2_ws/build/cpp_qomolo
[20.730s] Level 1:colcon.colcon_core.environment:create_environment_scripts_only(cpp_qomolo)
[20.731s] Level 1:colcon.colcon_core.environment:checking '/debug/Desktop/cxy/ros2_ws/install/cpp_qomolo' for CMake module files
[20.732s] DEBUG:colcon.colcon_core.event_handler.log_command:Invoked command in '/debug/Desktop/cxy/ros2_ws/build/cpp_qomolo' returned '0': AMENT_PREFIX_PATH=/debug/Desktop/cxy/ros2_ws/install/interfaces:${AMENT_PREFIX_PATH} CMAKE_PREFIX_PATH=/debug/Desktop/cxy/ros2_ws/install/interfaces:${CMAKE_PREFIX_PATH} LD_LIBRARY_PATH=/debug/Desktop/cxy/ros2_ws/install/interfaces/lib:${LD_LIBRARY_PATH} PYTHONPATH=/debug/Desktop/cxy/ros2_ws/install/interfaces/lib/python3.8/site-packages:${PYTHONPATH} /usr/bin/cmake --install /debug/Desktop/cxy/ros2_ws/build/cpp_qomolo
[20.732s] Level 1:colcon.colcon_core.environment:checking '/debug/Desktop/cxy/ros2_ws/install/cpp_qomolo' for CMake config files
[20.732s] Level 1:colcon.colcon_core.shell:create_environment_hook('cpp_qomolo', 'cmake_prefix_path')
[20.733s] INFO:colcon.colcon_core.shell:Creating environment hook '/debug/Desktop/cxy/ros2_ws/install/cpp_qomolo/share/cpp_qomolo/hook/cmake_prefix_path.ps1'
[20.734s] INFO:colcon.colcon_core.shell:Creating environment descriptor '/debug/Desktop/cxy/ros2_ws/install/cpp_qomolo/share/cpp_qomolo/hook/cmake_prefix_path.dsv'
[20.734s] INFO:colcon.colcon_core.shell:Creating environment hook '/debug/Desktop/cxy/ros2_ws/install/cpp_qomolo/share/cpp_qomolo/hook/cmake_prefix_path.sh'
[20.735s] Level 1:colcon.colcon_core.environment:checking '/debug/Desktop/cxy/ros2_ws/install/cpp_qomolo/lib'
[20.735s] Level 1:colcon.colcon_core.environment:checking '/debug/Desktop/cxy/ros2_ws/install/cpp_qomolo/bin'
[20.735s] Level 1:colcon.colcon_core.environment:checking '/debug/Desktop/cxy/ros2_ws/install/cpp_qomolo/lib/pkgconfig/cpp_qomolo.pc'
[20.735s] Level 1:colcon.colcon_core.environment:checking '/debug/Desktop/cxy/ros2_ws/install/cpp_qomolo/lib/python3.8/site-packages'
[20.736s] INFO:colcon.colcon_core.shell:Creating package script '/debug/Desktop/cxy/ros2_ws/install/cpp_qomolo/share/cpp_qomolo/package.ps1'
[20.736s] INFO:colcon.colcon_core.shell:Creating package descriptor '/debug/Desktop/cxy/ros2_ws/install/cpp_qomolo/share/cpp_qomolo/package.dsv'
[20.737s] INFO:colcon.colcon_core.shell:Creating package script '/debug/Desktop/cxy/ros2_ws/install/cpp_qomolo/share/cpp_qomolo/package.sh'
[20.737s] INFO:colcon.colcon_core.shell:Creating package script '/debug/Desktop/cxy/ros2_ws/install/cpp_qomolo/share/cpp_qomolo/package.bash'
[20.737s] INFO:colcon.colcon_core.shell:Creating package script '/debug/Desktop/cxy/ros2_ws/install/cpp_qomolo/share/cpp_qomolo/package.zsh'
[20.738s] Level 1:colcon.colcon_core.environment:create_file_with_runtime_dependencies(/debug/Desktop/cxy/ros2_ws/install/cpp_qomolo/share/colcon-core/packages/cpp_qomolo)
[20.765s] Level 1:colcon.colcon_core.environment:create_environment_scripts_only(cpp_qomolo)
[20.766s] Level 1:colcon.colcon_core.environment:checking '/debug/Desktop/cxy/ros2_ws/install/cpp_qomolo' for CMake module files
[20.767s] Level 1:colcon.colcon_core.environment:checking '/debug/Desktop/cxy/ros2_ws/install/cpp_qomolo' for CMake config files
[20.767s] Level 1:colcon.colcon_core.shell:create_environment_hook('cpp_qomolo', 'cmake_prefix_path')
[20.768s] INFO:colcon.colcon_core.shell:Creating environment hook '/debug/Desktop/cxy/ros2_ws/install/cpp_qomolo/share/cpp_qomolo/hook/cmake_prefix_path.ps1'
[20.768s] INFO:colcon.colcon_core.shell:Creating environment descriptor '/debug/Desktop/cxy/ros2_ws/install/cpp_qomolo/share/cpp_qomolo/hook/cmake_prefix_path.dsv'
[20.769s] INFO:colcon.colcon_core.shell:Creating environment hook '/debug/Desktop/cxy/ros2_ws/install/cpp_qomolo/share/cpp_qomolo/hook/cmake_prefix_path.sh'
[20.770s] Level 1:colcon.colcon_core.environment:checking '/debug/Desktop/cxy/ros2_ws/install/cpp_qomolo/lib'
[20.770s] Level 1:colcon.colcon_core.environment:checking '/debug/Desktop/cxy/ros2_ws/install/cpp_qomolo/bin'
[20.770s] Level 1:colcon.colcon_core.environment:checking '/debug/Desktop/cxy/ros2_ws/install/cpp_qomolo/lib/pkgconfig/cpp_qomolo.pc'
[20.770s] Level 1:colcon.colcon_core.environment:checking '/debug/Desktop/cxy/ros2_ws/install/cpp_qomolo/lib/python3.8/site-packages'
[20.771s] INFO:colcon.colcon_core.shell:Creating package script '/debug/Desktop/cxy/ros2_ws/install/cpp_qomolo/share/cpp_qomolo/package.ps1'
[20.771s] INFO:colcon.colcon_core.shell:Creating package descriptor '/debug/Desktop/cxy/ros2_ws/install/cpp_qomolo/share/cpp_qomolo/package.dsv'
[20.772s] INFO:colcon.colcon_core.shell:Creating package script '/debug/Desktop/cxy/ros2_ws/install/cpp_qomolo/share/cpp_qomolo/package.sh'
[20.773s] INFO:colcon.colcon_core.shell:Creating package script '/debug/Desktop/cxy/ros2_ws/install/cpp_qomolo/share/cpp_qomolo/package.bash'
[20.773s] INFO:colcon.colcon_core.shell:Creating package script '/debug/Desktop/cxy/ros2_ws/install/cpp_qomolo/share/cpp_qomolo/package.zsh'
[20.773s] Level 1:colcon.colcon_core.environment:create_file_with_runtime_dependencies(/debug/Desktop/cxy/ros2_ws/install/cpp_qomolo/share/colcon-core/packages/cpp_qomolo)
[20.774s] DEBUG:colcon.colcon_parallel_executor.executor.parallel:closing loop
[20.775s] DEBUG:colcon.colcon_parallel_executor.executor.parallel:loop closed
[20.775s] DEBUG:colcon.colcon_parallel_executor.executor.parallel:run_until_complete finished with '0'
[20.775s] DEBUG:colcon.colcon_core.event_reactor:joining thread
[20.782s] INFO:colcon.colcon_core.plugin_system:Skipping extension 'colcon_notification.desktop_notification.notify_send': Could not find 'notify-send'
[20.782s] INFO:colcon.colcon_core.plugin_system:Skipping extension 'colcon_notification.desktop_notification.terminal_notifier': Not used on non-Darwin systems
[20.782s] INFO:colcon.colcon_core.plugin_system:Skipping extension 'colcon_notification.desktop_notification.win32': Not used on non-Windows systems
[20.782s] INFO:colcon.colcon_notification.desktop_notification:Sending desktop notification using 'notify2'
[20.786s] DEBUG:colcon.colcon_notification.desktop_notification.notify2:Failed to initialize notify2: org.freedesktop.DBus.Error.Spawn.ExecFailed: /usr/bin/dbus-launch terminated abnormally with the following error: No protocol specified
Autolaunch error: X11 initialization failed.

[20.787s] DEBUG:colcon.colcon_core.event_reactor:joined thread
[20.789s] INFO:colcon.colcon_core.shell:Creating prefix script '/debug/Desktop/cxy/ros2_ws/install/local_setup.ps1'
[20.791s] INFO:colcon.colcon_core.shell:Creating prefix util module '/debug/Desktop/cxy/ros2_ws/install/_local_setup_util_ps1.py'
[20.793s] INFO:colcon.colcon_core.shell:Creating prefix chain script '/debug/Desktop/cxy/ros2_ws/install/setup.ps1'
[20.795s] INFO:colcon.colcon_core.shell:Creating prefix script '/debug/Desktop/cxy/ros2_ws/install/local_setup.sh'
[20.796s] INFO:colcon.colcon_core.shell:Creating prefix util module '/debug/Desktop/cxy/ros2_ws/install/_local_setup_util_sh.py'
[20.796s] INFO:colcon.colcon_core.shell:Creating prefix chain script '/debug/Desktop/cxy/ros2_ws/install/setup.sh'
[20.799s] INFO:colcon.colcon_core.shell:Creating prefix script '/debug/Desktop/cxy/ros2_ws/install/local_setup.bash'
[20.799s] INFO:colcon.colcon_core.shell:Creating prefix chain script '/debug/Desktop/cxy/ros2_ws/install/setup.bash'
[20.802s] INFO:colcon.colcon_core.shell:Creating prefix script '/debug/Desktop/cxy/ros2_ws/install/local_setup.zsh'
[20.802s] INFO:colcon.colcon_core.shell:Creating prefix chain script '/debug/Desktop/cxy/ros2_ws/install/setup.zsh'
