-- Found ament_cmake: 0.9.9 (/opt/ros/foxy/share/ament_cmake/cmake)
-- Using PYTHON_EXECUTABLE: /usr/bin/python3
-- Found rclcpp: 2.4.0 (/opt/ros/foxy/share/rclcpp/cmake)
-- Using all available rosidl_typesupport_c: rosidl_typesupport_fastrtps_c;rosidl_typesupport_introspection_c
-- Found rosidl_adapter: 1.2.1 (/opt/ros/foxy/share/rosidl_adapter/cmake)
-- Using all available rosidl_typesupport_cpp: rosidl_typesupport_fastrtps_cpp;rosidl_typesupport_introspection_cpp
-- Found rmw_implementation_cmake: 1.0.3 (/opt/ros/foxy/share/rmw_implementation_cmake/cmake)
-- Using RMW implementation 'rmw_cyclonedds_cpp' as default
-- Found interfaces: 0.0.0 (/workspace/cxy/Robot_Operating_System/ros2_ws/install/interfaces/share/interfaces/cmake)
-- Found ament_lint_auto: 0.9.6 (/opt/ros/foxy/share/ament_lint_auto/cmake)
-- Added test 'copyright' to check source files copyright and LICENSE
-- Added test 'cppcheck' to perform static code analysis on C / C++ code
-- Configured cppcheck include dirs: /workspace/cxy/Robot_Operating_System/ros2_ws/src/cpp_pubsub/include/cpp_pubsub
-- Configured cppcheck exclude dirs and/or files: 
-- Added test 'cpplint' to check C / C++ code against the Google style
-- Configured cpplint exclude dirs and/or files: 
-- Added test 'lint_cmake' to check CMake code style
-- Added test 'uncrustify' to check C / C++ code style
-- Configured uncrustify additional arguments: 
-- Added test 'xmllint' to check XML markup files
-- Configuring done
-- Generating done
-- Build files have been written to: /workspace/cxy/Robot_Operating_System/ros2_ws/build/cpp_pubsub
[35m[1mConsolidate compiler generated dependencies of target talker[0m
[35m[1mConsolidate compiler generated dependencies of target listener[0m
[ 50%] [32mBuilding CXX object CMakeFiles/listener.dir/src/sub.cpp.o[0m
[ 75%] Built target talker
In file included from [01m[K/workspace/cxy/Robot_Operating_System/ros2_ws/src/cpp_pubsub/src/sub.cpp:11[m[K:
[01m[K/workspace/cxy/Robot_Operating_System/ros2_ws/src/cpp_pubsub/include/cpp_pubsub/bx_dual_sdk.h:1114:[m[K [01;35m[Kwarning: [m[Kignoring #pragma region Common [[01;35m[K-Wunknown-pragmas[m[K]
 1114 | #pragma region Common operation
      | 
[01m[K/workspace/cxy/Robot_Operating_System/ros2_ws/src/cpp_pubsub/include/cpp_pubsub/bx_dual_sdk.h:1169:2:[m[K [01;35m[Kwarning: [m[K"/*" within comment [[01;35m[K-Wcomment[m[K]
 1169 |  /*! ***************************************************************/
      |   
[01m[K/workspace/cxy/Robot_Operating_System/ros2_ws/src/cpp_pubsub/include/cpp_pubsub/bx_dual_sdk.h:1410:2:[m[K [01;35m[Kwarning: [m[K"/*" within comment [[01;35m[K-Wcomment[m[K]
 1410 |  /*! ***************************************************************/
      |   
[01m[K/workspace/cxy/Robot_Operating_System/ros2_ws/src/cpp_pubsub/include/cpp_pubsub/bx_dual_sdk.h:1453:2:[m[K [01;35m[Kwarning: [m[K"/*" within comment [[01;35m[K-Wcomment[m[K]
 1453 |  /*! ***************************************************************/
      |   
[01m[K/workspace/cxy/Robot_Operating_System/ros2_ws/src/cpp_pubsub/include/cpp_pubsub/bx_dual_sdk.h:1525:2:[m[K [01;35m[Kwarning: [m[K"/*" within comment [[01;35m[K-Wcomment[m[K]
 1525 |  /**UDP CMD END**/
      |   
[01m[K/workspace/cxy/Robot_Operating_System/ros2_ws/src/cpp_pubsub/include/cpp_pubsub/bx_dual_sdk.h:1536:2:[m[K [01;35m[Kwarning: [m[K"/*" within comment [[01;35m[K-Wcomment[m[K]
 1536 |  /*! *************************************************************** *!/
      |   
[01m[K/workspace/cxy/Robot_Operating_System/ros2_ws/src/cpp_pubsub/include/cpp_pubsub/bx_dual_sdk.h:1537:2:[m[K [01;35m[Kwarning: [m[K"/*" within comment [[01;35m[K-Wcomment[m[K]
 1537 |  /* 函数名：       cmd_sysReset（）
      |   
[01m[K/workspace/cxy/Robot_Operating_System/ros2_ws/src/cpp_pubsub/include/cpp_pubsub/bx_dual_sdk.h:3640:[m[K [01;35m[Kwarning: [m[Kignoring #pragma endregion Common [[01;35m[K-Wunknown-pragmas[m[K]
 3640 | #pragma endregion Common operation
      | 
In file included from [01m[K/workspace/cxy/Robot_Operating_System/ros2_ws/src/cpp_pubsub/include/cpp_pubsub/bx_sdk_dual.h:17[m[K,
                 from [01m[K/workspace/cxy/Robot_Operating_System/ros2_ws/src/cpp_pubsub/src/sub.cpp:12[m[K:
[01m[K/workspace/cxy/Robot_Operating_System/ros2_ws/src/cpp_pubsub/include/cpp_pubsub/bx_dual_sdk.h:1169:2:[m[K [01;35m[Kwarning: [m[K"/*" within comment [[01;35m[K-Wcomment[m[K]
 1169 |  /*! ***************************************************************/
      |   
[01m[K/workspace/cxy/Robot_Operating_System/ros2_ws/src/cpp_pubsub/include/cpp_pubsub/bx_dual_sdk.h:1410:2:[m[K [01;35m[Kwarning: [m[K"/*" within comment [[01;35m[K-Wcomment[m[K]
 1410 |  /*! ***************************************************************/
      |   
[01m[K/workspace/cxy/Robot_Operating_System/ros2_ws/src/cpp_pubsub/include/cpp_pubsub/bx_dual_sdk.h:1453:2:[m[K [01;35m[Kwarning: [m[K"/*" within comment [[01;35m[K-Wcomment[m[K]
 1453 |  /*! ***************************************************************/
      |   
[01m[K/workspace/cxy/Robot_Operating_System/ros2_ws/src/cpp_pubsub/include/cpp_pubsub/bx_dual_sdk.h:1525:2:[m[K [01;35m[Kwarning: [m[K"/*" within comment [[01;35m[K-Wcomment[m[K]
 1525 |  /**UDP CMD END**/
      |   
[01m[K/workspace/cxy/Robot_Operating_System/ros2_ws/src/cpp_pubsub/include/cpp_pubsub/bx_dual_sdk.h:1536:2:[m[K [01;35m[Kwarning: [m[K"/*" within comment [[01;35m[K-Wcomment[m[K]
 1536 |  /*! *************************************************************** *!/
      |   
[01m[K/workspace/cxy/Robot_Operating_System/ros2_ws/src/cpp_pubsub/include/cpp_pubsub/bx_dual_sdk.h:1537:2:[m[K [01;35m[Kwarning: [m[K"/*" within comment [[01;35m[K-Wcomment[m[K]
 1537 |  /* 函数名：       cmd_sysReset（）
      |   
[01m[K/workspace/cxy/Robot_Operating_System/ros2_ws/src/cpp_pubsub/src/sub.cpp:[m[K In function ‘[01m[Kvoid turn_picture_display(int)[m[K’:
[01m[K/workspace/cxy/Robot_Operating_System/ros2_ws/src/cpp_pubsub/src/sub.cpp:101:10:[m[K [01;35m[Kwarning: [m[Kunused variable ‘[01m[KnPort[m[K’ [[01;35m[K-Wunused-variable[m[K]
  101 |  Ouint32 [01;35m[KnPort[m[K = 5005;
      |          [01;35m[K^~~~~[m[K
[01m[K/workspace/cxy/Robot_Operating_System/ros2_ws/src/cpp_pubsub/src/sub.cpp:107:6:[m[K [01;35m[Kwarning: [m[Kunused variable ‘[01m[KuAreaX[m[K’ [[01;35m[K-Wunused-variable[m[K]
  107 |  int [01;35m[KuAreaX[m[K = 16;//32
      |      [01;35m[K^~~~~~[m[K
[01m[K/workspace/cxy/Robot_Operating_System/ros2_ws/src/cpp_pubsub/src/sub.cpp:[m[K In function ‘[01m[Kint apply()[m[K’:
[01m[K/workspace/cxy/Robot_Operating_System/ros2_ws/src/cpp_pubsub/src/sub.cpp:154:10:[m[K [01;35m[Kwarning: [m[Kunused variable ‘[01m[KnPort[m[K’ [[01;35m[K-Wunused-variable[m[K]
  154 |  Ouint32 [01;35m[KnPort[m[K = 5005;
      |          [01;35m[K^~~~~[m[K
[100%] [32m[1mLinking CXX executable listener[0m
/usr/bin/ld: CMakeFiles/listener.dir/src/sub.cpp.o: in function `turn_picture_display(int)':
sub.cpp:(.text+0x8d2): undefined reference to `bxDual_dynamicArea_AddAreaPic_6G'
/usr/bin/ld: sub.cpp:(.text+0x948): undefined reference to `bxDual_dynamicArea_AddAreaPic_6G'
/usr/bin/ld: sub.cpp:(.text+0x9cd): undefined reference to `bxDual_dynamicArea_AddAreaPic_6G'
/usr/bin/ld: sub.cpp:(.text+0xa43): undefined reference to `bxDual_dynamicArea_AddAreaPic_6G'
/usr/bin/ld: CMakeFiles/listener.dir/src/sub.cpp.o: in function `apply()':
sub.cpp:(.text+0xca4): undefined reference to `bxDual_dynamicArea_AddAreaPic_6G'
/usr/bin/ld: CMakeFiles/listener.dir/src/sub.cpp.o:sub.cpp:(.text+0xd39): more undefined references to `bxDual_dynamicArea_AddAreaPic_6G' follow
collect2: error: ld returned 1 exit status
make[2]: *** [CMakeFiles/listener.dir/build.make:149: listener] Error 1
make[1]: *** [CMakeFiles/Makefile2:165: CMakeFiles/listener.dir/all] Error 2
make: *** [Makefile:146: all] Error 2
