[0.006s] Invoking command in '/workspace/cxy/Robot_Operating_System/ros2_ws/build/cpp_pubsub': CMAKE_PREFIX_PATH=/workspace/cxy/Robot_Operating_System/ros2_ws/install/interfaces:/workspace/cxy/Robot_Operating_System/ros2_ws/install/cpp_pubsub:/opt/ros/foxy:/opt/third_party/casadi/lib/cmake/casadi:/opt/third_party/ceres/lib/cmake/Ceres:/opt/third_party/osqp-cpp/lib/cmake/:/opt/third_party/abseil-cpp/lib/cmake/:/opt/third_party/osqp/lib/cmake/ /usr/bin/cmake --build /workspace/cxy/Robot_Operating_System/ros2_ws/build/cpp_pubsub -- -j20 -l20
[0.014s] -- Found ament_cmake: 0.9.9 (/opt/ros/foxy/share/ament_cmake/cmake)
[0.033s] -- Using PYTHON_EXECUTABLE: /usr/bin/python3
[0.142s] -- Found rclcpp: 2.4.0 (/opt/ros/foxy/share/rclcpp/cmake)
[0.159s] -- Using all available rosidl_typesupport_c: rosidl_typesupport_fastrtps_c;rosidl_typesupport_introspection_c
[0.161s] -- Found rosidl_adapter: 1.2.1 (/opt/ros/foxy/share/rosidl_adapter/cmake)
[0.251s] -- Using all available rosidl_typesupport_cpp: rosidl_typesupport_fastrtps_cpp;rosidl_typesupport_introspection_cpp
[0.272s] -- Found rmw_implementation_cmake: 1.0.3 (/opt/ros/foxy/share/rmw_implementation_cmake/cmake)
[0.273s] -- Using RMW implementation 'rmw_cyclonedds_cpp' as default
[0.336s] -- Found interfaces: 0.0.0 (/workspace/cxy/Robot_Operating_System/ros2_ws/install/interfaces/share/interfaces/cmake)
[0.340s] -- Found ament_lint_auto: 0.9.6 (/opt/ros/foxy/share/ament_lint_auto/cmake)
[0.374s] -- Added test 'copyright' to check source files copyright and LICENSE
[0.375s] -- Added test 'cppcheck' to perform static code analysis on C / C++ code
[0.375s] -- Configured cppcheck include dirs: /workspace/cxy/Robot_Operating_System/ros2_ws/src/cpp_pubsub/include/cpp_pubsub
[0.375s] -- Configured cppcheck exclude dirs and/or files: 
[0.375s] -- Added test 'cpplint' to check C / C++ code against the Google style
[0.375s] -- Configured cpplint exclude dirs and/or files: 
[0.375s] -- Added test 'lint_cmake' to check CMake code style
[0.376s] -- Added test 'uncrustify' to check C / C++ code style
[0.376s] -- Configured uncrustify additional arguments: 
[0.376s] -- Added test 'xmllint' to check XML markup files
[0.376s] -- Configuring done
[0.382s] -- Generating done
[0.383s] -- Build files have been written to: /workspace/cxy/Robot_Operating_System/ros2_ws/build/cpp_pubsub
[0.391s] [35m[1mConsolidate compiler generated dependencies of target talker[0m
[0.391s] [35m[1mConsolidate compiler generated dependencies of target listener[0m
[0.397s] [ 50%] [32mBuilding CXX object CMakeFiles/listener.dir/src/sub.cpp.o[0m
[0.398s] [ 75%] Built target talker
[0.456s] In file included from [01m[K/workspace/cxy/Robot_Operating_System/ros2_ws/src/cpp_pubsub/src/sub.cpp:11[m[K:
[0.457s] [01m[K/workspace/cxy/Robot_Operating_System/ros2_ws/src/cpp_pubsub/include/cpp_pubsub/bx_dual_sdk.h:1114:[m[K [01;35m[Kwarning: [m[Kignoring #pragma region Common [[01;35m[K-Wunknown-pragmas[m[K]
[0.457s]  1114 | #pragma region Common operation
[0.457s]       | 
[0.457s] [01m[K/workspace/cxy/Robot_Operating_System/ros2_ws/src/cpp_pubsub/include/cpp_pubsub/bx_dual_sdk.h:1169:2:[m[K [01;35m[Kwarning: [m[K"/*" within comment [[01;35m[K-Wcomment[m[K]
[0.457s]  1169 |  /*! ***************************************************************/
[0.457s]       |   
[0.457s] [01m[K/workspace/cxy/Robot_Operating_System/ros2_ws/src/cpp_pubsub/include/cpp_pubsub/bx_dual_sdk.h:1410:2:[m[K [01;35m[Kwarning: [m[K"/*" within comment [[01;35m[K-Wcomment[m[K]
[0.457s]  1410 |  /*! ***************************************************************/
[0.457s]       |   
[0.457s] [01m[K/workspace/cxy/Robot_Operating_System/ros2_ws/src/cpp_pubsub/include/cpp_pubsub/bx_dual_sdk.h:1453:2:[m[K [01;35m[Kwarning: [m[K"/*" within comment [[01;35m[K-Wcomment[m[K]
[0.457s]  1453 |  /*! ***************************************************************/
[0.457s]       |   
[0.458s] [01m[K/workspace/cxy/Robot_Operating_System/ros2_ws/src/cpp_pubsub/include/cpp_pubsub/bx_dual_sdk.h:1525:2:[m[K [01;35m[Kwarning: [m[K"/*" within comment [[01;35m[K-Wcomment[m[K]
[0.458s]  1525 |  /**UDP CMD END**/
[0.458s]       |   
[0.458s] [01m[K/workspace/cxy/Robot_Operating_System/ros2_ws/src/cpp_pubsub/include/cpp_pubsub/bx_dual_sdk.h:1536:2:[m[K [01;35m[Kwarning: [m[K"/*" within comment [[01;35m[K-Wcomment[m[K]
[0.458s]  1536 |  /*! *************************************************************** *!/
[0.458s]       |   
[0.458s] [01m[K/workspace/cxy/Robot_Operating_System/ros2_ws/src/cpp_pubsub/include/cpp_pubsub/bx_dual_sdk.h:1537:2:[m[K [01;35m[Kwarning: [m[K"/*" within comment [[01;35m[K-Wcomment[m[K]
[0.458s]  1537 |  /* 函数名：       cmd_sysReset（）
[0.458s]       |   
[0.458s] [01m[K/workspace/cxy/Robot_Operating_System/ros2_ws/src/cpp_pubsub/include/cpp_pubsub/bx_dual_sdk.h:3640:[m[K [01;35m[Kwarning: [m[Kignoring #pragma endregion Common [[01;35m[K-Wunknown-pragmas[m[K]
[0.458s]  3640 | #pragma endregion Common operation
[0.458s]       | 
[0.458s] In file included from [01m[K/workspace/cxy/Robot_Operating_System/ros2_ws/src/cpp_pubsub/include/cpp_pubsub/bx_sdk_dual.h:17[m[K,
[0.458s]                  from [01m[K/workspace/cxy/Robot_Operating_System/ros2_ws/src/cpp_pubsub/src/sub.cpp:12[m[K:
[0.458s] [01m[K/workspace/cxy/Robot_Operating_System/ros2_ws/src/cpp_pubsub/include/cpp_pubsub/bx_dual_sdk.h:1169:2:[m[K [01;35m[Kwarning: [m[K"/*" within comment [[01;35m[K-Wcomment[m[K]
[0.458s]  1169 |  /*! ***************************************************************/
[0.459s]       |   
[0.459s] [01m[K/workspace/cxy/Robot_Operating_System/ros2_ws/src/cpp_pubsub/include/cpp_pubsub/bx_dual_sdk.h:1410:2:[m[K [01;35m[Kwarning: [m[K"/*" within comment [[01;35m[K-Wcomment[m[K]
[0.459s]  1410 |  /*! ***************************************************************/
[0.459s]       |   
[0.459s] [01m[K/workspace/cxy/Robot_Operating_System/ros2_ws/src/cpp_pubsub/include/cpp_pubsub/bx_dual_sdk.h:1453:2:[m[K [01;35m[Kwarning: [m[K"/*" within comment [[01;35m[K-Wcomment[m[K]
[0.459s]  1453 |  /*! ***************************************************************/
[0.459s]       |   
[0.459s] [01m[K/workspace/cxy/Robot_Operating_System/ros2_ws/src/cpp_pubsub/include/cpp_pubsub/bx_dual_sdk.h:1525:2:[m[K [01;35m[Kwarning: [m[K"/*" within comment [[01;35m[K-Wcomment[m[K]
[0.459s]  1525 |  /**UDP CMD END**/
[0.459s]       |   
[0.459s] [01m[K/workspace/cxy/Robot_Operating_System/ros2_ws/src/cpp_pubsub/include/cpp_pubsub/bx_dual_sdk.h:1536:2:[m[K [01;35m[Kwarning: [m[K"/*" within comment [[01;35m[K-Wcomment[m[K]
[0.459s]  1536 |  /*! *************************************************************** *!/
[0.459s]       |   
[0.459s] [01m[K/workspace/cxy/Robot_Operating_System/ros2_ws/src/cpp_pubsub/include/cpp_pubsub/bx_dual_sdk.h:1537:2:[m[K [01;35m[Kwarning: [m[K"/*" within comment [[01;35m[K-Wcomment[m[K]
[0.459s]  1537 |  /* 函数名：       cmd_sysReset（）
[0.459s]       |   
[1.053s] [01m[K/workspace/cxy/Robot_Operating_System/ros2_ws/src/cpp_pubsub/src/sub.cpp:[m[K In function ‘[01m[Kvoid turn_picture_display(int)[m[K’:
[1.053s] [01m[K/workspace/cxy/Robot_Operating_System/ros2_ws/src/cpp_pubsub/src/sub.cpp:101:10:[m[K [01;35m[Kwarning: [m[Kunused variable ‘[01m[KnPort[m[K’ [[01;35m[K-Wunused-variable[m[K]
[1.053s]   101 |  Ouint32 [01;35m[KnPort[m[K = 5005;
[1.053s]       |          [01;35m[K^~~~~[m[K
[1.053s] [01m[K/workspace/cxy/Robot_Operating_System/ros2_ws/src/cpp_pubsub/src/sub.cpp:107:6:[m[K [01;35m[Kwarning: [m[Kunused variable ‘[01m[KuAreaX[m[K’ [[01;35m[K-Wunused-variable[m[K]
[1.053s]   107 |  int [01;35m[KuAreaX[m[K = 16;//32
[1.053s]       |      [01;35m[K^~~~~~[m[K
[1.053s] [01m[K/workspace/cxy/Robot_Operating_System/ros2_ws/src/cpp_pubsub/src/sub.cpp:[m[K In function ‘[01m[Kint apply()[m[K’:
[1.053s] [01m[K/workspace/cxy/Robot_Operating_System/ros2_ws/src/cpp_pubsub/src/sub.cpp:154:10:[m[K [01;35m[Kwarning: [m[Kunused variable ‘[01m[KnPort[m[K’ [[01;35m[K-Wunused-variable[m[K]
[1.053s]   154 |  Ouint32 [01;35m[KnPort[m[K = 5005;
[1.054s]       |          [01;35m[K^~~~~[m[K
[2.866s] [100%] [32m[1mLinking CXX executable listener[0m
[2.972s] /usr/bin/ld: CMakeFiles/listener.dir/src/sub.cpp.o: in function `turn_picture_display(int)':
[2.972s] sub.cpp:(.text+0x8d2): undefined reference to `bxDual_dynamicArea_AddAreaPic_6G'
[2.972s] /usr/bin/ld: sub.cpp:(.text+0x948): undefined reference to `bxDual_dynamicArea_AddAreaPic_6G'
[2.972s] /usr/bin/ld: sub.cpp:(.text+0x9cd): undefined reference to `bxDual_dynamicArea_AddAreaPic_6G'
[2.972s] /usr/bin/ld: sub.cpp:(.text+0xa43): undefined reference to `bxDual_dynamicArea_AddAreaPic_6G'
[2.972s] /usr/bin/ld: CMakeFiles/listener.dir/src/sub.cpp.o: in function `apply()':
[2.972s] sub.cpp:(.text+0xca4): undefined reference to `bxDual_dynamicArea_AddAreaPic_6G'
[2.973s] /usr/bin/ld: CMakeFiles/listener.dir/src/sub.cpp.o:sub.cpp:(.text+0xd39): more undefined references to `bxDual_dynamicArea_AddAreaPic_6G' follow
[2.980s] collect2: error: ld returned 1 exit status
[2.981s] make[2]: *** [CMakeFiles/listener.dir/build.make:149: listener] Error 1
[2.981s] make[1]: *** [CMakeFiles/Makefile2:165: CMakeFiles/listener.dir/all] Error 2
[2.981s] make: *** [Makefile:146: all] Error 2
[2.983s] Invoked command in '/workspace/cxy/Robot_Operating_System/ros2_ws/build/cpp_pubsub' returned '2': CMAKE_PREFIX_PATH=/workspace/cxy/Robot_Operating_System/ros2_ws/install/interfaces:/workspace/cxy/Robot_Operating_System/ros2_ws/install/cpp_pubsub:/opt/ros/foxy:/opt/third_party/casadi/lib/cmake/casadi:/opt/third_party/ceres/lib/cmake/Ceres:/opt/third_party/osqp-cpp/lib/cmake/:/opt/third_party/abseil-cpp/lib/cmake/:/opt/third_party/osqp/lib/cmake/ /usr/bin/cmake --build /workspace/cxy/Robot_Operating_System/ros2_ws/build/cpp_pubsub -- -j20 -l20
