In file included from [01m[K/workspace/cxy/Robot_Operating_System/ros2_ws/src/cpp_pubsub/include/cpp_pubsub/get_info.h:4[m[K,
                 from [01m[K/workspace/cxy/Robot_Operating_System/ros2_ws/src/cpp_pubsub/src/get_info.cpp:6[m[K:
[01m[K/workspace/cxy/Robot_Operating_System/ros2_ws/src/cpp_pubsub/include/cpp_pubsub/bx_dual_sdk.h:1114:[m[K [01;35m[Kwarning: [m[Kignoring #pragma region Common [[01;35m[K-Wunknown-pragmas[m[K]
 1114 | #pragma region Common operation
      | 
[01m[K/workspace/cxy/Robot_Operating_System/ros2_ws/src/cpp_pubsub/include/cpp_pubsub/bx_dual_sdk.h:1169:2:[m[K [01;35m[Kwarning: [m[K"/*" within comment [[01;35m[K-Wcomment[m[K]
 1169 |  /*! ***************************************************************/
      |   
[01m[K/workspace/cxy/Robot_Operating_System/ros2_ws/src/cpp_pubsub/include/cpp_pubsub/bx_dual_sdk.h:1410:2:[m[K [01;35m[Kwarning: [m[K"/*" within comment [[01;35m[K-Wcomment[m[K]
 1410 |  /*! ***************************************************************/
      |   
[01m[K/workspace/cxy/Robot_Operating_System/ros2_ws/src/cpp_pubsub/include/cpp_pubsub/bx_dual_sdk.h:1453:2:[m[K [01;35m[Kwarning: [m[K"/*" within comment [[01;35m[K-Wcomment[m[K]
 1453 |  /*! ***************************************************************/
      |   
[01m[K/workspace/cxy/Robot_Operating_System/ros2_ws/src/cpp_pubsub/include/cpp_pubsub/bx_dual_sdk.h:1525:2:[m[K [01;35m[Kwarning: [m[K"/*" within comment [[01;35m[K-Wcomment[m[K]
 1525 |  /**UDP CMD END**/
      |   
[01m[K/workspace/cxy/Robot_Operating_System/ros2_ws/src/cpp_pubsub/include/cpp_pubsub/bx_dual_sdk.h:1533:2:[m[K [01;35m[Kwarning: [m[K"/*" within comment [[01;35m[K-Wcomment[m[K]
 1533 |  /** TCP命令 控制器维护命令 **/
      |   
[01m[K/workspace/cxy/Robot_Operating_System/ros2_ws/src/cpp_pubsub/include/cpp_pubsub/bx_dual_sdk.h:2094:2:[m[K [01;35m[Kwarning: [m[K"/*" within comment [[01;35m[K-Wcomment[m[K]
 2094 |  /** TCP命令 END **/
      |   
[01m[K/workspace/cxy/Robot_Operating_System/ros2_ws/src/cpp_pubsub/include/cpp_pubsub/bx_dual_sdk.h:2124:2:[m[K [01;35m[Kwarning: [m[K"/*" within comment [[01;35m[K-Wcomment[m[K]
 2124 |  /*! ***************************************************************/
      |   
[01m[K/workspace/cxy/Robot_Operating_System/ros2_ws/src/cpp_pubsub/include/cpp_pubsub/bx_dual_sdk.h:3640:[m[K [01;35m[Kwarning: [m[Kignoring #pragma endregion Common [[01;35m[K-Wunknown-pragmas[m[K]
 3640 | #pragma endregion Common operation
      | 
In file included from [01m[K/workspace/cxy/Robot_Operating_System/ros2_ws/src/cpp_pubsub/include/cpp_pubsub/get_info.h:5[m[K,
                 from [01m[K/workspace/cxy/Robot_Operating_System/ros2_ws/src/cpp_pubsub/src/get_info.cpp:6[m[K:
[01m[K/workspace/cxy/Robot_Operating_System/ros2_ws/src/cpp_pubsub/include/cpp_pubsub/bx_sdk_dual.h:13:1:[m[K [01;35m[Kwarning: [m[K"/*" within comment [[01;35m[K-Wcomment[m[K]
   13 | /*! ********************************************************************/
      |  
In file included from [01m[K/workspace/cxy/Robot_Operating_System/ros2_ws/src/cpp_pubsub/include/cpp_pubsub/get_info.h:4[m[K,
                 from [01m[K/workspace/cxy/Robot_Operating_System/ros2_ws/src/cpp_pubsub/src/get_info.cpp:6[m[K:
[01m[K/workspace/cxy/Robot_Operating_System/ros2_ws/src/cpp_pubsub/include/cpp_pubsub/bx_dual_sdk.h:1114:[m[K [01;35m[Kwarning: [m[Kignoring #pragma region Common [[01;35m[K-Wunknown-pragmas[m[K]
 1114 | #pragma region Common operation
      | 
[01m[K/workspace/cxy/Robot_Operating_System/ros2_ws/src/cpp_pubsub/include/cpp_pubsub/bx_dual_sdk.h:1169:2:[m[K [01;35m[Kwarning: [m[K"/*" within comment [[01;35m[K-Wcomment[m[K]
 1169 |  /*! ***************************************************************/
      |   
[01m[K/workspace/cxy/Robot_Operating_System/ros2_ws/src/cpp_pubsub/include/cpp_pubsub/bx_dual_sdk.h:1410:2:[m[K [01;35m[Kwarning: [m[K"/*" within comment [[01;35m[K-Wcomment[m[K]
 1410 |  /*! ***************************************************************/
      |   
[01m[K/workspace/cxy/Robot_Operating_System/ros2_ws/src/cpp_pubsub/include/cpp_pubsub/bx_dual_sdk.h:1453:2:[m[K [01;35m[Kwarning: [m[K"/*" within comment [[01;35m[K-Wcomment[m[K]
 1453 |  /*! ***************************************************************/
      |   
[01m[K/workspace/cxy/Robot_Operating_System/ros2_ws/src/cpp_pubsub/include/cpp_pubsub/bx_dual_sdk.h:1525:2:[m[K [01;35m[Kwarning: [m[K"/*" within comment [[01;35m[K-Wcomment[m[K]
 1525 |  /**UDP CMD END**/
      |   
[01m[K/workspace/cxy/Robot_Operating_System/ros2_ws/src/cpp_pubsub/include/cpp_pubsub/bx_dual_sdk.h:1533:2:[m[K [01;35m[Kwarning: [m[K"/*" within comment [[01;35m[K-Wcomment[m[K]
 1533 |  /** TCP命令 控制器维护命令 **/
      |   
[01m[K/workspace/cxy/Robot_Operating_System/ros2_ws/src/cpp_pubsub/include/cpp_pubsub/bx_dual_sdk.h:2094:2:[m[K [01;35m[Kwarning: [m[K"/*" within comment [[01;35m[K-Wcomment[m[K]
 2094 |  /** TCP命令 END **/
      |   
[01m[K/workspace/cxy/Robot_Operating_System/ros2_ws/src/cpp_pubsub/include/cpp_pubsub/bx_dual_sdk.h:2124:2:[m[K [01;35m[Kwarning: [m[K"/*" within comment [[01;35m[K-Wcomment[m[K]
 2124 |  /*! ***************************************************************/
      |   
[01m[K/workspace/cxy/Robot_Operating_System/ros2_ws/src/cpp_pubsub/include/cpp_pubsub/bx_dual_sdk.h:3640:[m[K [01;35m[Kwarning: [m[Kignoring #pragma endregion Common [[01;35m[K-Wunknown-pragmas[m[K]
 3640 | #pragma endregion Common operation
      | 
In file included from [01m[K/workspace/cxy/Robot_Operating_System/ros2_ws/src/cpp_pubsub/include/cpp_pubsub/get_info.h:5[m[K,
                 from [01m[K/workspace/cxy/Robot_Operating_System/ros2_ws/src/cpp_pubsub/src/get_info.cpp:6[m[K:
[01m[K/workspace/cxy/Robot_Operating_System/ros2_ws/src/cpp_pubsub/include/cpp_pubsub/bx_sdk_dual.h:13:1:[m[K [01;35m[Kwarning: [m[K"/*" within comment [[01;35m[K-Wcomment[m[K]
   13 | /*! ********************************************************************/
      |  
In file included from [01m[K/workspace/cxy/Robot_Operating_System/ros2_ws/src/cpp_pubsub/include/cpp_pubsub/get_info.h:4[m[K,
                 from [01m[K/workspace/cxy/Robot_Operating_System/ros2_ws/src/cpp_pubsub/src/sub.cpp:6[m[K:
[01m[K/workspace/cxy/Robot_Operating_System/ros2_ws/src/cpp_pubsub/include/cpp_pubsub/bx_dual_sdk.h:1114:[m[K [01;35m[Kwarning: [m[Kignoring #pragma region Common [[01;35m[K-Wunknown-pragmas[m[K]
 1114 | #pragma region Common operation
      | 
[01m[K/workspace/cxy/Robot_Operating_System/ros2_ws/src/cpp_pubsub/include/cpp_pubsub/bx_dual_sdk.h:1169:2:[m[K [01;35m[Kwarning: [m[K"/*" within comment [[01;35m[K-Wcomment[m[K]
 1169 |  /*! ***************************************************************/
      |   
[01m[K/workspace/cxy/Robot_Operating_System/ros2_ws/src/cpp_pubsub/include/cpp_pubsub/bx_dual_sdk.h:1410:2:[m[K [01;35m[Kwarning: [m[K"/*" within comment [[01;35m[K-Wcomment[m[K]
 1410 |  /*! ***************************************************************/
      |   
[01m[K/workspace/cxy/Robot_Operating_System/ros2_ws/src/cpp_pubsub/include/cpp_pubsub/bx_dual_sdk.h:1453:2:[m[K [01;35m[Kwarning: [m[K"/*" within comment [[01;35m[K-Wcomment[m[K]
 1453 |  /*! ***************************************************************/
      |   
[01m[K/workspace/cxy/Robot_Operating_System/ros2_ws/src/cpp_pubsub/include/cpp_pubsub/bx_dual_sdk.h:1525:2:[m[K [01;35m[Kwarning: [m[K"/*" within comment [[01;35m[K-Wcomment[m[K]
 1525 |  /**UDP CMD END**/
      |   
[01m[K/workspace/cxy/Robot_Operating_System/ros2_ws/src/cpp_pubsub/include/cpp_pubsub/bx_dual_sdk.h:1533:2:[m[K [01;35m[Kwarning: [m[K"/*" within comment [[01;35m[K-Wcomment[m[K]
 1533 |  /** TCP命令 控制器维护命令 **/
      |   
[01m[K/workspace/cxy/Robot_Operating_System/ros2_ws/src/cpp_pubsub/include/cpp_pubsub/bx_dual_sdk.h:2094:2:[m[K [01;35m[Kwarning: [m[K"/*" within comment [[01;35m[K-Wcomment[m[K]
 2094 |  /** TCP命令 END **/
      |   
[01m[K/workspace/cxy/Robot_Operating_System/ros2_ws/src/cpp_pubsub/include/cpp_pubsub/bx_dual_sdk.h:2124:2:[m[K [01;35m[Kwarning: [m[K"/*" within comment [[01;35m[K-Wcomment[m[K]
 2124 |  /*! ***************************************************************/
      |   
[01m[K/workspace/cxy/Robot_Operating_System/ros2_ws/src/cpp_pubsub/include/cpp_pubsub/bx_dual_sdk.h:3640:[m[K [01;35m[Kwarning: [m[Kignoring #pragma endregion Common [[01;35m[K-Wunknown-pragmas[m[K]
 3640 | #pragma endregion Common operation
      | 
In file included from [01m[K/workspace/cxy/Robot_Operating_System/ros2_ws/src/cpp_pubsub/include/cpp_pubsub/get_info.h:5[m[K,
                 from [01m[K/workspace/cxy/Robot_Operating_System/ros2_ws/src/cpp_pubsub/src/sub.cpp:6[m[K:
[01m[K/workspace/cxy/Robot_Operating_System/ros2_ws/src/cpp_pubsub/include/cpp_pubsub/bx_sdk_dual.h:13:1:[m[K [01;35m[Kwarning: [m[K"/*" within comment [[01;35m[K-Wcomment[m[K]
   13 | /*! ********************************************************************/
      |  
[01m[K/workspace/cxy/Robot_Operating_System/ros2_ws/src/cpp_pubsub/src/get_info.cpp:[m[K In function ‘[01m[Kvoid turn_picture_display(int)[m[K’:
[01m[K/workspace/cxy/Robot_Operating_System/ros2_ws/src/cpp_pubsub/src/get_info.cpp:47:10:[m[K [01;35m[Kwarning: [m[Kunused variable ‘[01m[KnPort[m[K’ [[01;35m[K-Wunused-variable[m[K]
   47 |  Ouint32 [01;35m[KnPort[m[K = 5005;
      |          [01;35m[K^~~~~[m[K
[01m[K/workspace/cxy/Robot_Operating_System/ros2_ws/src/cpp_pubsub/src/get_info.cpp:53:6:[m[K [01;35m[Kwarning: [m[Kunused variable ‘[01m[KuAreaX[m[K’ [[01;35m[K-Wunused-variable[m[K]
   53 |  int [01;35m[KuAreaX[m[K = 16;//32
      |      [01;35m[K^~~~~~[m[K
[01m[K/workspace/cxy/Robot_Operating_System/ros2_ws/src/cpp_pubsub/src/get_info.cpp:[m[K In function ‘[01m[Kvoid turn_picture_display(int)[m[K’:
[01m[K/workspace/cxy/Robot_Operating_System/ros2_ws/src/cpp_pubsub/src/get_info.cpp:47:10:[m[K [01;35m[Kwarning: [m[Kunused variable ‘[01m[KnPort[m[K’ [[01;35m[K-Wunused-variable[m[K]
   47 |  Ouint32 [01;35m[KnPort[m[K = 5005;
      |          [01;35m[K^~~~~[m[K
[01m[K/workspace/cxy/Robot_Operating_System/ros2_ws/src/cpp_pubsub/src/get_info.cpp:53:6:[m[K [01;35m[Kwarning: [m[Kunused variable ‘[01m[KuAreaX[m[K’ [[01;35m[K-Wunused-variable[m[K]
   53 |  int [01;35m[KuAreaX[m[K = 16;//32
      |      [01;35m[K^~~~~~[m[K
/usr/bin/ld: CMakeFiles/listener.dir/src/get_info.cpp.o: in function `turn_picture_display(int)':
get_info.cpp:(.text+0x43a): undefined reference to `bxDual_dynamicArea_AddAreaPic_6G'
/usr/bin/ld: get_info.cpp:(.text+0x4b0): undefined reference to `bxDual_dynamicArea_AddAreaPic_6G'
/usr/bin/ld: get_info.cpp:(.text+0x535): undefined reference to `bxDual_dynamicArea_AddAreaPic_6G'
/usr/bin/ld: get_info.cpp:(.text+0x5ab): undefined reference to `bxDual_dynamicArea_AddAreaPic_6G'
collect2: error: ld returned 1 exit status
make[2]: *** [CMakeFiles/listener.dir/build.make:165: listener] Error 1
make[1]: *** [CMakeFiles/Makefile2:167: CMakeFiles/listener.dir/all] Error 2
make: *** [Makefile:146: all] Error 2
