[0.008s] Invoking command in '/workspace/cxy/Robot_Operating_System/ros2_ws/build/cpp_pubsub': CMAKE_PREFIX_PATH=/workspace/cxy/Robot_Operating_System/ros2_ws/install/interfaces:/workspace/cxy/Robot_Operating_System/ros2_ws/install/cpp_pubsub:/opt/ros/foxy:/opt/third_party/casadi/lib/cmake/casadi:/opt/third_party/ceres/lib/cmake/Ceres:/opt/third_party/osqp-cpp/lib/cmake/:/opt/third_party/abseil-cpp/lib/cmake/:/opt/third_party/osqp/lib/cmake/ /usr/bin/cmake --build /workspace/cxy/Robot_Operating_System/ros2_ws/build/cpp_pubsub -- -j20 -l20
[0.020s] -- Found ament_cmake: 0.9.9 (/opt/ros/foxy/share/ament_cmake/cmake)
[0.035s] -- Using PYTHON_EXECUTABLE: /usr/bin/python3
[0.144s] -- Found rclcpp: 2.4.0 (/opt/ros/foxy/share/rclcpp/cmake)
[0.164s] -- Using all available rosidl_typesupport_c: rosidl_typesupport_fastrtps_c;rosidl_typesupport_introspection_c
[0.166s] -- Found rosidl_adapter: 1.2.1 (/opt/ros/foxy/share/rosidl_adapter/cmake)
[0.260s] -- Using all available rosidl_typesupport_cpp: rosidl_typesupport_fastrtps_cpp;rosidl_typesupport_introspection_cpp
[0.282s] -- Found rmw_implementation_cmake: 1.0.3 (/opt/ros/foxy/share/rmw_implementation_cmake/cmake)
[0.282s] -- Using RMW implementation 'rmw_cyclonedds_cpp' as default
[0.346s] -- Found interfaces: 0.0.0 (/workspace/cxy/Robot_Operating_System/ros2_ws/install/interfaces/share/interfaces/cmake)
[0.349s] -- Found ament_lint_auto: 0.9.6 (/opt/ros/foxy/share/ament_lint_auto/cmake)
[0.385s] -- Added test 'copyright' to check source files copyright and LICENSE
[0.386s] -- Added test 'cppcheck' to perform static code analysis on C / C++ code
[0.386s] -- Configured cppcheck include dirs: /workspace/cxy/Robot_Operating_System/ros2_ws/src/cpp_pubsub/include/cpp_pubsub
[0.386s] -- Configured cppcheck exclude dirs and/or files: 
[0.386s] -- Added test 'cpplint' to check C / C++ code against the Google style
[0.386s] -- Configured cpplint exclude dirs and/or files: 
[0.386s] -- Added test 'lint_cmake' to check CMake code style
[0.387s] -- Added test 'uncrustify' to check C / C++ code style
[0.387s] -- Configured uncrustify additional arguments: 
[0.387s] -- Added test 'xmllint' to check XML markup files
[0.387s] -- Configuring done
[0.394s] -- Generating done
[0.394s] -- Build files have been written to: /workspace/cxy/Robot_Operating_System/ros2_ws/build/cpp_pubsub
[0.403s] [35m[1mConsolidate compiler generated dependencies of target get_info[0m
[0.403s] [35m[1mConsolidate compiler generated dependencies of target talker[0m
[0.403s] [35m[1mConsolidate compiler generated dependencies of target listener[0m
[0.407s] [ 14%] [32mBuilding CXX object CMakeFiles/get_info.dir/src/get_info.cpp.o[0m
[0.409s] [ 42%] Built target talker
[0.409s] [ 57%] [32mBuilding CXX object CMakeFiles/listener.dir/src/sub.cpp.o[0m
[0.410s] [ 71%] [32mBuilding CXX object CMakeFiles/listener.dir/src/get_info.cpp.o[0m
[0.431s] In file included from [01m[K/workspace/cxy/Robot_Operating_System/ros2_ws/src/cpp_pubsub/include/cpp_pubsub/get_info.h:4[m[K,
[0.431s]                  from [01m[K/workspace/cxy/Robot_Operating_System/ros2_ws/src/cpp_pubsub/src/get_info.cpp:6[m[K:
[0.431s] [01m[K/workspace/cxy/Robot_Operating_System/ros2_ws/src/cpp_pubsub/include/cpp_pubsub/bx_dual_sdk.h:1114:[m[K [01;35m[Kwarning: [m[Kignoring #pragma region Common [[01;35m[K-Wunknown-pragmas[m[K]
[0.431s]  1114 | #pragma region Common operation
[0.431s]       | 
[0.431s] [01m[K/workspace/cxy/Robot_Operating_System/ros2_ws/src/cpp_pubsub/include/cpp_pubsub/bx_dual_sdk.h:1169:2:[m[K [01;35m[Kwarning: [m[K"/*" within comment [[01;35m[K-Wcomment[m[K]
[0.431s]  1169 |  /*! ***************************************************************/
[0.431s]       |   
[0.431s] [01m[K/workspace/cxy/Robot_Operating_System/ros2_ws/src/cpp_pubsub/include/cpp_pubsub/bx_dual_sdk.h:1410:2:[m[K [01;35m[Kwarning: [m[K"/*" within comment [[01;35m[K-Wcomment[m[K]
[0.431s]  1410 |  /*! ***************************************************************/
[0.431s]       |   
[0.432s] [01m[K/workspace/cxy/Robot_Operating_System/ros2_ws/src/cpp_pubsub/include/cpp_pubsub/bx_dual_sdk.h:1453:2:[m[K [01;35m[Kwarning: [m[K"/*" within comment [[01;35m[K-Wcomment[m[K]
[0.432s]  1453 |  /*! ***************************************************************/
[0.432s]       |   
[0.432s] [01m[K/workspace/cxy/Robot_Operating_System/ros2_ws/src/cpp_pubsub/include/cpp_pubsub/bx_dual_sdk.h:1525:2:[m[K [01;35m[Kwarning: [m[K"/*" within comment [[01;35m[K-Wcomment[m[K]
[0.432s]  1525 |  /**UDP CMD END**/
[0.432s]       |   
[0.432s] [01m[K/workspace/cxy/Robot_Operating_System/ros2_ws/src/cpp_pubsub/include/cpp_pubsub/bx_dual_sdk.h:1533:2:[m[K [01;35m[Kwarning: [m[K"/*" within comment [[01;35m[K-Wcomment[m[K]
[0.432s]  1533 |  /** TCP命令 控制器维护命令 **/
[0.432s]       |   
[0.432s] [01m[K/workspace/cxy/Robot_Operating_System/ros2_ws/src/cpp_pubsub/include/cpp_pubsub/bx_dual_sdk.h:2094:2:[m[K [01;35m[Kwarning: [m[K"/*" within comment [[01;35m[K-Wcomment[m[K]
[0.432s]  2094 |  /** TCP命令 END **/
[0.432s]       |   
[0.432s] [01m[K/workspace/cxy/Robot_Operating_System/ros2_ws/src/cpp_pubsub/include/cpp_pubsub/bx_dual_sdk.h:2124:2:[m[K [01;35m[Kwarning: [m[K"/*" within comment [[01;35m[K-Wcomment[m[K]
[0.432s]  2124 |  /*! ***************************************************************/
[0.432s]       |   
[0.432s] [01m[K/workspace/cxy/Robot_Operating_System/ros2_ws/src/cpp_pubsub/include/cpp_pubsub/bx_dual_sdk.h:3640:[m[K [01;35m[Kwarning: [m[Kignoring #pragma endregion Common [[01;35m[K-Wunknown-pragmas[m[K]
[0.433s]  3640 | #pragma endregion Common operation
[0.433s]       | 
[0.433s] In file included from [01m[K/workspace/cxy/Robot_Operating_System/ros2_ws/src/cpp_pubsub/include/cpp_pubsub/get_info.h:5[m[K,
[0.433s]                  from [01m[K/workspace/cxy/Robot_Operating_System/ros2_ws/src/cpp_pubsub/src/get_info.cpp:6[m[K:
[0.433s] [01m[K/workspace/cxy/Robot_Operating_System/ros2_ws/src/cpp_pubsub/include/cpp_pubsub/bx_sdk_dual.h:13:1:[m[K [01;35m[Kwarning: [m[K"/*" within comment [[01;35m[K-Wcomment[m[K]
[0.433s]    13 | /*! ********************************************************************/
[0.433s]       |  
[0.433s] In file included from [01m[K/workspace/cxy/Robot_Operating_System/ros2_ws/src/cpp_pubsub/include/cpp_pubsub/get_info.h:4[m[K,
[0.433s]                  from [01m[K/workspace/cxy/Robot_Operating_System/ros2_ws/src/cpp_pubsub/src/get_info.cpp:6[m[K:
[0.433s] [01m[K/workspace/cxy/Robot_Operating_System/ros2_ws/src/cpp_pubsub/include/cpp_pubsub/bx_dual_sdk.h:1114:[m[K [01;35m[Kwarning: [m[Kignoring #pragma region Common [[01;35m[K-Wunknown-pragmas[m[K]
[0.434s]  1114 | #pragma region Common operation
[0.434s]       | 
[0.434s] [01m[K/workspace/cxy/Robot_Operating_System/ros2_ws/src/cpp_pubsub/include/cpp_pubsub/bx_dual_sdk.h:1169:2:[m[K [01;35m[Kwarning: [m[K"/*" within comment [[01;35m[K-Wcomment[m[K]
[0.434s]  1169 |  /*! ***************************************************************/
[0.434s]       |   
[0.434s] [01m[K/workspace/cxy/Robot_Operating_System/ros2_ws/src/cpp_pubsub/include/cpp_pubsub/bx_dual_sdk.h:1410:2:[m[K [01;35m[Kwarning: [m[K"/*" within comment [[01;35m[K-Wcomment[m[K]
[0.434s]  1410 |  /*! ***************************************************************/
[0.434s]       |   
[0.434s] [01m[K/workspace/cxy/Robot_Operating_System/ros2_ws/src/cpp_pubsub/include/cpp_pubsub/bx_dual_sdk.h:1453:2:[m[K [01;35m[Kwarning: [m[K"/*" within comment [[01;35m[K-Wcomment[m[K]
[0.434s]  1453 |  /*! ***************************************************************/
[0.434s]       |   
[0.434s] [01m[K/workspace/cxy/Robot_Operating_System/ros2_ws/src/cpp_pubsub/include/cpp_pubsub/bx_dual_sdk.h:1525:2:[m[K [01;35m[Kwarning: [m[K"/*" within comment [[01;35m[K-Wcomment[m[K]
[0.434s]  1525 |  /**UDP CMD END**/
[0.434s]       |   
[0.434s] [01m[K/workspace/cxy/Robot_Operating_System/ros2_ws/src/cpp_pubsub/include/cpp_pubsub/bx_dual_sdk.h:1533:2:[m[K [01;35m[Kwarning: [m[K"/*" within comment [[01;35m[K-Wcomment[m[K]
[0.434s]  1533 |  /** TCP命令 控制器维护命令 **/
[0.435s]       |   
[0.435s] [01m[K/workspace/cxy/Robot_Operating_System/ros2_ws/src/cpp_pubsub/include/cpp_pubsub/bx_dual_sdk.h:2094:2:[m[K [01;35m[Kwarning: [m[K"/*" within comment [[01;35m[K-Wcomment[m[K]
[0.435s]  2094 |  /** TCP命令 END **/
[0.435s]       |   
[0.435s] [01m[K/workspace/cxy/Robot_Operating_System/ros2_ws/src/cpp_pubsub/include/cpp_pubsub/bx_dual_sdk.h:2124:2:[m[K [01;35m[Kwarning: [m[K"/*" within comment [[01;35m[K-Wcomment[m[K]
[0.435s]  2124 |  /*! ***************************************************************/
[0.435s]       |   
[0.435s] [01m[K/workspace/cxy/Robot_Operating_System/ros2_ws/src/cpp_pubsub/include/cpp_pubsub/bx_dual_sdk.h:3640:[m[K [01;35m[Kwarning: [m[Kignoring #pragma endregion Common [[01;35m[K-Wunknown-pragmas[m[K]
[0.435s]  3640 | #pragma endregion Common operation
[0.435s]       | 
[0.435s] In file included from [01m[K/workspace/cxy/Robot_Operating_System/ros2_ws/src/cpp_pubsub/include/cpp_pubsub/get_info.h:5[m[K,
[0.435s]                  from [01m[K/workspace/cxy/Robot_Operating_System/ros2_ws/src/cpp_pubsub/src/get_info.cpp:6[m[K:
[0.435s] [01m[K/workspace/cxy/Robot_Operating_System/ros2_ws/src/cpp_pubsub/include/cpp_pubsub/bx_sdk_dual.h:13:1:[m[K [01;35m[Kwarning: [m[K"/*" within comment [[01;35m[K-Wcomment[m[K]
[0.435s]    13 | /*! ********************************************************************/
[0.435s]       |  
[0.470s] In file included from [01m[K/workspace/cxy/Robot_Operating_System/ros2_ws/src/cpp_pubsub/include/cpp_pubsub/get_info.h:4[m[K,
[0.470s]                  from [01m[K/workspace/cxy/Robot_Operating_System/ros2_ws/src/cpp_pubsub/src/sub.cpp:6[m[K:
[0.470s] [01m[K/workspace/cxy/Robot_Operating_System/ros2_ws/src/cpp_pubsub/include/cpp_pubsub/bx_dual_sdk.h:1114:[m[K [01;35m[Kwarning: [m[Kignoring #pragma region Common [[01;35m[K-Wunknown-pragmas[m[K]
[0.470s]  1114 | #pragma region Common operation
[0.470s]       | 
[0.471s] [01m[K/workspace/cxy/Robot_Operating_System/ros2_ws/src/cpp_pubsub/include/cpp_pubsub/bx_dual_sdk.h:1169:2:[m[K [01;35m[Kwarning: [m[K"/*" within comment [[01;35m[K-Wcomment[m[K]
[0.471s]  1169 |  /*! ***************************************************************/
[0.471s]       |   
[0.471s] [01m[K/workspace/cxy/Robot_Operating_System/ros2_ws/src/cpp_pubsub/include/cpp_pubsub/bx_dual_sdk.h:1410:2:[m[K [01;35m[Kwarning: [m[K"/*" within comment [[01;35m[K-Wcomment[m[K]
[0.471s]  1410 |  /*! ***************************************************************/
[0.471s]       |   
[0.471s] [01m[K/workspace/cxy/Robot_Operating_System/ros2_ws/src/cpp_pubsub/include/cpp_pubsub/bx_dual_sdk.h:1453:2:[m[K [01;35m[Kwarning: [m[K"/*" within comment [[01;35m[K-Wcomment[m[K]
[0.471s]  1453 |  /*! ***************************************************************/
[0.471s]       |   
[0.471s] [01m[K/workspace/cxy/Robot_Operating_System/ros2_ws/src/cpp_pubsub/include/cpp_pubsub/bx_dual_sdk.h:1525:2:[m[K [01;35m[Kwarning: [m[K"/*" within comment [[01;35m[K-Wcomment[m[K]
[0.471s]  1525 |  /**UDP CMD END**/
[0.471s]       |   
[0.471s] [01m[K/workspace/cxy/Robot_Operating_System/ros2_ws/src/cpp_pubsub/include/cpp_pubsub/bx_dual_sdk.h:1533:2:[m[K [01;35m[Kwarning: [m[K"/*" within comment [[01;35m[K-Wcomment[m[K]
[0.471s]  1533 |  /** TCP命令 控制器维护命令 **/
[0.471s]       |   
[0.471s] [01m[K/workspace/cxy/Robot_Operating_System/ros2_ws/src/cpp_pubsub/include/cpp_pubsub/bx_dual_sdk.h:2094:2:[m[K [01;35m[Kwarning: [m[K"/*" within comment [[01;35m[K-Wcomment[m[K]
[0.471s]  2094 |  /** TCP命令 END **/
[0.472s]       |   
[0.472s] [01m[K/workspace/cxy/Robot_Operating_System/ros2_ws/src/cpp_pubsub/include/cpp_pubsub/bx_dual_sdk.h:2124:2:[m[K [01;35m[Kwarning: [m[K"/*" within comment [[01;35m[K-Wcomment[m[K]
[0.472s]  2124 |  /*! ***************************************************************/
[0.472s]       |   
[0.472s] [01m[K/workspace/cxy/Robot_Operating_System/ros2_ws/src/cpp_pubsub/include/cpp_pubsub/bx_dual_sdk.h:3640:[m[K [01;35m[Kwarning: [m[Kignoring #pragma endregion Common [[01;35m[K-Wunknown-pragmas[m[K]
[0.472s]  3640 | #pragma endregion Common operation
[0.472s]       | 
[0.472s] In file included from [01m[K/workspace/cxy/Robot_Operating_System/ros2_ws/src/cpp_pubsub/include/cpp_pubsub/get_info.h:5[m[K,
[0.472s]                  from [01m[K/workspace/cxy/Robot_Operating_System/ros2_ws/src/cpp_pubsub/src/sub.cpp:6[m[K:
[0.472s] [01m[K/workspace/cxy/Robot_Operating_System/ros2_ws/src/cpp_pubsub/include/cpp_pubsub/bx_sdk_dual.h:13:1:[m[K [01;35m[Kwarning: [m[K"/*" within comment [[01;35m[K-Wcomment[m[K]
[0.472s]    13 | /*! ********************************************************************/
[0.472s]       |  
[0.539s] [01m[K/workspace/cxy/Robot_Operating_System/ros2_ws/src/cpp_pubsub/src/get_info.cpp:[m[K In function ‘[01m[Kvoid turn_picture_display(int)[m[K’:
[0.539s] [01m[K/workspace/cxy/Robot_Operating_System/ros2_ws/src/cpp_pubsub/src/get_info.cpp:47:10:[m[K [01;35m[Kwarning: [m[Kunused variable ‘[01m[KnPort[m[K’ [[01;35m[K-Wunused-variable[m[K]
[0.540s]    47 |  Ouint32 [01;35m[KnPort[m[K = 5005;
[0.540s]       |          [01;35m[K^~~~~[m[K
[0.540s] [01m[K/workspace/cxy/Robot_Operating_System/ros2_ws/src/cpp_pubsub/src/get_info.cpp:53:6:[m[K [01;35m[Kwarning: [m[Kunused variable ‘[01m[KuAreaX[m[K’ [[01;35m[K-Wunused-variable[m[K]
[0.540s]    53 |  int [01;35m[KuAreaX[m[K = 16;//32
[0.540s]       |      [01;35m[K^~~~~~[m[K
[0.553s] [01m[K/workspace/cxy/Robot_Operating_System/ros2_ws/src/cpp_pubsub/src/get_info.cpp:[m[K In function ‘[01m[Kvoid turn_picture_display(int)[m[K’:
[0.553s] [01m[K/workspace/cxy/Robot_Operating_System/ros2_ws/src/cpp_pubsub/src/get_info.cpp:47:10:[m[K [01;35m[Kwarning: [m[Kunused variable ‘[01m[KnPort[m[K’ [[01;35m[K-Wunused-variable[m[K]
[0.553s]    47 |  Ouint32 [01;35m[KnPort[m[K = 5005;
[0.553s]       |          [01;35m[K^~~~~[m[K
[0.553s] [01m[K/workspace/cxy/Robot_Operating_System/ros2_ws/src/cpp_pubsub/src/get_info.cpp:53:6:[m[K [01;35m[Kwarning: [m[Kunused variable ‘[01m[KuAreaX[m[K’ [[01;35m[K-Wunused-variable[m[K]
[0.553s]    53 |  int [01;35m[KuAreaX[m[K = 16;//32
[0.553s]       |      [01;35m[K^~~~~~[m[K
[0.606s] [ 85%] [32m[1mLinking CXX static library libget_info.a[0m
[0.614s] [ 85%] Built target get_info
[2.889s] [100%] [32m[1mLinking CXX executable listener[0m
[3.002s] /usr/bin/ld: CMakeFiles/listener.dir/src/get_info.cpp.o: in function `turn_picture_display(int)':
[3.002s] get_info.cpp:(.text+0x43a): undefined reference to `bxDual_dynamicArea_AddAreaPic_6G'
[3.002s] /usr/bin/ld: get_info.cpp:(.text+0x4b0): undefined reference to `bxDual_dynamicArea_AddAreaPic_6G'
[3.002s] /usr/bin/ld: get_info.cpp:(.text+0x535): undefined reference to `bxDual_dynamicArea_AddAreaPic_6G'
[3.002s] /usr/bin/ld: get_info.cpp:(.text+0x5ab): undefined reference to `bxDual_dynamicArea_AddAreaPic_6G'
[3.010s] collect2: error: ld returned 1 exit status
[3.011s] make[2]: *** [CMakeFiles/listener.dir/build.make:165: listener] Error 1
[3.011s] make[1]: *** [CMakeFiles/Makefile2:167: CMakeFiles/listener.dir/all] Error 2
[3.011s] make: *** [Makefile:146: all] Error 2
[3.012s] Invoked command in '/workspace/cxy/Robot_Operating_System/ros2_ws/build/cpp_pubsub' returned '2': CMAKE_PREFIX_PATH=/workspace/cxy/Robot_Operating_System/ros2_ws/install/interfaces:/workspace/cxy/Robot_Operating_System/ros2_ws/install/cpp_pubsub:/opt/ros/foxy:/opt/third_party/casadi/lib/cmake/casadi:/opt/third_party/ceres/lib/cmake/Ceres:/opt/third_party/osqp-cpp/lib/cmake/:/opt/third_party/abseil-cpp/lib/cmake/:/opt/third_party/osqp/lib/cmake/ /usr/bin/cmake --build /workspace/cxy/Robot_Operating_System/ros2_ws/build/cpp_pubsub -- -j20 -l20
