[0.006s] Invoking command in '/workspace/cxy/Robot_Operating_System/ros2_ws/build/cpp_pubsub': CMAKE_PREFIX_PATH=/workspace/cxy/Robot_Operating_System/ros2_ws/install/interfaces:/workspace/cxy/Robot_Operating_System/ros2_ws/install/cpp_pubsub:/opt/ros/foxy:/opt/third_party/casadi/lib/cmake/casadi:/opt/third_party/ceres/lib/cmake/Ceres:/opt/third_party/osqp-cpp/lib/cmake/:/opt/third_party/abseil-cpp/lib/cmake/:/opt/third_party/osqp/lib/cmake/ /usr/bin/cmake --build /workspace/cxy/Robot_Operating_System/ros2_ws/build/cpp_pubsub -- -j20 -l20
[0.019s] [35m[1mConsolidate compiler generated dependencies of target listener[0m
[0.022s] [ 28%] Built target get_info
[0.022s] [ 57%] Built target talker
[0.025s] [ 71%] [32mBuilding CXX object CMakeFiles/listener.dir/src/sub.cpp.o[0m
[0.082s] In file included from [01m[K/workspace/cxy/Robot_Operating_System/ros2_ws/src/cpp_pubsub/include/cpp_pubsub/get_info.h:4[m[K,
[0.082s]                  from [01m[K/workspace/cxy/Robot_Operating_System/ros2_ws/src/cpp_pubsub/src/sub.cpp:6[m[K:
[0.082s] [01m[K/workspace/cxy/Robot_Operating_System/ros2_ws/src/cpp_pubsub/include/cpp_pubsub/bx_dual_sdk.h:1114:[m[K [01;35m[Kwarning: [m[Kignoring #pragma region Common [[01;35m[K-Wunknown-pragmas[m[K]
[0.082s]  1114 | #pragma region Common operation
[0.082s]       | 
[0.082s] [01m[K/workspace/cxy/Robot_Operating_System/ros2_ws/src/cpp_pubsub/include/cpp_pubsub/bx_dual_sdk.h:1169:2:[m[K [01;35m[Kwarning: [m[K"/*" within comment [[01;35m[K-Wcomment[m[K]
[0.082s]  1169 |  /*! ***************************************************************/
[0.082s]       |   
[0.082s] [01m[K/workspace/cxy/Robot_Operating_System/ros2_ws/src/cpp_pubsub/include/cpp_pubsub/bx_dual_sdk.h:1410:2:[m[K [01;35m[Kwarning: [m[K"/*" within comment [[01;35m[K-Wcomment[m[K]
[0.082s]  1410 |  /*! ***************************************************************/
[0.082s]       |   
[0.082s] [01m[K/workspace/cxy/Robot_Operating_System/ros2_ws/src/cpp_pubsub/include/cpp_pubsub/bx_dual_sdk.h:1453:2:[m[K [01;35m[Kwarning: [m[K"/*" within comment [[01;35m[K-Wcomment[m[K]
[0.083s]  1453 |  /*! ***************************************************************/
[0.083s]       |   
[0.083s] [01m[K/workspace/cxy/Robot_Operating_System/ros2_ws/src/cpp_pubsub/include/cpp_pubsub/bx_dual_sdk.h:1525:2:[m[K [01;35m[Kwarning: [m[K"/*" within comment [[01;35m[K-Wcomment[m[K]
[0.083s]  1525 |  /**UDP CMD END**/
[0.083s]       |   
[0.083s] [01m[K/workspace/cxy/Robot_Operating_System/ros2_ws/src/cpp_pubsub/include/cpp_pubsub/bx_dual_sdk.h:1533:2:[m[K [01;35m[Kwarning: [m[K"/*" within comment [[01;35m[K-Wcomment[m[K]
[0.083s]  1533 |  /** TCP命令 控制器维护命令 **/
[0.083s]       |   
[0.083s] [01m[K/workspace/cxy/Robot_Operating_System/ros2_ws/src/cpp_pubsub/include/cpp_pubsub/bx_dual_sdk.h:2094:2:[m[K [01;35m[Kwarning: [m[K"/*" within comment [[01;35m[K-Wcomment[m[K]
[0.083s]  2094 |  /** TCP命令 END **/
[0.083s]       |   
[0.083s] [01m[K/workspace/cxy/Robot_Operating_System/ros2_ws/src/cpp_pubsub/include/cpp_pubsub/bx_dual_sdk.h:2124:2:[m[K [01;35m[Kwarning: [m[K"/*" within comment [[01;35m[K-Wcomment[m[K]
[0.083s]  2124 |  /*! ***************************************************************/
[0.083s]       |   
[0.083s] [01m[K/workspace/cxy/Robot_Operating_System/ros2_ws/src/cpp_pubsub/include/cpp_pubsub/bx_dual_sdk.h:3640:[m[K [01;35m[Kwarning: [m[Kignoring #pragma endregion Common [[01;35m[K-Wunknown-pragmas[m[K]
[0.083s]  3640 | #pragma endregion Common operation
[0.083s]       | 
[0.084s] In file included from [01m[K/workspace/cxy/Robot_Operating_System/ros2_ws/src/cpp_pubsub/include/cpp_pubsub/get_info.h:5[m[K,
[0.084s]                  from [01m[K/workspace/cxy/Robot_Operating_System/ros2_ws/src/cpp_pubsub/src/sub.cpp:6[m[K:
[0.084s] [01m[K/workspace/cxy/Robot_Operating_System/ros2_ws/src/cpp_pubsub/include/cpp_pubsub/bx_sdk_dual.h:13:1:[m[K [01;35m[Kwarning: [m[K"/*" within comment [[01;35m[K-Wcomment[m[K]
[0.084s]    13 | /*! ********************************************************************/
[0.084s]       |  
[0.665s] [01m[K/workspace/cxy/Robot_Operating_System/ros2_ws/src/cpp_pubsub/src/sub.cpp:[m[K In member function ‘[01m[Kvoid MinimalSubscriber::topic_callback(interfaces::msg::Num_<std::allocator<void> >::SharedPtr) const[m[K’:
[0.665s] [01m[K/workspace/cxy/Robot_Operating_System/ros2_ws/src/cpp_pubsub/src/sub.cpp:25:18:[m[K [01;31m[Kerror: [m[Kexpected ‘[01m[K;[m[K’ before ‘[01m[K}[m[K’ token
[0.665s]    25 |         gettime()
[0.665s]       |                  [01;31m[K^[m[K
[0.665s]       |                  [32m[K;[m[K
[0.665s]    26 |     [32m[K}[m[K
[0.665s]       |     [32m[K~[m[K             
[1.357s] make[2]: *** [CMakeFiles/listener.dir/build.make:76: CMakeFiles/listener.dir/src/sub.cpp.o] Error 1
[1.357s] make[1]: *** [CMakeFiles/Makefile2:167: CMakeFiles/listener.dir/all] Error 2
[1.357s] make: *** [Makefile:146: all] Error 2
[1.359s] Invoked command in '/workspace/cxy/Robot_Operating_System/ros2_ws/build/cpp_pubsub' returned '2': CMAKE_PREFIX_PATH=/workspace/cxy/Robot_Operating_System/ros2_ws/install/interfaces:/workspace/cxy/Robot_Operating_System/ros2_ws/install/cpp_pubsub:/opt/ros/foxy:/opt/third_party/casadi/lib/cmake/casadi:/opt/third_party/ceres/lib/cmake/Ceres:/opt/third_party/osqp-cpp/lib/cmake/:/opt/third_party/abseil-cpp/lib/cmake/:/opt/third_party/osqp/lib/cmake/ /usr/bin/cmake --build /workspace/cxy/Robot_Operating_System/ros2_ws/build/cpp_pubsub -- -j20 -l20
