[0.897s] DEBUG:colcon:Command line arguments: ['/usr/bin/colcon', 'build', '--packages-select', 'interfaces', 'cpp_pubsub']
[0.898s] DEBUG:colcon:Parsed command line arguments: Namespace(ament_cmake_args=None, base_paths=['.'], build_base='build', catkin_cmake_args=None, catkin_skip_building_tests=False, cmake_args=None, cmake_clean_cache=False, cmake_clean_first=False, cmake_force_configure=False, cmake_target=None, cmake_target_skip_unavailable=False, continue_on_error=False, event_handlers=None, executor='parallel', ignore_user_meta=False, install_base='install', log_base=None, log_level=None, main=<bound method BuildVerb.main of <colcon_core.verb.build.BuildVerb object at 0x7fb58c5dc0>>, merge_install=False, metas=['./colcon.meta'], packages_above=None, packages_above_and_dependencies=None, packages_above_depth=None, packages_end=None, packages_ignore=None, packages_ignore_regex=None, packages_select=['interfaces', 'cpp_pubsub'], packages_select_build_failed=False, packages_select_by_dep=None, packages_select_regex=None, packages_select_test_failures=False, packages_skip=None, packages_skip_build_finished=False, packages_skip_by_dep=None, packages_skip_regex=None, packages_skip_test_passed=False, packages_skip_up_to=None, packages_start=None, packages_up_to=None, packages_up_to_regex=None, parallel_workers=8, paths=None, symlink_install=False, test_result_base=None, verb_extension=<colcon_core.verb.build.BuildVerb object at 0x7fb58c5dc0>, verb_name='build', verb_parser=<colcon_defaults.argument_parser.defaults.DefaultArgumentsDecorator object at 0x7fb58e4340>)
[0.916s] Level 1:colcon.colcon_core.package_discovery:discover_packages(colcon_meta) check parameters
[0.916s] Level 1:colcon.colcon_core.package_discovery:discover_packages(recursive) check parameters
[0.916s] Level 1:colcon.colcon_core.package_discovery:discover_packages(ignore) check parameters
[0.917s] Level 1:colcon.colcon_core.package_discovery:discover_packages(path) check parameters
[0.917s] Level 1:colcon.colcon_core.package_discovery:discover_packages(colcon_meta) discover
[0.917s] Level 1:colcon.colcon_core.package_discovery:discover_packages(recursive) discover
[0.917s] INFO:colcon.colcon_core.package_discovery:Crawling recursively for packages in '/scripts/ros2_ws'
[0.918s] Level 1:colcon.colcon_core.package_identification:_identify(.) by extensions ['ignore', 'ignore_ament_install']
[0.918s] Level 1:colcon.colcon_core.package_identification:_identify(.) by extension 'ignore'
[0.918s] Level 1:colcon.colcon_core.package_identification:_identify(.) by extension 'ignore_ament_install'
[0.918s] Level 1:colcon.colcon_core.package_identification:_identify(.) by extensions ['colcon_pkg']
[0.918s] Level 1:colcon.colcon_core.package_identification:_identify(.) by extension 'colcon_pkg'
[0.919s] Level 1:colcon.colcon_core.package_identification:_identify(.) by extensions ['colcon_meta']
[0.919s] Level 1:colcon.colcon_core.package_identification:_identify(.) by extension 'colcon_meta'
[0.919s] Level 1:colcon.colcon_core.package_identification:_identify(.) by extensions ['ros']
[0.919s] Level 1:colcon.colcon_core.package_identification:_identify(.) by extension 'ros'
[0.958s] Level 1:colcon.colcon_core.package_identification:_identify(.) by extensions ['cmake', 'python']
[0.958s] Level 1:colcon.colcon_core.package_identification:_identify(.) by extension 'cmake'
[0.959s] Level 1:colcon.colcon_core.package_identification:_identify(.) by extension 'python'
[0.959s] Level 1:colcon.colcon_core.package_identification:_identify(.) by extensions ['python_setup_py']
[0.959s] Level 1:colcon.colcon_core.package_identification:_identify(.) by extension 'python_setup_py'
[0.960s] Level 1:colcon.colcon_core.package_identification:_identify(build) by extensions ['ignore', 'ignore_ament_install']
[0.960s] Level 1:colcon.colcon_core.package_identification:_identify(build) by extension 'ignore'
[0.960s] Level 1:colcon.colcon_core.package_identification:_identify(build) ignored
[0.960s] Level 1:colcon.colcon_core.package_identification:_identify(install) by extensions ['ignore', 'ignore_ament_install']
[0.961s] Level 1:colcon.colcon_core.package_identification:_identify(install) by extension 'ignore'
[0.961s] Level 1:colcon.colcon_core.package_identification:_identify(install) ignored
[0.961s] Level 1:colcon.colcon_core.package_identification:_identify(log) by extensions ['ignore', 'ignore_ament_install']
[0.962s] Level 1:colcon.colcon_core.package_identification:_identify(log) by extension 'ignore'
[0.962s] Level 1:colcon.colcon_core.package_identification:_identify(log) ignored
[0.962s] Level 1:colcon.colcon_core.package_identification:_identify(src) by extensions ['ignore', 'ignore_ament_install']
[0.962s] Level 1:colcon.colcon_core.package_identification:_identify(src) by extension 'ignore'
[0.962s] Level 1:colcon.colcon_core.package_identification:_identify(src) by extension 'ignore_ament_install'
[0.963s] Level 1:colcon.colcon_core.package_identification:_identify(src) by extensions ['colcon_pkg']
[0.963s] Level 1:colcon.colcon_core.package_identification:_identify(src) by extension 'colcon_pkg'
[0.963s] Level 1:colcon.colcon_core.package_identification:_identify(src) by extensions ['colcon_meta']
[0.963s] Level 1:colcon.colcon_core.package_identification:_identify(src) by extension 'colcon_meta'
[0.963s] Level 1:colcon.colcon_core.package_identification:_identify(src) by extensions ['ros']
[0.963s] Level 1:colcon.colcon_core.package_identification:_identify(src) by extension 'ros'
[0.963s] Level 1:colcon.colcon_core.package_identification:_identify(src) by extensions ['cmake', 'python']
[0.963s] Level 1:colcon.colcon_core.package_identification:_identify(src) by extension 'cmake'
[0.964s] Level 1:colcon.colcon_core.package_identification:_identify(src) by extension 'python'
[0.964s] Level 1:colcon.colcon_core.package_identification:_identify(src) by extensions ['python_setup_py']
[0.964s] Level 1:colcon.colcon_core.package_identification:_identify(src) by extension 'python_setup_py'
[0.964s] Level 1:colcon.colcon_core.package_identification:_identify(src/cpp_pubsub) by extensions ['ignore', 'ignore_ament_install']
[0.964s] Level 1:colcon.colcon_core.package_identification:_identify(src/cpp_pubsub) by extension 'ignore'
[0.965s] Level 1:colcon.colcon_core.package_identification:_identify(src/cpp_pubsub) by extension 'ignore_ament_install'
[0.965s] Level 1:colcon.colcon_core.package_identification:_identify(src/cpp_pubsub) by extensions ['colcon_pkg']
[0.965s] Level 1:colcon.colcon_core.package_identification:_identify(src/cpp_pubsub) by extension 'colcon_pkg'
[0.965s] Level 1:colcon.colcon_core.package_identification:_identify(src/cpp_pubsub) by extensions ['colcon_meta']
[0.965s] Level 1:colcon.colcon_core.package_identification:_identify(src/cpp_pubsub) by extension 'colcon_meta'
[0.965s] Level 1:colcon.colcon_core.package_identification:_identify(src/cpp_pubsub) by extensions ['ros']
[0.965s] Level 1:colcon.colcon_core.package_identification:_identify(src/cpp_pubsub) by extension 'ros'
[0.977s] DEBUG:colcon.colcon_core.package_identification:Package 'src/cpp_pubsub' with type 'ros.ament_cmake' and name 'cpp_pubsub'
[0.978s] Level 1:colcon.colcon_core.package_identification:_identify(src/cpp_qomolo) by extensions ['ignore', 'ignore_ament_install']
[0.978s] Level 1:colcon.colcon_core.package_identification:_identify(src/cpp_qomolo) by extension 'ignore'
[0.979s] Level 1:colcon.colcon_core.package_identification:_identify(src/cpp_qomolo) by extension 'ignore_ament_install'
[0.979s] Level 1:colcon.colcon_core.package_identification:_identify(src/cpp_qomolo) by extensions ['colcon_pkg']
[0.979s] Level 1:colcon.colcon_core.package_identification:_identify(src/cpp_qomolo) by extension 'colcon_pkg'
[0.979s] Level 1:colcon.colcon_core.package_identification:_identify(src/cpp_qomolo) by extensions ['colcon_meta']
[0.979s] Level 1:colcon.colcon_core.package_identification:_identify(src/cpp_qomolo) by extension 'colcon_meta'
[0.980s] Level 1:colcon.colcon_core.package_identification:_identify(src/cpp_qomolo) by extensions ['ros']
[0.980s] Level 1:colcon.colcon_core.package_identification:_identify(src/cpp_qomolo) by extension 'ros'
[0.982s] DEBUG:colcon.colcon_core.package_identification:Package 'src/cpp_qomolo' with type 'ros.ament_cmake' and name 'cpp_qomolo'
[0.983s] Level 1:colcon.colcon_core.package_identification:_identify(src/cpp_srvcli) by extensions ['ignore', 'ignore_ament_install']
[0.983s] Level 1:colcon.colcon_core.package_identification:_identify(src/cpp_srvcli) by extension 'ignore'
[0.983s] Level 1:colcon.colcon_core.package_identification:_identify(src/cpp_srvcli) by extension 'ignore_ament_install'
[0.983s] Level 1:colcon.colcon_core.package_identification:_identify(src/cpp_srvcli) by extensions ['colcon_pkg']
[0.983s] Level 1:colcon.colcon_core.package_identification:_identify(src/cpp_srvcli) by extension 'colcon_pkg'
[0.984s] Level 1:colcon.colcon_core.package_identification:_identify(src/cpp_srvcli) by extensions ['colcon_meta']
[0.984s] Level 1:colcon.colcon_core.package_identification:_identify(src/cpp_srvcli) by extension 'colcon_meta'
[0.984s] Level 1:colcon.colcon_core.package_identification:_identify(src/cpp_srvcli) by extensions ['ros']
[0.984s] Level 1:colcon.colcon_core.package_identification:_identify(src/cpp_srvcli) by extension 'ros'
[0.986s] DEBUG:colcon.colcon_core.package_identification:Package 'src/cpp_srvcli' with type 'ros.ament_cmake' and name 'cpp_srvcli'
[0.986s] Level 1:colcon.colcon_core.package_identification:_identify(src/interfaces) by extensions ['ignore', 'ignore_ament_install']
[0.986s] Level 1:colcon.colcon_core.package_identification:_identify(src/interfaces) by extension 'ignore'
[0.987s] Level 1:colcon.colcon_core.package_identification:_identify(src/interfaces) by extension 'ignore_ament_install'
[0.987s] Level 1:colcon.colcon_core.package_identification:_identify(src/interfaces) by extensions ['colcon_pkg']
[0.987s] Level 1:colcon.colcon_core.package_identification:_identify(src/interfaces) by extension 'colcon_pkg'
[0.987s] Level 1:colcon.colcon_core.package_identification:_identify(src/interfaces) by extensions ['colcon_meta']
[0.987s] Level 1:colcon.colcon_core.package_identification:_identify(src/interfaces) by extension 'colcon_meta'
[0.987s] Level 1:colcon.colcon_core.package_identification:_identify(src/interfaces) by extensions ['ros']
[0.987s] Level 1:colcon.colcon_core.package_identification:_identify(src/interfaces) by extension 'ros'
[0.989s] DEBUG:colcon.colcon_core.package_identification:Package 'src/interfaces' with type 'ros.ament_cmake' and name 'interfaces'
[0.989s] Level 1:colcon.colcon_core.package_identification:_identify(test) by extensions ['ignore', 'ignore_ament_install']
[0.990s] Level 1:colcon.colcon_core.package_identification:_identify(test) by extension 'ignore'
[0.990s] Level 1:colcon.colcon_core.package_identification:_identify(test) by extension 'ignore_ament_install'
[0.990s] Level 1:colcon.colcon_core.package_identification:_identify(test) by extensions ['colcon_pkg']
[0.990s] Level 1:colcon.colcon_core.package_identification:_identify(test) by extension 'colcon_pkg'
[0.990s] Level 1:colcon.colcon_core.package_identification:_identify(test) by extensions ['colcon_meta']
[0.990s] Level 1:colcon.colcon_core.package_identification:_identify(test) by extension 'colcon_meta'
[0.990s] Level 1:colcon.colcon_core.package_identification:_identify(test) by extensions ['ros']
[0.990s] Level 1:colcon.colcon_core.package_identification:_identify(test) by extension 'ros'
[0.991s] Level 1:colcon.colcon_core.package_identification:_identify(test) by extensions ['cmake', 'python']
[0.991s] Level 1:colcon.colcon_core.package_identification:_identify(test) by extension 'cmake'
[0.991s] Level 1:colcon.colcon_core.package_identification:_identify(test) by extension 'python'
[0.991s] Level 1:colcon.colcon_core.package_identification:_identify(test) by extensions ['python_setup_py']
[0.991s] Level 1:colcon.colcon_core.package_identification:_identify(test) by extension 'python_setup_py'
[0.991s] Level 1:colcon.colcon_core.package_discovery:discover_packages(recursive) using defaults
[0.991s] Level 1:colcon.colcon_core.package_discovery:discover_packages(ignore) discover
[0.991s] Level 1:colcon.colcon_core.package_discovery:discover_packages(ignore) using defaults
[0.991s] Level 1:colcon.colcon_core.package_discovery:discover_packages(path) discover
[0.992s] Level 1:colcon.colcon_core.package_discovery:discover_packages(path) using defaults
[1.041s] INFO:colcon.colcon_core.package_selection:Skipping not selected package 'cpp_srvcli' in 'src/cpp_srvcli'
[1.042s] INFO:colcon.colcon_core.package_selection:Skipping not selected package 'cpp_qomolo' in 'src/cpp_qomolo'
[1.049s] Level 5:colcon.colcon_core.verb:set package 'interfaces' build argument 'cmake_args' from command line to 'None'
[1.049s] Level 5:colcon.colcon_core.verb:set package 'interfaces' build argument 'cmake_target' from command line to 'None'
[1.049s] Level 5:colcon.colcon_core.verb:set package 'interfaces' build argument 'cmake_target_skip_unavailable' from command line to 'False'
[1.049s] Level 5:colcon.colcon_core.verb:set package 'interfaces' build argument 'cmake_clean_cache' from command line to 'False'
[1.049s] Level 5:colcon.colcon_core.verb:set package 'interfaces' build argument 'cmake_clean_first' from command line to 'False'
[1.049s] Level 5:colcon.colcon_core.verb:set package 'interfaces' build argument 'cmake_force_configure' from command line to 'False'
[1.049s] Level 5:colcon.colcon_core.verb:set package 'interfaces' build argument 'ament_cmake_args' from command line to 'None'
[1.050s] Level 5:colcon.colcon_core.verb:set package 'interfaces' build argument 'catkin_cmake_args' from command line to 'None'
[1.050s] Level 5:colcon.colcon_core.verb:set package 'interfaces' build argument 'catkin_skip_building_tests' from command line to 'False'
[1.050s] DEBUG:colcon.colcon_core.verb:Building package 'interfaces' with the following arguments: {'ament_cmake_args': None, 'build_base': '/scripts/ros2_ws/build/interfaces', 'catkin_cmake_args': None, 'catkin_skip_building_tests': False, 'cmake_args': None, 'cmake_clean_cache': False, 'cmake_clean_first': False, 'cmake_force_configure': False, 'cmake_target': None, 'cmake_target_skip_unavailable': False, 'install_base': '/scripts/ros2_ws/install/interfaces', 'merge_install': False, 'path': '/scripts/ros2_ws/src/interfaces', 'symlink_install': False, 'test_result_base': None}
[1.057s] Level 5:colcon.colcon_core.verb:set package 'cpp_pubsub' build argument 'cmake_args' from command line to 'None'
[1.057s] Level 5:colcon.colcon_core.verb:set package 'cpp_pubsub' build argument 'cmake_target' from command line to 'None'
[1.057s] Level 5:colcon.colcon_core.verb:set package 'cpp_pubsub' build argument 'cmake_target_skip_unavailable' from command line to 'False'
[1.057s] Level 5:colcon.colcon_core.verb:set package 'cpp_pubsub' build argument 'cmake_clean_cache' from command line to 'False'
[1.057s] Level 5:colcon.colcon_core.verb:set package 'cpp_pubsub' build argument 'cmake_clean_first' from command line to 'False'
[1.057s] Level 5:colcon.colcon_core.verb:set package 'cpp_pubsub' build argument 'cmake_force_configure' from command line to 'False'
[1.057s] Level 5:colcon.colcon_core.verb:set package 'cpp_pubsub' build argument 'ament_cmake_args' from command line to 'None'
[1.057s] Level 5:colcon.colcon_core.verb:set package 'cpp_pubsub' build argument 'catkin_cmake_args' from command line to 'None'
[1.057s] Level 5:colcon.colcon_core.verb:set package 'cpp_pubsub' build argument 'catkin_skip_building_tests' from command line to 'False'
[1.057s] DEBUG:colcon.colcon_core.verb:Building package 'cpp_pubsub' with the following arguments: {'ament_cmake_args': None, 'build_base': '/scripts/ros2_ws/build/cpp_pubsub', 'catkin_cmake_args': None, 'catkin_skip_building_tests': False, 'cmake_args': None, 'cmake_clean_cache': False, 'cmake_clean_first': False, 'cmake_force_configure': False, 'cmake_target': None, 'cmake_target_skip_unavailable': False, 'install_base': '/scripts/ros2_ws/install/cpp_pubsub', 'merge_install': False, 'path': '/scripts/ros2_ws/src/cpp_pubsub', 'symlink_install': False, 'test_result_base': None}
[1.058s] INFO:colcon.colcon_core.executor:Executing jobs using 'parallel' executor
[1.064s] DEBUG:colcon.colcon_parallel_executor.executor.parallel:run_until_complete
[1.065s] INFO:colcon.colcon_ros.task.ament_cmake.build:Building ROS package in '/scripts/ros2_ws/src/interfaces' with build type 'ament_cmake'
[1.066s] INFO:colcon.colcon_cmake.task.cmake.build:Building CMake package in '/scripts/ros2_ws/src/interfaces'
[1.076s] INFO:colcon.colcon_core.plugin_system:Skipping extension 'colcon_core.shell.bat': Not used on non-Windows systems
[1.077s] INFO:colcon.colcon_core.shell:Skip shell extension 'powershell' for command environment: Not usable outside of PowerShell
[1.077s] DEBUG:colcon.colcon_core.shell:Skip shell extension 'dsv' for command environment
[1.087s] DEBUG:colcon.colcon_core.shell:Ignoring prefix path '/opt/ros/foxy'
[1.113s] DEBUG:colcon.colcon_core.event_handler.log_command:Invoking command in '/scripts/ros2_ws/build/interfaces': /usr/bin/cmake /scripts/ros2_ws/src/interfaces -DCMAKE_INSTALL_PREFIX=/scripts/ros2_ws/install/interfaces
[4.478s] DEBUG:colcon.colcon_core.event_handler.log_command:Invoked command in '/scripts/ros2_ws/build/interfaces' returned '0': /usr/bin/cmake /scripts/ros2_ws/src/interfaces -DCMAKE_INSTALL_PREFIX=/scripts/ros2_ws/install/interfaces
[4.487s] DEBUG:colcon.colcon_core.event_handler.log_command:Invoking command in '/scripts/ros2_ws/build/interfaces': /usr/bin/cmake --build /scripts/ros2_ws/build/interfaces -- -j8 -l8
[10.791s] DEBUG:colcon.colcon_core.event_handler.log_command:Invoked command in '/scripts/ros2_ws/build/interfaces' returned '0': /usr/bin/cmake --build /scripts/ros2_ws/build/interfaces -- -j8 -l8
[10.993s] DEBUG:colcon.colcon_core.event_handler.log_command:Invoking command in '/scripts/ros2_ws/build/interfaces': /usr/bin/cmake --install /scripts/ros2_ws/build/interfaces
[11.144s] Level 1:colcon.colcon_core.environment:create_environment_scripts_only(interfaces)
[11.147s] DEBUG:colcon.colcon_core.event_handler.log_command:Invoked command in '/scripts/ros2_ws/build/interfaces' returned '0': /usr/bin/cmake --install /scripts/ros2_ws/build/interfaces
[11.156s] Level 1:colcon.colcon_core.environment:checking '/scripts/ros2_ws/install/interfaces' for CMake module files
[11.158s] Level 1:colcon.colcon_core.environment:checking '/scripts/ros2_ws/install/interfaces' for CMake config files
[11.159s] Level 1:colcon.colcon_core.shell:create_environment_hook('interfaces', 'cmake_prefix_path')
[11.160s] INFO:colcon.colcon_core.shell:Creating environment hook '/scripts/ros2_ws/install/interfaces/share/interfaces/hook/cmake_prefix_path.ps1'
[11.163s] INFO:colcon.colcon_core.shell:Creating environment descriptor '/scripts/ros2_ws/install/interfaces/share/interfaces/hook/cmake_prefix_path.dsv'
[11.164s] INFO:colcon.colcon_core.shell:Creating environment hook '/scripts/ros2_ws/install/interfaces/share/interfaces/hook/cmake_prefix_path.sh'
[11.168s] Level 1:colcon.colcon_core.environment:checking '/scripts/ros2_ws/install/interfaces/lib'
[11.168s] Level 1:colcon.colcon_core.shell:create_environment_hook('interfaces', 'ld_library_path_lib')
[11.171s] INFO:colcon.colcon_core.shell:Creating environment hook '/scripts/ros2_ws/install/interfaces/share/interfaces/hook/ld_library_path_lib.ps1'
[11.172s] INFO:colcon.colcon_core.shell:Creating environment descriptor '/scripts/ros2_ws/install/interfaces/share/interfaces/hook/ld_library_path_lib.dsv'
[11.173s] INFO:colcon.colcon_core.shell:Creating environment hook '/scripts/ros2_ws/install/interfaces/share/interfaces/hook/ld_library_path_lib.sh'
[11.174s] Level 1:colcon.colcon_core.environment:checking '/scripts/ros2_ws/install/interfaces/bin'
[11.174s] Level 1:colcon.colcon_core.environment:checking '/scripts/ros2_ws/install/interfaces/lib/pkgconfig/interfaces.pc'
[11.174s] Level 1:colcon.colcon_core.environment:checking '/scripts/ros2_ws/install/interfaces/lib/python3.8/site-packages'
[11.174s] Level 1:colcon.colcon_core.shell:create_environment_hook('interfaces', 'pythonpath')
[11.175s] INFO:colcon.colcon_core.shell:Creating environment hook '/scripts/ros2_ws/install/interfaces/share/interfaces/hook/pythonpath.ps1'
[11.176s] INFO:colcon.colcon_core.shell:Creating environment descriptor '/scripts/ros2_ws/install/interfaces/share/interfaces/hook/pythonpath.dsv'
[11.177s] INFO:colcon.colcon_core.shell:Creating environment hook '/scripts/ros2_ws/install/interfaces/share/interfaces/hook/pythonpath.sh'
[11.180s] INFO:colcon.colcon_core.shell:Creating package script '/scripts/ros2_ws/install/interfaces/share/interfaces/package.ps1'
[11.183s] INFO:colcon.colcon_core.shell:Creating package descriptor '/scripts/ros2_ws/install/interfaces/share/interfaces/package.dsv'
[11.185s] INFO:colcon.colcon_core.shell:Creating package script '/scripts/ros2_ws/install/interfaces/share/interfaces/package.sh'
[11.187s] INFO:colcon.colcon_core.shell:Creating package script '/scripts/ros2_ws/install/interfaces/share/interfaces/package.bash'
[11.189s] INFO:colcon.colcon_core.shell:Creating package script '/scripts/ros2_ws/install/interfaces/share/interfaces/package.zsh'
[11.191s] Level 1:colcon.colcon_core.environment:create_file_with_runtime_dependencies(/scripts/ros2_ws/install/interfaces/share/colcon-core/packages/interfaces)
[11.370s] Level 1:colcon.colcon_core.environment:create_environment_scripts_only(interfaces)
[11.374s] Level 1:colcon.colcon_core.environment:checking '/scripts/ros2_ws/install/interfaces' for CMake module files
[11.376s] Level 1:colcon.colcon_core.environment:checking '/scripts/ros2_ws/install/interfaces' for CMake config files
[11.377s] Level 1:colcon.colcon_core.shell:create_environment_hook('interfaces', 'cmake_prefix_path')
[11.379s] INFO:colcon.colcon_core.shell:Creating environment hook '/scripts/ros2_ws/install/interfaces/share/interfaces/hook/cmake_prefix_path.ps1'
[11.380s] INFO:colcon.colcon_core.shell:Creating environment descriptor '/scripts/ros2_ws/install/interfaces/share/interfaces/hook/cmake_prefix_path.dsv'
[11.381s] INFO:colcon.colcon_core.shell:Creating environment hook '/scripts/ros2_ws/install/interfaces/share/interfaces/hook/cmake_prefix_path.sh'
[11.383s] Level 1:colcon.colcon_core.environment:checking '/scripts/ros2_ws/install/interfaces/lib'
[11.384s] Level 1:colcon.colcon_core.shell:create_environment_hook('interfaces', 'ld_library_path_lib')
[11.386s] INFO:colcon.colcon_core.shell:Creating environment hook '/scripts/ros2_ws/install/interfaces/share/interfaces/hook/ld_library_path_lib.ps1'
[11.387s] INFO:colcon.colcon_core.shell:Creating environment descriptor '/scripts/ros2_ws/install/interfaces/share/interfaces/hook/ld_library_path_lib.dsv'
[11.387s] INFO:colcon.colcon_core.shell:Creating environment hook '/scripts/ros2_ws/install/interfaces/share/interfaces/hook/ld_library_path_lib.sh'
[11.388s] Level 1:colcon.colcon_core.environment:checking '/scripts/ros2_ws/install/interfaces/bin'
[11.389s] Level 1:colcon.colcon_core.environment:checking '/scripts/ros2_ws/install/interfaces/lib/pkgconfig/interfaces.pc'
[11.389s] Level 1:colcon.colcon_core.environment:checking '/scripts/ros2_ws/install/interfaces/lib/python3.8/site-packages'
[11.389s] Level 1:colcon.colcon_core.shell:create_environment_hook('interfaces', 'pythonpath')
[11.390s] INFO:colcon.colcon_core.shell:Creating environment hook '/scripts/ros2_ws/install/interfaces/share/interfaces/hook/pythonpath.ps1'
[11.391s] INFO:colcon.colcon_core.shell:Creating environment descriptor '/scripts/ros2_ws/install/interfaces/share/interfaces/hook/pythonpath.dsv'
[11.392s] INFO:colcon.colcon_core.shell:Creating environment hook '/scripts/ros2_ws/install/interfaces/share/interfaces/hook/pythonpath.sh'
[11.395s] INFO:colcon.colcon_core.shell:Creating package script '/scripts/ros2_ws/install/interfaces/share/interfaces/package.ps1'
[11.396s] INFO:colcon.colcon_core.shell:Creating package descriptor '/scripts/ros2_ws/install/interfaces/share/interfaces/package.dsv'
[11.398s] INFO:colcon.colcon_core.shell:Creating package script '/scripts/ros2_ws/install/interfaces/share/interfaces/package.sh'
[11.399s] INFO:colcon.colcon_core.shell:Creating package script '/scripts/ros2_ws/install/interfaces/share/interfaces/package.bash'
[11.400s] INFO:colcon.colcon_core.shell:Creating package script '/scripts/ros2_ws/install/interfaces/share/interfaces/package.zsh'
[11.402s] Level 1:colcon.colcon_core.environment:create_file_with_runtime_dependencies(/scripts/ros2_ws/install/interfaces/share/colcon-core/packages/interfaces)
[11.403s] INFO:colcon.colcon_ros.task.ament_cmake.build:Building ROS package in '/scripts/ros2_ws/src/cpp_pubsub' with build type 'ament_cmake'
[11.403s] INFO:colcon.colcon_cmake.task.cmake.build:Building CMake package in '/scripts/ros2_ws/src/cpp_pubsub'
[11.406s] INFO:colcon.colcon_core.shell:Skip shell extension 'powershell' for command environment: Not usable outside of PowerShell
[11.406s] DEBUG:colcon.colcon_core.shell:Skip shell extension 'dsv' for command environment
[11.411s] DEBUG:colcon.colcon_core.shell:Ignoring prefix path '/opt/ros/foxy'
[11.440s] DEBUG:colcon.colcon_core.event_handler.log_command:Invoking command in '/scripts/ros2_ws/build/cpp_pubsub': AMENT_PREFIX_PATH=/scripts/ros2_ws/install/interfaces:${AMENT_PREFIX_PATH} CMAKE_PREFIX_PATH=/scripts/ros2_ws/install/interfaces:${CMAKE_PREFIX_PATH} LD_LIBRARY_PATH=/scripts/ros2_ws/install/interfaces/lib:${LD_LIBRARY_PATH} PYTHONPATH=/scripts/ros2_ws/install/interfaces/lib/python3.8/site-packages:${PYTHONPATH} /usr/bin/cmake /scripts/ros2_ws/src/cpp_pubsub -DCMAKE_INSTALL_PREFIX=/scripts/ros2_ws/install/cpp_pubsub
[14.985s] DEBUG:colcon.colcon_core.event_handler.log_command:Invoked command in '/scripts/ros2_ws/build/cpp_pubsub' returned '0': AMENT_PREFIX_PATH=/scripts/ros2_ws/install/interfaces:${AMENT_PREFIX_PATH} CMAKE_PREFIX_PATH=/scripts/ros2_ws/install/interfaces:${CMAKE_PREFIX_PATH} LD_LIBRARY_PATH=/scripts/ros2_ws/install/interfaces/lib:${LD_LIBRARY_PATH} PYTHONPATH=/scripts/ros2_ws/install/interfaces/lib/python3.8/site-packages:${PYTHONPATH} /usr/bin/cmake /scripts/ros2_ws/src/cpp_pubsub -DCMAKE_INSTALL_PREFIX=/scripts/ros2_ws/install/cpp_pubsub
[14.993s] DEBUG:colcon.colcon_core.event_handler.log_command:Invoking command in '/scripts/ros2_ws/build/cpp_pubsub': AMENT_PREFIX_PATH=/scripts/ros2_ws/install/interfaces:${AMENT_PREFIX_PATH} CMAKE_PREFIX_PATH=/scripts/ros2_ws/install/interfaces:${CMAKE_PREFIX_PATH} LD_LIBRARY_PATH=/scripts/ros2_ws/install/interfaces/lib:${LD_LIBRARY_PATH} PYTHONPATH=/scripts/ros2_ws/install/interfaces/lib/python3.8/site-packages:${PYTHONPATH} /usr/bin/cmake --build /scripts/ros2_ws/build/cpp_pubsub -- -j8 -l8
[28.306s] DEBUG:colcon.colcon_core.event_handler.log_command:Invoked command in '/scripts/ros2_ws/build/cpp_pubsub' returned '0': AMENT_PREFIX_PATH=/scripts/ros2_ws/install/interfaces:${AMENT_PREFIX_PATH} CMAKE_PREFIX_PATH=/scripts/ros2_ws/install/interfaces:${CMAKE_PREFIX_PATH} LD_LIBRARY_PATH=/scripts/ros2_ws/install/interfaces/lib:${LD_LIBRARY_PATH} PYTHONPATH=/scripts/ros2_ws/install/interfaces/lib/python3.8/site-packages:${PYTHONPATH} /usr/bin/cmake --build /scripts/ros2_ws/build/cpp_pubsub -- -j8 -l8
[28.382s] DEBUG:colcon.colcon_core.event_handler.log_command:Invoking command in '/scripts/ros2_ws/build/cpp_pubsub': AMENT_PREFIX_PATH=/scripts/ros2_ws/install/interfaces:${AMENT_PREFIX_PATH} CMAKE_PREFIX_PATH=/scripts/ros2_ws/install/interfaces:${CMAKE_PREFIX_PATH} LD_LIBRARY_PATH=/scripts/ros2_ws/install/interfaces/lib:${LD_LIBRARY_PATH} PYTHONPATH=/scripts/ros2_ws/install/interfaces/lib/python3.8/site-packages:${PYTHONPATH} /usr/bin/cmake --install /scripts/ros2_ws/build/cpp_pubsub
[28.444s] Level 1:colcon.colcon_core.environment:create_environment_scripts_only(cpp_pubsub)
[28.448s] Level 1:colcon.colcon_core.environment:checking '/scripts/ros2_ws/install/cpp_pubsub' for CMake module files
[28.449s] DEBUG:colcon.colcon_core.event_handler.log_command:Invoked command in '/scripts/ros2_ws/build/cpp_pubsub' returned '0': AMENT_PREFIX_PATH=/scripts/ros2_ws/install/interfaces:${AMENT_PREFIX_PATH} CMAKE_PREFIX_PATH=/scripts/ros2_ws/install/interfaces:${CMAKE_PREFIX_PATH} LD_LIBRARY_PATH=/scripts/ros2_ws/install/interfaces/lib:${LD_LIBRARY_PATH} PYTHONPATH=/scripts/ros2_ws/install/interfaces/lib/python3.8/site-packages:${PYTHONPATH} /usr/bin/cmake --install /scripts/ros2_ws/build/cpp_pubsub
[28.451s] Level 1:colcon.colcon_core.environment:checking '/scripts/ros2_ws/install/cpp_pubsub' for CMake config files
[28.451s] Level 1:colcon.colcon_core.shell:create_environment_hook('cpp_pubsub', 'cmake_prefix_path')
[28.453s] INFO:colcon.colcon_core.shell:Creating environment hook '/scripts/ros2_ws/install/cpp_pubsub/share/cpp_pubsub/hook/cmake_prefix_path.ps1'
[28.455s] INFO:colcon.colcon_core.shell:Creating environment descriptor '/scripts/ros2_ws/install/cpp_pubsub/share/cpp_pubsub/hook/cmake_prefix_path.dsv'
[28.456s] INFO:colcon.colcon_core.shell:Creating environment hook '/scripts/ros2_ws/install/cpp_pubsub/share/cpp_pubsub/hook/cmake_prefix_path.sh'
[28.457s] Level 1:colcon.colcon_core.environment:checking '/scripts/ros2_ws/install/cpp_pubsub/lib'
[28.457s] Level 1:colcon.colcon_core.shell:create_environment_hook('cpp_pubsub', 'ld_library_path_lib')
[28.459s] INFO:colcon.colcon_core.shell:Creating environment hook '/scripts/ros2_ws/install/cpp_pubsub/share/cpp_pubsub/hook/ld_library_path_lib.ps1'
[28.460s] INFO:colcon.colcon_core.shell:Creating environment descriptor '/scripts/ros2_ws/install/cpp_pubsub/share/cpp_pubsub/hook/ld_library_path_lib.dsv'
[28.461s] INFO:colcon.colcon_core.shell:Creating environment hook '/scripts/ros2_ws/install/cpp_pubsub/share/cpp_pubsub/hook/ld_library_path_lib.sh'
[28.462s] Level 1:colcon.colcon_core.environment:checking '/scripts/ros2_ws/install/cpp_pubsub/bin'
[28.462s] Level 1:colcon.colcon_core.environment:checking '/scripts/ros2_ws/install/cpp_pubsub/lib/pkgconfig/cpp_pubsub.pc'
[28.462s] Level 1:colcon.colcon_core.environment:checking '/scripts/ros2_ws/install/cpp_pubsub/lib/python3.8/site-packages'
[28.464s] INFO:colcon.colcon_core.shell:Creating package script '/scripts/ros2_ws/install/cpp_pubsub/share/cpp_pubsub/package.ps1'
[28.465s] INFO:colcon.colcon_core.shell:Creating package descriptor '/scripts/ros2_ws/install/cpp_pubsub/share/cpp_pubsub/package.dsv'
[28.467s] INFO:colcon.colcon_core.shell:Creating package script '/scripts/ros2_ws/install/cpp_pubsub/share/cpp_pubsub/package.sh'
[28.468s] INFO:colcon.colcon_core.shell:Creating package script '/scripts/ros2_ws/install/cpp_pubsub/share/cpp_pubsub/package.bash'
[28.469s] INFO:colcon.colcon_core.shell:Creating package script '/scripts/ros2_ws/install/cpp_pubsub/share/cpp_pubsub/package.zsh'
[28.469s] Level 1:colcon.colcon_core.environment:create_file_with_runtime_dependencies(/scripts/ros2_ws/install/cpp_pubsub/share/colcon-core/packages/cpp_pubsub)
[28.548s] Level 1:colcon.colcon_core.environment:create_environment_scripts_only(cpp_pubsub)
[28.552s] Level 1:colcon.colcon_core.environment:checking '/scripts/ros2_ws/install/cpp_pubsub' for CMake module files
[28.553s] Level 1:colcon.colcon_core.environment:checking '/scripts/ros2_ws/install/cpp_pubsub' for CMake config files
[28.554s] Level 1:colcon.colcon_core.shell:create_environment_hook('cpp_pubsub', 'cmake_prefix_path')
[28.555s] INFO:colcon.colcon_core.shell:Creating environment hook '/scripts/ros2_ws/install/cpp_pubsub/share/cpp_pubsub/hook/cmake_prefix_path.ps1'
[28.557s] INFO:colcon.colcon_core.shell:Creating environment descriptor '/scripts/ros2_ws/install/cpp_pubsub/share/cpp_pubsub/hook/cmake_prefix_path.dsv'
[28.559s] INFO:colcon.colcon_core.shell:Creating environment hook '/scripts/ros2_ws/install/cpp_pubsub/share/cpp_pubsub/hook/cmake_prefix_path.sh'
[28.562s] Level 1:colcon.colcon_core.environment:checking '/scripts/ros2_ws/install/cpp_pubsub/lib'
[28.562s] Level 1:colcon.colcon_core.shell:create_environment_hook('cpp_pubsub', 'ld_library_path_lib')
[28.564s] INFO:colcon.colcon_core.shell:Creating environment hook '/scripts/ros2_ws/install/cpp_pubsub/share/cpp_pubsub/hook/ld_library_path_lib.ps1'
[28.565s] INFO:colcon.colcon_core.shell:Creating environment descriptor '/scripts/ros2_ws/install/cpp_pubsub/share/cpp_pubsub/hook/ld_library_path_lib.dsv'
[28.566s] INFO:colcon.colcon_core.shell:Creating environment hook '/scripts/ros2_ws/install/cpp_pubsub/share/cpp_pubsub/hook/ld_library_path_lib.sh'
[28.567s] Level 1:colcon.colcon_core.environment:checking '/scripts/ros2_ws/install/cpp_pubsub/bin'
[28.567s] Level 1:colcon.colcon_core.environment:checking '/scripts/ros2_ws/install/cpp_pubsub/lib/pkgconfig/cpp_pubsub.pc'
[28.568s] Level 1:colcon.colcon_core.environment:checking '/scripts/ros2_ws/install/cpp_pubsub/lib/python3.8/site-packages'
[28.570s] INFO:colcon.colcon_core.shell:Creating package script '/scripts/ros2_ws/install/cpp_pubsub/share/cpp_pubsub/package.ps1'
[28.572s] INFO:colcon.colcon_core.shell:Creating package descriptor '/scripts/ros2_ws/install/cpp_pubsub/share/cpp_pubsub/package.dsv'
[28.573s] INFO:colcon.colcon_core.shell:Creating package script '/scripts/ros2_ws/install/cpp_pubsub/share/cpp_pubsub/package.sh'
[28.574s] INFO:colcon.colcon_core.shell:Creating package script '/scripts/ros2_ws/install/cpp_pubsub/share/cpp_pubsub/package.bash'
[28.575s] INFO:colcon.colcon_core.shell:Creating package script '/scripts/ros2_ws/install/cpp_pubsub/share/cpp_pubsub/package.zsh'
[28.577s] Level 1:colcon.colcon_core.environment:create_file_with_runtime_dependencies(/scripts/ros2_ws/install/cpp_pubsub/share/colcon-core/packages/cpp_pubsub)
[28.578s] DEBUG:colcon.colcon_parallel_executor.executor.parallel:closing loop
[28.579s] DEBUG:colcon.colcon_parallel_executor.executor.parallel:loop closed
[28.580s] DEBUG:colcon.colcon_parallel_executor.executor.parallel:run_until_complete finished with '0'
[28.581s] DEBUG:colcon.colcon_core.event_reactor:joining thread
[28.598s] INFO:colcon.colcon_core.plugin_system:Skipping extension 'colcon_notification.desktop_notification.notify_send': Could not find 'notify-send'
[28.598s] INFO:colcon.colcon_core.plugin_system:Skipping extension 'colcon_notification.desktop_notification.terminal_notifier': Not used on non-Darwin systems
[28.598s] INFO:colcon.colcon_core.plugin_system:Skipping extension 'colcon_notification.desktop_notification.win32': Not used on non-Windows systems
[28.599s] INFO:colcon.colcon_notification.desktop_notification:Sending desktop notification using 'notify2'
[28.606s] DEBUG:colcon.colcon_notification.desktop_notification.notify2:Failed to initialize notify2: org.freedesktop.DBus.Error.Spawn.ExecFailed: /usr/bin/dbus-launch terminated abnormally with the following error: Autolaunch error: X11 initialization failed.

[28.607s] DEBUG:colcon.colcon_core.event_reactor:joined thread
[28.611s] INFO:colcon.colcon_core.shell:Creating prefix script '/scripts/ros2_ws/install/local_setup.ps1'
[28.616s] INFO:colcon.colcon_core.shell:Creating prefix util module '/scripts/ros2_ws/install/_local_setup_util_ps1.py'
[28.619s] INFO:colcon.colcon_core.shell:Creating prefix chain script '/scripts/ros2_ws/install/setup.ps1'
[28.626s] INFO:colcon.colcon_core.shell:Creating prefix script '/scripts/ros2_ws/install/local_setup.sh'
[28.629s] INFO:colcon.colcon_core.shell:Creating prefix util module '/scripts/ros2_ws/install/_local_setup_util_sh.py'
[28.630s] INFO:colcon.colcon_core.shell:Creating prefix chain script '/scripts/ros2_ws/install/setup.sh'
[28.637s] INFO:colcon.colcon_core.shell:Creating prefix script '/scripts/ros2_ws/install/local_setup.bash'
[28.638s] INFO:colcon.colcon_core.shell:Creating prefix chain script '/scripts/ros2_ws/install/setup.bash'
[28.643s] INFO:colcon.colcon_core.shell:Creating prefix script '/scripts/ros2_ws/install/local_setup.zsh'
[28.644s] INFO:colcon.colcon_core.shell:Creating prefix chain script '/scripts/ros2_ws/install/setup.zsh'
