-- Found ament_cmake: 0.9.9 (/opt/ros/foxy/share/ament_cmake/cmake)
-- Using PYTHON_EXECUTABLE: /usr/bin/python3
-- Found rclcpp: 2.4.0 (/opt/ros/foxy/share/rclcpp/cmake)
-- Using all available rosidl_typesupport_c: rosidl_typesupport_fastrtps_c;rosidl_typesupport_introspection_c
-- Found rosidl_adapter: 1.2.1 (/opt/ros/foxy/share/rosidl_adapter/cmake)
-- Using all available rosidl_typesupport_cpp: rosidl_typesupport_fastrtps_cpp;rosidl_typesupport_introspection_cpp
-- Found rmw_implementation_cmake: 1.0.3 (/opt/ros/foxy/share/rmw_implementation_cmake/cmake)
-- Using RMW implementation 'rmw_cyclonedds_cpp' as default
-- Found interfaces: 0.0.0 (/workspace/cxy/Robot_Operating_System/ros2_ws/install/interfaces/share/interfaces/cmake)
-- Found ament_lint_auto: 0.9.6 (/opt/ros/foxy/share/ament_lint_auto/cmake)
-- Added test 'copyright' to check source files copyright and LICENSE
-- Added test 'cppcheck' to perform static code analysis on C / C++ code
-- Configured cppcheck include dirs: /workspace/cxy/Robot_Operating_System/ros2_ws/src/cpp_pubsub/include/cpp_pubsub
-- Configured cppcheck exclude dirs and/or files: 
-- Added test 'cpplint' to check C / C++ code against the Google style
-- Configured cpplint exclude dirs and/or files: 
-- Added test 'lint_cmake' to check CMake code style
-- Added test 'uncrustify' to check C / C++ code style
-- Configured uncrustify additional arguments: 
-- Added test 'xmllint' to check XML markup files
-- Configuring done
-- Generating done
-- Build files have been written to: /workspace/cxy/Robot_Operating_System/ros2_ws/build/cpp_pubsub
[35m[1mConsolidate compiler generated dependencies of target get_info[0m
[35m[1mConsolidate compiler generated dependencies of target listener[0m
[35m[1mConsolidate compiler generated dependencies of target talker[0m
[ 28%] Built target get_info
[ 57%] Built target talker
[ 71%] [32mBuilding CXX object CMakeFiles/listener.dir/src/sub.cpp.o[0m
[ 85%] [32m[1mLinking CXX executable listener[0m
/usr/bin/ld: CMakeFiles/listener.dir/src/get_info.cpp.o: in function `turn_picture_display(int)':
get_info.cpp:(.text+0x43a): undefined reference to `bxDual_dynamicArea_AddAreaPic_6G'
/usr/bin/ld: get_info.cpp:(.text+0x4b0): undefined reference to `bxDual_dynamicArea_AddAreaPic_6G'
/usr/bin/ld: get_info.cpp:(.text+0x535): undefined reference to `bxDual_dynamicArea_AddAreaPic_6G'
/usr/bin/ld: get_info.cpp:(.text+0x5ab): undefined reference to `bxDual_dynamicArea_AddAreaPic_6G'
collect2: error: ld returned 1 exit status
make[2]: *** [CMakeFiles/listener.dir/build.make:165: listener] Error 1
make[1]: *** [CMakeFiles/Makefile2:167: CMakeFiles/listener.dir/all] Error 2
make: *** [Makefile:146: all] Error 2
