[0.006s] Invoking command in '/workspace/cxy/Robot_Operating_System/ros2_ws/build/cpp_pubsub': CMAKE_PREFIX_PATH=/workspace/cxy/Robot_Operating_System/ros2_ws/install/interfaces:/workspace/cxy/Robot_Operating_System/ros2_ws/install/cpp_pubsub:/opt/ros/foxy:/opt/third_party/casadi/lib/cmake/casadi:/opt/third_party/ceres/lib/cmake/Ceres:/opt/third_party/osqp-cpp/lib/cmake/:/opt/third_party/abseil-cpp/lib/cmake/:/opt/third_party/osqp/lib/cmake/ /usr/bin/cmake --build /workspace/cxy/Robot_Operating_System/ros2_ws/build/cpp_pubsub -- -j20 -l20
[0.014s] -- Found ament_cmake: 0.9.9 (/opt/ros/foxy/share/ament_cmake/cmake)
[0.028s] -- Using PYTHON_EXECUTABLE: /usr/bin/python3
[0.135s] -- Found rclcpp: 2.4.0 (/opt/ros/foxy/share/rclcpp/cmake)
[0.153s] -- Using all available rosidl_typesupport_c: rosidl_typesupport_fastrtps_c;rosidl_typesupport_introspection_c
[0.154s] -- Found rosidl_adapter: 1.2.1 (/opt/ros/foxy/share/rosidl_adapter/cmake)
[0.245s] -- Using all available rosidl_typesupport_cpp: rosidl_typesupport_fastrtps_cpp;rosidl_typesupport_introspection_cpp
[0.266s] -- Found rmw_implementation_cmake: 1.0.3 (/opt/ros/foxy/share/rmw_implementation_cmake/cmake)
[0.267s] -- Using RMW implementation 'rmw_cyclonedds_cpp' as default
[0.329s] -- Found interfaces: 0.0.0 (/workspace/cxy/Robot_Operating_System/ros2_ws/install/interfaces/share/interfaces/cmake)
[0.333s] -- Found ament_lint_auto: 0.9.6 (/opt/ros/foxy/share/ament_lint_auto/cmake)
[0.367s] -- Added test 'copyright' to check source files copyright and LICENSE
[0.368s] -- Added test 'cppcheck' to perform static code analysis on C / C++ code
[0.368s] -- Configured cppcheck include dirs: /workspace/cxy/Robot_Operating_System/ros2_ws/src/cpp_pubsub/include/cpp_pubsub
[0.368s] -- Configured cppcheck exclude dirs and/or files: 
[0.368s] -- Added test 'cpplint' to check C / C++ code against the Google style
[0.368s] -- Configured cpplint exclude dirs and/or files: 
[0.368s] -- Added test 'lint_cmake' to check CMake code style
[0.369s] -- Added test 'uncrustify' to check C / C++ code style
[0.369s] -- Configured uncrustify additional arguments: 
[0.369s] -- Added test 'xmllint' to check XML markup files
[0.369s] -- Configuring done
[0.375s] -- Generating done
[0.376s] -- Build files have been written to: /workspace/cxy/Robot_Operating_System/ros2_ws/build/cpp_pubsub
[0.384s] [35m[1mConsolidate compiler generated dependencies of target get_info[0m
[0.384s] [35m[1mConsolidate compiler generated dependencies of target listener[0m
[0.385s] [35m[1mConsolidate compiler generated dependencies of target talker[0m
[0.389s] [ 28%] Built target get_info
[0.392s] [ 57%] Built target talker
[0.392s] [ 71%] [32mBuilding CXX object CMakeFiles/listener.dir/src/sub.cpp.o[0m
[2.814s] [ 85%] [32m[1mLinking CXX executable listener[0m
[2.924s] /usr/bin/ld: CMakeFiles/listener.dir/src/get_info.cpp.o: in function `turn_picture_display(int)':
[2.924s] get_info.cpp:(.text+0x43a): undefined reference to `bxDual_dynamicArea_AddAreaPic_6G'
[2.924s] /usr/bin/ld: get_info.cpp:(.text+0x4b0): undefined reference to `bxDual_dynamicArea_AddAreaPic_6G'
[2.924s] /usr/bin/ld: get_info.cpp:(.text+0x535): undefined reference to `bxDual_dynamicArea_AddAreaPic_6G'
[2.924s] /usr/bin/ld: get_info.cpp:(.text+0x5ab): undefined reference to `bxDual_dynamicArea_AddAreaPic_6G'
[2.932s] collect2: error: ld returned 1 exit status
[2.933s] make[2]: *** [CMakeFiles/listener.dir/build.make:165: listener] Error 1
[2.933s] make[1]: *** [CMakeFiles/Makefile2:167: CMakeFiles/listener.dir/all] Error 2
[2.933s] make: *** [Makefile:146: all] Error 2
[2.935s] Invoked command in '/workspace/cxy/Robot_Operating_System/ros2_ws/build/cpp_pubsub' returned '2': CMAKE_PREFIX_PATH=/workspace/cxy/Robot_Operating_System/ros2_ws/install/interfaces:/workspace/cxy/Robot_Operating_System/ros2_ws/install/cpp_pubsub:/opt/ros/foxy:/opt/third_party/casadi/lib/cmake/casadi:/opt/third_party/ceres/lib/cmake/Ceres:/opt/third_party/osqp-cpp/lib/cmake/:/opt/third_party/abseil-cpp/lib/cmake/:/opt/third_party/osqp/lib/cmake/ /usr/bin/cmake --build /workspace/cxy/Robot_Operating_System/ros2_ws/build/cpp_pubsub -- -j20 -l20
