[0.008s] Invoking command in '/workspace/build/interfaces': /usr/bin/cmake /workspace/src/interfaces -DCMAKE_INSTALL_PREFIX=/workspace/install/interfaces
[0.035s] -- The C compiler identification is GNU 9.3.0
[0.068s] -- The CXX compiler identification is GNU 9.3.0
[0.072s] -- Detecting C compiler ABI info
[0.105s] -- Detecting C compiler ABI info - done
[0.109s] -- Check for working C compiler: /usr/bin/cc - skipped
[0.109s] -- Detecting C compile features
[0.109s] -- Detecting C compile features - done
[0.111s] -- Detecting CXX compiler ABI info
[0.154s] -- Detecting CXX compiler ABI info - done
[0.158s] -- Check for working CXX compiler: /usr/bin/g++ - skipped
[0.159s] -- Detecting CXX compile features
[0.159s] -- Detecting CXX compile features - done
[0.160s] -- Found ament_cmake: 0.9.9 (/opt/ros/foxy/share/ament_cmake/cmake)
[0.176s] -- Found PythonInterp: /usr/bin/python3 (found suitable version "3.8.10", minimum required is "3") 
[0.176s] -- Using PYTHON_EXECUTABLE: /usr/bin/python3
[0.291s] -- Found rosidl_default_generators: 1.0.1 (/opt/ros/foxy/share/rosidl_default_generators/cmake)
[0.293s] -- Using all available rosidl_typesupport_c: rosidl_typesupport_fastrtps_c;rosidl_typesupport_introspection_c
[0.297s] -- Found rosidl_adapter: 1.2.1 (/opt/ros/foxy/share/rosidl_adapter/cmake)
[0.365s] -- Found OpenSSL: /usr/lib/x86_64-linux-gnu/libcrypto.so (found version "1.1.1f")  
[0.390s] -- Found FastRTPS: /opt/ros/foxy/include  
[0.455s] -- Using all available rosidl_typesupport_cpp: rosidl_typesupport_fastrtps_cpp;rosidl_typesupport_introspection_cpp
[0.486s] -- Found PythonInterp: /usr/bin/python3 (found version "3.8.10") 
[0.553s] -- Found ament_cmake_ros: 0.9.2 (/opt/ros/foxy/share/ament_cmake_ros/cmake)
[0.642s] -- Using all available rosidl_typesupport_c: rosidl_typesupport_fastrtps_c;rosidl_typesupport_introspection_c
[0.645s] -- Using all available rosidl_typesupport_cpp: rosidl_typesupport_fastrtps_cpp;rosidl_typesupport_introspection_cpp
[0.660s] -- Found PythonInterp: /usr/bin/python3 (found suitable version "3.8.10", minimum required is "3.5") 
[0.661s] -- Found python_cmake_module: 0.8.1 (/opt/ros/foxy/share/python_cmake_module/cmake)
[0.677s] -- Found PythonLibs: /usr/lib/x86_64-linux-gnu/libpython3.8.so (found suitable version "3.8.10", minimum required is "3.5") 
[0.677s] -- Using PYTHON_EXECUTABLE: /usr/bin/python3
[0.678s] -- Using PYTHON_INCLUDE_DIRS: /usr/include/python3.8
[0.678s] -- Using PYTHON_LIBRARIES: /usr/lib/x86_64-linux-gnu/libpython3.8.so
[0.691s] -- Found PythonExtra: .so  
[0.713s] -- Found ament_lint_auto: 0.9.6 (/opt/ros/foxy/share/ament_lint_auto/cmake)
[0.726s] -- Added test 'copyright' to check source files copyright and LICENSE
[0.727s] -- Added test 'lint_cmake' to check CMake code style
[0.727s] -- Added test 'xmllint' to check XML markup files
[0.728s] -- Configuring done
[0.743s] -- Generating done
[0.744s] -- Build files have been written to: /workspace/build/interfaces
[0.749s] Invoked command in '/workspace/build/interfaces' returned '0': /usr/bin/cmake /workspace/src/interfaces -DCMAKE_INSTALL_PREFIX=/workspace/install/interfaces
[0.750s] Invoking command in '/workspace/build/interfaces': /usr/bin/cmake --build /workspace/build/interfaces -- -j20 -l20
[0.762s] [  3%] [34m[1mGenerating C code for ROS interfaces[0m
[0.765s] [  6%] [34m[1mGenerating C++ code for ROS interfaces[0m
[0.865s] [  6%] Built target interfaces__cpp
[0.868s] [  9%] [34m[1mGenerating C++ type support dispatch for ROS interfaces[0m
[0.868s] [ 12%] [34m[1mGenerating C++ type support for eProsima Fast-RTPS[0m
[0.869s] [ 16%] [34m[1mGenerating C++ introspection for ROS interfaces[0m
[0.869s] [ 19%] [32mBuilding C object CMakeFiles/interfaces__rosidl_generator_c.dir/rosidl_generator_c/interfaces/msg/detail/num__functions.c.o[0m
[0.888s] [ 22%] [32m[1mLinking C shared library libinterfaces__rosidl_generator_c.so[0m
[0.903s] [ 22%] Built target interfaces__rosidl_generator_c
[0.906s] [ 25%] [34m[1mGenerating C type support dispatch for ROS interfaces[0m
[0.906s] [ 29%] [34m[1mGenerating C introspection for ROS interfaces[0m
[0.972s] [ 32%] [32mBuilding CXX object CMakeFiles/interfaces__rosidl_typesupport_cpp.dir/rosidl_typesupport_cpp/interfaces/msg/num__type_support.cpp.o[0m
[0.977s] [ 35%] [32mBuilding CXX object CMakeFiles/interfaces__rosidl_typesupport_introspection_cpp.dir/rosidl_typesupport_introspection_cpp/interfaces/msg/detail/num__type_support.cpp.o[0m
[0.979s] [ 38%] [32mBuilding CXX object CMakeFiles/interfaces__rosidl_typesupport_fastrtps_cpp.dir/rosidl_typesupport_fastrtps_cpp/interfaces/msg/detail/dds_fastrtps/num__type_support.cpp.o[0m
[1.011s] [ 41%] [32mBuilding CXX object CMakeFiles/interfaces__rosidl_typesupport_c.dir/rosidl_typesupport_c/interfaces/msg/num__type_support.cpp.o[0m
[1.026s] [ 45%] [32mBuilding C object CMakeFiles/interfaces__rosidl_typesupport_introspection_c.dir/rosidl_typesupport_introspection_c/interfaces/msg/detail/num__type_support.c.o[0m
[1.031s] [ 48%] [32m[1mLinking CXX shared library libinterfaces__rosidl_typesupport_c.so[0m
[1.043s] [ 51%] [32m[1mLinking C shared library libinterfaces__rosidl_typesupport_introspection_c.so[0m
[1.047s] [ 51%] Built target interfaces__rosidl_typesupport_c
[1.054s] [ 51%] Built target interfaces__rosidl_typesupport_introspection_c
[1.108s] [ 54%] [32m[1mLinking CXX shared library libinterfaces__rosidl_typesupport_cpp.so[0m
[1.111s] [ 58%] [32m[1mLinking CXX shared library libinterfaces__rosidl_typesupport_introspection_cpp.so[0m
[1.125s] [ 58%] Built target interfaces__rosidl_typesupport_cpp
[1.127s] [ 58%] Built target interfaces__rosidl_typesupport_introspection_cpp
[1.180s] [ 61%] [32m[1mLinking CXX shared library libinterfaces__rosidl_typesupport_fastrtps_cpp.so[0m
[1.222s] [ 61%] Built target interfaces__rosidl_typesupport_fastrtps_cpp
[1.225s] [ 64%] [34m[1mGenerating C type support for eProsima Fast-RTPS[0m
[1.326s] [ 67%] [32mBuilding CXX object CMakeFiles/interfaces__rosidl_typesupport_fastrtps_c.dir/rosidl_typesupport_fastrtps_c/interfaces/msg/detail/num__type_support_c.cpp.o[0m
[1.487s] [ 70%] [32m[1mLinking CXX shared library libinterfaces__rosidl_typesupport_fastrtps_c.so[0m
[1.527s] [ 70%] Built target interfaces__rosidl_typesupport_fastrtps_c
[1.533s] [ 70%] Built target interfaces
[1.539s] [ 74%] [34m[1mGenerating Python code for ROS interfaces[0m
[1.700s] [ 74%] Built target interfaces__py
[1.706s] [ 77%] [32mBuilding C object CMakeFiles/interfaces__python.dir/rosidl_generator_py/interfaces/msg/_num_s.c.o[0m
[1.748s] [ 80%] [32m[1mLinking C shared library rosidl_generator_py/interfaces/libinterfaces__python.so[0m
[1.764s] [ 80%] Built target interfaces__python
[1.771s] [ 83%] [32mBuilding C object CMakeFiles/interfaces__rosidl_typesupport_fastrtps_c__pyext.dir/rosidl_generator_py/interfaces/_interfaces_s.ep.rosidl_typesupport_fastrtps_c.c.o[0m
[1.771s] [ 87%] [32mBuilding C object CMakeFiles/interfaces__rosidl_typesupport_introspection_c__pyext.dir/rosidl_generator_py/interfaces/_interfaces_s.ep.rosidl_typesupport_introspection_c.c.o[0m
[1.771s] [ 90%] [32mBuilding C object CMakeFiles/interfaces__rosidl_typesupport_c__pyext.dir/rosidl_generator_py/interfaces/_interfaces_s.ep.rosidl_typesupport_c.c.o[0m
[1.810s] [ 96%] [32m[1mLinking C shared library rosidl_generator_py/interfaces/interfaces_s__rosidl_typesupport_c.cpython-38-x86_64-linux-gnu.so[0m
[1.811s] [ 96%] [32m[1mLinking C shared library rosidl_generator_py/interfaces/interfaces_s__rosidl_typesupport_introspection_c.cpython-38-x86_64-linux-gnu.so[0m
[1.811s] [100%] [32m[1mLinking CXX shared library rosidl_generator_py/interfaces/interfaces_s__rosidl_typesupport_fastrtps_c.cpython-38-x86_64-linux-gnu.so[0m
[1.823s] [100%] Built target interfaces__rosidl_typesupport_c__pyext
[1.823s] [100%] Built target interfaces__rosidl_typesupport_introspection_c__pyext
[1.839s] [100%] Built target interfaces__rosidl_typesupport_fastrtps_c__pyext
[1.843s] Invoked command in '/workspace/build/interfaces' returned '0': /usr/bin/cmake --build /workspace/build/interfaces -- -j20 -l20
[1.873s] Invoking command in '/workspace/build/interfaces': /usr/bin/cmake --install /workspace/build/interfaces
[1.876s] -- Install configuration: ""
[1.876s] -- Installing: /workspace/install/interfaces/share/ament_index/resource_index/rosidl_interfaces/interfaces
[1.876s] -- Installing: /workspace/install/interfaces/include/interfaces
[1.876s] -- Installing: /workspace/install/interfaces/include/interfaces/msg
[1.876s] -- Installing: /workspace/install/interfaces/include/interfaces/msg/rosidl_generator_c__visibility_control.h
[1.876s] -- Installing: /workspace/install/interfaces/include/interfaces/msg/detail
[1.876s] -- Installing: /workspace/install/interfaces/include/interfaces/msg/detail/num__type_support.h
[1.876s] -- Installing: /workspace/install/interfaces/include/interfaces/msg/detail/num__functions.h
[1.876s] -- Installing: /workspace/install/interfaces/include/interfaces/msg/detail/num__struct.h
[1.876s] -- Installing: /workspace/install/interfaces/include/interfaces/msg/detail/num__functions.c
[1.876s] -- Installing: /workspace/install/interfaces/include/interfaces/msg/num.h
[1.876s] -- Installing: /workspace/install/interfaces/share/interfaces/environment/library_path.sh
[1.876s] -- Installing: /workspace/install/interfaces/share/interfaces/environment/library_path.dsv
[1.876s] -- Installing: /workspace/install/interfaces/lib/libinterfaces__rosidl_generator_c.so
[1.876s] -- Set runtime path of "/workspace/install/interfaces/lib/libinterfaces__rosidl_generator_c.so" to ""
[1.876s] -- Up-to-date: /workspace/install/interfaces/include/interfaces
[1.877s] -- Up-to-date: /workspace/install/interfaces/include/interfaces/msg
[1.877s] -- Installing: /workspace/install/interfaces/include/interfaces/msg/rosidl_typesupport_fastrtps_c__visibility_control.h
[1.877s] -- Up-to-date: /workspace/install/interfaces/include/interfaces/msg/detail
[1.877s] -- Installing: /workspace/install/interfaces/include/interfaces/msg/detail/num__rosidl_typesupport_fastrtps_c.h
[1.877s] -- Installing: /workspace/install/interfaces/lib/libinterfaces__rosidl_typesupport_fastrtps_c.so
[1.877s] -- Set runtime path of "/workspace/install/interfaces/lib/libinterfaces__rosidl_typesupport_fastrtps_c.so" to ""
[1.877s] -- Up-to-date: /workspace/install/interfaces/include/interfaces
[1.877s] -- Up-to-date: /workspace/install/interfaces/include/interfaces/msg
[1.877s] -- Installing: /workspace/install/interfaces/include/interfaces/msg/rosidl_typesupport_fastrtps_cpp__visibility_control.h
[1.877s] -- Up-to-date: /workspace/install/interfaces/include/interfaces/msg/detail
[1.877s] -- Installing: /workspace/install/interfaces/include/interfaces/msg/detail/dds_fastrtps
[1.877s] -- Installing: /workspace/install/interfaces/include/interfaces/msg/detail/num__rosidl_typesupport_fastrtps_cpp.hpp
[1.877s] -- Installing: /workspace/install/interfaces/lib/libinterfaces__rosidl_typesupport_fastrtps_cpp.so
[1.877s] -- Set runtime path of "/workspace/install/interfaces/lib/libinterfaces__rosidl_typesupport_fastrtps_cpp.so" to ""
[1.877s] -- Up-to-date: /workspace/install/interfaces/include/interfaces
[1.877s] -- Up-to-date: /workspace/install/interfaces/include/interfaces/msg
[1.877s] -- Up-to-date: /workspace/install/interfaces/include/interfaces/msg/detail
[1.877s] -- Installing: /workspace/install/interfaces/include/interfaces/msg/detail/num__type_support.c
[1.877s] -- Installing: /workspace/install/interfaces/include/interfaces/msg/detail/num__rosidl_typesupport_introspection_c.h
[1.877s] -- Installing: /workspace/install/interfaces/include/interfaces/msg/rosidl_typesupport_introspection_c__visibility_control.h
[1.877s] -- Installing: /workspace/install/interfaces/lib/libinterfaces__rosidl_typesupport_introspection_c.so
[1.877s] -- Set runtime path of "/workspace/install/interfaces/lib/libinterfaces__rosidl_typesupport_introspection_c.so" to ""
[1.877s] -- Installing: /workspace/install/interfaces/lib/libinterfaces__rosidl_typesupport_c.so
[1.877s] -- Set runtime path of "/workspace/install/interfaces/lib/libinterfaces__rosidl_typesupport_c.so" to ""
[1.877s] -- Up-to-date: /workspace/install/interfaces/include/interfaces
[1.877s] -- Up-to-date: /workspace/install/interfaces/include/interfaces/msg
[1.877s] -- Up-to-date: /workspace/install/interfaces/include/interfaces/msg/detail
[1.877s] -- Installing: /workspace/install/interfaces/include/interfaces/msg/detail/num__traits.hpp
[1.878s] -- Installing: /workspace/install/interfaces/include/interfaces/msg/detail/num__builder.hpp
[1.878s] -- Installing: /workspace/install/interfaces/include/interfaces/msg/detail/num__struct.hpp
[1.878s] -- Installing: /workspace/install/interfaces/include/interfaces/msg/num.hpp
[1.878s] -- Up-to-date: /workspace/install/interfaces/include/interfaces
[1.878s] -- Up-to-date: /workspace/install/interfaces/include/interfaces/msg
[1.878s] -- Up-to-date: /workspace/install/interfaces/include/interfaces/msg/detail
[1.878s] -- Installing: /workspace/install/interfaces/include/interfaces/msg/detail/num__rosidl_typesupport_introspection_cpp.hpp
[1.878s] -- Installing: /workspace/install/interfaces/include/interfaces/msg/detail/num__type_support.cpp
[1.878s] -- Installing: /workspace/install/interfaces/lib/libinterfaces__rosidl_typesupport_introspection_cpp.so
[1.878s] -- Set runtime path of "/workspace/install/interfaces/lib/libinterfaces__rosidl_typesupport_introspection_cpp.so" to ""
[1.878s] -- Installing: /workspace/install/interfaces/lib/libinterfaces__rosidl_typesupport_cpp.so
[1.878s] -- Set runtime path of "/workspace/install/interfaces/lib/libinterfaces__rosidl_typesupport_cpp.so" to ""
[1.878s] -- Installing: /workspace/install/interfaces/share/interfaces/environment/pythonpath.sh
[1.878s] -- Installing: /workspace/install/interfaces/share/interfaces/environment/pythonpath.dsv
[1.878s] -- Installing: /workspace/install/interfaces/lib/python3.8/site-packages/interfaces/__init__.py
[1.897s] Compiling '/workspace/install/interfaces/lib/python3.8/site-packages/interfaces/__init__.py'...
[1.899s] -- Installing: /workspace/install/interfaces/lib/python3.8/site-packages/interfaces/msg
[1.899s] -- Installing: /workspace/install/interfaces/lib/python3.8/site-packages/interfaces/msg/_num.py
[1.899s] -- Installing: /workspace/install/interfaces/lib/python3.8/site-packages/interfaces/msg/_num_s.c
[1.899s] -- Installing: /workspace/install/interfaces/lib/python3.8/site-packages/interfaces/msg/__init__.py
[1.899s] -- Installing: /workspace/install/interfaces/lib/python3.8/site-packages/interfaces/interfaces_s__rosidl_typesupport_fastrtps_c.cpython-38-x86_64-linux-gnu.so
[1.899s] -- Set runtime path of "/workspace/install/interfaces/lib/python3.8/site-packages/interfaces/interfaces_s__rosidl_typesupport_fastrtps_c.cpython-38-x86_64-linux-gnu.so" to ""
[1.899s] -- Installing: /workspace/install/interfaces/lib/python3.8/site-packages/interfaces/interfaces_s__rosidl_typesupport_introspection_c.cpython-38-x86_64-linux-gnu.so
[1.900s] -- Set runtime path of "/workspace/install/interfaces/lib/python3.8/site-packages/interfaces/interfaces_s__rosidl_typesupport_introspection_c.cpython-38-x86_64-linux-gnu.so" to ""
[1.900s] -- Installing: /workspace/install/interfaces/lib/python3.8/site-packages/interfaces/interfaces_s__rosidl_typesupport_c.cpython-38-x86_64-linux-gnu.so
[1.900s] -- Set runtime path of "/workspace/install/interfaces/lib/python3.8/site-packages/interfaces/interfaces_s__rosidl_typesupport_c.cpython-38-x86_64-linux-gnu.so" to ""
[1.900s] -- Installing: /workspace/install/interfaces/lib/libinterfaces__python.so
[1.900s] -- Set runtime path of "/workspace/install/interfaces/lib/libinterfaces__python.so" to ""
[1.900s] -- Installing: /workspace/install/interfaces/share/interfaces/msg/Num.idl
[1.900s] -- Installing: /workspace/install/interfaces/share/interfaces/msg/Num.msg
[1.900s] -- Installing: /workspace/install/interfaces/share/ament_index/resource_index/package_run_dependencies/interfaces
[1.900s] -- Installing: /workspace/install/interfaces/share/ament_index/resource_index/parent_prefix_path/interfaces
[1.900s] -- Installing: /workspace/install/interfaces/share/interfaces/environment/ament_prefix_path.sh
[1.900s] -- Installing: /workspace/install/interfaces/share/interfaces/environment/ament_prefix_path.dsv
[1.900s] -- Installing: /workspace/install/interfaces/share/interfaces/environment/path.sh
[1.900s] -- Installing: /workspace/install/interfaces/share/interfaces/environment/path.dsv
[1.900s] -- Installing: /workspace/install/interfaces/share/interfaces/local_setup.bash
[1.900s] -- Installing: /workspace/install/interfaces/share/interfaces/local_setup.sh
[1.900s] -- Installing: /workspace/install/interfaces/share/interfaces/local_setup.zsh
[1.900s] -- Installing: /workspace/install/interfaces/share/interfaces/local_setup.dsv
[1.900s] -- Installing: /workspace/install/interfaces/share/interfaces/package.dsv
[1.900s] -- Installing: /workspace/install/interfaces/share/ament_index/resource_index/packages/interfaces
[1.900s] -- Installing: /workspace/install/interfaces/share/interfaces/cmake/interfaces__rosidl_generator_cExport.cmake
[1.900s] -- Installing: /workspace/install/interfaces/share/interfaces/cmake/interfaces__rosidl_generator_cExport-noconfig.cmake
[1.900s] -- Installing: /workspace/install/interfaces/share/interfaces/cmake/interfaces__rosidl_typesupport_introspection_cExport.cmake
[1.900s] -- Installing: /workspace/install/interfaces/share/interfaces/cmake/interfaces__rosidl_typesupport_introspection_cExport-noconfig.cmake
[1.900s] -- Installing: /workspace/install/interfaces/share/interfaces/cmake/interfaces__rosidl_typesupport_cExport.cmake
[1.900s] -- Installing: /workspace/install/interfaces/share/interfaces/cmake/interfaces__rosidl_typesupport_cExport-noconfig.cmake
[1.901s] -- Installing: /workspace/install/interfaces/share/interfaces/cmake/interfaces__rosidl_generator_cppExport.cmake
[1.901s] -- Installing: /workspace/install/interfaces/share/interfaces/cmake/interfaces__rosidl_typesupport_introspection_cppExport.cmake
[1.901s] -- Installing: /workspace/install/interfaces/share/interfaces/cmake/interfaces__rosidl_typesupport_introspection_cppExport-noconfig.cmake
[1.901s] -- Installing: /workspace/install/interfaces/share/interfaces/cmake/interfaces__rosidl_typesupport_cppExport.cmake
[1.901s] -- Installing: /workspace/install/interfaces/share/interfaces/cmake/interfaces__rosidl_typesupport_cppExport-noconfig.cmake
[1.901s] -- Installing: /workspace/install/interfaces/share/interfaces/cmake/rosidl_cmake-extras.cmake
[1.901s] -- Installing: /workspace/install/interfaces/share/interfaces/cmake/ament_cmake_export_dependencies-extras.cmake
[1.901s] -- Installing: /workspace/install/interfaces/share/interfaces/cmake/ament_cmake_export_libraries-extras.cmake
[1.901s] -- Installing: /workspace/install/interfaces/share/interfaces/cmake/ament_cmake_export_targets-extras.cmake
[1.901s] -- Installing: /workspace/install/interfaces/share/interfaces/cmake/ament_cmake_export_include_directories-extras.cmake
[1.901s] -- Installing: /workspace/install/interfaces/share/interfaces/cmake/rosidl_cmake_export_typesupport_libraries-extras.cmake
[1.901s] -- Installing: /workspace/install/interfaces/share/interfaces/cmake/rosidl_cmake_export_typesupport_targets-extras.cmake
[1.901s] -- Installing: /workspace/install/interfaces/share/interfaces/cmake/interfacesConfig.cmake
[1.901s] -- Installing: /workspace/install/interfaces/share/interfaces/cmake/interfacesConfig-version.cmake
[1.901s] -- Installing: /workspace/install/interfaces/share/interfaces/package.xml
[1.903s] Invoked command in '/workspace/build/interfaces' returned '0': /usr/bin/cmake --install /workspace/build/interfaces
