[0.006s] Invoking command in '/workspace/build/cpp_pubsub': AMENT_PREFIX_PATH=/workspace/install/interfaces:${AMENT_PREFIX_PATH} CMAKE_PREFIX_PATH=/workspace/install/interfaces:${CMAKE_PREFIX_PATH} LD_LIBRARY_PATH=/workspace/install/interfaces/lib:${LD_LIBRARY_PATH} PYTHONPATH=/workspace/install/interfaces/lib/python3.8/site-packages:${PYTHONPATH} /usr/bin/cmake /workspace/src/cpp_pubsub -DCMAKE_INSTALL_PREFIX=/workspace/install/cpp_pubsub
[0.036s] -- The C compiler identification is GNU 9.3.0
[0.077s] -- The CXX compiler identification is GNU 9.3.0
[0.081s] -- Detecting C compiler ABI info
[0.121s] -- Detecting C compiler ABI info - done
[0.132s] -- Check for working C compiler: /usr/bin/cc - skipped
[0.132s] -- Detecting C compile features
[0.132s] -- Detecting C compile features - done
[0.135s] -- Detecting CXX compiler ABI info
[0.175s] -- Detecting CXX compiler ABI info - done
[0.185s] -- Check for working CXX compiler: /usr/bin/g++ - skipped
[0.185s] -- Detecting CXX compile features
[0.186s] -- Detecting CXX compile features - done
[0.188s] -- Found ament_cmake: 0.9.9 (/opt/ros/foxy/share/ament_cmake/cmake)
[0.205s] -- Found PythonInterp: /usr/bin/python3 (found suitable version "3.8.10", minimum required is "3") 
[0.205s] -- Using PYTHON_EXECUTABLE: /usr/bin/python3
[0.331s] -- Found rclcpp: 2.4.0 (/opt/ros/foxy/share/rclcpp/cmake)
[0.362s] -- Using all available rosidl_typesupport_c: rosidl_typesupport_fastrtps_c;rosidl_typesupport_introspection_c
[0.366s] -- Found rosidl_adapter: 1.2.1 (/opt/ros/foxy/share/rosidl_adapter/cmake)
[0.417s] -- Found OpenSSL: /usr/lib/x86_64-linux-gnu/libcrypto.so (found version "1.1.1f")  
[0.442s] -- Found FastRTPS: /opt/ros/foxy/include  
[0.499s] -- Using all available rosidl_typesupport_cpp: rosidl_typesupport_fastrtps_cpp;rosidl_typesupport_introspection_cpp
[0.525s] -- Found rmw_implementation_cmake: 1.0.3 (/opt/ros/foxy/share/rmw_implementation_cmake/cmake)
[0.526s] -- Using RMW implementation 'rmw_cyclonedds_cpp' as default
[0.526s] -- Looking for pthread.h
[0.559s] -- Looking for pthread.h - found
[0.559s] -- Performing Test CMAKE_HAVE_LIBC_PTHREAD
[0.596s] -- Performing Test CMAKE_HAVE_LIBC_PTHREAD - Failed
[0.596s] -- Looking for pthread_create in pthreads
[0.625s] -- Looking for pthread_create in pthreads - not found
[0.625s] -- Looking for pthread_create in pthread
[0.669s] -- Looking for pthread_create in pthread - found
[0.671s] -- Found Threads: TRUE  
[0.799s] -- Found interfaces: 0.0.0 (/workspace/install/interfaces/share/interfaces/cmake)
[0.806s] -- Found ament_lint_auto: 0.9.6 (/opt/ros/foxy/share/ament_lint_auto/cmake)
[0.857s] -- Added test 'copyright' to check source files copyright and LICENSE
[0.858s] -- Added test 'cppcheck' to perform static code analysis on C / C++ code
[0.858s] -- Configured cppcheck include dirs: /workspace/src/cpp_pubsub/include;$<BUILD_INTERFACE:/workspace/src/cpp_pubsub/include>
[0.858s] -- Configured cppcheck exclude dirs and/or files: 
[0.859s] -- Added test 'cpplint' to check C / C++ code against the Google style
[0.859s] -- Configured cpplint exclude dirs and/or files: 
[0.860s] -- Added test 'lint_cmake' to check CMake code style
[0.861s] -- Added test 'uncrustify' to check C / C++ code style
[0.861s] -- Configured uncrustify additional arguments: 
[0.861s] -- Added test 'xmllint' to check XML markup files
[0.862s] -- Configuring done
[0.870s] -- Generating done
[0.871s] -- Build files have been written to: /workspace/build/cpp_pubsub
[0.878s] Invoked command in '/workspace/build/cpp_pubsub' returned '0': AMENT_PREFIX_PATH=/workspace/install/interfaces:${AMENT_PREFIX_PATH} CMAKE_PREFIX_PATH=/workspace/install/interfaces:${CMAKE_PREFIX_PATH} LD_LIBRARY_PATH=/workspace/install/interfaces/lib:${LD_LIBRARY_PATH} PYTHONPATH=/workspace/install/interfaces/lib/python3.8/site-packages:${PYTHONPATH} /usr/bin/cmake /workspace/src/cpp_pubsub -DCMAKE_INSTALL_PREFIX=/workspace/install/cpp_pubsub
[0.880s] Invoking command in '/workspace/build/cpp_pubsub': AMENT_PREFIX_PATH=/workspace/install/interfaces:${AMENT_PREFIX_PATH} CMAKE_PREFIX_PATH=/workspace/install/interfaces:${CMAKE_PREFIX_PATH} LD_LIBRARY_PATH=/workspace/install/interfaces/lib:${LD_LIBRARY_PATH} PYTHONPATH=/workspace/install/interfaces/lib/python3.8/site-packages:${PYTHONPATH} /usr/bin/cmake --build /workspace/build/cpp_pubsub -- -j20 -l20
[0.895s] [ 33%] [32mBuilding CXX object CMakeFiles/sub.dir/src/sub.cpp.o[0m
[0.895s] [ 66%] [32mBuilding CXX object CMakeFiles/sub.dir/src/get_info.cpp.o[0m
[0.920s] In file included from [01m[K/workspace/src/cpp_pubsub/include/cpp_pubsub/get_info.h:4[m[K,
[0.920s]                  from [01m[K/workspace/src/cpp_pubsub/src/get_info.cpp:6[m[K:
[0.920s] [01m[K/workspace/src/cpp_pubsub/include/cpp_pubsub/bx_dual_sdk.h:1114:[m[K [01;35m[Kwarning: [m[Kignoring #pragma region Common [[01;35m[K-Wunknown-pragmas[m[K]
[0.920s]  1114 | #pragma region Common operation
[0.920s]       | 
[0.920s] [01m[K/workspace/src/cpp_pubsub/include/cpp_pubsub/bx_dual_sdk.h:1169:2:[m[K [01;35m[Kwarning: [m[K"/*" within comment [[01;35m[K-Wcomment[m[K]
[0.920s]  1169 |  /*! ***************************************************************/
[0.920s]       |   
[0.920s] [01m[K/workspace/src/cpp_pubsub/include/cpp_pubsub/bx_dual_sdk.h:1410:2:[m[K [01;35m[Kwarning: [m[K"/*" within comment [[01;35m[K-Wcomment[m[K]
[0.920s]  1410 |  /*! ***************************************************************/
[0.920s]       |   
[0.921s] [01m[K/workspace/src/cpp_pubsub/include/cpp_pubsub/bx_dual_sdk.h:1453:2:[m[K [01;35m[Kwarning: [m[K"/*" within comment [[01;35m[K-Wcomment[m[K]
[0.921s]  1453 |  /*! ***************************************************************/
[0.921s]       |   
[0.921s] [01m[K/workspace/src/cpp_pubsub/include/cpp_pubsub/bx_dual_sdk.h:1525:2:[m[K [01;35m[Kwarning: [m[K"/*" within comment [[01;35m[K-Wcomment[m[K]
[0.921s]  1525 |  /**UDP CMD END**/
[0.921s]       |   
[0.921s] [01m[K/workspace/src/cpp_pubsub/include/cpp_pubsub/bx_dual_sdk.h:1536:2:[m[K [01;35m[Kwarning: [m[K"/*" within comment [[01;35m[K-Wcomment[m[K]
[0.921s]  1536 |  /*! *************************************************************** *!/
[0.921s]       |   
[0.921s] [01m[K/workspace/src/cpp_pubsub/include/cpp_pubsub/bx_dual_sdk.h:1537:2:[m[K [01;35m[Kwarning: [m[K"/*" within comment [[01;35m[K-Wcomment[m[K]
[0.921s]  1537 |  /* 函数名：       cmd_sysReset（）
[0.921s]       |   
[0.921s] [01m[K/workspace/src/cpp_pubsub/include/cpp_pubsub/bx_dual_sdk.h:3640:[m[K [01;35m[Kwarning: [m[Kignoring #pragma endregion Common [[01;35m[K-Wunknown-pragmas[m[K]
[0.921s]  3640 | #pragma endregion Common operation
[0.921s]       | 
[1.016s] [01m[K/workspace/src/cpp_pubsub/src/get_info.cpp:[m[K In function ‘[01m[Kvoid turn_picture_display(int)[m[K’:
[1.016s] [01m[K/workspace/src/cpp_pubsub/src/get_info.cpp:47:10:[m[K [01;35m[Kwarning: [m[Kunused variable ‘[01m[KnPort[m[K’ [[01;35m[K-Wunused-variable[m[K]
[1.016s]    47 |  Ouint32 [01;35m[KnPort[m[K = 5005;
[1.016s]       |          [01;35m[K^~~~~[m[K
[1.016s] [01m[K/workspace/src/cpp_pubsub/src/get_info.cpp:53:6:[m[K [01;35m[Kwarning: [m[Kunused variable ‘[01m[KuAreaX[m[K’ [[01;35m[K-Wunused-variable[m[K]
[1.016s]    53 |  int [01;35m[KuAreaX[m[K = 16;//32
[1.016s]       |      [01;35m[K^~~~~~[m[K
[3.269s] [100%] [32m[1mLinking CXX executable sub[0m
[3.288s] /usr/bin/ld: /workspace/src/cpp_pubsub/lib/libbx_sdkDual.so.1.0.0: error adding symbols: file in wrong format
[3.296s] collect2: error: ld returned 1 exit status
[3.297s] make[2]: *** [CMakeFiles/sub.dir/build.make:168: sub] Error 1
[3.298s] make[1]: *** [CMakeFiles/Makefile2:85: CMakeFiles/sub.dir/all] Error 2
[3.298s] make: *** [Makefile:146: all] Error 2
[3.300s] Invoked command in '/workspace/build/cpp_pubsub' returned '2': AMENT_PREFIX_PATH=/workspace/install/interfaces:${AMENT_PREFIX_PATH} CMAKE_PREFIX_PATH=/workspace/install/interfaces:${CMAKE_PREFIX_PATH} LD_LIBRARY_PATH=/workspace/install/interfaces/lib:${LD_LIBRARY_PATH} PYTHONPATH=/workspace/install/interfaces/lib/python3.8/site-packages:${PYTHONPATH} /usr/bin/cmake --build /workspace/build/cpp_pubsub -- -j20 -l20
