[0.005s] Invoking command in '/workspace/cxy/Robot_Operating_System/ros2_ws/build/cpp_pubsub': CMAKE_PREFIX_PATH=/workspace/cxy/Robot_Operating_System/ros2_ws/install/interfaces:/workspace/cxy/Robot_Operating_System/ros2_ws/install/cpp_pubsub:/opt/ros/foxy:/opt/third_party/casadi/lib/cmake/casadi:/opt/third_party/ceres/lib/cmake/Ceres:/opt/third_party/osqp-cpp/lib/cmake/:/opt/third_party/abseil-cpp/lib/cmake/:/opt/third_party/osqp/lib/cmake/ /usr/bin/cmake --build /workspace/cxy/Robot_Operating_System/ros2_ws/build/cpp_pubsub -- -j20 -l20
[0.014s] -- Found ament_cmake: 0.9.9 (/opt/ros/foxy/share/ament_cmake/cmake)
[0.027s] -- Using PYTHON_EXECUTABLE: /usr/bin/python3
[0.139s] -- Found rclcpp: 2.4.0 (/opt/ros/foxy/share/rclcpp/cmake)
[0.156s] -- Using all available rosidl_typesupport_c: rosidl_typesupport_fastrtps_c;rosidl_typesupport_introspection_c
[0.158s] -- Found rosidl_adapter: 1.2.1 (/opt/ros/foxy/share/rosidl_adapter/cmake)
[0.244s] -- Using all available rosidl_typesupport_cpp: rosidl_typesupport_fastrtps_cpp;rosidl_typesupport_introspection_cpp
[0.264s] -- Found rmw_implementation_cmake: 1.0.3 (/opt/ros/foxy/share/rmw_implementation_cmake/cmake)
[0.265s] -- Using RMW implementation 'rmw_cyclonedds_cpp' as default
[0.325s] -- Found interfaces: 0.0.0 (/workspace/cxy/Robot_Operating_System/ros2_ws/install/interfaces/share/interfaces/cmake)
[0.329s] -- Found ament_lint_auto: 0.9.6 (/opt/ros/foxy/share/ament_lint_auto/cmake)
[0.363s] -- Added test 'copyright' to check source files copyright and LICENSE
[0.363s] -- Added test 'cppcheck' to perform static code analysis on C / C++ code
[0.364s] -- Configured cppcheck include dirs: /workspace/cxy/Robot_Operating_System/ros2_ws/src/cpp_pubsub/include/cpp_pubsub
[0.364s] -- Configured cppcheck exclude dirs and/or files: 
[0.364s] -- Added test 'cpplint' to check C / C++ code against the Google style
[0.364s] -- Configured cpplint exclude dirs and/or files: 
[0.364s] -- Added test 'lint_cmake' to check CMake code style
[0.364s] -- Added test 'uncrustify' to check C / C++ code style
[0.365s] -- Configured uncrustify additional arguments: 
[0.365s] -- Added test 'xmllint' to check XML markup files
[0.365s] -- Configuring done
[0.371s] -- Generating done
[0.371s] -- Build files have been written to: /workspace/cxy/Robot_Operating_System/ros2_ws/build/cpp_pubsub
[0.380s] [35m[1mConsolidate compiler generated dependencies of target talker[0m
[0.380s] [35m[1mConsolidate compiler generated dependencies of target listener[0m
[0.386s] [ 75%] Built target talker
[0.386s] [ 75%] [32m[1mLinking CXX executable listener[0m
[0.492s] /usr/bin/ld: CMakeFiles/listener.dir/src/sub.cpp.o: in function `turn_picture_display(int)':
[0.492s] sub.cpp:(.text+0x8d2): undefined reference to `bxDual_dynamicArea_AddAreaPic_6G'
[0.493s] /usr/bin/ld: sub.cpp:(.text+0x948): undefined reference to `bxDual_dynamicArea_AddAreaPic_6G'
[0.493s] /usr/bin/ld: sub.cpp:(.text+0x9cd): undefined reference to `bxDual_dynamicArea_AddAreaPic_6G'
[0.493s] /usr/bin/ld: sub.cpp:(.text+0xa43): undefined reference to `bxDual_dynamicArea_AddAreaPic_6G'
[0.493s] /usr/bin/ld: CMakeFiles/listener.dir/src/sub.cpp.o: in function `apply()':
[0.493s] sub.cpp:(.text+0xca4): undefined reference to `bxDual_dynamicArea_AddAreaPic_6G'
[0.493s] /usr/bin/ld: CMakeFiles/listener.dir/src/sub.cpp.o:sub.cpp:(.text+0xd39): more undefined references to `bxDual_dynamicArea_AddAreaPic_6G' follow
[0.493s] collect2: error: ld returned 1 exit status
[0.493s] make[2]: *** [CMakeFiles/listener.dir/build.make:149: listener] Error 1
[0.493s] make[1]: *** [CMakeFiles/Makefile2:165: CMakeFiles/listener.dir/all] Error 2
[0.493s] make: *** [Makefile:146: all] Error 2
[0.495s] Invoked command in '/workspace/cxy/Robot_Operating_System/ros2_ws/build/cpp_pubsub' returned '2': CMAKE_PREFIX_PATH=/workspace/cxy/Robot_Operating_System/ros2_ws/install/interfaces:/workspace/cxy/Robot_Operating_System/ros2_ws/install/cpp_pubsub:/opt/ros/foxy:/opt/third_party/casadi/lib/cmake/casadi:/opt/third_party/ceres/lib/cmake/Ceres:/opt/third_party/osqp-cpp/lib/cmake/:/opt/third_party/abseil-cpp/lib/cmake/:/opt/third_party/osqp/lib/cmake/ /usr/bin/cmake --build /workspace/cxy/Robot_Operating_System/ros2_ws/build/cpp_pubsub -- -j20 -l20
